#
# A fatal error has been detected by the Java Runtime Environment:
#
#  SIGSEGV (0xb) at pc=0x0000000106b04f4f, pid=556, tid=26883
#
# JRE version: OpenJDK Runtime Environment (11.0.10) (build 11.0.10+0-b96-7281165)
# Java VM: OpenJDK 64-Bit Server VM (11.0.10+0-b96-7281165, mixed mode, tiered, compressed oops, g1 gc, bsd-amd64)
# Problematic frame:
# V  [libjvm.dylib+0x504f4f]  Node::in(unsigned int) const+0xf
#
# No core dump will be written. Core dumps have been disabled. To enable core dumping, try "ulimit -c unlimited" before starting Java again
#
# If you would like to submit a bug report, please visit:
#   https://bugreport.java.com/bugreport/crash.jsp
#

---------------  S U M M A R Y ------------

Command Line: --add-opens=java.base/java.util=ALL-UNNAMED --add-opens=java.base/java.lang=ALL-UNNAMED --add-opens=java.base/java.lang.invoke=ALL-UNNAMED --add-opens=java.base/java.util=ALL-UNNAMED --add-opens=java.prefs/java.util.prefs=ALL-UNNAMED --add-opens=java.prefs/java.util.prefs=ALL-UNNAMED --add-opens=java.base/java.nio.charset=ALL-UNNAMED --add-opens=java.base/java.net=ALL-UNNAMED --add-opens=java.base/java.util.concurrent.atomic=ALL-UNNAMED -Xmx2048m -Dfile.encoding=UTF-8 -Duser.country=US -Duser.language=en -Duser.variant org.gradle.launcher.daemon.bootstrap.GradleDaemon 7.0.2

Host: MacBookAir4,1 x86_64 1600 MHz, 4 cores, 4G, Darwin 16.7.0
Time: Fri Oct  1 04:34:59 2021 EAT elapsed time: 13.752920 seconds (0d 0h 0m 13s)

---------------  T H R E A D  ---------------

Current thread (0x00007ff91181d000):  JavaThread "C2 CompilerThread1" daemon [_thread_in_native, id=26883, stack(0x000070000c9e7000,0x000070000cae7000)]


Current CompileTask:
C2:  13753 5580       4       org.objectweb.asm.Frame::execute (2318 bytes)

Stack: [0x000070000c9e7000,0x000070000cae7000],  sp=0x000070000cae2c70,  free space=1007k
Native frames: (J=compiled Java code, A=aot compiled Java code, j=interpreted, Vv=VM code, C=native code)
V  [libjvm.dylib+0x504f4f]  Node::in(unsigned int) const+0xf
V  [libjvm.dylib+0x514b44]  PhaseIdealLoop::idom_no_update(unsigned int) const+0x34
V  [libjvm.dylib+0x514ae2]  PhaseIdealLoop::idom(unsigned int) const+0x22
V  [libjvm.dylib+0x5216c1]  PhaseIdealLoop::dom_lca_for_get_late_ctrl_internal(Node*, Node*, Node*)+0x179
V  [libjvm.dylib+0x52114d]  PhaseIdealLoop::dom_lca_for_get_late_ctrl(Node*, Node*, Node*)+0x19
V  [libjvm.dylib+0x5210c6]  PhaseIdealLoop::compute_lca_of_uses(Node*, Node*, bool)+0xb2
V  [libjvm.dylib+0x521252]  PhaseIdealLoop::get_late_ctrl(Node*, Node*)+0x22
V  [libjvm.dylib+0x52191b]  PhaseIdealLoop::build_loop_late_post(Node*)+0x145
V  [libjvm.dylib+0x520111]  PhaseIdealLoop::build_loop_late(VectorSet&, Node_List&, Node_Stack&)+0x1b1
V  [libjvm.dylib+0x51f2e2]  PhaseIdealLoop::build_and_optimize(LoopOptsMode)+0x5fe
V  [libjvm.dylib+0x22ca6a]  Compile::optimize_loops(int&, PhaseIterGVN&, LoopOptsMode)+0x92
V  [libjvm.dylib+0x22a08e]  Compile::Optimize()+0xc5a
V  [libjvm.dylib+0x2287b9]  Compile::Compile(ciEnv*, C2Compiler*, ciMethod*, int, bool, bool, bool, DirectiveSet*)+0x853
V  [libjvm.dylib+0x1af3d8]  C2Compiler::compile_method(ciEnv*, ciMethod*, int, DirectiveSet*)+0xb6
V  [libjvm.dylib+0x23534c]  CompileBroker::invoke_compiler_on_method(CompileTask*)+0x570
V  [libjvm.dylib+0x234c67]  CompileBroker::compiler_thread_loop()+0x1ad
V  [libjvm.dylib+0x748546]  JavaThread::thread_main_inner()+0x82
V  [libjvm.dylib+0x748396]  JavaThread::run()+0x178
V  [libjvm.dylib+0x7462b0]  Thread::call_run()+0x68
V  [libjvm.dylib+0x5fc9b9]  thread_native_entry(Thread*)+0x12d
C  [libsystem_pthread.dylib+0x393b]  _pthread_body+0xb4
C  [libsystem_pthread.dylib+0x3887]  _pthread_body+0x0
C  [libsystem_pthread.dylib+0x308d]  thread_start+0xd


siginfo: si_signo: 11 (SIGSEGV), si_code: 1 (SEGV_MAPERR), si_addr: 0x00007fd914c808c0

Register to memory mapping:

RAX=0x00007fd914c808b8 is an unknown value
RBX=0x0000000000000048 is an unknown value
RCX=0x00007fd914c808b8 is an unknown value
RDX=0x0000000000002f58 is an unknown value
RSP=0x000070000cae2c70 is pointing into the stack for thread: 0x00007ff91181d000
RBP=0x000070000cae2c70 is pointing into the stack for thread: 0x00007ff91181d000
RSI=0x0 is NULL
RDI=0x00007fd914c808b8 is an unknown value
R8 =0x00007ff914c807d8 points into unknown readable memory: 0x0000000106f1b3d0 | d0 b3 f1 06 01 00 00 00
R9 =0x0 is NULL
R10=0x0 is NULL
R11=0x00000000000027c0 is an unknown value
R12=0x000070000cae32a8 is pointing into the stack for thread: 0x00007ff91181d000
R13=0x00007ff914c808b8 points into unknown readable memory: 0x0000000106f1ad30 | 30 ad f1 06 01 00 00 00
R14=0x00007ff914c80538 points into unknown readable memory: 0x0000000106f1a088 | 88 a0 f1 06 01 00 00 00
R15=0x00007ff914c80c90 points into unknown readable memory: 0x0000000106f1afb0 | b0 af f1 06 01 00 00 00


Registers:
RAX=0x00007fd914c808b8, RBX=0x0000000000000048, RCX=0x00007fd914c808b8, RDX=0x0000000000002f58
RSP=0x000070000cae2c70, RBP=0x000070000cae2c70, RSI=0x0000000000000000, RDI=0x00007fd914c808b8
R8 =0x00007ff914c807d8, R9 =0x0000000000000000, R10=0x0000000000000000, R11=0x00000000000027c0
R12=0x000070000cae32a8, R13=0x00007ff914c808b8, R14=0x00007ff914c80538, R15=0x00007ff914c80c90
RIP=0x0000000106b04f4f, EFLAGS=0x0000000000010246, ERR=0x0000000000000004
  TRAPNO=0x000000000000000e

Top of Stack: (sp=0x000070000cae2c70)
0x000070000cae2c70:   000070000cae2ca0 0000000106b14b44
0x000070000cae2c80:   000070000cae32a8 00007fd914c808b8
0x000070000cae2c90:   00002f58115cf7b8 000070000cae32a8
0x000070000cae2ca0:   000070000cae2cd0 0000000106b14ae2
0x000070000cae2cb0:   000070000cae32a8 000070000cae32a8
0x000070000cae2cc0:   00002f5814c808b8 000070000cae32a8
0x000070000cae2cd0:   000070000cae2d30 0000000106b216c1
0x000070000cae2ce0:   000070000cae2d10 00007ff914c80538
0x000070000cae2cf0:   00007ff914c80908 000070000cae3c80
0x000070000cae2d00:   0000004814c804e8 00007ff914c80ef8
0x000070000cae2d10:   0000000000000001 00007ff914c80538
0x000070000cae2d20:   00007ff914c81080 000070000cae32a8
0x000070000cae2d30:   000070000cae2d40 0000000106b2114d
0x000070000cae2d40:   000070000cae2d90 0000000106b210c6
0x000070000cae2d50:   000070000cae2d90 00007ff914c81098
0x000070000cae2d60:   00007ff914c807d8 00007ff914c80538
0x000070000cae2d70:   00007ff914c80538 0000000000000006
0x000070000cae2d80:   00007ff914c807d8 000070000cae3210
0x000070000cae2d90:   000070000cae2e10 0000000106b21252
0x000070000cae2da0:   0000000014c80538 00007ff914c807d8
0x000070000cae2db0:   000070000cae2de0 0000000106b148c3
0x000070000cae2dc0:   000070000cae32c8 00007ff914c807d9
0x000070000cae2dd0:   00002f4814c80538 000070000cae32c8
0x000070000cae2de0:   000070000cae32a8 00007ff914c807d8
0x000070000cae2df0:   00007ff914c80538 0000000000000006
0x000070000cae2e00:   000070000cae32a8 000070000cae3210
0x000070000cae2e10:   000070000cae2e70 0000000106b2191b
0x000070000cae2e20:   000070000cae32a8 00007ff914c811e0
0x000070000cae2e30:   000070000cae3c38 00007ff914c82720
0x000070000cae2e40:   000070000cae32a8 000070000cae31e8
0x000070000cae2e50:   000070000cae32a8 0000000000000006
0x000070000cae2e60:   00007ff914c8dc18 000070000cae3210 

Instructions: (pc=0x0000000106b04f4f)
0x0000000106b04e4f:   0f 00 00 00 48 8b 7d e8 48 8b 45 a0 89 c6 e8 de
0x0000000106b04e5f:   02 00 00 e9 00 00 00 00 e9 00 00 00 00 e9 00 00
0x0000000106b04e6f:   00 00 48 81 c4 80 00 00 00 5d c3 66 0f 1f 44 00
0x0000000106b04e7f:   00 55 48 89 e5 48 89 7d f8 48 8b 45 f8 8b 48 34
0x0000000106b04e8f:   83 e1 f7 89 48 34 5d c3 66 0f 1f 84 00 00 00 00
0x0000000106b04e9f:   00 55 48 89 e5 48 83 ec 20 48 89 7d f8 48 89 75
0x0000000106b04eaf:   f0 48 89 55 e8 48 8b 7d f8 48 8b 45 f0 48 8b 75
0x0000000106b04ebf:   e8 48 89 45 e0 e8 97 f9 ff ff 48 8b 7d e0 48 89
0x0000000106b04ecf:   c6 e8 fd 7b 01 00 24 01 0f b6 c0 48 83 c4 20 5d
0x0000000106b04edf:   c3 55 48 89 e5 48 83 ec 20 48 89 7d f8 48 89 75
0x0000000106b04eef:   f0 48 8b 45 f8 48 8b 75 f0 48 89 c7 48 89 45 e0
0x0000000106b04eff:   e8 8c f9 00 00 48 89 45 e8 48 8b 45 e0 48 05 20
0x0000000106b04f0f:   00 00 00 48 8b 4d f0 8b 71 28 48 8b 4d e8 48 81
0x0000000106b04f1f:   c1 01 00 00 00 48 89 c7 48 89 ca e8 01 c1 00 00
0x0000000106b04f2f:   48 8b 45 e8 48 83 c4 20 5d c3 0f 1f 80 00 00 00
0x0000000106b04f3f:   00 55 48 89 e5 48 89 7d f8 89 75 f4 48 8b 45 f8
0x0000000106b04f4f:   48 8b 40 08 8b 4d f4 48 8b 04 c8 5d c3 0f 1f 40
0x0000000106b04f5f:   00 55 48 89 e5 48 83 ec 20 48 89 7d f8 48 8b 45
0x0000000106b04f6f:   f8 48 89 c7 48 89 45 f0 e8 64 f1 00 00 48 83 f8
0x0000000106b04f7f:   00 0f 84 1a 00 00 00 48 8b 7d f0 e8 71 fc ff ff
0x0000000106b04f8f:   48 89 c7 e8 c9 f9 00 00 48 89 45 e8 e9 0b 00 00
0x0000000106b04f9f:   00 31 c0 48 89 45 e8 e9 00 00 00 00 48 8b 45 e8
0x0000000106b04faf:   48 83 c4 20 5d c3 66 2e 0f 1f 84 00 00 00 00 00
0x0000000106b04fbf:   90 55 48 89 e5 48 83 ec 20 48 89 7d f8 48 8b 45
0x0000000106b04fcf:   f8 48 89 c7 48 89 45 f0 e8 04 f1 00 00 48 83 f8
0x0000000106b04fdf:   00 0f 84 1a 00 00 00 48 8b 7d f0 e8 11 fc ff ff
0x0000000106b04fef:   48 89 c7 e8 79 65 00 00 48 89 45 e8 e9 0b 00 00
0x0000000106b04fff:   00 31 c0 48 89 45 e8 e9 00 00 00 00 48 8b 45 e8
0x0000000106b0500f:   48 83 c4 20 5d c3 66 2e 0f 1f 84 00 00 00 00 00
0x0000000106b0501f:   90 55 48 89 e5 48 83 ec 20 48 89 7d f8 48 8b 45
0x0000000106b0502f:   f8 48 89 c7 48 89 45 f0 e8 a4 f0 00 00 48 83 f8
0x0000000106b0503f:   00 0f 84 19 00 00 00 48 8b 7d f0 e8 b1 fb ff ff 


Stack slot to memory mapping:
stack at sp + 0 slots: 0x000070000cae2ca0 is pointing into the stack for thread: 0x00007ff91181d000
stack at sp + 1 slots: 0x0000000106b14b44: _ZNK14PhaseIdealLoop14idom_no_updateEj+0x34 in /Applications/Android Studio.app/Contents/jre/Contents/Home/lib/server/libjvm.dylib at 0x0000000106600000
stack at sp + 2 slots: 0x000070000cae32a8 is pointing into the stack for thread: 0x00007ff91181d000
stack at sp + 3 slots: 0x00007fd914c808b8 is an unknown value
stack at sp + 4 slots: 0x00002f58115cf7b8 is an unknown value
stack at sp + 5 slots: 0x000070000cae32a8 is pointing into the stack for thread: 0x00007ff91181d000
stack at sp + 6 slots: 0x000070000cae2cd0 is pointing into the stack for thread: 0x00007ff91181d000
stack at sp + 7 slots: 0x0000000106b14ae2: _ZNK14PhaseIdealLoop4idomEj+0x22 in /Applications/Android Studio.app/Contents/jre/Contents/Home/lib/server/libjvm.dylib at 0x0000000106600000


---------------  P R O C E S S  ---------------

Threads class SMR info:
_java_thread_list=0x00007ff915944ff0, length=42, elements={
0x00007ff911006000, 0x00007ff91105a800, 0x00007ff911802000, 0x00007ff91106c800,
0x00007ff910073800, 0x00007ff910054800, 0x00007ff910071000, 0x00007ff91080d800,
0x00007ff9110e1800, 0x00007ff91181d000, 0x00007ff911742800, 0x00007ff9116d4800,
0x00007ff91179a000, 0x00007ff911d12800, 0x00007ff91127e800, 0x00007ff910d5a800,
0x00007ff910e75000, 0x00007ff9122f0000, 0x00007ff91044a800, 0x00007ff912a28000,
0x00007ff912cdb000, 0x00007ff912032000, 0x00007ff9117bf800, 0x00007ff9106ef800,
0x00007ff912ac5800, 0x00007ff91296e000, 0x00007ff911ac8800, 0x00007ff912959000,
0x00007ff912d57000, 0x00007ff912313000, 0x00007ff912df7000, 0x00007ff91294e800,
0x00007ff912995800, 0x00007ff911624800, 0x00007ff91270a000, 0x00007ff9101c6800,
0x00007ff91293c000, 0x00007ff912ff5000, 0x00007ff9104f3000, 0x00007ff913173800,
0x00007ff91132c800, 0x00007ff91328a800
}

Java Threads: ( => current thread )
  0x00007ff911006000 JavaThread "main" [_thread_blocked, id=8707, stack(0x0000000107725000,0x0000000107825000)]
  0x00007ff91105a800 JavaThread "Reference Handler" daemon [_thread_blocked, id=17155, stack(0x000070000c049000,0x000070000c149000)]
  0x00007ff911802000 JavaThread "Finalizer" daemon [_thread_blocked, id=17923, stack(0x000070000c14c000,0x000070000c24c000)]
  0x00007ff91106c800 JavaThread "Signal Dispatcher" daemon [_thread_blocked, id=21767, stack(0x000070000c2d2000,0x000070000c3d2000)]
  0x00007ff910073800 JavaThread "Service Thread" daemon [_thread_blocked, id=22531, stack(0x000070000c3d5000,0x000070000c4d5000)]
  0x00007ff910054800 JavaThread "C2 CompilerThread0" daemon [_thread_in_native, id=23299, stack(0x000070000c4d8000,0x000070000c5d8000)]
  0x00007ff910071000 JavaThread "C1 CompilerThread0" daemon [_thread_blocked, id=24067, stack(0x000070000c5db000,0x000070000c6db000)]
  0x00007ff91080d800 JavaThread "Sweeper thread" daemon [_thread_blocked, id=24835, stack(0x000070000c6de000,0x000070000c7de000)]
  0x00007ff9110e1800 JavaThread "Common-Cleaner" daemon [_thread_blocked, id=25603, stack(0x000070000c7e1000,0x000070000c8e1000)]
=>0x00007ff91181d000 JavaThread "C2 CompilerThread1" daemon [_thread_in_native, id=26883, stack(0x000070000c9e7000,0x000070000cae7000)]
  0x00007ff911742800 JavaThread "Daemon health stats" [_thread_blocked, id=28163, stack(0x000070000cbed000,0x000070000cced000)]
  0x00007ff9116d4800 JavaThread "Incoming local TCP Connector on port 51112" [_thread_in_native, id=28931, stack(0x000070000ccf0000,0x000070000cdf0000)]
  0x00007ff91179a000 JavaThread "Daemon periodic checks" [_thread_blocked, id=29699, stack(0x000070000cdf3000,0x000070000cef3000)]
  0x00007ff911d12800 JavaThread "Daemon" [_thread_blocked, id=30467, stack(0x000070000cef6000,0x000070000cff6000)]
  0x00007ff91127e800 JavaThread "Handler for socket connection from /127.0.0.1:51112 to /127.0.0.1:51113" [_thread_in_native, id=31235, stack(0x000070000cff9000,0x000070000d0f9000)]
  0x00007ff910d5a800 JavaThread "Cancel handler" [_thread_blocked, id=32003, stack(0x000070000d0fc000,0x000070000d1fc000)]
  0x00007ff910e75000 JavaThread "Daemon worker" [_thread_in_Java, id=32771, stack(0x000070000d1ff000,0x000070000d2ff000)]
  0x00007ff9122f0000 JavaThread "Asynchronous log dispatcher for DefaultDaemonConnection: socket connection from /127.0.0.1:51112 to /127.0.0.1:51113" [_thread_blocked, id=33539, stack(0x000070000d302000,0x000070000d402000)]
  0x00007ff91044a800 JavaThread "Stdin handler" [_thread_blocked, id=34307, stack(0x000070000d405000,0x000070000d505000)]
  0x00007ff912a28000 JavaThread "Daemon client event forwarder" [_thread_blocked, id=35075, stack(0x000070000d508000,0x000070000d608000)]
  0x00007ff912cdb000 JavaThread "Cache worker for file hash cache (/Users/mac/.gradle/caches/7.0.2/fileHashes)" [_thread_blocked, id=36867, stack(0x000070000d811000,0x000070000d911000)]
  0x00007ff912032000 JavaThread "File lock request listener" [_thread_in_native, id=37635, stack(0x000070000d914000,0x000070000da14000)]
  0x00007ff9117bf800 JavaThread "Cache worker for journal cache (/Users/mac/.gradle/caches/journal-1)" [_thread_blocked, id=38403, stack(0x000070000da17000,0x000070000db17000)]
  0x00007ff9106ef800 JavaThread "Cache worker for file hash cache (/Users/mac/AndroidStudioProjects/MUBSEHealth/.gradle/7.0.2/fileHashes)" [_thread_blocked, id=39171, stack(0x000070000db1a000,0x000070000dc1a000)]
  0x00007ff912ac5800 JavaThread "File watcher server" daemon [_thread_in_native, id=39939, stack(0x000070000dc1d000,0x000070000dd1d000)]
  0x00007ff91296e000 JavaThread "File watcher consumer" daemon [_thread_blocked, id=41731, stack(0x000070000dd20000,0x000070000de20000)]
  0x00007ff911ac8800 JavaThread "Cache worker for checksums cache (/Users/mac/AndroidStudioProjects/MUBSEHealth/.gradle/checksums)" [_thread_blocked, id=42499, stack(0x000070000de23000,0x000070000df23000)]
  0x00007ff912959000 JavaThread "Cache worker for cache directory md-supplier (/Users/mac/.gradle/caches/7.0.2/md-supplier)" [_thread_blocked, id=43267, stack(0x000070000df26000,0x000070000e026000)]
  0x00007ff912d57000 JavaThread "Cache worker for cache directory md-rule (/Users/mac/.gradle/caches/7.0.2/md-rule)" [_thread_blocked, id=44035, stack(0x000070000e029000,0x000070000e129000)]
  0x00007ff912313000 JavaThread "Cache worker for execution history cache (/Users/mac/.gradle/caches/7.0.2/executionHistory)" [_thread_blocked, id=44803, stack(0x000070000e12c000,0x000070000e22c000)]
  0x00007ff912df7000 JavaThread "jar transforms" [_thread_blocked, id=5127, stack(0x000070000b931000,0x000070000ba31000)]
  0x00007ff91294e800 JavaThread "jar transforms Thread 2" [_thread_blocked, id=45315, stack(0x000070000e22f000,0x000070000e32f000)]
  0x00007ff912995800 JavaThread "Cache worker for file content cache (/Users/mac/.gradle/caches/7.0.2/fileContent)" [_thread_blocked, id=46083, stack(0x000070000e332000,0x000070000e432000)]
  0x00007ff911624800 JavaThread "Cache worker for dependencies-accessors (/Users/mac/AndroidStudioProjects/MUBSEHealth/.gradle/7.0.2/dependencies-accessors)" [_thread_blocked, id=46851, stack(0x000070000e435000,0x000070000e535000)]
  0x00007ff91270a000 JavaThread "jar transforms Thread 3" [_thread_blocked, id=47619, stack(0x000070000e538000,0x000070000e638000)]
  0x00007ff9101c6800 JavaThread "Cache worker for Build Output Cleanup Cache (/Users/mac/AndroidStudioProjects/MUBSEHealth/.gradle/buildOutputCleanup)" [_thread_blocked, id=48387, stack(0x000070000e63b000,0x000070000e73b000)]
  0x00007ff91293c000 JavaThread "Build operations" [_thread_blocked, id=49155, stack(0x000070000e73e000,0x000070000e83e000)]
  0x00007ff912ff5000 JavaThread "Build operations Thread 2" [_thread_blocked, id=49923, stack(0x000070000e841000,0x000070000e941000)]
  0x00007ff9104f3000 JavaThread "Build operations Thread 3" [_thread_blocked, id=50691, stack(0x000070000e944000,0x000070000ea44000)]
  0x00007ff913173800 JavaThread "Build operations Thread 4" [_thread_blocked, id=51459, stack(0x000070000ea47000,0x000070000eb47000)]
  0x00007ff91132c800 JavaThread "jar transforms Thread 4" [_thread_blocked, id=52227, stack(0x000070000eb4a000,0x000070000ec4a000)]
  0x00007ff91328a800 JavaThread "Memory manager" [_thread_blocked, id=52995, stack(0x000070000ec4d000,0x000070000ed4d000)]

Other Threads:
  0x00007ff910051800 VMThread "VM Thread" [stack: 0x000070000bf46000,0x000070000c046000] [id=16387]
  0x00007ff910038000 WatcherThread [stack: 0x000070000c8e4000,0x000070000c9e4000] [id=26115]
  0x00007ff91100c800 GCTaskThread "GC Thread#0" [stack: 0x000070000ba37000,0x000070000bb37000] [id=12291]
  0x00007ff91109b000 GCTaskThread "GC Thread#1" [stack: 0x000070000caea000,0x000070000cbea000] [id=27395]
  0x00007ff911cef800 GCTaskThread "GC Thread#2" [stack: 0x000070000d60b000,0x000070000d70b000] [id=35587]
  0x00007ff911ba7800 GCTaskThread "GC Thread#3" [stack: 0x000070000d70e000,0x000070000d80e000] [id=36099]
  0x00007ff91103d800 ConcurrentGCThread "G1 Main Marker" [stack: 0x000070000bb3a000,0x000070000bc3a000] [id=12803]
  0x00007ff91103e800 ConcurrentGCThread "G1 Conc#0" [stack: 0x000070000bc3d000,0x000070000bd3d000] [id=13827]
  0x00007ff910030000 ConcurrentGCThread "G1 Refine#0" [stack: 0x000070000bd40000,0x000070000be40000] [id=14339]
  0x00007ff91104f000 ConcurrentGCThread "G1 Young RemSet Sampling" [stack: 0x000070000be43000,0x000070000bf43000] [id=14851]

Threads with active compile tasks:
C2 CompilerThread0  13818 5429   !   4       com.google.common.reflect.TypeVisitor::visit (225 bytes)
C2 CompilerThread1  13818 5580       4       org.objectweb.asm.Frame::execute (2318 bytes)

VM state:not at safepoint (normal execution)

VM Mutex/Monitor currently owned by a thread: None

Heap address: 0x0000000780000000, size: 2048 MB, Compressed Oops mode: Zero based, Oop shift amount: 3
Narrow klass base: 0x0000000800000000, Narrow klass shift: 0
Compressed class space size: 1073741824 Address: 0x0000000800000000

Heap:
 garbage-first heap   total 114688K, used 78312K [0x0000000780000000, 0x0000000800000000)
  region size 1024K, 31 young (31744K), 2 survivors (2048K)
 Metaspace       used 57872K, capacity 59372K, committed 59648K, reserved 1101824K
  class space    used 7326K, capacity 7850K, committed 7936K, reserved 1048576K
Heap Regions: E=young(eden), S=young(survivor), O=old, HS=humongous(starts), HC=humongous(continues), CS=collection set, F=free, A=archive, TAMS=top-at-mark-start (previous, next)
|   0|0x0000000780000000, 0x0000000780100000, 0x0000000780100000|100%| O|  |TAMS 0x0000000780100000, 0x0000000780000000| Untracked 
|   1|0x0000000780100000, 0x0000000780200000, 0x0000000780200000|100%| O|  |TAMS 0x0000000780200000, 0x0000000780100000| Untracked 
|   2|0x0000000780200000, 0x0000000780300000, 0x0000000780300000|100%| O|  |TAMS 0x0000000780300000, 0x0000000780200000| Untracked 
|   3|0x0000000780300000, 0x0000000780400000, 0x0000000780400000|100%|HS|  |TAMS 0x0000000780400000, 0x0000000780300000| Complete 
|   4|0x0000000780400000, 0x0000000780500000, 0x0000000780500000|100%|HC|  |TAMS 0x0000000780500000, 0x0000000780400000| Complete 
|   5|0x0000000780500000, 0x0000000780600000, 0x0000000780600000|100%|HC|  |TAMS 0x0000000780600000, 0x0000000780500000| Complete 
|   6|0x0000000780600000, 0x0000000780700000, 0x0000000780700000|100%| O|  |TAMS 0x0000000780700000, 0x0000000780600000| Untracked 
|   7|0x0000000780700000, 0x0000000780800000, 0x0000000780800000|100%| O|  |TAMS 0x0000000780800000, 0x0000000780700000| Untracked 
|   8|0x0000000780800000, 0x0000000780900000, 0x0000000780900000|100%| O|  |TAMS 0x0000000780900000, 0x0000000780800000| Untracked 
|   9|0x0000000780900000, 0x0000000780a00000, 0x0000000780a00000|100%| O|  |TAMS 0x0000000780a00000, 0x0000000780900000| Untracked 
|  10|0x0000000780a00000, 0x0000000780b00000, 0x0000000780b00000|100%| O|  |TAMS 0x0000000780b00000, 0x0000000780a00000| Untracked 
|  11|0x0000000780b00000, 0x0000000780c00000, 0x0000000780c00000|100%| O|  |TAMS 0x0000000780c00000, 0x0000000780b00000| Untracked 
|  12|0x0000000780c00000, 0x0000000780d00000, 0x0000000780d00000|100%| O|  |TAMS 0x0000000780d00000, 0x0000000780c00000| Untracked 
|  13|0x0000000780d00000, 0x0000000780e00000, 0x0000000780e00000|100%| O|  |TAMS 0x0000000780e00000, 0x0000000780d00000| Untracked 
|  14|0x0000000780e00000, 0x0000000780f00000, 0x0000000780f00000|100%| O|  |TAMS 0x0000000780f00000, 0x0000000780e00000| Untracked 
|  15|0x0000000780f00000, 0x0000000781000000, 0x0000000781000000|100%| O|  |TAMS 0x0000000781000000, 0x0000000780f00000| Untracked 
|  16|0x0000000781000000, 0x0000000781100000, 0x0000000781100000|100%| O|  |TAMS 0x00000007810b7000, 0x0000000781000000| Untracked 
|  17|0x0000000781100000, 0x0000000781200000, 0x0000000781200000|100%| O|  |TAMS 0x0000000781100000, 0x0000000781100000| Untracked 
|  18|0x0000000781200000, 0x0000000781300000, 0x0000000781300000|100%| O|  |TAMS 0x0000000781200000, 0x0000000781200000| Untracked 
|  19|0x0000000781300000, 0x0000000781400000, 0x0000000781400000|100%| O|  |TAMS 0x0000000781300000, 0x0000000781300000| Untracked 
|  20|0x0000000781400000, 0x0000000781500000, 0x0000000781500000|100%| O|  |TAMS 0x0000000781400000, 0x0000000781400000| Untracked 
|  21|0x0000000781500000, 0x0000000781600000, 0x0000000781600000|100%| O|  |TAMS 0x0000000781500000, 0x0000000781500000| Untracked 
|  22|0x0000000781600000, 0x0000000781700000, 0x0000000781700000|100%| O|  |TAMS 0x0000000781600000, 0x0000000781600000| Untracked 
|  23|0x0000000781700000, 0x0000000781800000, 0x0000000781800000|100%| O|  |TAMS 0x0000000781700000, 0x0000000781700000| Untracked 
|  24|0x0000000781800000, 0x0000000781900000, 0x0000000781900000|100%| O|  |TAMS 0x0000000781800000, 0x0000000781800000| Untracked 
|  25|0x0000000781900000, 0x0000000781a00000, 0x0000000781a00000|100%| O|  |TAMS 0x0000000781900000, 0x0000000781900000| Untracked 
|  26|0x0000000781a00000, 0x0000000781b00000, 0x0000000781b00000|100%| O|  |TAMS 0x0000000781a00000, 0x0000000781a00000| Untracked 
|  27|0x0000000781b00000, 0x0000000781c00000, 0x0000000781c00000|100%|HS|  |TAMS 0x0000000781b00000, 0x0000000781b00000| Complete 
|  28|0x0000000781c00000, 0x0000000781d00000, 0x0000000781d00000|100%|HS|  |TAMS 0x0000000781c00000, 0x0000000781c00000| Complete 
|  29|0x0000000781d00000, 0x0000000781e00000, 0x0000000781e00000|100%|HS|  |TAMS 0x0000000781d00000, 0x0000000781d00000| Complete 
|  30|0x0000000781e00000, 0x0000000781f00000, 0x0000000781f00000|100%|HS|  |TAMS 0x0000000781e00000, 0x0000000781e00000| Complete 
|  31|0x0000000781f00000, 0x0000000782000000, 0x0000000782000000|100%|HC|  |TAMS 0x0000000781f00000, 0x0000000781f00000| Complete 
|  32|0x0000000782000000, 0x0000000782100000, 0x0000000782100000|100%|HC|  |TAMS 0x0000000782000000, 0x0000000782000000| Complete 
|  33|0x0000000782100000, 0x0000000782200000, 0x0000000782200000|100%|HS|  |TAMS 0x0000000782100000, 0x0000000782100000| Complete 
|  34|0x0000000782200000, 0x0000000782300000, 0x0000000782300000|100%|HC|  |TAMS 0x0000000782200000, 0x0000000782200000| Complete 
|  35|0x0000000782300000, 0x0000000782400000, 0x0000000782400000|100%| O|  |TAMS 0x0000000782300000, 0x0000000782300000| Untracked 
|  36|0x0000000782400000, 0x0000000782500000, 0x0000000782500000|100%| O|  |TAMS 0x0000000782400000, 0x0000000782400000| Untracked 
|  37|0x0000000782500000, 0x0000000782600000, 0x0000000782600000|100%| O|  |TAMS 0x0000000782500000, 0x0000000782500000| Untracked 
|  38|0x0000000782600000, 0x0000000782700000, 0x0000000782700000|100%| O|  |TAMS 0x0000000782600000, 0x0000000782600000| Untracked 
|  39|0x0000000782700000, 0x0000000782800000, 0x0000000782800000|100%| O|  |TAMS 0x0000000782700000, 0x0000000782700000| Untracked 
|  40|0x0000000782800000, 0x0000000782900000, 0x0000000782900000|100%| O|  |TAMS 0x0000000782800000, 0x0000000782800000| Untracked 
|  41|0x0000000782900000, 0x0000000782a00000, 0x0000000782a00000|100%| O|  |TAMS 0x0000000782900000, 0x0000000782900000| Untracked 
|  42|0x0000000782a00000, 0x0000000782b00000, 0x0000000782b00000|100%| O|  |TAMS 0x0000000782a00000, 0x0000000782a00000| Untracked 
|  43|0x0000000782b00000, 0x0000000782c00000, 0x0000000782c00000|100%| O|  |TAMS 0x0000000782b00000, 0x0000000782b00000| Untracked 
|  44|0x0000000782c00000, 0x0000000782d00000, 0x0000000782d00000|100%| O|  |TAMS 0x0000000782c00000, 0x0000000782c00000| Untracked 
|  45|0x0000000782d00000, 0x0000000782e00000, 0x0000000782e00000|100%| O|  |TAMS 0x0000000782d00000, 0x0000000782d00000| Untracked 
|  46|0x0000000782e00000, 0x0000000782edc000, 0x0000000782f00000| 85%| O|  |TAMS 0x0000000782e00000, 0x0000000782e00000| Untracked 
|  47|0x0000000782f00000, 0x0000000782f00000, 0x0000000783000000|  0%| F|  |TAMS 0x0000000782f00000, 0x0000000782f00000| Untracked 
|  48|0x0000000783000000, 0x0000000783000000, 0x0000000783100000|  0%| F|  |TAMS 0x0000000783000000, 0x0000000783000000| Untracked 
|  49|0x0000000783100000, 0x0000000783100000, 0x0000000783200000|  0%| F|  |TAMS 0x0000000783100000, 0x0000000783100000| Untracked 
|  50|0x0000000783200000, 0x0000000783200000, 0x0000000783300000|  0%| F|  |TAMS 0x0000000783200000, 0x0000000783200000| Untracked 
|  51|0x0000000783300000, 0x0000000783300000, 0x0000000783400000|  0%| F|  |TAMS 0x0000000783300000, 0x0000000783300000| Untracked 
|  52|0x0000000783400000, 0x0000000783400000, 0x0000000783500000|  0%| F|  |TAMS 0x0000000783400000, 0x0000000783400000| Untracked 
|  53|0x0000000783500000, 0x0000000783500000, 0x0000000783600000|  0%| F|  |TAMS 0x0000000783500000, 0x0000000783500000| Untracked 
|  54|0x0000000783600000, 0x0000000783600000, 0x0000000783700000|  0%| F|  |TAMS 0x0000000783600000, 0x0000000783600000| Untracked 
|  55|0x0000000783700000, 0x0000000783700000, 0x0000000783800000|  0%| F|  |TAMS 0x0000000783700000, 0x0000000783700000| Untracked 
|  56|0x0000000783800000, 0x0000000783800000, 0x0000000783900000|  0%| F|  |TAMS 0x0000000783800000, 0x0000000783800000| Untracked 
|  57|0x0000000783900000, 0x0000000783900000, 0x0000000783a00000|  0%| F|  |TAMS 0x0000000783900000, 0x0000000783900000| Untracked 
|  58|0x0000000783a00000, 0x0000000783a00000, 0x0000000783b00000|  0%| F|  |TAMS 0x0000000783a00000, 0x0000000783a00000| Untracked 
|  59|0x0000000783b00000, 0x0000000783b00000, 0x0000000783c00000|  0%| F|  |TAMS 0x0000000783b00000, 0x0000000783b00000| Untracked 
|  60|0x0000000783c00000, 0x0000000783c00000, 0x0000000783d00000|  0%| F|  |TAMS 0x0000000783c00000, 0x0000000783c00000| Untracked 
|  61|0x0000000783d00000, 0x0000000783d00000, 0x0000000783e00000|  0%| F|  |TAMS 0x0000000783d00000, 0x0000000783d00000| Untracked 
|  62|0x0000000783e00000, 0x0000000783e00000, 0x0000000783f00000|  0%| F|  |TAMS 0x0000000783e00000, 0x0000000783e00000| Untracked 
|  63|0x0000000783f00000, 0x0000000783f00000, 0x0000000784000000|  0%| F|  |TAMS 0x0000000783f00000, 0x0000000783f00000| Untracked 
|  64|0x0000000784000000, 0x0000000784000000, 0x0000000784100000|  0%| F|  |TAMS 0x0000000784000000, 0x0000000784000000| Untracked 
|  65|0x0000000784100000, 0x0000000784100000, 0x0000000784200000|  0%| F|  |TAMS 0x0000000784100000, 0x0000000784100000| Untracked 
|  66|0x0000000784200000, 0x0000000784200000, 0x0000000784300000|  0%| F|  |TAMS 0x0000000784200000, 0x0000000784200000| Untracked 
|  67|0x0000000784300000, 0x0000000784300000, 0x0000000784400000|  0%| F|  |TAMS 0x0000000784300000, 0x0000000784300000| Untracked 
|  68|0x0000000784400000, 0x0000000784400000, 0x0000000784500000|  0%| F|  |TAMS 0x0000000784400000, 0x0000000784400000| Untracked 
|  69|0x0000000784500000, 0x0000000784500000, 0x0000000784600000|  0%| F|  |TAMS 0x0000000784500000, 0x0000000784500000| Untracked 
|  70|0x0000000784600000, 0x0000000784600000, 0x0000000784700000|  0%| F|  |TAMS 0x0000000784600000, 0x0000000784600000| Untracked 
|  71|0x0000000784700000, 0x0000000784700000, 0x0000000784800000|  0%| F|  |TAMS 0x0000000784700000, 0x0000000784700000| Untracked 
|  72|0x0000000784800000, 0x0000000784800000, 0x0000000784900000|  0%| F|  |TAMS 0x0000000784800000, 0x0000000784800000| Untracked 
|  73|0x0000000784900000, 0x000000078499e060, 0x0000000784a00000| 61%| S|CS|TAMS 0x0000000784900000, 0x0000000784900000| Complete 
|  74|0x0000000784a00000, 0x0000000784b00000, 0x0000000784b00000|100%| S|CS|TAMS 0x0000000784a00000, 0x0000000784a00000| Complete 
|  75|0x0000000784b00000, 0x0000000784b00000, 0x0000000784c00000|  0%| F|  |TAMS 0x0000000784b00000, 0x0000000784b00000| Untracked 
|  76|0x0000000784c00000, 0x0000000784c00000, 0x0000000784d00000|  0%| F|  |TAMS 0x0000000784c00000, 0x0000000784c00000| Untracked 
|  77|0x0000000784d00000, 0x0000000784d00000, 0x0000000784e00000|  0%| F|  |TAMS 0x0000000784d00000, 0x0000000784d00000| Untracked 
|  78|0x0000000784e00000, 0x0000000784e00000, 0x0000000784f00000|  0%| F|  |TAMS 0x0000000784e00000, 0x0000000784e00000| Untracked 
|  79|0x0000000784f00000, 0x0000000784f00000, 0x0000000785000000|  0%| F|  |TAMS 0x0000000784f00000, 0x0000000784f00000| Untracked 
|  80|0x0000000785000000, 0x0000000785000000, 0x0000000785100000|  0%| F|  |TAMS 0x0000000785000000, 0x0000000785000000| Untracked 
|  81|0x0000000785100000, 0x0000000785100000, 0x0000000785200000|  0%| F|  |TAMS 0x0000000785100000, 0x0000000785100000| Untracked 
|  82|0x0000000785200000, 0x0000000785200000, 0x0000000785300000|  0%| F|  |TAMS 0x0000000785200000, 0x0000000785200000| Untracked 
|  83|0x0000000785300000, 0x0000000785400000, 0x0000000785400000|100%| E|  |TAMS 0x0000000785300000, 0x0000000785300000| Complete 
|  84|0x0000000785400000, 0x0000000785500000, 0x0000000785500000|100%| E|CS|TAMS 0x0000000785400000, 0x0000000785400000| Complete 
|  85|0x0000000785500000, 0x0000000785600000, 0x0000000785600000|100%| E|CS|TAMS 0x0000000785500000, 0x0000000785500000| Complete 
|  86|0x0000000785600000, 0x0000000785700000, 0x0000000785700000|100%| E|CS|TAMS 0x0000000785600000, 0x0000000785600000| Complete 
|  87|0x0000000785700000, 0x0000000785800000, 0x0000000785800000|100%| E|CS|TAMS 0x0000000785700000, 0x0000000785700000| Complete 
|  88|0x0000000785800000, 0x0000000785900000, 0x0000000785900000|100%| E|CS|TAMS 0x0000000785800000, 0x0000000785800000| Complete 
|  89|0x0000000785900000, 0x0000000785a00000, 0x0000000785a00000|100%| E|CS|TAMS 0x0000000785900000, 0x0000000785900000| Complete 
|  90|0x0000000785a00000, 0x0000000785b00000, 0x0000000785b00000|100%| E|CS|TAMS 0x0000000785a00000, 0x0000000785a00000| Complete 
|  91|0x0000000785b00000, 0x0000000785c00000, 0x0000000785c00000|100%| E|CS|TAMS 0x0000000785b00000, 0x0000000785b00000| Complete 
|  92|0x0000000785c00000, 0x0000000785d00000, 0x0000000785d00000|100%| E|CS|TAMS 0x0000000785c00000, 0x0000000785c00000| Complete 
|  93|0x0000000785d00000, 0x0000000785e00000, 0x0000000785e00000|100%| E|CS|TAMS 0x0000000785d00000, 0x0000000785d00000| Complete 
|  94|0x0000000785e00000, 0x0000000785f00000, 0x0000000785f00000|100%| E|CS|TAMS 0x0000000785e00000, 0x0000000785e00000| Complete 
|  95|0x0000000785f00000, 0x0000000786000000, 0x0000000786000000|100%| E|CS|TAMS 0x0000000785f00000, 0x0000000785f00000| Complete 
|  96|0x0000000786000000, 0x0000000786100000, 0x0000000786100000|100%| E|CS|TAMS 0x0000000786000000, 0x0000000786000000| Complete 
|  97|0x0000000786100000, 0x0000000786200000, 0x0000000786200000|100%| E|CS|TAMS 0x0000000786100000, 0x0000000786100000| Complete 
|  98|0x0000000786200000, 0x0000000786300000, 0x0000000786300000|100%| E|CS|TAMS 0x0000000786200000, 0x0000000786200000| Complete 
|  99|0x0000000786300000, 0x0000000786400000, 0x0000000786400000|100%| E|CS|TAMS 0x0000000786300000, 0x0000000786300000| Complete 
| 100|0x0000000786400000, 0x0000000786500000, 0x0000000786500000|100%| E|CS|TAMS 0x0000000786400000, 0x0000000786400000| Complete 
| 101|0x0000000786500000, 0x0000000786600000, 0x0000000786600000|100%| E|CS|TAMS 0x0000000786500000, 0x0000000786500000| Complete 
| 102|0x0000000786600000, 0x0000000786700000, 0x0000000786700000|100%| E|CS|TAMS 0x0000000786600000, 0x0000000786600000| Complete 
| 103|0x0000000786700000, 0x0000000786800000, 0x0000000786800000|100%| E|CS|TAMS 0x0000000786700000, 0x0000000786700000| Complete 
| 104|0x0000000786800000, 0x0000000786900000, 0x0000000786900000|100%| E|CS|TAMS 0x0000000786800000, 0x0000000786800000| Complete 
| 105|0x0000000786900000, 0x0000000786a00000, 0x0000000786a00000|100%| E|CS|TAMS 0x0000000786900000, 0x0000000786900000| Complete 
| 106|0x0000000786a00000, 0x0000000786b00000, 0x0000000786b00000|100%| E|CS|TAMS 0x0000000786a00000, 0x0000000786a00000| Complete 
| 107|0x0000000786b00000, 0x0000000786c00000, 0x0000000786c00000|100%| E|CS|TAMS 0x0000000786b00000, 0x0000000786b00000| Complete 
| 108|0x0000000786c00000, 0x0000000786d00000, 0x0000000786d00000|100%| E|CS|TAMS 0x0000000786c00000, 0x0000000786c00000| Complete 
| 109|0x0000000786d00000, 0x0000000786e00000, 0x0000000786e00000|100%| E|CS|TAMS 0x0000000786d00000, 0x0000000786d00000| Complete 
| 110|0x0000000786e00000, 0x0000000786f00000, 0x0000000786f00000|100%| E|CS|TAMS 0x0000000786e00000, 0x0000000786e00000| Complete 
| 111|0x0000000786f00000, 0x0000000787000000, 0x0000000787000000|100%| E|CS|TAMS 0x0000000786f00000, 0x0000000786f00000| Complete 

Card table byte_map: [0x0000000108222000,0x0000000108622000] _byte_map_base: 0x0000000104622000

Marking Bits (Prev, Next): (CMBitMap*) 0x00007ff911034e18, (CMBitMap*) 0x00007ff911034e50
 Prev Bits: [0x0000000108a22000, 0x000000010aa22000)
 Next Bits: [0x000000010ea71000, 0x0000000110a71000)

Polling page: 0x0000000105de7000

Metaspace:

Usage:
  Non-class:     50.31 MB capacity,    49.36 MB ( 98%) used,   825.97 KB (  2%) free+waste,   150.19 KB ( <1%) overhead. 
      Class:      7.67 MB capacity,     7.15 MB ( 93%) used,   452.82 KB (  6%) free+waste,    70.75 KB ( <1%) overhead. 
       Both:     57.98 MB capacity,    56.52 MB ( 97%) used,     1.25 MB (  2%) free+waste,   220.94 KB ( <1%) overhead. 

Virtual space:
  Non-class space:       52.00 MB reserved,      50.50 MB ( 97%) committed 
      Class space:        1.00 GB reserved,       7.75 MB ( <1%) committed 
             Both:        1.05 GB reserved,      58.25 MB (  5%) committed 

Chunk freelists:
   Non-Class:  74.00 KB
       Class:  22.00 KB
        Both:  96.00 KB

MaxMetaspaceSize: unlimited
CompressedClassSpaceSize: 1.00 GB

CodeHeap 'non-profiled nmethods': size=120032Kb used=3032Kb max_used=3032Kb free=116999Kb
 bounds [0x000004e018871000, 0x000004e018b71000, 0x000004e01fda9000]
CodeHeap 'profiled nmethods': size=120032Kb used=11557Kb max_used=11557Kb free=108474Kb
 bounds [0x000004e011339000, 0x000004e011e89000, 0x000004e018871000]
CodeHeap 'non-nmethods': size=5696Kb used=2244Kb max_used=2272Kb free=3451Kb
 bounds [0x000004e010da9000, 0x000004e011019000, 0x000004e011339000]
 total_blobs=6421 nmethods=5608 adapters=725
 compilation: enabled
              stopped_count=0, restarted_count=0
 full_count=0

Compilation events (20 events):
Event: 13.709 Thread 0x00007ff910071000 5607       3       java.lang.invoke.BoundMethodHandle::bindArgumentL (11 bytes)
Event: 13.710 Thread 0x00007ff910071000 nmethod 5607 0x000004e011e75510 code [0x000004e011e75700, 0x000004e011e75bf8]
Event: 13.710 Thread 0x00007ff910071000 5608       3       java.lang.invoke.LambdaFormEditor::bindArgumentL (59 bytes)
Event: 13.711 Thread 0x00007ff910071000 nmethod 5608 0x000004e011e75e10 code [0x000004e011e75fe0, 0x000004e011e76268]
Event: 13.725 Thread 0x00007ff910071000 5609       3       sun.reflect.generics.parser.SignatureParser::parseTypeVariableSignature (93 bytes)
Event: 13.727 Thread 0x00007ff910071000 nmethod 5609 0x000004e011e76390 code [0x000004e011e766a0, 0x000004e011e77408]
Event: 13.727 Thread 0x00007ff910071000 5610       3       com.google.common.reflect.Types::newParameterizedTypeWithOwner (44 bytes)
Event: 13.729 Thread 0x00007ff910071000 nmethod 5610 0x000004e011e77910 code [0x000004e011e77be0, 0x000004e011e788e8]
Event: 13.729 Thread 0x00007ff910071000 5611       3       com.google.common.reflect.Types::newParameterizedType (17 bytes)
Event: 13.730 Thread 0x00007ff910071000 nmethod 5611 0x000004e011e78d90 code [0x000004e011e78fc0, 0x000004e011e79558]
Event: 13.730 Thread 0x00007ff910071000 5612       3       com.google.common.reflect.Types$ParameterizedTypeImpl::<init> (55 bytes)
Event: 13.732 Thread 0x00007ff910071000 nmethod 5612 0x000004e011e79790 code [0x000004e011e79a20, 0x000004e011e7a608]
Event: 13.734 Thread 0x00007ff910071000 5613       3       com.google.common.collect.AbstractMapBasedMultimap$WrappedCollection::iterator (13 bytes)
Event: 13.735 Thread 0x00007ff910071000 nmethod 5613 0x000004e011e7a990 code [0x000004e011e7abc0, 0x000004e011e7b4a8]
Event: 13.735 Thread 0x00007ff910071000 5614       3       com.google.common.collect.AbstractMapBasedMultimap$WrappedCollection$WrappedIterator::<init> (32 bytes)
Event: 13.736 Thread 0x00007ff910071000 nmethod 5614 0x000004e011e7b690 code [0x000004e011e7b8a0, 0x000004e011e7c018]
Event: 13.736 Thread 0x00007ff910071000 5615       3       com.google.common.collect.AbstractMapBasedMultimap::access$100 (5 bytes)
Event: 13.737 Thread 0x00007ff910071000 nmethod 5615 0x000004e011e7c210 code [0x000004e011e7c400, 0x000004e011e7c958]
Event: 13.737 Thread 0x00007ff910071000 5616       3       com.google.common.collect.AbstractMapBasedMultimap::iteratorOrListIterator (26 bytes)
Event: 13.737 Thread 0x00007ff910071000 nmethod 5616 0x000004e011e7ca90 code [0x000004e011e7cc80, 0x000004e011e7d178]

GC Heap History (20 events):
Event: 4.112 GC heap before
{Heap before GC invocations=7 (full 0):
 garbage-first heap   total 78848K, used 43108K [0x0000000780000000, 0x0000000800000000)
  region size 1024K, 28 young (28672K), 2 survivors (2048K)
 Metaspace       used 23143K, capacity 23751K, committed 23936K, reserved 1071104K
  class space    used 2951K, capacity 3147K, committed 3200K, reserved 1048576K
}
Event: 4.118 GC heap after
{Heap after GC invocations=8 (full 0):
 garbage-first heap   total 78848K, used 17270K [0x0000000780000000, 0x0000000800000000)
  region size 1024K, 2 young (2048K), 2 survivors (2048K)
 Metaspace       used 23143K, capacity 23751K, committed 23936K, reserved 1071104K
  class space    used 2951K, capacity 3147K, committed 3200K, reserved 1048576K
}
Event: 4.745 GC heap before
{Heap before GC invocations=8 (full 0):
 garbage-first heap   total 78848K, used 45942K [0x0000000780000000, 0x0000000800000000)
  region size 1024K, 30 young (30720K), 2 survivors (2048K)
 Metaspace       used 25979K, capacity 26629K, committed 27008K, reserved 1073152K
  class space    used 3417K, capacity 3662K, committed 3712K, reserved 1048576K
}
Event: 4.755 GC heap after
{Heap after GC invocations=9 (full 0):
 garbage-first heap   total 78848K, used 18296K [0x0000000780000000, 0x0000000800000000)
  region size 1024K, 3 young (3072K), 3 survivors (3072K)
 Metaspace       used 25979K, capacity 26629K, committed 27008K, reserved 1073152K
  class space    used 3417K, capacity 3662K, committed 3712K, reserved 1048576K
}
Event: 5.447 GC heap before
{Heap before GC invocations=9 (full 0):
 garbage-first heap   total 78848K, used 47992K [0x0000000780000000, 0x0000000800000000)
  region size 1024K, 32 young (32768K), 3 survivors (3072K)
 Metaspace       used 28779K, capacity 29497K, committed 29824K, reserved 1075200K
  class space    used 3862K, capacity 4128K, committed 4224K, reserved 1048576K
}
Event: 5.459 GC heap after
{Heap after GC invocations=10 (full 0):
 garbage-first heap   total 95232K, used 19335K [0x0000000780000000, 0x0000000800000000)
  region size 1024K, 3 young (3072K), 3 survivors (3072K)
 Metaspace       used 28779K, capacity 29497K, committed 29824K, reserved 1075200K
  class space    used 3862K, capacity 4128K, committed 4224K, reserved 1048576K
}
Event: 6.482 GC heap before
{Heap before GC invocations=10 (full 0):
 garbage-first heap   total 95232K, used 41863K [0x0000000780000000, 0x0000000800000000)
  region size 1024K, 26 young (26624K), 3 survivors (3072K)
 Metaspace       used 34862K, capacity 35631K, committed 35840K, reserved 1081344K
  class space    used 4512K, capacity 4790K, committed 4864K, reserved 1048576K
}
Event: 6.495 GC heap after
{Heap after GC invocations=11 (full 0):
 garbage-first heap   total 95232K, used 21759K [0x0000000780000000, 0x0000000800000000)
  region size 1024K, 5 young (5120K), 5 survivors (5120K)
 Metaspace       used 34862K, capacity 35631K, committed 35840K, reserved 1081344K
  class space    used 4512K, capacity 4790K, committed 4864K, reserved 1048576K
}
Event: 7.239 GC heap before
{Heap before GC invocations=12 (full 0):
 garbage-first heap   total 95232K, used 54527K [0x0000000780000000, 0x0000000800000000)
  region size 1024K, 38 young (38912K), 5 survivors (5120K)
 Metaspace       used 36906K, capacity 37820K, committed 38144K, reserved 1083392K
  class space    used 4775K, capacity 5088K, committed 5120K, reserved 1048576K
}
Event: 7.258 GC heap after
{Heap after GC invocations=13 (full 0):
 garbage-first heap   total 95232K, used 25043K [0x0000000780000000, 0x0000000800000000)
  region size 1024K, 5 young (5120K), 5 survivors (5120K)
 Metaspace       used 36906K, capacity 37820K, committed 38144K, reserved 1083392K
  class space    used 4775K, capacity 5088K, committed 5120K, reserved 1048576K
}
Event: 8.159 GC heap before
{Heap before GC invocations=13 (full 0):
 garbage-first heap   total 95232K, used 61907K [0x0000000780000000, 0x0000000800000000)
  region size 1024K, 39 young (39936K), 5 survivors (5120K)
 Metaspace       used 39779K, capacity 40734K, committed 41088K, reserved 1085440K
  class space    used 5104K, capacity 5456K, committed 5504K, reserved 1048576K
}
Event: 8.177 GC heap after
{Heap after GC invocations=14 (full 0):
 garbage-first heap   total 95232K, used 27510K [0x0000000780000000, 0x0000000800000000)
  region size 1024K, 5 young (5120K), 5 survivors (5120K)
 Metaspace       used 39779K, capacity 40734K, committed 41088K, reserved 1085440K
  class space    used 5104K, capacity 5456K, committed 5504K, reserved 1048576K
}
Event: 9.056 GC heap before
{Heap before GC invocations=14 (full 0):
 garbage-first heap   total 95232K, used 63350K [0x0000000780000000, 0x0000000800000000)
  region size 1024K, 40 young (40960K), 5 survivors (5120K)
 Metaspace       used 43282K, capacity 44338K, committed 44672K, reserved 1087488K
  class space    used 5530K, capacity 5891K, committed 6016K, reserved 1048576K
}
Event: 9.070 GC heap after
{Heap after GC invocations=15 (full 0):
 garbage-first heap   total 114688K, used 28995K [0x0000000780000000, 0x0000000800000000)
  region size 1024K, 4 young (4096K), 4 survivors (4096K)
 Metaspace       used 43282K, capacity 44338K, committed 44672K, reserved 1087488K
  class space    used 5530K, capacity 5891K, committed 6016K, reserved 1048576K
}
Event: 10.270 GC heap before
{Heap before GC invocations=15 (full 0):
 garbage-first heap   total 114688K, used 70979K [0x0000000780000000, 0x0000000800000000)
  region size 1024K, 45 young (46080K), 4 survivors (4096K)
 Metaspace       used 46287K, capacity 47563K, committed 47872K, reserved 1091584K
  class space    used 5933K, capacity 6389K, committed 6400K, reserved 1048576K
}
Event: 10.283 GC heap after
{Heap after GC invocations=16 (full 0):
 garbage-first heap   total 114688K, used 30681K [0x0000000780000000, 0x0000000800000000)
  region size 1024K, 4 young (4096K), 4 survivors (4096K)
 Metaspace       used 46287K, capacity 47563K, committed 47872K, reserved 1091584K
  class space    used 5933K, capacity 6389K, committed 6400K, reserved 1048576K
}
Event: 11.672 GC heap before
{Heap before GC invocations=16 (full 0):
 garbage-first heap   total 114688K, used 83929K [0x0000000780000000, 0x0000000800000000)
  region size 1024K, 49 young (50176K), 4 survivors (4096K)
 Metaspace       used 48705K, capacity 50016K, committed 50304K, reserved 1093632K
  class space    used 6225K, capacity 6697K, committed 6784K, reserved 1048576K
}
Event: 11.688 GC heap after
{Heap after GC invocations=17 (full 0):
 garbage-first heap   total 114688K, used 47767K [0x0000000780000000, 0x0000000800000000)
  region size 1024K, 7 young (7168K), 7 survivors (7168K)
 Metaspace       used 48705K, capacity 50016K, committed 50304K, reserved 1093632K
  class space    used 6225K, capacity 6697K, committed 6784K, reserved 1048576K
}
Event: 12.934 GC heap before
{Heap before GC invocations=17 (full 0):
 garbage-first heap   total 114688K, used 85655K [0x0000000780000000, 0x0000000800000000)
  region size 1024K, 44 young (45056K), 7 survivors (7168K)
 Metaspace       used 54205K, capacity 55666K, committed 55808K, reserved 1097728K
  class space    used 6884K, capacity 7407K, committed 7424K, reserved 1048576K
}
Event: 12.944 GC heap after
{Heap after GC invocations=18 (full 0):
 garbage-first heap   total 114688K, used 49640K [0x0000000780000000, 0x0000000800000000)
  region size 1024K, 2 young (2048K), 2 survivors (2048K)
 Metaspace       used 54205K, capacity 55666K, committed 55808K, reserved 1097728K
  class space    used 6884K, capacity 7407K, committed 7424K, reserved 1048576K
}

Deoptimization events (20 events):
Event: 11.817 Thread 0x00007ff910e75000 Uncommon trap: trap_request=0xffffff45 fr.pc=0x000004e018977cf0 relative=0x0000000000000210
Event: 11.817 Thread 0x00007ff910e75000 Uncommon trap: reason=unstable_fused_if action=reinterpret pc=0x000004e018977cf0 method=org.objectweb.asm.ByteVector.putUTF8(Ljava/lang/String;)Lorg/objectweb/asm/ByteVector; @ 93 c2
Event: 11.817 Thread 0x00007ff910e75000 DEOPT PACKING pc=0x000004e018977cf0 sp=0x000070000d2f7af0
Event: 11.817 Thread 0x00007ff910e75000 DEOPT UNPACKING pc=0x000004e010dd152d sp=0x000070000d2f7a90 mode 2
Event: 11.823 Thread 0x00007ff910e75000 Uncommon trap: trap_request=0xffffffde fr.pc=0x000004e018acebd8 relative=0x00000000000003f8
Event: 11.823 Thread 0x00007ff910e75000 Uncommon trap: reason=class_check action=maybe_recompile pc=0x000004e018acebd8 method=com.google.common.collect.RegularImmutableMap.get([I[Ljava/lang/Object;IILjava/lang/Object;)Ljava/lang/Object; @ 17 c2
Event: 11.823 Thread 0x00007ff910e75000 DEOPT PACKING pc=0x000004e018acebd8 sp=0x000070000d2f7640
Event: 11.823 Thread 0x00007ff910e75000 DEOPT UNPACKING pc=0x000004e010dd152d sp=0x000070000d2f7600 mode 2
Event: 11.824 Thread 0x00007ff910e75000 Uncommon trap: trap_request=0xffffff4d fr.pc=0x000004e018acecd0 relative=0x00000000000004f0
Event: 11.824 Thread 0x00007ff910e75000 Uncommon trap: reason=unstable_if action=reinterpret pc=0x000004e018acecd0 method=com.google.common.collect.RegularImmutableMap.get([I[Ljava/lang/Object;IILjava/lang/Object;)Ljava/lang/Object; @ 34 c2
Event: 11.824 Thread 0x00007ff910e75000 DEOPT PACKING pc=0x000004e018acecd0 sp=0x000070000d2f7690
Event: 11.824 Thread 0x00007ff910e75000 DEOPT UNPACKING pc=0x000004e010dd152d sp=0x000070000d2f7658 mode 2
Event: 12.745 Thread 0x00007ff910e75000 Uncommon trap: trap_request=0xffffff4d fr.pc=0x000004e018b466d0 relative=0x0000000000000450
Event: 12.745 Thread 0x00007ff910e75000 Uncommon trap: reason=unstable_if action=reinterpret pc=0x000004e018b466d0 method=org.gradle.internal.instantiation.generator.AbstractClassGenerator$InjectionAnnotationValidator.validateMethod(Ljava/lang/reflect/Method;Lorg/gradle/internal/reflect/Propert
Event: 12.745 Thread 0x00007ff910e75000 DEOPT PACKING pc=0x000004e018b466d0 sp=0x000070000d2f7760
Event: 12.745 Thread 0x00007ff910e75000 DEOPT UNPACKING pc=0x000004e010dd152d sp=0x000070000d2f7728 mode 2
Event: 12.944 Thread 0x00007ff9110e1800 Uncommon trap: trap_request=0xffffffde fr.pc=0x000004e018a03b1c relative=0x000000000000055c
Event: 12.944 Thread 0x00007ff9110e1800 Uncommon trap: reason=class_check action=maybe_recompile pc=0x000004e018a03b1c method=jdk.internal.ref.PhantomCleanable.clean()V @ 12 c2
Event: 12.944 Thread 0x00007ff9110e1800 DEOPT PACKING pc=0x000004e018a03b1c sp=0x000070000c8e08e0
Event: 12.944 Thread 0x00007ff9110e1800 DEOPT UNPACKING pc=0x000004e010dd152d sp=0x000070000c8e08c0 mode 2

Classes redefined (0 events):
No events

Internal exceptions (20 events):
Event: 11.306 Thread 0x00007ff912a28000 Exception <a 'java/lang/NoSuchMethodError'{0x0000000784f2a210}: <clinit>> (0x0000000784f2a210) thrown at [src/hotspot/share/prims/jni.cpp, line 1362]
Event: 11.306 Thread 0x00007ff912a28000 Exception <a 'java/lang/NoSuchMethodError'{0x0000000784f2b518}: <clinit>> (0x0000000784f2b518) thrown at [src/hotspot/share/prims/jni.cpp, line 1362]
Event: 11.307 Thread 0x00007ff912a28000 Exception <a 'java/lang/NoSuchMethodError'{0x0000000784f2c778}: <clinit>> (0x0000000784f2c778) thrown at [src/hotspot/share/prims/jni.cpp, line 1362]
Event: 11.308 Thread 0x00007ff912a28000 Exception <a 'java/lang/NoSuchMethodError'{0x0000000784f36fa8}: <clinit>> (0x0000000784f36fa8) thrown at [src/hotspot/share/prims/jni.cpp, line 1362]
Event: 11.310 Thread 0x00007ff912a28000 Exception <a 'java/lang/NoSuchMethodError'{0x0000000784f41da0}: <clinit>> (0x0000000784f41da0) thrown at [src/hotspot/share/prims/jni.cpp, line 1362]
Event: 11.314 Thread 0x00007ff912a28000 Exception <a 'java/lang/NoSuchMethodError'{0x0000000784f56e28}: <clinit>> (0x0000000784f56e28) thrown at [src/hotspot/share/prims/jni.cpp, line 1362]
Event: 11.346 Thread 0x00007ff910e75000 Exception <a 'java/lang/ClassNotFoundException'{0x0000000784fc3ba8}: build_c3xy3z5bcvq77f1ac58nxqnsoBeanInfo> (0x0000000784fc3ba8) thrown at [src/hotspot/share/classfile/systemDictionary.cpp, line 231]
Event: 11.347 Thread 0x00007ff910e75000 Exception <a 'java/lang/ClassNotFoundException'{0x0000000784fcead0}: build_c3xy3z5bcvq77f1ac58nxqnsoCustomizer> (0x0000000784fcead0) thrown at [src/hotspot/share/classfile/systemDictionary.cpp, line 231]
Event: 11.359 Thread 0x00007ff910e75000 Exception <a 'java/lang/ClassNotFoundException'{0x0000000784e4f3d0}: org/gradle/plugin/use/internal/PluginRequestCollector$PluginDependenciesSpecImplBeanInfo> (0x0000000784e4f3d0) thrown at [src/hotspot/share/classfile/systemDictionary.cpp, line 231]
Event: 11.360 Thread 0x00007ff910e75000 Exception <a 'java/lang/ClassNotFoundException'{0x0000000784e7d280}: org/gradle/plugin/use/internal/PluginRequestCollector$PluginDependenciesSpecImplCustomizer> (0x0000000784e7d280) thrown at [src/hotspot/share/classfile/systemDictionary.cpp, line 231]
Event: 11.436 Thread 0x00007ff910e75000 Exception <a 'java/lang/ClassNotFoundException'{0x0000000784ba30e0}: org/gradle/api/internal/plugins/DefaultObjectConfigurationActionBeanInfo> (0x0000000784ba30e0) thrown at [src/hotspot/share/classfile/systemDictionary.cpp, line 231]
Event: 11.437 Thread 0x00007ff910e75000 Exception <a 'java/lang/ClassNotFoundException'{0x0000000784bd7998}: org/gradle/api/internal/plugins/DefaultObjectConfigurationActionCustomizer> (0x0000000784bd7998) thrown at [src/hotspot/share/classfile/systemDictionary.cpp, line 231]
Event: 11.741 Thread 0x00007ff910e75000 Exception <a 'java/lang/NoSuchMethodError'{0x0000000786eb5c80}: 'java.lang.Object java.lang.invoke.DirectMethodHandle$Holder.invokeStatic(java.lang.Object, java.lang.Object, java.lang.Object, java.lang.Object, int)'> (0x0000000786eb5c80) thrown at [src/hotspot/share/interpreter/linkResolver.cpp, line 773]
Event: 11.741 Thread 0x00007ff910e75000 Exception <a 'java/lang/NoSuchMethodError'{0x0000000786eba678}: 'java.lang.Object java.lang.invoke.DirectMethodHandle$Holder.invokeSpecial(java.lang.Object, java.lang.Object, java.lang.Object, java.lang.Object, java.lang.Object, int)'> (0x0000000786eba678) thrown at [src/hotspot/share/interpreter/linkResolver.cpp, line 773]
Event: 11.742 Thread 0x00007ff910e75000 Exception <a 'java/lang/NoSuchMethodError'{0x0000000786ebecb8}: 'java.lang.Object java.lang.invoke.Invokers$Holder.linkToTargetMethod(java.lang.Object, java.lang.Object, java.lang.Object, int, java.lang.Object)'> (0x0000000786ebecb8) thrown at [src/hotspot/share/interpreter/linkResolver.cpp, line 773]
Event: 11.824 Thread 0x00007ff910e75000 Implicit null exception at 0x000004e018ace80f to 0x000004e018acecbc
Event: 12.332 Thread 0x00007ff910e75000 Exception <a 'java/lang/NoSuchMethodError'{0x0000000785f305a0}: 'java.lang.Object java.lang.invoke.DirectMethodHandle$Holder.invokeSpecial(java.lang.Object, java.lang.Object, int, int, java.lang.Object, java.lang.Object, java.lang.Object)'> (0x0000000785f305a0) thrown at [src/hotspot/share/interpreter/linkResolver.cpp, line 773]
Event: 12.332 Thread 0x00007ff910e75000 Exception <a 'java/lang/NoSuchMethodError'{0x0000000785f34b20}: 'java.lang.Object java.lang.invoke.DelegatingMethodHandle$Holder.reinvoke_L(java.lang.Object, int, int, java.lang.Object, java.lang.Object, java.lang.Object)'> (0x0000000785f34b20) thrown at [src/hotspot/share/interpreter/linkResolver.cpp, line 773]
Event: 12.721 Thread 0x00007ff910e75000 Exception <a 'java/lang/NoSuchMethodError'{0x0000000785351788}: 'int java.lang.invoke.DirectMethodHandle$Holder.invokeInterface(java.lang.Object, java.lang.Object, java.lang.Object, java.lang.Object)'> (0x0000000785351788) thrown at [src/hotspot/share/interpreter/linkResolver.cpp, line 773]
Event: 13.404 Thread 0x00007ff910e75000 Exception <a 'java/lang/NoSuchMethodError'{0x0000000786289478}: 'void java.lang.invoke.DirectMethodHandle$Holder.invokeInterface(java.lang.Object, java.lang.Object, java.lang.Object, java.lang.Object)'> (0x0000000786289478) thrown at [src/hotspot/share/interpreter/linkResolver.cpp, line 773]

Events (20 events):
Event: 13.717 loading class com/android/build/gradle/api/BaseVariantOutput
Event: 13.717 loading class com/android/build/gradle/api/BaseVariantOutput done
Event: 13.718 loading class com/android/build/OutputFile
Event: 13.718 loading class com/android/build/OutputFile done
Event: 13.719 loading class com/android/build/VariantOutput
Event: 13.719 loading class com/android/build/VariantOutput done
Event: 13.720 loading class org/gradle/api/internal/ReflectiveNamedDomainObjectFactory
Event: 13.720 loading class org/gradle/api/internal/ReflectiveNamedDomainObjectFactory done
Event: 13.721 loading class org/gradle/api/internal/FactoryNamedDomainObjectContainer
Event: 13.721 loading class org/gradle/api/internal/FactoryNamedDomainObjectContainer done
Event: 13.738 loading class org/gradle/api/reflect/TypeOf$3
Event: 13.738 loading class org/gradle/api/reflect/TypeOf$3 done
Event: 13.741 loading class com/android/build/gradle/internal/variant/AbstractVariantInputManager$Companion
Event: 13.741 loading class com/android/build/gradle/internal/variant/AbstractVariantInputManager$Companion done
Event: 13.743 loading class com/android/builder/core/VariantTypeImpl
Event: 13.743 loading class com/android/builder/core/VariantTypeImpl done
Event: 13.744 loading class com/android/builder/core/VariantType
Event: 13.744 loading class com/android/builder/core/VariantType done
Event: 13.746 loading class com/google/wireless/android/sdk/stats/GradleBuildVariant$VariantType
Event: 13.746 loading class com/google/wireless/android/sdk/stats/GradleBuildVariant$VariantType done


Dynamic libraries:
0x00007fff9f998000 	/System/Library/Frameworks/Cocoa.framework/Versions/A/Cocoa
0x00007fffa65f6000 	/System/Library/Frameworks/Security.framework/Versions/A/Security
0x00007fff9e853000 	/System/Library/Frameworks/ApplicationServices.framework/Versions/A/ApplicationServices
0x0000000105d02000 	/Applications/Android Studio.app/Contents/jre/Contents/Home/lib/jli/libjli.dylib
0x00007fffb455b000 	/usr/lib/libSystem.B.dylib
0x00007fff9da68000 	/System/Library/Frameworks/AppKit.framework/Versions/C/AppKit
0x00007fff9fb84000 	/System/Library/Frameworks/CoreData.framework/Versions/A/CoreData
0x00007fffa19c5000 	/System/Library/Frameworks/Foundation.framework/Versions/C/Foundation
0x00007fffb0fd1000 	/System/Library/PrivateFrameworks/RemoteViewServices.framework/Versions/A/RemoteViewServices
0x00007fffb2fcb000 	/System/Library/PrivateFrameworks/UIFoundation.framework/Versions/A/UIFoundation
0x00007fffac37f000 	/System/Library/PrivateFrameworks/DFRFoundation.framework/Versions/A/DFRFoundation
0x00007fffb4bc6000 	/usr/lib/libenergytrace.dylib
0x00007fffb1dfe000 	/System/Library/PrivateFrameworks/SkyLight.framework/Versions/A/SkyLight
0x00007fffa03c6000 	/System/Library/Frameworks/CoreGraphics.framework/Versions/A/CoreGraphics
0x00007fffb4556000 	/usr/lib/libScreenReader.dylib
0x00007fff9c92b000 	/System/Library/Frameworks/Accelerate.framework/Versions/A/Accelerate
0x00007fffa1fc3000 	/System/Library/Frameworks/IOSurface.framework/Versions/A/IOSurface
0x00007fff9ed76000 	/System/Library/Frameworks/AudioToolbox.framework/Versions/A/AudioToolbox
0x00007fff9ef83000 	/System/Library/Frameworks/AudioUnit.framework/Versions/A/AudioUnit
0x00007fffac3c4000 	/System/Library/PrivateFrameworks/DataDetectorsCore.framework/Versions/A/DataDetectorsCore
0x00007fffac4b5000 	/System/Library/PrivateFrameworks/DesktopServicesPriv.framework/Versions/A/DesktopServicesPriv
0x00007fff9f4e5000 	/System/Library/Frameworks/Carbon.framework/Versions/A/Frameworks/HIToolbox.framework/Versions/A/HIToolbox
0x00007fffb4ccf000 	/usr/lib/libicucore.A.dylib
0x00007fffb5a7d000 	/usr/lib/libz.1.dylib
0x00007fffa5e8f000 	/System/Library/Frameworks/QuartzCore.framework/Versions/A/QuartzCore
0x00007fff9f8b1000 	/System/Library/Frameworks/Carbon.framework/Versions/A/Frameworks/SpeechRecognition.framework/Versions/A/SpeechRecognition
0x00007fffb46ed000 	/usr/lib/libauto.dylib
0x00007fffb5963000 	/usr/lib/libxml2.2.dylib
0x00007fffac039000 	/System/Library/PrivateFrameworks/CoreUI.framework/Versions/A/CoreUI
0x00007fff9fae2000 	/System/Library/Frameworks/CoreAudio.framework/Versions/A/CoreAudio
0x00007fffa182e000 	/System/Library/Frameworks/DiskArbitration.framework/Versions/A/DiskArbitration
0x00007fffb4efa000 	/usr/lib/liblangid.dylib
0x00007fffafeb8000 	/System/Library/PrivateFrameworks/MultitouchSupport.framework/Versions/A/MultitouchSupport
0x00007fffa1f2c000 	/System/Library/Frameworks/IOKit.framework/Versions/A/IOKit
0x00007fffb431c000 	/usr/lib/libDiagnosticMessagesClient.dylib
0x00007fffa0e12000 	/System/Library/Frameworks/CoreServices.framework/Versions/A/CoreServices
0x00007fffb0875000 	/System/Library/PrivateFrameworks/PerformanceAnalysis.framework/Versions/A/PerformanceAnalysis
0x00007fffae307000 	/System/Library/PrivateFrameworks/GenerationalStorage.framework/Versions/A/GenerationalStorage
0x00007fffa515d000 	/System/Library/Frameworks/OpenGL.framework/Versions/A/OpenGL
0x00007fffb5283000 	/usr/lib/libobjc.A.dylib
0x00007fff9ff32000 	/System/Library/Frameworks/CoreFoundation.framework/Versions/A/CoreFoundation
0x00007fffa0a6a000 	/System/Library/Frameworks/CoreImage.framework/Versions/A/CoreImage
0x00007fffa153b000 	/System/Library/Frameworks/CoreText.framework/Versions/A/CoreText
0x00007fffa201c000 	/System/Library/Frameworks/ImageIO.framework/Versions/A/ImageIO
0x00007fffa9bf6000 	/System/Library/PrivateFrameworks/Backup.framework/Versions/A/Backup
0x00007fffb45c8000 	/usr/lib/libarchive.2.dylib
0x00007fff9f0ec000 	/System/Library/Frameworks/CFNetwork.framework/Versions/A/CFNetwork
0x00007fffa6d23000 	/System/Library/Frameworks/SystemConfiguration.framework/Versions/A/SystemConfiguration
0x00007fffb4263000 	/usr/lib/libCRFSuite.dylib
0x00007fffb470e000 	/usr/lib/libc++.1.dylib
0x00007fffb4765000 	/usr/lib/libc++abi.dylib
0x00007fffb5a9d000 	/usr/lib/system/libcache.dylib
0x00007fffb5aa2000 	/usr/lib/system/libcommonCrypto.dylib
0x00007fffb5aad000 	/usr/lib/system/libcompiler_rt.dylib
0x00007fffb5ab5000 	/usr/lib/system/libcopyfile.dylib
0x00007fffb5abe000 	/usr/lib/system/libcorecrypto.dylib
0x00007fffb5b42000 	/usr/lib/system/libdispatch.dylib
0x00007fffb5b74000 	/usr/lib/system/libdyld.dylib
0x00007fffb5b7a000 	/usr/lib/system/libkeymgr.dylib
0x00007fffb5b88000 	/usr/lib/system/liblaunch.dylib
0x00007fffb5b89000 	/usr/lib/system/libmacho.dylib
0x00007fffb5b8f000 	/usr/lib/system/libquarantine.dylib
0x00007fffb5b92000 	/usr/lib/system/libremovefile.dylib
0x00007fffb5b94000 	/usr/lib/system/libsystem_asl.dylib
0x00007fffb5bad000 	/usr/lib/system/libsystem_blocks.dylib
0x00007fffb5bae000 	/usr/lib/system/libsystem_c.dylib
0x00007fffb5c3c000 	/usr/lib/system/libsystem_configuration.dylib
0x00007fffb5c40000 	/usr/lib/system/libsystem_coreservices.dylib
0x00007fffb5c44000 	/usr/lib/system/libsystem_coretls.dylib
0x00007fffb5c5d000 	/usr/lib/system/libsystem_dnssd.dylib
0x00007fffb5c64000 	/usr/lib/system/libsystem_info.dylib
0x00007fffb5c8e000 	/usr/lib/system/libsystem_kernel.dylib
0x00007fffb5cb1000 	/usr/lib/system/libsystem_m.dylib
0x00007fffb5cf9000 	/usr/lib/system/libsystem_malloc.dylib
0x00007fffb5d18000 	/usr/lib/system/libsystem_network.dylib
0x00007fffb5d72000 	/usr/lib/system/libsystem_networkextension.dylib
0x00007fffb5d7c000 	/usr/lib/system/libsystem_notify.dylib
0x00007fffb5d86000 	/usr/lib/system/libsystem_platform.dylib
0x00007fffb5d8f000 	/usr/lib/system/libsystem_pthread.dylib
0x00007fffb5d9a000 	/usr/lib/system/libsystem_sandbox.dylib
0x00007fffb5d9e000 	/usr/lib/system/libsystem_secinit.dylib
0x00007fffb5da0000 	/usr/lib/system/libsystem_symptoms.dylib
0x00007fffb5da8000 	/usr/lib/system/libsystem_trace.dylib
0x00007fffb5dbc000 	/usr/lib/system/libunwind.dylib
0x00007fffb5dc2000 	/usr/lib/system/libxpc.dylib
0x00007fffb46ee000 	/usr/lib/libbsm.0.dylib
0x00007fffb5b7b000 	/usr/lib/system/libkxld.dylib
0x00007fffb47b7000 	/usr/lib/libcoretls.dylib
0x00007fffb47b8000 	/usr/lib/libcoretls_cfhelpers.dylib
0x00007fffb4555000 	/usr/lib/libOpenScriptingUtil.dylib
0x00007fffb565b000 	/usr/lib/libpam.2.dylib
0x00007fffb571a000 	/usr/lib/libsqlite3.dylib
0x00007fffb5955000 	/usr/lib/libxar.1.dylib
0x00007fffb46ff000 	/usr/lib/libbz2.1.0.dylib
0x00007fffb4efc000 	/usr/lib/liblzma.5.dylib
0x00007fffb5208000 	/usr/lib/libnetwork.dylib
0x00007fffb5660000 	/usr/lib/libpcap.A.dylib
0x00007fffa1175000 	/System/Library/Frameworks/CoreServices.framework/Versions/A/Frameworks/FSEvents.framework/Versions/A/FSEvents
0x00007fffa0e65000 	/System/Library/Frameworks/CoreServices.framework/Versions/A/Frameworks/CarbonCore.framework/Versions/A/CarbonCore
0x00007fffa12eb000 	/System/Library/Frameworks/CoreServices.framework/Versions/A/Frameworks/Metadata.framework/Versions/A/Metadata
0x00007fffa139c000 	/System/Library/Frameworks/CoreServices.framework/Versions/A/Frameworks/OSServices.framework/Versions/A/OSServices
0x00007fffa13fc000 	/System/Library/Frameworks/CoreServices.framework/Versions/A/Frameworks/SearchKit.framework/Versions/A/SearchKit
0x00007fffa0e13000 	/System/Library/Frameworks/CoreServices.framework/Versions/A/Frameworks/AE.framework/Versions/A/AE
0x00007fffa117e000 	/System/Library/Frameworks/CoreServices.framework/Versions/A/Frameworks/LaunchServices.framework/Versions/A/LaunchServices
0x00007fffa1141000 	/System/Library/Frameworks/CoreServices.framework/Versions/A/Frameworks/DictionaryServices.framework/Versions/A/DictionaryServices
0x00007fffa146d000 	/System/Library/Frameworks/CoreServices.framework/Versions/A/Frameworks/SharedFileList.framework/Versions/A/SharedFileList
0x00007fffa41b9000 	/System/Library/Frameworks/NetFS.framework/Versions/A/NetFS
0x00007fffaff92000 	/System/Library/PrivateFrameworks/NetAuth.framework/Versions/A/NetAuth
0x00007fffb420c000 	/System/Library/PrivateFrameworks/login.framework/Versions/A/Frameworks/loginsupport.framework/Versions/A/loginsupport
0x00007fffb2dfd000 	/System/Library/PrivateFrameworks/TCC.framework/Versions/A/TCC
0x00007fffb4f2d000 	/usr/lib/libmecabra.dylib
0x00007fff9e854000 	/System/Library/Frameworks/ApplicationServices.framework/Versions/A/Frameworks/ATS.framework/Versions/A/ATS
0x00007fff9ebd3000 	/System/Library/Frameworks/ApplicationServices.framework/Versions/A/Frameworks/ColorSync.framework/Versions/A/ColorSync
0x00007fff9ec7e000 	/System/Library/Frameworks/ApplicationServices.framework/Versions/A/Frameworks/HIServices.framework/Versions/A/HIServices
0x00007fff9ecd0000 	/System/Library/Frameworks/ApplicationServices.framework/Versions/A/Frameworks/LangAnalysis.framework/Versions/A/LangAnalysis
0x00007fff9ece0000 	/System/Library/Frameworks/ApplicationServices.framework/Versions/A/Frameworks/PrintCore.framework/Versions/A/PrintCore
0x00007fff9ed2e000 	/System/Library/Frameworks/ApplicationServices.framework/Versions/A/Frameworks/QD.framework/Versions/A/QD
0x00007fff9ed6a000 	/System/Library/Frameworks/ApplicationServices.framework/Versions/A/Frameworks/SpeechSynthesis.framework/Versions/A/SpeechSynthesis
0x00007fff9c944000 	/System/Library/Frameworks/Accelerate.framework/Versions/A/Frameworks/vImage.framework/Versions/A/vImage
0x00007fff9d7a9000 	/System/Library/Frameworks/Accelerate.framework/Versions/A/Frameworks/vecLib.framework/Versions/A/vecLib
0x00007fff9d5a3000 	/System/Library/Frameworks/Accelerate.framework/Versions/A/Frameworks/vecLib.framework/Versions/A/libvDSP.dylib
0x00007fff9d14d000 	/System/Library/Frameworks/Accelerate.framework/Versions/A/Frameworks/vecLib.framework/Versions/A/libBNNS.dylib
0x00007fff9d588000 	/System/Library/Frameworks/Accelerate.framework/Versions/A/Frameworks/vecLib.framework/Versions/A/libQuadrature.dylib
0x00007fff9d6f1000 	/System/Library/Frameworks/Accelerate.framework/Versions/A/Frameworks/vecLib.framework/Versions/A/libvMisc.dylib
0x00007fff9d165000 	/System/Library/Frameworks/Accelerate.framework/Versions/A/Frameworks/vecLib.framework/Versions/A/libLAPACK.dylib
0x00007fff9cf85000 	/System/Library/Frameworks/Accelerate.framework/Versions/A/Frameworks/vecLib.framework/Versions/A/libBLAS.dylib
0x00007fff9d571000 	/System/Library/Frameworks/Accelerate.framework/Versions/A/Frameworks/vecLib.framework/Versions/A/libLinearAlgebra.dylib
0x00007fff9d58f000 	/System/Library/Frameworks/Accelerate.framework/Versions/A/Frameworks/vecLib.framework/Versions/A/libSparseBLAS.dylib
0x00007fff9e95c000 	/System/Library/Frameworks/ApplicationServices.framework/Versions/A/Frameworks/ATS.framework/Versions/A/Resources/libFontParser.dylib
0x00007fff9ea8c000 	/System/Library/Frameworks/ApplicationServices.framework/Versions/A/Frameworks/ATS.framework/Versions/A/Resources/libFontRegistry.dylib
0x00007fffa2277000 	/System/Library/Frameworks/ImageIO.framework/Versions/A/Resources/libJPEG.dylib
0x00007fffa22c5000 	/System/Library/Frameworks/ImageIO.framework/Versions/A/Resources/libTIFF.dylib
0x00007fffa229b000 	/System/Library/Frameworks/ImageIO.framework/Versions/A/Resources/libPng.dylib
0x00007fffa2180000 	/System/Library/Frameworks/ImageIO.framework/Versions/A/Resources/libGIF.dylib
0x00007fffa2185000 	/System/Library/Frameworks/ImageIO.framework/Versions/A/Resources/libJP2.dylib
0x00007fffa22c2000 	/System/Library/Frameworks/ImageIO.framework/Versions/A/Resources/libRadiance.dylib
0x00007fffb47a0000 	/usr/lib/libcompression.dylib
0x00007fffa9738000 	/System/Library/PrivateFrameworks/AppleJPEG.framework/Versions/A/AppleJPEG
0x00007fffb4af6000 	/usr/lib/libcups.2.dylib
0x00007fffa307c000 	/System/Library/Frameworks/Kerberos.framework/Versions/A/Kerberos
0x00007fffa1d97000 	/System/Library/Frameworks/GSS.framework/Versions/A/GSS
0x00007fffb56ae000 	/usr/lib/libresolv.9.dylib
0x00007fffb4bdc000 	/usr/lib/libiconv.2.dylib
0x00007fffaea34000 	/System/Library/PrivateFrameworks/Heimdal.framework/Versions/A/Heimdal
0x00007fffb4bd6000 	/usr/lib/libheimdal-asn1.dylib
0x00007fffa45d2000 	/System/Library/Frameworks/OpenDirectory.framework/Versions/A/OpenDirectory
0x00007fffab24b000 	/System/Library/PrivateFrameworks/CommonAuth.framework/Versions/A/CommonAuth
0x00007fffa45b8000 	/System/Library/Frameworks/OpenDirectory.framework/Versions/A/Frameworks/CFOpenDirectory.framework/Versions/A/CFOpenDirectory
0x00007fffa68f9000 	/System/Library/Frameworks/SecurityFoundation.framework/Versions/A/SecurityFoundation
0x00007fffaf1ec000 	/System/Library/PrivateFrameworks/LanguageModeling.framework/Versions/A/LanguageModeling
0x00007fffb4f16000 	/usr/lib/libmarisa.dylib
0x00007fffb427f000 	/usr/lib/libChineseTokenizer.dylib
0x00007fffb478f000 	/usr/lib/libcmph.dylib
0x00007fffab99d000 	/System/Library/PrivateFrameworks/CoreEmoji.framework/Versions/A/CoreEmoji
0x00007fffa6999000 	/System/Library/Frameworks/ServiceManagement.framework/Versions/A/ServiceManagement
0x00007fffb5a53000 	/usr/lib/libxslt.1.dylib
0x00007fff9f7f9000 	/System/Library/Frameworks/Carbon.framework/Versions/A/Frameworks/Ink.framework/Versions/A/Ink
0x00007fffb2e8f000 	/System/Library/PrivateFrameworks/TextureIO.framework/Versions/A/TextureIO
0x00007fffa3875000 	/System/Library/Frameworks/Metal.framework/Versions/A/Metal
0x00007fffb45f4000 	/usr/lib/libate.dylib
0x00007fffae036000 	/System/Library/PrivateFrameworks/GPUCompiler.framework/libmetal_timestamp.dylib
0x00007fffa45e1000 	/System/Library/Frameworks/OpenGL.framework/Versions/A/Libraries/libCoreFSCache.dylib
0x00007fffaf0c5000 	/System/Library/PrivateFrameworks/IOAccelerator.framework/Versions/A/IOAccelerator
0x00007fffa1689000 	/System/Library/Frameworks/CoreVideo.framework/Versions/A/CoreVideo
0x00007fffb431e000 	/usr/lib/libFosl_dynamic.dylib
0x00007fffafcc4000 	/System/Library/PrivateFrameworks/MetalPerformanceShaders.framework/Versions/A/MetalPerformanceShaders
0x00007fffac8ae000 	/System/Library/PrivateFrameworks/FaceCore.framework/Versions/A/FaceCore
0x00007fffa4569000 	/System/Library/Frameworks/OpenCL.framework/Versions/A/OpenCL
0x00007fffa47b4000 	/System/Library/Frameworks/OpenGL.framework/Versions/A/Libraries/libGLU.dylib
0x00007fffa45ea000 	/System/Library/Frameworks/OpenGL.framework/Versions/A/Libraries/libGFXShared.dylib
0x00007fffa45f4000 	/System/Library/Frameworks/OpenGL.framework/Versions/A/Libraries/libGL.dylib
0x00007fffa4600000 	/System/Library/Frameworks/OpenGL.framework/Versions/A/Libraries/libGLImage.dylib
0x00007fffa45de000 	/System/Library/Frameworks/OpenGL.framework/Versions/A/Libraries/libCVMSPluginSupport.dylib
0x00007fffa45e5000 	/System/Library/Frameworks/OpenGL.framework/Versions/A/Libraries/libCoreVMClient.dylib
0x00007fffac2ff000 	/System/Library/PrivateFrameworks/CrashReporterSupport.framework/Versions/A/CrashReporterSupport
0x00007fffb1d50000 	/System/Library/PrivateFrameworks/Sharing.framework/Versions/A/Sharing
0x00007fffaf0e3000 	/System/Library/PrivateFrameworks/IconServices.framework/Versions/A/IconServices
0x00007fffb0f9e000 	/System/Library/PrivateFrameworks/ProtocolBuffer.framework/Versions/A/ProtocolBuffer
0x00007fffa9613000 	/System/Library/PrivateFrameworks/Apple80211.framework/Versions/A/Apple80211
0x00007fffa16bf000 	/System/Library/Frameworks/CoreWLAN.framework/Versions/A/CoreWLAN
0x00007fffac179000 	/System/Library/PrivateFrameworks/CoreUtils.framework/Versions/A/CoreUtils
0x00007fffa1e88000 	/System/Library/Frameworks/IOBluetooth.framework/Versions/A/IOBluetooth
0x00007fffac299000 	/System/Library/PrivateFrameworks/CoreWiFi.framework/Versions/A/CoreWiFi
0x00007fff9fb70000 	/System/Library/Frameworks/CoreBluetooth.framework/Versions/A/CoreBluetooth
0x00007fff9fe84000 	/System/Library/Frameworks/CoreDisplay.framework/Versions/A/CoreDisplay
0x00007fffaf0ce000 	/System/Library/PrivateFrameworks/IOPresentment.framework/Versions/A/IOPresentment
0x00007fffac38a000 	/System/Library/PrivateFrameworks/DSExternalDisplay.framework/Versions/A/DSExternalDisplay
0x00007fffac475000 	/System/Library/PrivateFrameworks/DebugSymbols.framework/Versions/A/DebugSymbols
0x00007fffabfa9000 	/System/Library/PrivateFrameworks/CoreSymbolication.framework/Versions/A/CoreSymbolication
0x00007fffb294a000 	/System/Library/PrivateFrameworks/Symbolication.framework/Versions/A/Symbolication
0x00007fffa9636000 	/System/Library/PrivateFrameworks/AppleFSCompression.framework/Versions/A/AppleFSCompression
0x00007fffb2252000 	/System/Library/PrivateFrameworks/SpeechRecognitionCore.framework/Versions/A/SpeechRecognitionCore
0x00007fffaa8ff000 	/System/Library/PrivateFrameworks/ChunkingLibrary.framework/Versions/A/ChunkingLibrary
0x0000000106600000 	/Applications/Android Studio.app/Contents/jre/Contents/Home/lib/server/libjvm.dylib
0x0000000105d87000 	/Applications/Android Studio.app/Contents/jre/Contents/Home/lib/libverify.dylib
0x0000000105d9a000 	/Applications/Android Studio.app/Contents/jre/Contents/Home/lib/libjava.dylib
0x0000000105dd5000 	/Applications/Android Studio.app/Contents/jre/Contents/Home/lib/libjimage.dylib
0x0000000107827000 	/Applications/Android Studio.app/Contents/jre/Contents/Home/lib/libzip.dylib
0x000000010af32000 	/Applications/Android Studio.app/Contents/jre/Contents/Home/lib/libnio.dylib
0x0000000113331000 	/Applications/Android Studio.app/Contents/jre/Contents/Home/lib/./libnet.dylib
0x000000010af4d000 	/Users/mac/.gradle/native/8bec1ad78214c89d9ad589b4d07fe93259594b29d510b10fafb7a158f7737e5d/osx-amd64/libnative-platform.dylib
0x00000001136a4000 	/Users/mac/.gradle/native/53dbd7edfb1c66fb8903c78663c9afc45aea4f116125fa6feffd364cf09443e8/osx-amd64/libnative-platform-file-events.dylib
0x0000000114144000 	/Applications/Android Studio.app/Contents/jre/Contents/Home/lib/libmanagement.dylib
0x0000000113694000 	/Applications/Android Studio.app/Contents/jre/Contents/Home/lib/libmanagement_ext.dylib
0x0000000113470000 	/Applications/Android Studio.app/Contents/jre/Contents/Home/lib/libextnet.dylib


VM Arguments:
jvm_args: --add-opens=java.base/java.util=ALL-UNNAMED --add-opens=java.base/java.lang=ALL-UNNAMED --add-opens=java.base/java.lang.invoke=ALL-UNNAMED --add-opens=java.base/java.util=ALL-UNNAMED --add-opens=java.prefs/java.util.prefs=ALL-UNNAMED --add-opens=java.prefs/java.util.prefs=ALL-UNNAMED --add-opens=java.base/java.nio.charset=ALL-UNNAMED --add-opens=java.base/java.net=ALL-UNNAMED --add-opens=java.base/java.util.concurrent.atomic=ALL-UNNAMED -Xmx2048m -Dfile.encoding=UTF-8 -Duser.country=US -Duser.language=en -Duser.variant 
java_command: org.gradle.launcher.daemon.bootstrap.GradleDaemon 7.0.2
java_class_path (initial): /Users/mac/.gradle/wrapper/dists/gradle-7.0.2-bin/857tjihv64xamwrf0h14cai3r/gradle-7.0.2/lib/gradle-launcher-7.0.2.jar
Launcher Type: SUN_STANDARD

[Global flags]
     intx CICompilerCount                          = 3                                         {product} {ergonomic}
     uint ConcGCThreads                            = 1                                         {product} {ergonomic}
     uint G1ConcRefinementThreads                  = 4                                         {product} {ergonomic}
   size_t G1HeapRegionSize                         = 1048576                                   {product} {ergonomic}
    uintx GCDrainStackTargetSize                   = 64                                        {product} {ergonomic}
   size_t InitialHeapSize                          = 67108864                                  {product} {ergonomic}
   size_t MarkStackSize                            = 4194304                                   {product} {ergonomic}
   size_t MaxHeapSize                              = 2147483648                                {product} {command line}
   size_t MaxNewSize                               = 1287651328                                {product} {ergonomic}
   size_t MinHeapDeltaBytes                        = 1048576                                   {product} {ergonomic}
    uintx NonNMethodCodeHeapSize                   = 5830732                                {pd product} {ergonomic}
    uintx NonProfiledCodeHeapSize                  = 122913754                              {pd product} {ergonomic}
    uintx ProfiledCodeHeapSize                     = 122913754                              {pd product} {ergonomic}
    uintx ReservedCodeCacheSize                    = 251658240                              {pd product} {ergonomic}
     bool SegmentedCodeCache                       = true                                      {product} {ergonomic}
     bool UseCompressedClassPointers               = true                                 {lp64_product} {ergonomic}
     bool UseCompressedOops                        = true                                 {lp64_product} {ergonomic}
     bool UseG1GC                                  = true                                      {product} {ergonomic}

Logging:
Log output configuration:
 #0: stdout all=warning uptime,level,tags
 #1: stderr all=off uptime,level,tags

Environment Variables:
PATH=/usr/local/bin:/usr/bin:/bin:/usr/sbin:/sbin
SHELL=/bin/bash
LC_CTYPE=en_US.UTF-8

Signal Handlers:
SIGSEGV: [libjvm.dylib+0x78fc66], sa_mask[0]=11111111011111110111111111111111, sa_flags=SA_ONSTACK|SA_RESTART|SA_SIGINFO
SIGBUS: [libjvm.dylib+0x78fc66], sa_mask[0]=11111111011111110111111111111111, sa_flags=SA_RESTART|SA_SIGINFO
SIGFPE: [libjvm.dylib+0x78fc66], sa_mask[0]=11111111011111110111111111111111, sa_flags=SA_RESTART|SA_SIGINFO
SIGPIPE: [libjvm.dylib+0x5feb77], sa_mask[0]=11111111011111110111111111111111, sa_flags=SA_RESTART|SA_SIGINFO
SIGXFSZ: [libjvm.dylib+0x5feb77], sa_mask[0]=11111111011111110111111111111111, sa_flags=SA_RESTART|SA_SIGINFO
SIGILL: [libjvm.dylib+0x78fc66], sa_mask[0]=11111111011111110111111111111111, sa_flags=SA_RESTART|SA_SIGINFO
SIGUSR2: [libjvm.dylib+0x5ff156], sa_mask[0]=00100000000000000000000000000000, sa_flags=SA_RESTART|SA_SIGINFO
SIGHUP: [libjvm.dylib+0x5fdc3f], sa_mask[0]=11111111011111110111111111111111, sa_flags=SA_RESTART|SA_SIGINFO
SIGINT: [libjvm.dylib+0x5fdc3f], sa_mask[0]=11111111011111110111111111111111, sa_flags=SA_RESTART|SA_SIGINFO
SIGTERM: [libjvm.dylib+0x5fdc3f], sa_mask[0]=11111111011111110111111111111111, sa_flags=SA_RESTART|SA_SIGINFO
SIGQUIT: [libjvm.dylib+0x5fdc3f], sa_mask[0]=11111111011111110111111111111111, sa_flags=SA_RESTART|SA_SIGINFO


---------------  S Y S T E M  ---------------

OS:uname:Darwin 16.7.0 Darwin Kernel Version 16.7.0: Thu Jun 15 17:36:27 PDT 2017; root:xnu-3789.70.16~2/RELEASE_X86_64 x86_64
OS uptime: 0 days 15:34 hours
rlimit (soft/hard): STACK 8192k/65532k , CORE 0k/infinity , NPROC 709/1064 , NOFILE 10240/infinity , AS infinity/infinity , CPU infinity/infinity , DATA infinity/infinity , FSIZE infinity/infinity , MEMLOCK infinity/infinity , RSS infinity/infinity
load average:2.83 2.52 2.11

CPU:total 4 (initial active 4) (2 cores per cpu, 2 threads per core) family 6 model 42 stepping 7 microcode 0x2f, cmov, cx8, fxsr, mmx, sse, sse2, sse3, ssse3, sse4.1, sse4.2, popcnt, avx, aes, clmul, ht, tsc, tscinvbit

Memory: 4k page, physical 4194304k(372348k free), swap 1048576k(986368k free)

vm_info: OpenJDK 64-Bit Server VM (11.0.10+0-b96-7281165) for bsd-amd64 JRE (11.0.10+0-b96-7281165), built on Apr 14 2021 15:20:36 by "builder" with gcc Android (6875598, based on r399163b) Clang 11.0.5 (https://android.googlesource.com/toolchain/llvm-project 87f1315dfbea7c137aa2e6d362dbb457e388158d)

END.
