#
# A fatal error has been detected by the Java Runtime Environment:
#
#  SIGSEGV (0xb) at pc=0x0000000108f8c05f, pid=713, tid=23299
#
# JRE version: OpenJDK Runtime Environment (11.0.10) (build 11.0.10+0-b96-7281165)
# Java VM: OpenJDK 64-Bit Server VM (11.0.10+0-b96-7281165, mixed mode, tiered, compressed oops, g1 gc, bsd-amd64)
# Problematic frame:
# V  [libjvm.dylib+0x38c05f]  _ZN16IndexSetIterator16advance_and_nextEv+0x67
#
# No core dump will be written. Core dumps have been disabled. To enable core dumping, try "ulimit -c unlimited" before starting Java again
#
# If you would like to submit a bug report, please visit:
#   https://bugreport.java.com/bugreport/crash.jsp
#

---------------  S U M M A R Y ------------

Command Line: --add-opens=java.base/java.util=ALL-UNNAMED --add-opens=java.base/java.lang=ALL-UNNAMED --add-opens=java.base/java.lang.invoke=ALL-UNNAMED --add-opens=java.base/java.util=ALL-UNNAMED --add-opens=java.prefs/java.util.prefs=ALL-UNNAMED --add-opens=java.prefs/java.util.prefs=ALL-UNNAMED --add-opens=java.base/java.nio.charset=ALL-UNNAMED --add-opens=java.base/java.net=ALL-UNNAMED --add-opens=java.base/java.util.concurrent.atomic=ALL-UNNAMED -Xmx2048m -Dfile.encoding=UTF-8 -Duser.country=US -Duser.language=en -Duser.variant org.gradle.launcher.daemon.bootstrap.GradleDaemon 7.0.2

Host: MacBookAir4,1 x86_64 1600 MHz, 4 cores, 4G, Darwin 16.7.0
Time: Mon Oct  4 14:27:03 2021 EAT elapsed time: 9.267802 seconds (0d 0h 0m 9s)

---------------  T H R E A D  ---------------

Current thread (0x00007ff1d38c8800):  JavaThread "C2 CompilerThread0" daemon [_thread_in_native, id=23299, stack(0x000070000cce1000,0x000070000cde1000)]


Current CompileTask:
C2:   9267 4320       4       jdk.internal.org.objectweb.asm.Frame::execute (2264 bytes)

Stack: [0x000070000cce1000,0x000070000cde1000],  sp=0x000070000cddd6a0,  free space=1009k
Native frames: (J=compiled Java code, A=aot compiled Java code, j=interpreted, Vv=VM code, C=native code)
V  [libjvm.dylib+0x38c05f]  _ZN16IndexSetIterator16advance_and_nextEv+0x67
V  [libjvm.dylib+0x3858e2]  _ZNK8PhaseIFG16effective_degreeEj+0x94
V  [libjvm.dylib+0x38582e]  _ZN8PhaseIFG24Compute_Effective_DegreeEv+0x2a
V  [libjvm.dylib+0x1c2dae]  _ZN12PhaseChaitin17Register_AllocateEv+0x6c8
V  [libjvm.dylib+0x22a534]  _ZN7Compile8Code_GenEv+0x20c
V  [libjvm.dylib+0x228838]  _ZN7CompileC2EP5ciEnvP10C2CompilerP8ciMethodibbbP12DirectiveSet+0x8d2
V  [libjvm.dylib+0x1af3d8]  _ZN10C2Compiler14compile_methodEP5ciEnvP8ciMethodiP12DirectiveSet+0xb6
V  [libjvm.dylib+0x23534c]  _ZN13CompileBroker25invoke_compiler_on_methodEP11CompileTask+0x570
V  [libjvm.dylib+0x234c67]  _ZN13CompileBroker20compiler_thread_loopEv+0x1ad
V  [libjvm.dylib+0x748546]  _ZN10JavaThread17thread_main_innerEv+0x82
V  [libjvm.dylib+0x748396]  _ZN10JavaThread3runEv+0x178
V  [libjvm.dylib+0x7462b0]  _ZN6Thread8call_runEv+0x68
V  [libjvm.dylib+0x5fc9b9]  _ZL19thread_native_entryP6Thread+0x12d
C  [libsystem_pthread.dylib+0x393b]  _pthread_body+0xb4
C  [libsystem_pthread.dylib+0x3887]  _pthread_body+0x0
C  [libsystem_pthread.dylib+0x308d]  thread_start+0xd


siginfo: si_signo: 11 (SIGSEGV), si_code: 1 (SEGV_MAPERR), si_addr: 0x000000030958e650

Register to memory mapping:

RAX=0x000000030958e650 is an unknown value
RBX=0x0000000000000004 is an unknown value
RCX=0x0000000000000d00 is an unknown value
RDX=0x000000000000000d is an unknown value
RSP=0x000070000cddd6a0 is pointing into the stack for thread: 0x00007ff1d38c8800
RBP=0x000070000cddd6a0 is pointing into the stack for thread: 0x00007ff1d38c8800
RSI=0x0000000000000d00 is an unknown value
RDI=0x0 is NULL
R8 =0x000000010958e650: _ZN8IndexSet12_empty_blockE+0 in /Applications/Android Studio.app/Contents/jre/Contents/Home/lib/server/libjvm.dylib at 0x0000000108c00000
R9 =0x000000000000000e is an unknown value
R10=0x000000010956a8a8: _ZL8tc_mutex+0x20 in /Applications/Android Studio.app/Contents/jre/Contents/Home/lib/server/libjvm.dylib at 0x0000000108c00000
R11=0x000070000cddd6b0 is pointing into the stack for thread: 0x00007ff1d38c8800
R12=0x0000000000000002 is an unknown value
R13=0x0 is NULL
R14=0x000070000cddd938 is pointing into the stack for thread: 0x00007ff1d38c8800
R15=0x000070000cddd6b0 is pointing into the stack for thread: 0x00007ff1d38c8800


Registers:
RAX=0x000000030958e650, RBX=0x0000000000000004, RCX=0x0000000000000d00, RDX=0x000000000000000d
RSP=0x000070000cddd6a0, RBP=0x000070000cddd6a0, RSI=0x0000000000000d00, RDI=0x0000000000000000
R8 =0x000000010958e650, R9 =0x000000000000000e, R10=0x000000010956a8a8, R11=0x000070000cddd6b0
R12=0x0000000000000002, R13=0x0000000000000000, R14=0x000070000cddd938, R15=0x000070000cddd6b0
RIP=0x0000000108f8c05f, EFLAGS=0x0000000000010246, ERR=0x0000000000000004
  TRAPNO=0x000000000000000e

Top of Stack: (sp=0x000070000cddd6a0)
0x000070000cddd6a0:   000070000cddd710 0000000108f858e2
0x000070000cddd6b0:   00000aea00000000 0000700000000008
0x000070000cddd6c0:   000000030958e650 000000010000000b
0x000070000cddd6d0:   0000000117988460 000070000000000e
0x000070000cddd6e0:   0000000117988450 000000000000043a
0x000070000cddd6f0:   0000000118844010 000070000cddd818
0x000070000cddd700:   000070000cddd938 000000000002a474
0x000070000cddd710:   000070000cddd740 0000000108f8582e
0x000070000cddd720:   000070000cddf170 000070000cddf088
0x000070000cddd730:   000070000cddd8d8 000070000cddd758
0x000070000cddd740:   000070000cddd9e0 0000000108dc2dae
0x000070000cddd750:   00000000000082a0 000070000000000a
0x000070000cddd760:   000070000cddff80 0000000116f03010
0x000070000cddd770:   0000000000000000 0000000116d4a010
0x000070000cddd780:   00007ff1d5dc0a10 00007ff1d5dc4110
0x000070000cddd790:   00007ff1d3466e10 000070000cddf268
0x000070000cddd7a0:   000070000cddf198 0000000000000ddd
0x000070000cddd7b0:   000070000cddd8d8 0000000000000000
0x000070000cddd7c0:   0000000109520000 0000000000000000
0x000070000cddd7d0:   000070000cddff80 000070000cddf000
0x000070000cddd7e0:   00000000000020a2 00000001093c9832
0x000070000cddd7f0:   0000000000000000 000070000cddff80
0x000070000cddd800:   0000000000000000 00000001093c9832
0x000070000cddd810:   00007ff1d2c37000 0000000109520000
0x000070000cddd820:   0000000000000000 000070000cddff80
0x000070000cddd830:   000070000cddf000 000000000000000a
0x000070000cddd840:   00000001093c97c5 0000000000000000
0x000070000cddd850:   000070000cddff80 0000000000000000
0x000070000cddd860:   00000001093c97c5 000000010958e600
0x000070000cddd870:   000000010958e650 000000010958e650
0x000070000cddd880:   00007ff1d5cad440 00007ff1d5cb05e0
0x000070000cddd890:   000000010958e650 000000010958e650 

Instructions: (pc=0x0000000108f8c05f)
0x0000000108f8bf5f:   00 00 08 00 00 00 48 89 47 04 c7 47 18 00 00 00
0x0000000108f8bf6f:   00 8b 86 90 00 00 00 89 47 28 31 c0 48 89 47 10
0x0000000108f8bf7f:   48 8b 4e 08 48 89 4f 20 48 89 47 30 eb 12 c7 47
0x0000000108f8bf8f:   08 08 00 00 00 b8 01 00 00 00 89 47 18 89 47 28
0x0000000108f8bf9f:   5d c3 90 55 48 89 e5 83 3e 00 c7 07 00 00 00 00
0x0000000108f8bfaf:   74 32 48 b8 00 00 00 00 08 00 00 00 48 89 47 04
0x0000000108f8bfbf:   c7 47 18 00 00 00 00 8b 86 90 00 00 00 89 47 28
0x0000000108f8bfcf:   31 c0 48 89 47 10 48 8b 4e 08 48 89 4f 20 48 89
0x0000000108f8bfdf:   47 30 eb 12 c7 47 08 08 00 00 00 b8 01 00 00 00
0x0000000108f8bfef:   89 47 18 89 47 28 5d c3 90 55 48 89 e5 49 89 fb
0x0000000108f8bfff:   8b 47 08 48 83 f8 07 77 25 49 8b 53 10 89 c1 c1
0x0000000108f8c00f:   e1 05 be 00 01 00 00 29 ce 83 3c 82 00 0f 85 e9
0x0000000108f8c01f:   00 00 00 48 ff c0 83 c6 e0 83 f8 08 75 eb 41 8b
0x0000000108f8c02f:   53 18 45 8b 4b 28 44 39 ca 0f 83 a5 00 00 00 89
0x0000000108f8c03f:   d1 c1 e1 08 4c 8d 05 06 26 60 00 49 8b 43 20 48
0x0000000108f8c04f:   8b 04 d0 4c 39 c0 74 77 49 89 43 10 89 ce 31 ff
0x0000000108f8c05f:   83 3c b8 00 0f 85 8a 00 00 00 48 ff c7 83 c6 20
0x0000000108f8c06f:   48 83 ff 08 75 ea 4d 8b 53 30 4d 85 d2 74 50 49
0x0000000108f8c07f:   8b 42 08 48 8b 34 d0 48 8d 3d b3 58 5f 00 ff 17
0x0000000108f8c08f:   48 8b 38 48 8b bf d0 04 00 00 48 8b bf 88 00 00
0x0000000108f8c09f:   00 48 8b bf 88 08 00 00 48 89 3e 48 8b 00 48 8b
0x0000000108f8c0af:   80 d0 04 00 00 48 8b 80 88 00 00 00 48 89 b0 88
0x0000000108f8c0bf:   08 00 00 49 8b 42 08 4c 89 04 d0 45 8b 4b 28 48
0x0000000108f8c0cf:   ff c2 44 89 c8 81 c1 00 01 00 00 48 39 c2 0f 82
0x0000000108f8c0df:   67 ff ff ff 45 89 4b 18 41 c7 43 08 08 00 00 00
0x0000000108f8c0ef:   31 c0 5d c3 41 89 73 04 8b 04 b8 41 89 03 ff c2
0x0000000108f8c0ff:   41 89 53 18 ff c7 41 89 7b 08 eb 1b 89 c1 41 8b
0x0000000108f8c10f:   7b 18 c1 e7 08 29 f7 41 89 7b 04 8b 0c 8a 41 89
0x0000000108f8c11f:   0b ff c0 41 89 43 08 4c 89 df 5d e9 37 8a e3 ff
0x0000000108f8c12f:   90 55 48 89 e5 48 83 ec 10 80 3d 01 d6 5b 00 00
0x0000000108f8c13f:   75 35 c7 04 24 00 00 00 00 48 8d 3d f1 e2 5d 00
0x0000000108f8c14f:   48 8d 35 ca 85 18 00 ba 2a 00 00 00 b9 7a 00 00 


Stack slot to memory mapping:
stack at sp + 0 slots: 0x000070000cddd710 is pointing into the stack for thread: 0x00007ff1d38c8800
stack at sp + 1 slots: 0x0000000108f858e2: _ZNK8PhaseIFG16effective_degreeEj+0x94 in /Applications/Android Studio.app/Contents/jre/Contents/Home/lib/server/libjvm.dylib at 0x0000000108c00000
stack at sp + 2 slots: 0x00000aea00000000 is an unknown value
stack at sp + 3 slots: 0x0000700000000008 is an unknown value
stack at sp + 4 slots: 0x000000030958e650 is an unknown value
stack at sp + 5 slots: 0x000000010000000b is an unknown value
stack at sp + 6 slots: 0x0000000117988460 points into unknown readable memory: 0x000000010958e650 | 50 e6 58 09 01 00 00 00
stack at sp + 7 slots: 0x000070000000000e is an unknown value


---------------  P R O C E S S  ---------------

Threads class SMR info:
_java_thread_list=0x00007ff1d673e860, length=40, elements={
0x00007ff1d4802000, 0x00007ff1d38b1800, 0x00007ff1d4814000, 0x00007ff1d38a2000,
0x00007ff1d3027000, 0x00007ff1d38c8800, 0x00007ff1d3028000, 0x00007ff1d3029000,
0x00007ff1d397c000, 0x00007ff1d341e000, 0x00007ff1d30af000, 0x00007ff1d4000800,
0x00007ff1d3d9e800, 0x00007ff1d4506000, 0x00007ff1d4d0a000, 0x00007ff1d4291000,
0x00007ff1d50c3000, 0x00007ff1d43d1800, 0x00007ff1d3e36800, 0x00007ff1d5874000,
0x00007ff1d3fdc000, 0x00007ff1d4202000, 0x00007ff1d586d000, 0x00007ff1d5108000,
0x00007ff1d50e1800, 0x00007ff1d58de000, 0x00007ff1d50f5000, 0x00007ff1d58cf000,
0x00007ff1d3ea0000, 0x00007ff1d52b9000, 0x00007ff1d4922000, 0x00007ff1d5105800,
0x00007ff1d4ed4000, 0x00007ff1d45f4000, 0x00007ff1d5ef7800, 0x00007ff1d5fc3800,
0x00007ff1d543c800, 0x00007ff1d5fae800, 0x00007ff1d521d800, 0x00007ff1d5faf800
}

Java Threads: ( => current thread )
  0x00007ff1d4802000 JavaThread "main" [_thread_blocked, id=8963, stack(0x0000000109d25000,0x0000000109e25000)]
  0x00007ff1d38b1800 JavaThread "Reference Handler" daemon [_thread_blocked, id=17411, stack(0x000070000c8d5000,0x000070000c9d5000)]
  0x00007ff1d4814000 JavaThread "Finalizer" daemon [_thread_blocked, id=18179, stack(0x000070000c9d8000,0x000070000cad8000)]
  0x00007ff1d38a2000 JavaThread "Signal Dispatcher" daemon [_thread_blocked, id=21767, stack(0x000070000cadb000,0x000070000cbdb000)]
  0x00007ff1d3027000 JavaThread "Service Thread" daemon [_thread_blocked, id=22531, stack(0x000070000cbde000,0x000070000ccde000)]
=>0x00007ff1d38c8800 JavaThread "C2 CompilerThread0" daemon [_thread_in_native, id=23299, stack(0x000070000cce1000,0x000070000cde1000)]
  0x00007ff1d3028000 JavaThread "C1 CompilerThread0" daemon [_thread_in_vm, id=24067, stack(0x000070000cde4000,0x000070000cee4000)]
  0x00007ff1d3029000 JavaThread "Sweeper thread" daemon [_thread_blocked, id=24835, stack(0x000070000cee7000,0x000070000cfe7000)]
  0x00007ff1d397c000 JavaThread "Common-Cleaner" daemon [_thread_blocked, id=25603, stack(0x000070000cfea000,0x000070000d0ea000)]
  0x00007ff1d341e000 JavaThread "Daemon health stats" [_thread_blocked, id=27395, stack(0x000070000d2f3000,0x000070000d3f3000)]
  0x00007ff1d30af000 JavaThread "Incoming local TCP Connector on port 49678" [_thread_in_native, id=28163, stack(0x000070000d3f6000,0x000070000d4f6000)]
  0x00007ff1d4000800 JavaThread "Daemon periodic checks" [_thread_blocked, id=28931, stack(0x000070000d4f9000,0x000070000d5f9000)]
  0x00007ff1d3d9e800 JavaThread "Daemon" [_thread_blocked, id=29699, stack(0x000070000d5fc000,0x000070000d6fc000)]
  0x00007ff1d4506000 JavaThread "Handler for socket connection from /127.0.0.1:49678 to /127.0.0.1:49679" [_thread_in_native, id=30467, stack(0x000070000d6ff000,0x000070000d7ff000)]
  0x00007ff1d4d0a000 JavaThread "Cancel handler" [_thread_blocked, id=31235, stack(0x000070000d802000,0x000070000d902000)]
  0x00007ff1d4291000 JavaThread "Daemon worker" [_thread_in_Java, id=32003, stack(0x000070000d905000,0x000070000da05000)]
  0x00007ff1d50c3000 JavaThread "Asynchronous log dispatcher for DefaultDaemonConnection: socket connection from /127.0.0.1:49678 to /127.0.0.1:49679" [_thread_blocked, id=32771, stack(0x000070000da08000,0x000070000db08000)]
  0x00007ff1d43d1800 JavaThread "Stdin handler" [_thread_blocked, id=33539, stack(0x000070000db0b000,0x000070000dc0b000)]
  0x00007ff1d3e36800 JavaThread "Daemon client event forwarder" [_thread_blocked, id=34307, stack(0x000070000dc0e000,0x000070000dd0e000)]
  0x00007ff1d5874000 JavaThread "Cache worker for file hash cache (/Users/mac/.gradle/caches/7.0.2/fileHashes)" [_thread_in_Java, id=36099, stack(0x000070000df17000,0x000070000e017000)]
  0x00007ff1d3fdc000 JavaThread "File lock request listener" [_thread_in_native, id=36867, stack(0x000070000e01a000,0x000070000e11a000)]
  0x00007ff1d4202000 JavaThread "Cache worker for journal cache (/Users/mac/.gradle/caches/journal-1)" [_thread_blocked, id=37635, stack(0x000070000e11d000,0x000070000e21d000)]
  0x00007ff1d586d000 JavaThread "Cache worker for file hash cache (/Users/mac/AndroidStudioProjects/MUBSEHealth/.gradle/7.0.2/fileHashes)" [_thread_blocked, id=38403, stack(0x000070000e220000,0x000070000e320000)]
  0x00007ff1d5108000 JavaThread "File watcher server" daemon [_thread_in_native, id=39171, stack(0x000070000e323000,0x000070000e423000)]
  0x00007ff1d50e1800 JavaThread "File watcher consumer" daemon [_thread_blocked, id=40963, stack(0x000070000e426000,0x000070000e526000)]
  0x00007ff1d58de000 JavaThread "Cache worker for checksums cache (/Users/mac/AndroidStudioProjects/MUBSEHealth/.gradle/checksums)" [_thread_blocked, id=41731, stack(0x000070000e529000,0x000070000e629000)]
  0x00007ff1d50f5000 JavaThread "Cache worker for cache directory md-supplier (/Users/mac/.gradle/caches/7.0.2/md-supplier)" [_thread_blocked, id=42499, stack(0x000070000e62c000,0x000070000e72c000)]
  0x00007ff1d58cf000 JavaThread "Cache worker for cache directory md-rule (/Users/mac/.gradle/caches/7.0.2/md-rule)" [_thread_blocked, id=43267, stack(0x000070000e72f000,0x000070000e82f000)]
  0x00007ff1d3ea0000 JavaThread "Cache worker for execution history cache (/Users/mac/.gradle/caches/7.0.2/executionHistory)" [_thread_blocked, id=44035, stack(0x000070000e832000,0x000070000e932000)]
  0x00007ff1d52b9000 JavaThread "jar transforms" [_thread_blocked, id=5383, stack(0x000070000e935000,0x000070000ea35000)]
  0x00007ff1d4922000 JavaThread "jar transforms Thread 2" [_thread_blocked, id=44547, stack(0x000070000ea38000,0x000070000eb38000)]
  0x00007ff1d5105800 JavaThread "Cache worker for file content cache (/Users/mac/.gradle/caches/7.0.2/fileContent)" [_thread_blocked, id=45315, stack(0x000070000eb3b000,0x000070000ec3b000)]
  0x00007ff1d4ed4000 JavaThread "Cache worker for dependencies-accessors (/Users/mac/AndroidStudioProjects/MUBSEHealth/.gradle/7.0.2/dependencies-accessors)" [_thread_blocked, id=46083, stack(0x000070000ec3e000,0x000070000ed3e000)]
  0x00007ff1d45f4000 JavaThread "jar transforms Thread 3" [_thread_blocked, id=46851, stack(0x000070000ed41000,0x000070000ee41000)]
  0x00007ff1d5ef7800 JavaThread "Cache worker for Build Output Cleanup Cache (/Users/mac/AndroidStudioProjects/MUBSEHealth/.gradle/buildOutputCleanup)" [_thread_blocked, id=47619, stack(0x000070000ee44000,0x000070000ef44000)]
  0x00007ff1d5fc3800 JavaThread "Build operations" [_thread_blocked, id=48387, stack(0x000070000ef47000,0x000070000f047000)]
  0x00007ff1d543c800 JavaThread "Build operations Thread 2" [_thread_blocked, id=49155, stack(0x000070000f04a000,0x000070000f14a000)]
  0x00007ff1d5fae800 JavaThread "Build operations Thread 3" [_thread_blocked, id=49923, stack(0x000070000f14d000,0x000070000f24d000)]
  0x00007ff1d521d800 JavaThread "Build operations Thread 4" [_thread_blocked, id=50691, stack(0x000070000f250000,0x000070000f350000)]
  0x00007ff1d5faf800 JavaThread "jar transforms Thread 4" [_thread_blocked, id=51459, stack(0x000070000f353000,0x000070000f453000)]

Other Threads:
  0x00007ff1d38bb800 VMThread "VM Thread" [stack: 0x000070000c7d2000,0x000070000c8d2000] [id=16643]
  0x00007ff1d4801000 WatcherThread [stack: 0x000070000d0ed000,0x000070000d1ed000] [id=26115]
  0x00007ff1d4811000 GCTaskThread "GC Thread#0" [stack: 0x000070000c2c3000,0x000070000c3c3000] [id=12547]
  0x00007ff1d3072000 GCTaskThread "GC Thread#1" [stack: 0x000070000d1f0000,0x000070000d2f0000] [id=26627]
  0x00007ff1d3fea800 GCTaskThread "GC Thread#2" [stack: 0x000070000dd11000,0x000070000de11000] [id=34819]
  0x00007ff1d5802000 GCTaskThread "GC Thread#3" [stack: 0x000070000de14000,0x000070000df14000] [id=35331]
  0x00007ff1d383b000 ConcurrentGCThread "G1 Main Marker" [stack: 0x000070000c3c6000,0x000070000c4c6000] [id=13059]
  0x00007ff1d3002800 ConcurrentGCThread "G1 Conc#0" [stack: 0x000070000c4c9000,0x000070000c5c9000] [id=14083]
  0x00007ff1d386b800 ConcurrentGCThread "G1 Refine#0" [stack: 0x000070000c5cc000,0x000070000c6cc000] [id=14595]
  0x00007ff1d386c800 ConcurrentGCThread "G1 Young RemSet Sampling" [stack: 0x000070000c6cf000,0x000070000c7cf000] [id=15107]

Threads with active compile tasks:
C2 CompilerThread0   9324 4320       4       jdk.internal.org.objectweb.asm.Frame::execute (2264 bytes)
C1 CompilerThread0   9324 4652       2       java.util.concurrent.locks.AbstractQueuedSynchronizer$ConditionObject::await (98 bytes)

VM state:not at safepoint (normal execution)

VM Mutex/Monitor currently owned by a thread:  ([mutex/lock_event])
[0x00007ff1d2c0b670] Compile_lock - owner thread: 0x0000000000000000

Heap address: 0x0000000780000000, size: 2048 MB, Compressed Oops mode: Zero based, Oop shift amount: 3
Narrow klass base: 0x0000000800000000, Narrow klass shift: 0
Compressed class space size: 1073741824 Address: 0x0000000800000000

Heap:
 garbage-first heap   total 118784K, used 40833K [0x0000000780000000, 0x0000000800000000)
  region size 1024K, 19 young (19456K), 7 survivors (7168K)
 Metaspace       used 46420K, capacity 47637K, committed 47872K, reserved 1091584K
  class space    used 5954K, capacity 6391K, committed 6400K, reserved 1048576K
Heap Regions: E=young(eden), S=young(survivor), O=old, HS=humongous(starts), HC=humongous(continues), CS=collection set, F=free, A=archive, TAMS=top-at-mark-start (previous, next)
|   0|0x0000000780000000, 0x0000000780100000, 0x0000000780100000|100%| O|  |TAMS 0x0000000780100000, 0x0000000780000000| Untracked 
|   1|0x0000000780100000, 0x0000000780200000, 0x0000000780200000|100%| O|  |TAMS 0x0000000780200000, 0x0000000780100000| Untracked 
|   2|0x0000000780200000, 0x0000000780300000, 0x0000000780300000|100%| O|  |TAMS 0x0000000780300000, 0x0000000780200000| Untracked 
|   3|0x0000000780300000, 0x0000000780400000, 0x0000000780400000|100%|HS|  |TAMS 0x0000000780400000, 0x0000000780300000| Complete 
|   4|0x0000000780400000, 0x0000000780500000, 0x0000000780500000|100%|HC|  |TAMS 0x0000000780500000, 0x0000000780400000| Complete 
|   5|0x0000000780500000, 0x0000000780600000, 0x0000000780600000|100%|HC|  |TAMS 0x0000000780600000, 0x0000000780500000| Complete 
|   6|0x0000000780600000, 0x0000000780700000, 0x0000000780700000|100%| O|  |TAMS 0x0000000780700000, 0x0000000780600000| Untracked 
|   7|0x0000000780700000, 0x0000000780800000, 0x0000000780800000|100%| O|  |TAMS 0x0000000780800000, 0x0000000780700000| Untracked 
|   8|0x0000000780800000, 0x0000000780900000, 0x0000000780900000|100%| O|  |TAMS 0x0000000780900000, 0x0000000780800000| Untracked 
|   9|0x0000000780900000, 0x0000000780a00000, 0x0000000780a00000|100%| O|  |TAMS 0x0000000780a00000, 0x0000000780900000| Untracked 
|  10|0x0000000780a00000, 0x0000000780b00000, 0x0000000780b00000|100%| O|  |TAMS 0x0000000780b00000, 0x0000000780a00000| Untracked 
|  11|0x0000000780b00000, 0x0000000780c00000, 0x0000000780c00000|100%| O|  |TAMS 0x0000000780c00000, 0x0000000780b00000| Untracked 
|  12|0x0000000780c00000, 0x0000000780d00000, 0x0000000780d00000|100%| O|  |TAMS 0x0000000780d00000, 0x0000000780c00000| Untracked 
|  13|0x0000000780d00000, 0x0000000780e00000, 0x0000000780e00000|100%| O|  |TAMS 0x0000000780e00000, 0x0000000780d00000| Untracked 
|  14|0x0000000780e00000, 0x0000000780f00000, 0x0000000780f00000|100%| O|  |TAMS 0x0000000780f00000, 0x0000000780e00000| Untracked 
|  15|0x0000000780f00000, 0x0000000781000000, 0x0000000781000000|100%| O|  |TAMS 0x0000000781000000, 0x0000000780f00000| Untracked 
|  16|0x0000000781000000, 0x0000000781100000, 0x0000000781100000|100%| O|  |TAMS 0x0000000781100000, 0x0000000781000000| Untracked 
|  17|0x0000000781100000, 0x0000000781200000, 0x0000000781200000|100%| O|  |TAMS 0x0000000781200000, 0x0000000781100000| Untracked 
|  18|0x0000000781200000, 0x0000000781300000, 0x0000000781300000|100%| O|  |TAMS 0x0000000781263400, 0x0000000781200000| Untracked 
|  19|0x0000000781300000, 0x0000000781400000, 0x0000000781400000|100%| O|  |TAMS 0x0000000781300000, 0x0000000781300000| Untracked 
|  20|0x0000000781400000, 0x0000000781500000, 0x0000000781500000|100%| O|  |TAMS 0x0000000781400000, 0x0000000781400000| Untracked 
|  21|0x0000000781500000, 0x0000000781600000, 0x0000000781600000|100%| O|  |TAMS 0x0000000781500000, 0x0000000781500000| Untracked 
|  22|0x0000000781600000, 0x0000000781600000, 0x0000000781700000|  0%| F|  |TAMS 0x0000000781600000, 0x0000000781600000| Untracked 
|  23|0x0000000781700000, 0x0000000781700000, 0x0000000781800000|  0%| F|  |TAMS 0x0000000781700000, 0x0000000781700000| Untracked 
|  24|0x0000000781800000, 0x0000000781800000, 0x0000000781900000|  0%| F|  |TAMS 0x0000000781800000, 0x0000000781800000| Untracked 
|  25|0x0000000781900000, 0x0000000781a00000, 0x0000000781a00000|100%| O|  |TAMS 0x0000000781900000, 0x0000000781900000| Untracked 
|  26|0x0000000781a00000, 0x0000000781a96000, 0x0000000781b00000| 58%| O|  |TAMS 0x0000000781a00000, 0x0000000781a00000| Untracked 
|  27|0x0000000781b00000, 0x0000000781b00000, 0x0000000781c00000|  0%| F|  |TAMS 0x0000000781b00000, 0x0000000781b00000| Untracked 
|  28|0x0000000781c00000, 0x0000000781c00000, 0x0000000781d00000|  0%| F|  |TAMS 0x0000000781c00000, 0x0000000781c00000| Untracked 
|  29|0x0000000781d00000, 0x0000000781d00000, 0x0000000781e00000|  0%| F|  |TAMS 0x0000000781d00000, 0x0000000781d00000| Untracked 
|  30|0x0000000781e00000, 0x0000000781e00000, 0x0000000781f00000|  0%| F|  |TAMS 0x0000000781e00000, 0x0000000781e00000| Untracked 
|  31|0x0000000781f00000, 0x0000000781f00000, 0x0000000782000000|  0%| F|  |TAMS 0x0000000781f00000, 0x0000000781f00000| Untracked 
|  32|0x0000000782000000, 0x0000000782000000, 0x0000000782100000|  0%| F|  |TAMS 0x0000000782000000, 0x0000000782000000| Untracked 
|  33|0x0000000782100000, 0x0000000782100000, 0x0000000782200000|  0%| F|  |TAMS 0x0000000782100000, 0x0000000782100000| Untracked 
|  34|0x0000000782200000, 0x0000000782200000, 0x0000000782300000|  0%| F|  |TAMS 0x0000000782200000, 0x0000000782200000| Untracked 
|  35|0x0000000782300000, 0x0000000782300000, 0x0000000782400000|  0%| F|  |TAMS 0x0000000782300000, 0x0000000782300000| Untracked 
|  36|0x0000000782400000, 0x0000000782400000, 0x0000000782500000|  0%| F|  |TAMS 0x0000000782400000, 0x0000000782400000| Untracked 
|  37|0x0000000782500000, 0x0000000782500000, 0x0000000782600000|  0%| F|  |TAMS 0x0000000782500000, 0x0000000782500000| Untracked 
|  38|0x0000000782600000, 0x0000000782600000, 0x0000000782700000|  0%| F|  |TAMS 0x0000000782600000, 0x0000000782600000| Untracked 
|  39|0x0000000782700000, 0x0000000782700000, 0x0000000782800000|  0%| F|  |TAMS 0x0000000782700000, 0x0000000782700000| Untracked 
|  40|0x0000000782800000, 0x0000000782800000, 0x0000000782900000|  0%| F|  |TAMS 0x0000000782800000, 0x0000000782800000| Untracked 
|  41|0x0000000782900000, 0x0000000782900000, 0x0000000782a00000|  0%| F|  |TAMS 0x0000000782900000, 0x0000000782900000| Untracked 
|  42|0x0000000782a00000, 0x0000000782a00000, 0x0000000782b00000|  0%| F|  |TAMS 0x0000000782a00000, 0x0000000782a00000| Untracked 
|  43|0x0000000782b00000, 0x0000000782b00000, 0x0000000782c00000|  0%| F|  |TAMS 0x0000000782b00000, 0x0000000782b00000| Untracked 
|  44|0x0000000782c00000, 0x0000000782c00000, 0x0000000782d00000|  0%| F|  |TAMS 0x0000000782c00000, 0x0000000782c00000| Untracked 
|  45|0x0000000782d00000, 0x0000000782d00000, 0x0000000782e00000|  0%| F|  |TAMS 0x0000000782d00000, 0x0000000782d00000| Untracked 
|  46|0x0000000782e00000, 0x0000000782e00000, 0x0000000782f00000|  0%| F|  |TAMS 0x0000000782e00000, 0x0000000782e00000| Untracked 
|  47|0x0000000782f00000, 0x0000000782f00000, 0x0000000783000000|  0%| F|  |TAMS 0x0000000782f00000, 0x0000000782f00000| Untracked 
|  48|0x0000000783000000, 0x0000000783000000, 0x0000000783100000|  0%| F|  |TAMS 0x0000000783000000, 0x0000000783000000| Untracked 
|  49|0x0000000783100000, 0x0000000783100000, 0x0000000783200000|  0%| F|  |TAMS 0x0000000783100000, 0x0000000783100000| Untracked 
|  50|0x0000000783200000, 0x0000000783200000, 0x0000000783300000|  0%| F|  |TAMS 0x0000000783200000, 0x0000000783200000| Untracked 
|  51|0x0000000783300000, 0x0000000783300000, 0x0000000783400000|  0%| F|  |TAMS 0x0000000783300000, 0x0000000783300000| Untracked 
|  52|0x0000000783400000, 0x0000000783400000, 0x0000000783500000|  0%| F|  |TAMS 0x0000000783400000, 0x0000000783400000| Untracked 
|  53|0x0000000783500000, 0x0000000783500000, 0x0000000783600000|  0%| F|  |TAMS 0x0000000783500000, 0x0000000783500000| Untracked 
|  54|0x0000000783600000, 0x0000000783600000, 0x0000000783700000|  0%| F|  |TAMS 0x0000000783600000, 0x0000000783600000| Untracked 
|  55|0x0000000783700000, 0x0000000783700000, 0x0000000783800000|  0%| F|  |TAMS 0x0000000783700000, 0x0000000783700000| Untracked 
|  56|0x0000000783800000, 0x0000000783800000, 0x0000000783900000|  0%| F|  |TAMS 0x0000000783800000, 0x0000000783800000| Untracked 
|  57|0x0000000783900000, 0x0000000783900000, 0x0000000783a00000|  0%| F|  |TAMS 0x0000000783900000, 0x0000000783900000| Untracked 
|  58|0x0000000783a00000, 0x0000000783a00000, 0x0000000783b00000|  0%| F|  |TAMS 0x0000000783a00000, 0x0000000783a00000| Untracked 
|  59|0x0000000783b00000, 0x0000000783b00000, 0x0000000783c00000|  0%| F|  |TAMS 0x0000000783b00000, 0x0000000783b00000| Untracked 
|  60|0x0000000783c00000, 0x0000000783c00000, 0x0000000783d00000|  0%| F|  |TAMS 0x0000000783c00000, 0x0000000783c00000| Untracked 
|  61|0x0000000783d00000, 0x0000000783d00000, 0x0000000783e00000|  0%| F|  |TAMS 0x0000000783d00000, 0x0000000783d00000| Untracked 
|  62|0x0000000783e00000, 0x0000000783e4a570, 0x0000000783f00000| 29%| S|CS|TAMS 0x0000000783e00000, 0x0000000783e00000| Complete 
|  63|0x0000000783f00000, 0x0000000784000000, 0x0000000784000000|100%| S|CS|TAMS 0x0000000783f00000, 0x0000000783f00000| Complete 
|  64|0x0000000784000000, 0x0000000784100000, 0x0000000784100000|100%| S|CS|TAMS 0x0000000784000000, 0x0000000784000000| Complete 
|  65|0x0000000784100000, 0x0000000784200000, 0x0000000784200000|100%| S|CS|TAMS 0x0000000784100000, 0x0000000784100000| Complete 
|  66|0x0000000784200000, 0x0000000784300000, 0x0000000784300000|100%| S|CS|TAMS 0x0000000784200000, 0x0000000784200000| Complete 
|  67|0x0000000784300000, 0x0000000784400000, 0x0000000784400000|100%| S|CS|TAMS 0x0000000784300000, 0x0000000784300000| Complete 
|  68|0x0000000784400000, 0x0000000784500000, 0x0000000784500000|100%| S|CS|TAMS 0x0000000784400000, 0x0000000784400000| Complete 
|  69|0x0000000784500000, 0x0000000784500000, 0x0000000784600000|  0%| F|  |TAMS 0x0000000784500000, 0x0000000784500000| Untracked 
|  70|0x0000000784600000, 0x0000000784600000, 0x0000000784700000|  0%| F|  |TAMS 0x0000000784600000, 0x0000000784600000| Untracked 
|  71|0x0000000784700000, 0x0000000784700000, 0x0000000784800000|  0%| F|  |TAMS 0x0000000784700000, 0x0000000784700000| Untracked 
|  72|0x0000000784800000, 0x0000000784800000, 0x0000000784900000|  0%| F|  |TAMS 0x0000000784800000, 0x0000000784800000| Untracked 
|  73|0x0000000784900000, 0x0000000784900000, 0x0000000784a00000|  0%| F|  |TAMS 0x0000000784900000, 0x0000000784900000| Untracked 
|  74|0x0000000784a00000, 0x0000000784a00000, 0x0000000784b00000|  0%| F|  |TAMS 0x0000000784a00000, 0x0000000784a00000| Untracked 
|  75|0x0000000784b00000, 0x0000000784b00000, 0x0000000784c00000|  0%| F|  |TAMS 0x0000000784b00000, 0x0000000784b00000| Untracked 
|  76|0x0000000784c00000, 0x0000000784c00000, 0x0000000784d00000|  0%| F|  |TAMS 0x0000000784c00000, 0x0000000784c00000| Untracked 
|  77|0x0000000784d00000, 0x0000000784d00000, 0x0000000784e00000|  0%| F|  |TAMS 0x0000000784d00000, 0x0000000784d00000| Untracked 
|  78|0x0000000784e00000, 0x0000000784e00000, 0x0000000784f00000|  0%| F|  |TAMS 0x0000000784e00000, 0x0000000784e00000| Untracked 
|  79|0x0000000784f00000, 0x0000000784f00000, 0x0000000785000000|  0%| F|  |TAMS 0x0000000784f00000, 0x0000000784f00000| Untracked 
|  80|0x0000000785000000, 0x0000000785000000, 0x0000000785100000|  0%| F|  |TAMS 0x0000000785000000, 0x0000000785000000| Untracked 
|  81|0x0000000785100000, 0x0000000785100000, 0x0000000785200000|  0%| F|  |TAMS 0x0000000785100000, 0x0000000785100000| Untracked 
|  82|0x0000000785200000, 0x0000000785200000, 0x0000000785300000|  0%| F|  |TAMS 0x0000000785200000, 0x0000000785200000| Untracked 
|  83|0x0000000785300000, 0x0000000785300000, 0x0000000785400000|  0%| F|  |TAMS 0x0000000785300000, 0x0000000785300000| Untracked 
|  84|0x0000000785400000, 0x0000000785400000, 0x0000000785500000|  0%| F|  |TAMS 0x0000000785400000, 0x0000000785400000| Untracked 
|  85|0x0000000785500000, 0x0000000785500000, 0x0000000785600000|  0%| F|  |TAMS 0x0000000785500000, 0x0000000785500000| Untracked 
|  86|0x0000000785600000, 0x0000000785600000, 0x0000000785700000|  0%| F|  |TAMS 0x0000000785600000, 0x0000000785600000| Untracked 
|  87|0x0000000785700000, 0x0000000785700000, 0x0000000785800000|  0%| F|  |TAMS 0x0000000785700000, 0x0000000785700000| Untracked 
|  88|0x0000000785800000, 0x0000000785800000, 0x0000000785900000|  0%| F|  |TAMS 0x0000000785800000, 0x0000000785800000| Untracked 
|  89|0x0000000785900000, 0x0000000785900000, 0x0000000785a00000|  0%| F|  |TAMS 0x0000000785900000, 0x0000000785900000| Untracked 
|  90|0x0000000785a00000, 0x0000000785a00000, 0x0000000785b00000|  0%| F|  |TAMS 0x0000000785a00000, 0x0000000785a00000| Untracked 
|  91|0x0000000785b00000, 0x0000000785b00000, 0x0000000785c00000|  0%| F|  |TAMS 0x0000000785b00000, 0x0000000785b00000| Untracked 
|  92|0x0000000785c00000, 0x0000000785c00000, 0x0000000785d00000|  0%| F|  |TAMS 0x0000000785c00000, 0x0000000785c00000| Untracked 
|  93|0x0000000785d00000, 0x0000000785d00000, 0x0000000785e00000|  0%| F|  |TAMS 0x0000000785d00000, 0x0000000785d00000| Untracked 
|  94|0x0000000785e00000, 0x0000000785e00000, 0x0000000785f00000|  0%| F|  |TAMS 0x0000000785e00000, 0x0000000785e00000| Untracked 
|  95|0x0000000785f00000, 0x0000000785f00000, 0x0000000786000000|  0%| F|  |TAMS 0x0000000785f00000, 0x0000000785f00000| Untracked 
|  96|0x0000000786000000, 0x0000000786000000, 0x0000000786100000|  0%| F|  |TAMS 0x0000000786000000, 0x0000000786000000| Untracked 
|  97|0x0000000786100000, 0x0000000786100000, 0x0000000786200000|  0%| F|  |TAMS 0x0000000786100000, 0x0000000786100000| Untracked 
|  98|0x0000000786200000, 0x0000000786200000, 0x0000000786300000|  0%| F|  |TAMS 0x0000000786200000, 0x0000000786200000| Untracked 
|  99|0x0000000786300000, 0x0000000786300000, 0x0000000786400000|  0%| F|  |TAMS 0x0000000786300000, 0x0000000786300000| Untracked 
| 100|0x0000000786400000, 0x0000000786400000, 0x0000000786500000|  0%| F|  |TAMS 0x0000000786400000, 0x0000000786400000| Untracked 
| 101|0x0000000786500000, 0x0000000786500000, 0x0000000786600000|  0%| F|  |TAMS 0x0000000786500000, 0x0000000786500000| Untracked 
| 102|0x0000000786600000, 0x0000000786600000, 0x0000000786700000|  0%| F|  |TAMS 0x0000000786600000, 0x0000000786600000| Untracked 
| 103|0x0000000786700000, 0x0000000786700000, 0x0000000786800000|  0%| F|  |TAMS 0x0000000786700000, 0x0000000786700000| Untracked 
| 104|0x0000000786800000, 0x00000007868bf280, 0x0000000786900000| 74%| E|  |TAMS 0x0000000786800000, 0x0000000786800000| Complete 
| 105|0x0000000786900000, 0x0000000786a00000, 0x0000000786a00000|100%| E|  |TAMS 0x0000000786900000, 0x0000000786900000| Complete 
| 106|0x0000000786a00000, 0x0000000786b00000, 0x0000000786b00000|100%| E|CS|TAMS 0x0000000786a00000, 0x0000000786a00000| Complete 
| 107|0x0000000786b00000, 0x0000000786c00000, 0x0000000786c00000|100%| E|CS|TAMS 0x0000000786b00000, 0x0000000786b00000| Complete 
| 108|0x0000000786c00000, 0x0000000786d00000, 0x0000000786d00000|100%| E|CS|TAMS 0x0000000786c00000, 0x0000000786c00000| Complete 
| 109|0x0000000786d00000, 0x0000000786e00000, 0x0000000786e00000|100%| E|CS|TAMS 0x0000000786d00000, 0x0000000786d00000| Complete 
| 110|0x0000000786e00000, 0x0000000786f00000, 0x0000000786f00000|100%| E|CS|TAMS 0x0000000786e00000, 0x0000000786e00000| Complete 
| 111|0x0000000786f00000, 0x0000000787000000, 0x0000000787000000|100%| E|CS|TAMS 0x0000000786f00000, 0x0000000786f00000| Complete 
| 112|0x0000000787000000, 0x0000000787100000, 0x0000000787100000|100%| E|CS|TAMS 0x0000000787000000, 0x0000000787000000| Complete 
| 113|0x0000000787100000, 0x0000000787200000, 0x0000000787200000|100%| E|CS|TAMS 0x0000000787100000, 0x0000000787100000| Complete 
| 114|0x0000000787200000, 0x0000000787300000, 0x0000000787300000|100%| E|CS|TAMS 0x0000000787200000, 0x0000000787200000| Complete 
| 115|0x0000000787300000, 0x0000000787400000, 0x0000000787400000|100%| E|CS|TAMS 0x0000000787300000, 0x0000000787300000| Complete 

Card table byte_map: [0x000000010e283000,0x000000010e683000] _byte_map_base: 0x000000010a683000

Marking Bits (Prev, Next): (CMBitMap*) 0x00007ff1d3832218, (CMBitMap*) 0x00007ff1d3832250
 Prev Bits: [0x000000010ea83000, 0x0000000110a83000)
 Next Bits: [0x0000000110f25000, 0x0000000112f25000)

Polling page: 0x000000010838c000

Metaspace:

Usage:
  Non-class:     40.28 MB capacity,    39.52 MB ( 98%) used,   654.95 KB (  2%) free+waste,   121.06 KB ( <1%) overhead. 
      Class:      6.24 MB capacity,     5.81 MB ( 93%) used,   379.04 KB (  6%) free+waste,    57.62 KB ( <1%) overhead. 
       Both:     46.52 MB capacity,    45.34 MB ( 97%) used,     1.01 MB (  2%) free+waste,   178.69 KB ( <1%) overhead. 

Virtual space:
  Non-class space:       42.00 MB reserved,      40.50 MB ( 96%) committed 
      Class space:        1.00 GB reserved,       6.25 MB ( <1%) committed 
             Both:        1.04 GB reserved,      46.75 MB (  4%) committed 

Chunk freelists:
   Non-Class:  18.00 KB
       Class:  0 bytes
        Both:  18.00 KB

MaxMetaspaceSize: unlimited
CompressedClassSpaceSize: 1.00 GB

CodeHeap 'non-profiled nmethods': size=120032Kb used=1684Kb max_used=1684Kb free=118347Kb
 bounds [0x00000131522e1000, 0x0000013152551000, 0x0000013159819000]
CodeHeap 'profiled nmethods': size=120032Kb used=8242Kb max_used=8242Kb free=111789Kb
 bounds [0x000001314ada9000, 0x000001314b5b9000, 0x00000131522e1000]
CodeHeap 'non-nmethods': size=5696Kb used=2215Kb max_used=2258Kb free=3480Kb
 bounds [0x000001314a819000, 0x000001314aa89000, 0x000001314ada9000]
 total_blobs=5378 nmethods=4602 adapters=688
 compilation: enabled
              stopped_count=0, restarted_count=0
 full_count=0

Compilation events (20 events):
Event: 9.253 Thread 0x00007ff1d3028000 nmethod 4560 0x000001314b594190 code [0x000001314b594340, 0x000001314b594438]
Event: 9.253 Thread 0x00007ff1d3028000 4562       2       org.gradle.cache.internal.btree.BTreePersistentIndexedCache$1::create (65 bytes)
Event: 9.254 Thread 0x00007ff1d3028000 nmethod 4562 0x000001314b594510 code [0x000001314b594720, 0x000001314b594f88]
Event: 9.254 Thread 0x00007ff1d3028000 4561       2       org.gradle.cache.internal.btree.ByteInput::done (6 bytes)
Event: 9.255 Thread 0x00007ff1d3028000 nmethod 4561 0x000001314b595190 code [0x000001314b595340, 0x000001314b595458]
Event: 9.255 Thread 0x00007ff1d3028000 4563       2       org.gradle.cache.internal.btree.ByteInput::getBytesRead (8 bytes)
Event: 9.255 Thread 0x00007ff1d3028000 nmethod 4563 0x000001314b595510 code [0x000001314b5956c0, 0x000001314b5957d8]
Event: 9.255 Thread 0x00007ff1d3028000 4552       2       org.gradle.cache.internal.btree.FileBackedBlockStore$BlockImpl::<init> (8 bytes)
Event: 9.255 Thread 0x00007ff1d3028000 nmethod 4552 0x000001314b595890 code [0x000001314b595a60, 0x000001314b595ce8]
Event: 9.255 Thread 0x00007ff1d3028000 4553       2       org.gradle.cache.internal.btree.FileBackedBlockStore$BlockImpl::<init> (12 bytes)
Event: 9.256 Thread 0x00007ff1d3028000 nmethod 4553 0x000001314b595e10 code [0x000001314b595fc0, 0x000001314b596298]
Event: 9.256 Thread 0x00007ff1d3028000 4570   !   2       org.gradle.internal.serialize.kryo.KryoBackedDecoder::readLong (15 bytes)
Event: 9.256 Thread 0x00007ff1d3028000 nmethod 4570 0x000001314b596390 code [0x000001314b596580, 0x000001314b596868]
Event: 9.256 Thread 0x00007ff1d3028000 4572       2       org.gradle.internal.snapshot.VfsRelativePath::compareToFirstSegment (203 bytes)
Event: 9.260 Thread 0x00007ff1d3028000 nmethod 4572 0x000001314b596a90 code [0x000001314b596d00, 0x000001314b597818]
Event: 9.260 Thread 0x00007ff1d3028000 4575       2       jdk.internal.misc.Unsafe::getAndAddLong (27 bytes)
Event: 9.260 Thread 0x00007ff1d3028000 nmethod 4575 0x000001314b597f90 code [0x000001314b598140, 0x000001314b5982f8]
Event: 9.260 Thread 0x00007ff1d3028000 4573       2       java.lang.Character::compare (4 bytes)
Event: 9.260 Thread 0x00007ff1d3028000 nmethod 4573 0x000001314b598410 code [0x000001314b5985c0, 0x000001314b598698]
Event: 9.260 Thread 0x00007ff1d3028000 4571       2       com.esotericsoftware.kryo.io.Input::readLong (181 bytes)

GC Heap History (20 events):
Event: 2.981 GC heap before
{Heap before GC invocations=4 (full 0):
 garbage-first heap   total 65536K, used 38704K [0x0000000780000000, 0x0000000800000000)
  region size 1024K, 29 young (29696K), 4 survivors (4096K)
 Metaspace       used 18245K, capacity 18699K, committed 19072K, reserved 1067008K
  class space    used 2191K, capacity 2327K, committed 2432K, reserved 1048576K
}
Event: 2.989 GC heap after
{Heap after GC invocations=5 (full 0):
 garbage-first heap   total 78848K, used 16035K [0x0000000780000000, 0x0000000800000000)
  region size 1024K, 2 young (2048K), 2 survivors (2048K)
 Metaspace       used 18245K, capacity 18699K, committed 19072K, reserved 1067008K
  class space    used 2191K, capacity 2327K, committed 2432K, reserved 1048576K
}
Event: 3.394 GC heap before
{Heap before GC invocations=5 (full 0):
 garbage-first heap   total 78848K, used 33443K [0x0000000780000000, 0x0000000800000000)
  region size 1024K, 21 young (21504K), 2 survivors (2048K)
 Metaspace       used 20562K, capacity 21079K, committed 21248K, reserved 1067008K
  class space    used 2526K, capacity 2722K, committed 2816K, reserved 1048576K
}
Event: 3.405 GC heap after
{Heap after GC invocations=6 (full 0):
 garbage-first heap   total 78848K, used 16588K [0x0000000780000000, 0x0000000800000000)
  region size 1024K, 3 young (3072K), 3 survivors (3072K)
 Metaspace       used 20562K, capacity 21079K, committed 21248K, reserved 1067008K
  class space    used 2526K, capacity 2722K, committed 2816K, reserved 1048576K
}
Event: 4.011 GC heap before
{Heap before GC invocations=7 (full 0):
 garbage-first heap   total 78848K, used 46284K [0x0000000780000000, 0x0000000800000000)
  region size 1024K, 32 young (32768K), 3 survivors (3072K)
 Metaspace       used 23490K, capacity 24074K, committed 24320K, reserved 1071104K
  class space    used 3011K, capacity 3212K, committed 3328K, reserved 1048576K
}
Event: 4.022 GC heap after
{Heap after GC invocations=8 (full 0):
 garbage-first heap   total 78848K, used 17589K [0x0000000780000000, 0x0000000800000000)
  region size 1024K, 2 young (2048K), 2 survivors (2048K)
 Metaspace       used 23490K, capacity 24074K, committed 24320K, reserved 1071104K
  class space    used 3011K, capacity 3212K, committed 3328K, reserved 1048576K
}
Event: 4.735 GC heap before
{Heap before GC invocations=8 (full 0):
 garbage-first heap   total 78848K, used 53429K [0x0000000780000000, 0x0000000800000000)
  region size 1024K, 37 young (37888K), 2 survivors (2048K)
 Metaspace       used 27062K, capacity 27729K, committed 27904K, reserved 1073152K
  class space    used 3593K, capacity 3816K, committed 3840K, reserved 1048576K
}
Event: 4.742 GC heap after
{Heap after GC invocations=9 (full 0):
 garbage-first heap   total 78848K, used 18956K [0x0000000780000000, 0x0000000800000000)
  region size 1024K, 3 young (3072K), 3 survivors (3072K)
 Metaspace       used 27062K, capacity 27729K, committed 27904K, reserved 1073152K
  class space    used 3593K, capacity 3816K, committed 3840K, reserved 1048576K
}
Event: 5.849 GC heap before
{Heap before GC invocations=9 (full 0):
 garbage-first heap   total 78848K, used 54796K [0x0000000780000000, 0x0000000800000000)
  region size 1024K, 38 young (38912K), 3 survivors (3072K)
 Metaspace       used 33902K, capacity 34714K, committed 34944K, reserved 1079296K
  class space    used 4417K, capacity 4719K, committed 4736K, reserved 1048576K
}
Event: 5.867 GC heap after
{Heap after GC invocations=10 (full 0):
 garbage-first heap   total 95232K, used 21584K [0x0000000780000000, 0x0000000800000000)
  region size 1024K, 5 young (5120K), 5 survivors (5120K)
 Metaspace       used 33902K, capacity 34714K, committed 34944K, reserved 1079296K
  class space    used 4417K, capacity 4719K, committed 4736K, reserved 1048576K
}
Event: 6.013 GC heap before
{Heap before GC invocations=10 (full 0):
 garbage-first heap   total 95232K, used 24656K [0x0000000780000000, 0x0000000800000000)
  region size 1024K, 10 young (10240K), 5 survivors (5120K)
 Metaspace       used 34940K, capacity 35638K, committed 35840K, reserved 1081344K
  class space    used 4530K, capacity 4792K, committed 4864K, reserved 1048576K
}
Event: 6.032 GC heap after
{Heap after GC invocations=11 (full 0):
 garbage-first heap   total 95232K, used 22333K [0x0000000780000000, 0x0000000800000000)
  region size 1024K, 4 young (4096K), 4 survivors (4096K)
 Metaspace       used 34940K, capacity 35638K, committed 35840K, reserved 1081344K
  class space    used 4530K, capacity 4792K, committed 4864K, reserved 1048576K
}
Event: 6.570 GC heap before
{Heap before GC invocations=12 (full 0):
 garbage-first heap   total 95232K, used 53053K [0x0000000780000000, 0x0000000800000000)
  region size 1024K, 34 young (34816K), 4 survivors (4096K)
 Metaspace       used 36709K, capacity 37613K, committed 37888K, reserved 1081344K
  class space    used 4760K, capacity 5083K, committed 5120K, reserved 1048576K
}
Event: 6.585 GC heap after
{Heap after GC invocations=13 (full 0):
 garbage-first heap   total 95232K, used 25159K [0x0000000780000000, 0x0000000800000000)
  region size 1024K, 4 young (4096K), 4 survivors (4096K)
 Metaspace       used 36709K, capacity 37613K, committed 37888K, reserved 1081344K
  class space    used 4760K, capacity 5083K, committed 5120K, reserved 1048576K
}
Event: 7.208 GC heap before
{Heap before GC invocations=13 (full 0):
 garbage-first heap   total 95232K, used 59975K [0x0000000780000000, 0x0000000800000000)
  region size 1024K, 35 young (35840K), 4 survivors (4096K)
 Metaspace       used 39168K, capacity 40134K, committed 40192K, reserved 1083392K
  class space    used 5014K, capacity 5347K, committed 5376K, reserved 1048576K
}
Event: 7.225 GC heap after
{Heap after GC invocations=14 (full 0):
 garbage-first heap   total 95232K, used 26548K [0x0000000780000000, 0x0000000800000000)
  region size 1024K, 3 young (3072K), 3 survivors (3072K)
 Metaspace       used 39168K, capacity 40134K, committed 40192K, reserved 1083392K
  class space    used 5014K, capacity 5347K, committed 5376K, reserved 1048576K
}
Event: 7.886 GC heap before
{Heap before GC invocations=14 (full 0):
 garbage-first heap   total 95232K, used 60340K [0x0000000780000000, 0x0000000800000000)
  region size 1024K, 36 young (36864K), 3 survivors (3072K)
 Metaspace       used 42613K, capacity 43627K, committed 44032K, reserved 1087488K
  class space    used 5446K, capacity 5780K, committed 5888K, reserved 1048576K
}
Event: 7.895 GC heap after
{Heap after GC invocations=15 (full 0):
 garbage-first heap   total 118784K, used 27553K [0x0000000780000000, 0x0000000800000000)
  region size 1024K, 4 young (4096K), 4 survivors (4096K)
 Metaspace       used 42613K, capacity 43627K, committed 44032K, reserved 1087488K
  class space    used 5446K, capacity 5780K, committed 5888K, reserved 1048576K
}
Event: 9.046 GC heap before
{Heap before GC invocations=15 (full 0):
 garbage-first heap   total 118784K, used 75681K [0x0000000780000000, 0x0000000800000000)
  region size 1024K, 51 young (52224K), 4 survivors (4096K)
 Metaspace       used 45985K, capacity 47255K, committed 47360K, reserved 1089536K
  class space    used 5899K, capacity 6329K, committed 6400K, reserved 1048576K
}
Event: 9.063 GC heap after
{Heap after GC invocations=16 (full 0):
 garbage-first heap   total 118784K, used 30593K [0x0000000780000000, 0x0000000800000000)
  region size 1024K, 7 young (7168K), 7 survivors (7168K)
 Metaspace       used 45985K, capacity 47255K, committed 47360K, reserved 1089536K
  class space    used 5899K, capacity 6329K, committed 6400K, reserved 1048576K
}

Deoptimization events (20 events):
Event: 9.105 Thread 0x00007ff1d5fae800 Uncommon trap: reason=unstable_if action=reinterpret pc=0x0000013152351954 method=java.util.concurrent.ConcurrentHashMap.addCount(JI)V @ 34 c2
Event: 9.105 Thread 0x00007ff1d521d800 Uncommon trap: reason=unstable_if action=reinterpret pc=0x0000013152351954 method=java.util.concurrent.ConcurrentHashMap.addCount(JI)V @ 34 c2
Event: 9.105 Thread 0x00007ff1d5fae800 DEOPT PACKING pc=0x0000013152351954 sp=0x000070000f24c2a0
Event: 9.105 Thread 0x00007ff1d521d800 DEOPT PACKING pc=0x0000013152351954 sp=0x000070000f34f2a0
Event: 9.105 Thread 0x00007ff1d5fae800 DEOPT UNPACKING pc=0x000001314a84152d sp=0x000070000f24c220 mode 2
Event: 9.105 Thread 0x00007ff1d521d800 DEOPT UNPACKING pc=0x000001314a84152d sp=0x000070000f34f220 mode 2
Event: 9.132 Thread 0x00007ff1d521d800 DEOPT PACKING pc=0x000001314ae4d081 sp=0x000070000f34d880
Event: 9.132 Thread 0x00007ff1d521d800 DEOPT UNPACKING pc=0x000001314a841342 sp=0x000070000f34cd18 mode 0
Event: 9.140 Thread 0x00007ff1d543c800 DEOPT PACKING pc=0x000001314afb2a03 sp=0x000070000f148480
Event: 9.140 Thread 0x00007ff1d543c800 DEOPT UNPACKING pc=0x000001314a841342 sp=0x000070000f147940 mode 0
Event: 9.141 Thread 0x00007ff1d521d800 DEOPT PACKING pc=0x000001314ae4d081 sp=0x000070000f34e1f0
Event: 9.141 Thread 0x00007ff1d521d800 DEOPT UNPACKING pc=0x000001314a841342 sp=0x000070000f34d688 mode 0
Event: 9.148 Thread 0x00007ff1d4202000 DEOPT PACKING pc=0x000001314b498771 sp=0x000070000e21be10
Event: 9.148 Thread 0x00007ff1d4202000 DEOPT UNPACKING pc=0x000001314a841342 sp=0x000070000e21b2d0 mode 0
Event: 9.150 Thread 0x00007ff1d5fc3800 DEOPT PACKING pc=0x000001314ae4d081 sp=0x000070000f044880
Event: 9.150 Thread 0x00007ff1d5fc3800 DEOPT UNPACKING pc=0x000001314a841342 sp=0x000070000f043d18 mode 0
Event: 9.159 Thread 0x00007ff1d543c800 DEOPT PACKING pc=0x000001314ae4d081 sp=0x000070000f1481f0
Event: 9.159 Thread 0x00007ff1d543c800 DEOPT UNPACKING pc=0x000001314a841342 sp=0x000070000f147688 mode 0
Event: 9.169 Thread 0x00007ff1d5fae800 DEOPT PACKING pc=0x000001314ae4d081 sp=0x000070000f24b1f0
Event: 9.169 Thread 0x00007ff1d5fae800 DEOPT UNPACKING pc=0x000001314a841342 sp=0x000070000f24a688 mode 0

Classes redefined (0 events):
No events

Internal exceptions (20 events):
Event: 7.726 Thread 0x00007ff1d4291000 Exception <a 'java/lang/ClassNotFoundException'{0x00000007843e8038}: org/gradle/api/internal/project/ProjectScriptCustomizer> (0x00000007843e8038) thrown at [src/hotspot/share/classfile/systemDictionary.cpp, line 231]
Event: 7.727 Thread 0x00007ff1d4291000 Exception <a 'java/lang/ClassNotFoundException'{0x00000007842036f0}: build_693vok2ylem2ldfatlquoasm2Customizer> (0x00000007842036f0) thrown at [src/hotspot/share/classfile/systemDictionary.cpp, line 231]
Event: 7.741 Thread 0x00007ff1d4291000 Exception <a 'java/lang/ClassNotFoundException'{0x00000007842956b8}: org/gradle/api/internal/initialization/DefaultScriptHandlerBeanInfo> (0x00000007842956b8) thrown at [src/hotspot/share/classfile/systemDictionary.cpp, line 231]
Event: 7.742 Thread 0x00007ff1d4291000 Exception <a 'java/lang/ClassNotFoundException'{0x00000007842be670}: org/gradle/api/internal/initialization/DefaultScriptHandlerCustomizer> (0x00000007842be670) thrown at [src/hotspot/share/classfile/systemDictionary.cpp, line 231]
Event: 7.927 Thread 0x00007ff1d4291000 Exception <a 'java/lang/ClassNotFoundException'{0x00000007872a2b40}: org/gradle/api/internal/artifacts/dsl/dependencies/DefaultDependencyHandler_DecoratedBeanInfo> (0x00000007872a2b40) thrown at [src/hotspot/share/classfile/systemDictionary.cpp, line 231]
Event: 7.929 Thread 0x00007ff1d4291000 Exception <a 'java/lang/ClassNotFoundException'{0x00000007872e0ca0}: org/gradle/api/internal/artifacts/dsl/dependencies/DefaultDependencyHandlerBeanInfo> (0x00000007872e0ca0) thrown at [src/hotspot/share/classfile/systemDictionary.cpp, line 231]
Event: 7.930 Thread 0x00007ff1d4291000 Exception <a 'java/lang/ClassNotFoundException'{0x000000078711f6b0}: org/gradle/api/internal/artifacts/dsl/dependencies/DefaultDependencyHandlerCustomizer> (0x000000078711f6b0) thrown at [src/hotspot/share/classfile/systemDictionary.cpp, line 231]
Event: 7.937 Thread 0x00007ff1d4291000 Exception <a 'java/lang/ClassNotFoundException'{0x0000000787187070}: org/gradle/api/internal/artifacts/dsl/dependencies/DefaultDependencyHandler_DecoratedCustomizer> (0x0000000787187070) thrown at [src/hotspot/share/classfile/systemDictionary.cpp, line 231]
Event: 7.966 Thread 0x00007ff1d4291000 Exception <a 'java/lang/NoSuchMethodError'{0x00000007870968e0}: 'java.lang.Object java.lang.invoke.DirectMethodHandle$Holder.invokeStatic(java.lang.Object, java.lang.Object, int, java.lang.Object)'> (0x00000007870968e0) thrown at [src/hotspot/share/interpreter/linkResolver.cpp, line 773]
Event: 7.966 Thread 0x00007ff1d4291000 Exception <a 'java/lang/NoSuchMethodError'{0x000000078709db78}: 'java.lang.Object java.lang.invoke.Invokers$Holder.linkToTargetMethod(java.lang.Object, int, java.lang.Object, java.lang.Object)'> (0x000000078709db78) thrown at [src/hotspot/share/interpreter/linkResolver.cpp, line 773]
Event: 8.284 Thread 0x00007ff1d4291000 Exception <a 'java/lang/NoSuchMethodError'{0x0000000785ff6600}: 'java.lang.Object java.lang.invoke.DelegatingMethodHandle$Holder.reinvoke_L(java.lang.Object, java.lang.Object, java.lang.Object, java.lang.Object, java.lang.Object, java.lang.Object, java.lang.Object, java.lang.Object, java.lang.Object, java.lang.Object, java.lang.Object, java.lang.Object, java.lang.Object, java.lang.Object, java.lang.Object, java.lang.Object, java.lang.Object, java.lang.Object, java.lang.Object, java.lang.Object, java.lang.O
Event: 8.284 Thread 0x00007ff1d4291000 Exception <a 'java/lang/NoSuchMethodError'{0x0000000785e02a50}: 'java.lang.Object java.lang.invoke.DirectMethodHandle$Holder.invokeSpecial(java.lang.Object, java.lang.Object, java.lang.Object, java.lang.Object, java.lang.Object, java.lang.Object, java.lang.Object, java.lang.Object, java.lang.Object, java.lang.Object, java.lang.Object, java.lang.Object, java.lang.Object, java.lang.Object, java.lang.Object, java.lang.Object, java.lang.Object, java.lang.Object, java.lang.Object, java.lang.Object, java.lang.Ob
Event: 8.285 Thread 0x00007ff1d4291000 Exception <a 'java/lang/NoSuchMethodError'{0x0000000785e08c40}: 'java.lang.Object java.lang.invoke.Invokers$Holder.invoker(java.lang.Object, java.lang.Object, java.lang.Object, java.lang.Object, java.lang.Object, java.lang.Object, java.lang.Object, java.lang.Object, java.lang.Object, java.lang.Object, java.lang.Object, java.lang.Object, java.lang.Object, java.lang.Object, java.lang.Object, java.lang.Object, java.lang.Object, java.lang.Object, java.lang.Object, java.lang.Object, java.lang.Object)'> (0x00000
Event: 8.285 Thread 0x00007ff1d4291000 Exception <a 'java/lang/NoSuchMethodError'{0x0000000785e0ffb0}: 'java.lang.Object java.lang.invoke.DelegatingMethodHandle$Holder.delegate(java.lang.Object, java.lang.Object, java.lang.Object, java.lang.Object, java.lang.Object, java.lang.Object, java.lang.Object, java.lang.Object, java.lang.Object, java.lang.Object, java.lang.Object, java.lang.Object, java.lang.Object, java.lang.Object, java.lang.Object, java.lang.Object, java.lang.Object, java.lang.Object, java.lang.Object, java.lang.Object, java.lang.Obj
Event: 8.293 Thread 0x00007ff1d4291000 Exception <a 'java/lang/NoSuchMethodError'{0x0000000785e58ac0}: 'java.lang.Object java.lang.invoke.DirectMethodHandle$Holder.invokeStatic(java.lang.Object, java.lang.Object, java.lang.Object, java.lang.Object, java.lang.Object, java.lang.Object, java.lang.Object, java.lang.Object, java.lang.Object, java.lang.Object, java.lang.Object, java.lang.Object, java.lang.Object, java.lang.Object, java.lang.Object)'> (0x0000000785e58ac0) thrown at [src/hotspot/share/interpreter/linkResolver.cpp, line 773]
Event: 8.297 Thread 0x00007ff1d4291000 Exception <a 'java/lang/NoSuchMethodError'{0x0000000785e690f8}: 'java.lang.Object java.lang.invoke.DirectMethodHandle$Holder.invokeStatic(java.lang.Object, java.lang.Object, java.lang.Object, java.lang.Object, java.lang.Object, java.lang.Object, java.lang.Object, java.lang.Object, java.lang.Object, java.lang.Object, java.lang.Object, java.lang.Object, java.lang.Object, java.lang.Object, java.lang.Object, java.lang.Object)'> (0x0000000785e690f8) thrown at [src/hotspot/share/interpreter/linkResolver.cpp, lin
Event: 8.298 Thread 0x00007ff1d4291000 Exception <a 'java/lang/NoSuchMethodError'{0x0000000785e79640}: 'java.lang.Object java.lang.invoke.DelegatingMethodHandle$Holder.reinvoke_L(java.lang.Object, java.lang.Object, java.lang.Object, java.lang.Object, java.lang.Object, java.lang.Object, java.lang.Object, java.lang.Object, java.lang.Object, java.lang.Object, java.lang.Object, java.lang.Object, java.lang.Object, java.lang.Object, java.lang.Object, java.lang.Object, java.lang.Object, java.lang.Object, java.lang.Object, java.lang.Object)'> (0x000000
Event: 8.360 Thread 0x00007ff1d4291000 Exception <a 'java/lang/IncompatibleClassChangeError'{0x0000000785bdf240}: Found class java.lang.Object, but interface was expected> (0x0000000785bdf240) thrown at [src/hotspot/share/interpreter/linkResolver.cpp, line 839]
Event: 8.508 Thread 0x00007ff1d4291000 Exception <a 'java/lang/NoSuchMethodError'{0x0000000785242a38}: 'int java.lang.invoke.DirectMethodHandle$Holder.invokeStaticInit(java.lang.Object)'> (0x0000000785242a38) thrown at [src/hotspot/share/interpreter/linkResolver.cpp, line 773]
Event: 9.006 Thread 0x00007ff1d4291000 Exception <a 'java/lang/NoSuchMethodError'{0x000000078468dc38}: 'void java.lang.invoke.DirectMethodHandle$Holder.invokeStatic(java.lang.Object, java.lang.Object, java.lang.Object, int, java.lang.Object)'> (0x000000078468dc38) thrown at [src/hotspot/share/interpreter/linkResolver.cpp, line 773]

Events (20 events):
Event: 9.185 loading class org/gradle/api/internal/artifacts/configurations/DefaultConfiguration$ConfigurationResolvableDependencies$ConfigurationArtifactView
Event: 9.185 loading class org/gradle/api/internal/artifacts/configurations/DefaultConfiguration$ConfigurationResolvableDependencies$ConfigurationArtifactView done
Event: 9.186 loading class org/gradle/api/internal/file/AbstractFileCollection$2
Event: 9.186 loading class org/gradle/api/internal/file/AbstractFileCollection$2 done
Event: 9.187 loading class org/gradle/api/internal/artifacts/ivyservice/ResolvedFileCollectionVisitor
Event: 9.187 loading class org/gradle/api/internal/artifacts/ivyservice/ResolvedFileCollectionVisitor done
Event: 9.187 loading class org/gradle/api/internal/artifacts/ivyservice/ResolvedFilesCollectingVisitor
Event: 9.187 loading class org/gradle/api/internal/artifacts/ivyservice/ResolvedFilesCollectingVisitor done
Event: 9.188 loading class org/gradle/internal/component/local/model/OpaqueComponentIdentifier
Event: 9.188 loading class org/gradle/internal/component/local/model/OpaqueComponentIdentifier done
Event: 9.193 loading class org/gradle/internal/classpath/DefaultCachedClasspathTransformer$1
Event: 9.193 loading class org/gradle/internal/classpath/DefaultCachedClasspathTransformer$1 done
Event: 9.195 loading class org/gradle/internal/snapshot/MetadataSnapshot$1
Event: 9.195 loading class org/gradle/internal/snapshot/MetadataSnapshot$1 done
Event: 9.197 Thread 0x00007ff1d5faf800 Thread added: 0x00007ff1d5faf800
Event: 9.197 Protecting memory [0x000070000f353000,0x000070000f357000] with protection modes 0
Event: 9.199 loading class org/gradle/internal/snapshot/AbstractListChildMap$2
Event: 9.199 loading class org/gradle/internal/snapshot/AbstractListChildMap$2 done
Event: 9.225 loading class org/gradle/internal/snapshot/LargeChildMap
Event: 9.225 loading class org/gradle/internal/snapshot/LargeChildMap done


Dynamic libraries:
0x00007fffca5f5000 	/System/Library/Frameworks/Cocoa.framework/Versions/A/Cocoa
0x00007fffd1253000 	/System/Library/Frameworks/Security.framework/Versions/A/Security
0x00007fffc94b0000 	/System/Library/Frameworks/ApplicationServices.framework/Versions/A/ApplicationServices
0x00000001082ac000 	/Applications/Android Studio.app/Contents/jre/Contents/Home/lib/jli/libjli.dylib
0x00007fffdf1b8000 	/usr/lib/libSystem.B.dylib
0x00007fffc86c5000 	/System/Library/Frameworks/AppKit.framework/Versions/C/AppKit
0x00007fffca7e1000 	/System/Library/Frameworks/CoreData.framework/Versions/A/CoreData
0x00007fffcc622000 	/System/Library/Frameworks/Foundation.framework/Versions/C/Foundation
0x00007fffdbc2e000 	/System/Library/PrivateFrameworks/RemoteViewServices.framework/Versions/A/RemoteViewServices
0x00007fffddc28000 	/System/Library/PrivateFrameworks/UIFoundation.framework/Versions/A/UIFoundation
0x00007fffd6fdc000 	/System/Library/PrivateFrameworks/DFRFoundation.framework/Versions/A/DFRFoundation
0x00007fffdf823000 	/usr/lib/libenergytrace.dylib
0x00007fffdca5b000 	/System/Library/PrivateFrameworks/SkyLight.framework/Versions/A/SkyLight
0x00007fffcb023000 	/System/Library/Frameworks/CoreGraphics.framework/Versions/A/CoreGraphics
0x00007fffdf1b3000 	/usr/lib/libScreenReader.dylib
0x00007fffc7588000 	/System/Library/Frameworks/Accelerate.framework/Versions/A/Accelerate
0x00007fffccc20000 	/System/Library/Frameworks/IOSurface.framework/Versions/A/IOSurface
0x00007fffc99d3000 	/System/Library/Frameworks/AudioToolbox.framework/Versions/A/AudioToolbox
0x00007fffc9be0000 	/System/Library/Frameworks/AudioUnit.framework/Versions/A/AudioUnit
0x00007fffd7021000 	/System/Library/PrivateFrameworks/DataDetectorsCore.framework/Versions/A/DataDetectorsCore
0x00007fffd7112000 	/System/Library/PrivateFrameworks/DesktopServicesPriv.framework/Versions/A/DesktopServicesPriv
0x00007fffca142000 	/System/Library/Frameworks/Carbon.framework/Versions/A/Frameworks/HIToolbox.framework/Versions/A/HIToolbox
0x00007fffdf92c000 	/usr/lib/libicucore.A.dylib
0x00007fffe06da000 	/usr/lib/libz.1.dylib
0x00007fffd0aec000 	/System/Library/Frameworks/QuartzCore.framework/Versions/A/QuartzCore
0x00007fffca50e000 	/System/Library/Frameworks/Carbon.framework/Versions/A/Frameworks/SpeechRecognition.framework/Versions/A/SpeechRecognition
0x00007fffdf34a000 	/usr/lib/libauto.dylib
0x00007fffe05c0000 	/usr/lib/libxml2.2.dylib
0x00007fffd6c96000 	/System/Library/PrivateFrameworks/CoreUI.framework/Versions/A/CoreUI
0x00007fffca73f000 	/System/Library/Frameworks/CoreAudio.framework/Versions/A/CoreAudio
0x00007fffcc48b000 	/System/Library/Frameworks/DiskArbitration.framework/Versions/A/DiskArbitration
0x00007fffdfb57000 	/usr/lib/liblangid.dylib
0x00007fffdab15000 	/System/Library/PrivateFrameworks/MultitouchSupport.framework/Versions/A/MultitouchSupport
0x00007fffccb89000 	/System/Library/Frameworks/IOKit.framework/Versions/A/IOKit
0x00007fffdef79000 	/usr/lib/libDiagnosticMessagesClient.dylib
0x00007fffcba6f000 	/System/Library/Frameworks/CoreServices.framework/Versions/A/CoreServices
0x00007fffdb4d2000 	/System/Library/PrivateFrameworks/PerformanceAnalysis.framework/Versions/A/PerformanceAnalysis
0x00007fffd8f64000 	/System/Library/PrivateFrameworks/GenerationalStorage.framework/Versions/A/GenerationalStorage
0x00007fffcfdba000 	/System/Library/Frameworks/OpenGL.framework/Versions/A/OpenGL
0x00007fffdfee0000 	/usr/lib/libobjc.A.dylib
0x00007fffcab8f000 	/System/Library/Frameworks/CoreFoundation.framework/Versions/A/CoreFoundation
0x00007fffcb6c7000 	/System/Library/Frameworks/CoreImage.framework/Versions/A/CoreImage
0x00007fffcc198000 	/System/Library/Frameworks/CoreText.framework/Versions/A/CoreText
0x00007fffccc79000 	/System/Library/Frameworks/ImageIO.framework/Versions/A/ImageIO
0x00007fffd4853000 	/System/Library/PrivateFrameworks/Backup.framework/Versions/A/Backup
0x00007fffdf225000 	/usr/lib/libarchive.2.dylib
0x00007fffc9d49000 	/System/Library/Frameworks/CFNetwork.framework/Versions/A/CFNetwork
0x00007fffd1980000 	/System/Library/Frameworks/SystemConfiguration.framework/Versions/A/SystemConfiguration
0x00007fffdeec0000 	/usr/lib/libCRFSuite.dylib
0x00007fffdf36b000 	/usr/lib/libc++.1.dylib
0x00007fffdf3c2000 	/usr/lib/libc++abi.dylib
0x00007fffe06fa000 	/usr/lib/system/libcache.dylib
0x00007fffe06ff000 	/usr/lib/system/libcommonCrypto.dylib
0x00007fffe070a000 	/usr/lib/system/libcompiler_rt.dylib
0x00007fffe0712000 	/usr/lib/system/libcopyfile.dylib
0x00007fffe071b000 	/usr/lib/system/libcorecrypto.dylib
0x00007fffe079f000 	/usr/lib/system/libdispatch.dylib
0x00007fffe07d1000 	/usr/lib/system/libdyld.dylib
0x00007fffe07d7000 	/usr/lib/system/libkeymgr.dylib
0x00007fffe07e5000 	/usr/lib/system/liblaunch.dylib
0x00007fffe07e6000 	/usr/lib/system/libmacho.dylib
0x00007fffe07ec000 	/usr/lib/system/libquarantine.dylib
0x00007fffe07ef000 	/usr/lib/system/libremovefile.dylib
0x00007fffe07f1000 	/usr/lib/system/libsystem_asl.dylib
0x00007fffe080a000 	/usr/lib/system/libsystem_blocks.dylib
0x00007fffe080b000 	/usr/lib/system/libsystem_c.dylib
0x00007fffe0899000 	/usr/lib/system/libsystem_configuration.dylib
0x00007fffe089d000 	/usr/lib/system/libsystem_coreservices.dylib
0x00007fffe08a1000 	/usr/lib/system/libsystem_coretls.dylib
0x00007fffe08ba000 	/usr/lib/system/libsystem_dnssd.dylib
0x00007fffe08c1000 	/usr/lib/system/libsystem_info.dylib
0x00007fffe08eb000 	/usr/lib/system/libsystem_kernel.dylib
0x00007fffe090e000 	/usr/lib/system/libsystem_m.dylib
0x00007fffe0956000 	/usr/lib/system/libsystem_malloc.dylib
0x00007fffe0975000 	/usr/lib/system/libsystem_network.dylib
0x00007fffe09cf000 	/usr/lib/system/libsystem_networkextension.dylib
0x00007fffe09d9000 	/usr/lib/system/libsystem_notify.dylib
0x00007fffe09e3000 	/usr/lib/system/libsystem_platform.dylib
0x00007fffe09ec000 	/usr/lib/system/libsystem_pthread.dylib
0x00007fffe09f7000 	/usr/lib/system/libsystem_sandbox.dylib
0x00007fffe09fb000 	/usr/lib/system/libsystem_secinit.dylib
0x00007fffe09fd000 	/usr/lib/system/libsystem_symptoms.dylib
0x00007fffe0a05000 	/usr/lib/system/libsystem_trace.dylib
0x00007fffe0a19000 	/usr/lib/system/libunwind.dylib
0x00007fffe0a1f000 	/usr/lib/system/libxpc.dylib
0x00007fffdf34b000 	/usr/lib/libbsm.0.dylib
0x00007fffe07d8000 	/usr/lib/system/libkxld.dylib
0x00007fffdf414000 	/usr/lib/libcoretls.dylib
0x00007fffdf415000 	/usr/lib/libcoretls_cfhelpers.dylib
0x00007fffdf1b2000 	/usr/lib/libOpenScriptingUtil.dylib
0x00007fffe02b8000 	/usr/lib/libpam.2.dylib
0x00007fffe0377000 	/usr/lib/libsqlite3.dylib
0x00007fffe05b2000 	/usr/lib/libxar.1.dylib
0x00007fffdf35c000 	/usr/lib/libbz2.1.0.dylib
0x00007fffdfb59000 	/usr/lib/liblzma.5.dylib
0x00007fffdfe65000 	/usr/lib/libnetwork.dylib
0x00007fffe02bd000 	/usr/lib/libpcap.A.dylib
0x00007fffcbdd2000 	/System/Library/Frameworks/CoreServices.framework/Versions/A/Frameworks/FSEvents.framework/Versions/A/FSEvents
0x00007fffcbac2000 	/System/Library/Frameworks/CoreServices.framework/Versions/A/Frameworks/CarbonCore.framework/Versions/A/CarbonCore
0x00007fffcbf48000 	/System/Library/Frameworks/CoreServices.framework/Versions/A/Frameworks/Metadata.framework/Versions/A/Metadata
0x00007fffcbff9000 	/System/Library/Frameworks/CoreServices.framework/Versions/A/Frameworks/OSServices.framework/Versions/A/OSServices
0x00007fffcc059000 	/System/Library/Frameworks/CoreServices.framework/Versions/A/Frameworks/SearchKit.framework/Versions/A/SearchKit
0x00007fffcba70000 	/System/Library/Frameworks/CoreServices.framework/Versions/A/Frameworks/AE.framework/Versions/A/AE
0x00007fffcbddb000 	/System/Library/Frameworks/CoreServices.framework/Versions/A/Frameworks/LaunchServices.framework/Versions/A/LaunchServices
0x00007fffcbd9e000 	/System/Library/Frameworks/CoreServices.framework/Versions/A/Frameworks/DictionaryServices.framework/Versions/A/DictionaryServices
0x00007fffcc0ca000 	/System/Library/Frameworks/CoreServices.framework/Versions/A/Frameworks/SharedFileList.framework/Versions/A/SharedFileList
0x00007fffcee16000 	/System/Library/Frameworks/NetFS.framework/Versions/A/NetFS
0x00007fffdabef000 	/System/Library/PrivateFrameworks/NetAuth.framework/Versions/A/NetAuth
0x00007fffdee69000 	/System/Library/PrivateFrameworks/login.framework/Versions/A/Frameworks/loginsupport.framework/Versions/A/loginsupport
0x00007fffdda5a000 	/System/Library/PrivateFrameworks/TCC.framework/Versions/A/TCC
0x00007fffdfb8a000 	/usr/lib/libmecabra.dylib
0x00007fffc94b1000 	/System/Library/Frameworks/ApplicationServices.framework/Versions/A/Frameworks/ATS.framework/Versions/A/ATS
0x00007fffc9830000 	/System/Library/Frameworks/ApplicationServices.framework/Versions/A/Frameworks/ColorSync.framework/Versions/A/ColorSync
0x00007fffc98db000 	/System/Library/Frameworks/ApplicationServices.framework/Versions/A/Frameworks/HIServices.framework/Versions/A/HIServices
0x00007fffc992d000 	/System/Library/Frameworks/ApplicationServices.framework/Versions/A/Frameworks/LangAnalysis.framework/Versions/A/LangAnalysis
0x00007fffc993d000 	/System/Library/Frameworks/ApplicationServices.framework/Versions/A/Frameworks/PrintCore.framework/Versions/A/PrintCore
0x00007fffc998b000 	/System/Library/Frameworks/ApplicationServices.framework/Versions/A/Frameworks/QD.framework/Versions/A/QD
0x00007fffc99c7000 	/System/Library/Frameworks/ApplicationServices.framework/Versions/A/Frameworks/SpeechSynthesis.framework/Versions/A/SpeechSynthesis
0x00007fffc75a1000 	/System/Library/Frameworks/Accelerate.framework/Versions/A/Frameworks/vImage.framework/Versions/A/vImage
0x00007fffc8406000 	/System/Library/Frameworks/Accelerate.framework/Versions/A/Frameworks/vecLib.framework/Versions/A/vecLib
0x00007fffc8200000 	/System/Library/Frameworks/Accelerate.framework/Versions/A/Frameworks/vecLib.framework/Versions/A/libvDSP.dylib
0x00007fffc7daa000 	/System/Library/Frameworks/Accelerate.framework/Versions/A/Frameworks/vecLib.framework/Versions/A/libBNNS.dylib
0x00007fffc81e5000 	/System/Library/Frameworks/Accelerate.framework/Versions/A/Frameworks/vecLib.framework/Versions/A/libQuadrature.dylib
0x00007fffc834e000 	/System/Library/Frameworks/Accelerate.framework/Versions/A/Frameworks/vecLib.framework/Versions/A/libvMisc.dylib
0x00007fffc7dc2000 	/System/Library/Frameworks/Accelerate.framework/Versions/A/Frameworks/vecLib.framework/Versions/A/libLAPACK.dylib
0x00007fffc7be2000 	/System/Library/Frameworks/Accelerate.framework/Versions/A/Frameworks/vecLib.framework/Versions/A/libBLAS.dylib
0x00007fffc81ce000 	/System/Library/Frameworks/Accelerate.framework/Versions/A/Frameworks/vecLib.framework/Versions/A/libLinearAlgebra.dylib
0x00007fffc81ec000 	/System/Library/Frameworks/Accelerate.framework/Versions/A/Frameworks/vecLib.framework/Versions/A/libSparseBLAS.dylib
0x00007fffc95b9000 	/System/Library/Frameworks/ApplicationServices.framework/Versions/A/Frameworks/ATS.framework/Versions/A/Resources/libFontParser.dylib
0x00007fffc96e9000 	/System/Library/Frameworks/ApplicationServices.framework/Versions/A/Frameworks/ATS.framework/Versions/A/Resources/libFontRegistry.dylib
0x00007fffcced4000 	/System/Library/Frameworks/ImageIO.framework/Versions/A/Resources/libJPEG.dylib
0x00007fffccf22000 	/System/Library/Frameworks/ImageIO.framework/Versions/A/Resources/libTIFF.dylib
0x00007fffccef8000 	/System/Library/Frameworks/ImageIO.framework/Versions/A/Resources/libPng.dylib
0x00007fffccddd000 	/System/Library/Frameworks/ImageIO.framework/Versions/A/Resources/libGIF.dylib
0x00007fffccde2000 	/System/Library/Frameworks/ImageIO.framework/Versions/A/Resources/libJP2.dylib
0x00007fffccf1f000 	/System/Library/Frameworks/ImageIO.framework/Versions/A/Resources/libRadiance.dylib
0x00007fffdf3fd000 	/usr/lib/libcompression.dylib
0x00007fffd4395000 	/System/Library/PrivateFrameworks/AppleJPEG.framework/Versions/A/AppleJPEG
0x00007fffdf753000 	/usr/lib/libcups.2.dylib
0x00007fffcdcd9000 	/System/Library/Frameworks/Kerberos.framework/Versions/A/Kerberos
0x00007fffcc9f4000 	/System/Library/Frameworks/GSS.framework/Versions/A/GSS
0x00007fffe030b000 	/usr/lib/libresolv.9.dylib
0x00007fffdf839000 	/usr/lib/libiconv.2.dylib
0x00007fffd9691000 	/System/Library/PrivateFrameworks/Heimdal.framework/Versions/A/Heimdal
0x00007fffdf833000 	/usr/lib/libheimdal-asn1.dylib
0x00007fffcf22f000 	/System/Library/Frameworks/OpenDirectory.framework/Versions/A/OpenDirectory
0x00007fffd5ea8000 	/System/Library/PrivateFrameworks/CommonAuth.framework/Versions/A/CommonAuth
0x00007fffcf215000 	/System/Library/Frameworks/OpenDirectory.framework/Versions/A/Frameworks/CFOpenDirectory.framework/Versions/A/CFOpenDirectory
0x00007fffd1556000 	/System/Library/Frameworks/SecurityFoundation.framework/Versions/A/SecurityFoundation
0x00007fffd9e49000 	/System/Library/PrivateFrameworks/LanguageModeling.framework/Versions/A/LanguageModeling
0x00007fffdfb73000 	/usr/lib/libmarisa.dylib
0x00007fffdeedc000 	/usr/lib/libChineseTokenizer.dylib
0x00007fffdf3ec000 	/usr/lib/libcmph.dylib
0x00007fffd65fa000 	/System/Library/PrivateFrameworks/CoreEmoji.framework/Versions/A/CoreEmoji
0x00007fffd15f6000 	/System/Library/Frameworks/ServiceManagement.framework/Versions/A/ServiceManagement
0x00007fffe06b0000 	/usr/lib/libxslt.1.dylib
0x00007fffca456000 	/System/Library/Frameworks/Carbon.framework/Versions/A/Frameworks/Ink.framework/Versions/A/Ink
0x00007fffddaec000 	/System/Library/PrivateFrameworks/TextureIO.framework/Versions/A/TextureIO
0x00007fffce4d2000 	/System/Library/Frameworks/Metal.framework/Versions/A/Metal
0x00007fffdf251000 	/usr/lib/libate.dylib
0x00007fffd8c93000 	/System/Library/PrivateFrameworks/GPUCompiler.framework/libmetal_timestamp.dylib
0x00007fffcf23e000 	/System/Library/Frameworks/OpenGL.framework/Versions/A/Libraries/libCoreFSCache.dylib
0x00007fffd9d22000 	/System/Library/PrivateFrameworks/IOAccelerator.framework/Versions/A/IOAccelerator
0x00007fffcc2e6000 	/System/Library/Frameworks/CoreVideo.framework/Versions/A/CoreVideo
0x00007fffdef7b000 	/usr/lib/libFosl_dynamic.dylib
0x00007fffda921000 	/System/Library/PrivateFrameworks/MetalPerformanceShaders.framework/Versions/A/MetalPerformanceShaders
0x00007fffd750b000 	/System/Library/PrivateFrameworks/FaceCore.framework/Versions/A/FaceCore
0x00007fffcf1c6000 	/System/Library/Frameworks/OpenCL.framework/Versions/A/OpenCL
0x00007fffcf411000 	/System/Library/Frameworks/OpenGL.framework/Versions/A/Libraries/libGLU.dylib
0x00007fffcf247000 	/System/Library/Frameworks/OpenGL.framework/Versions/A/Libraries/libGFXShared.dylib
0x00007fffcf251000 	/System/Library/Frameworks/OpenGL.framework/Versions/A/Libraries/libGL.dylib
0x00007fffcf25d000 	/System/Library/Frameworks/OpenGL.framework/Versions/A/Libraries/libGLImage.dylib
0x00007fffcf23b000 	/System/Library/Frameworks/OpenGL.framework/Versions/A/Libraries/libCVMSPluginSupport.dylib
0x00007fffcf242000 	/System/Library/Frameworks/OpenGL.framework/Versions/A/Libraries/libCoreVMClient.dylib
0x00007fffd6f5c000 	/System/Library/PrivateFrameworks/CrashReporterSupport.framework/Versions/A/CrashReporterSupport
0x00007fffdc9ad000 	/System/Library/PrivateFrameworks/Sharing.framework/Versions/A/Sharing
0x00007fffd9d40000 	/System/Library/PrivateFrameworks/IconServices.framework/Versions/A/IconServices
0x00007fffdbbfb000 	/System/Library/PrivateFrameworks/ProtocolBuffer.framework/Versions/A/ProtocolBuffer
0x00007fffd4270000 	/System/Library/PrivateFrameworks/Apple80211.framework/Versions/A/Apple80211
0x00007fffcc31c000 	/System/Library/Frameworks/CoreWLAN.framework/Versions/A/CoreWLAN
0x00007fffd6dd6000 	/System/Library/PrivateFrameworks/CoreUtils.framework/Versions/A/CoreUtils
0x00007fffccae5000 	/System/Library/Frameworks/IOBluetooth.framework/Versions/A/IOBluetooth
0x00007fffd6ef6000 	/System/Library/PrivateFrameworks/CoreWiFi.framework/Versions/A/CoreWiFi
0x00007fffca7cd000 	/System/Library/Frameworks/CoreBluetooth.framework/Versions/A/CoreBluetooth
0x00007fffcaae1000 	/System/Library/Frameworks/CoreDisplay.framework/Versions/A/CoreDisplay
0x00007fffd9d2b000 	/System/Library/PrivateFrameworks/IOPresentment.framework/Versions/A/IOPresentment
0x00007fffd6fe7000 	/System/Library/PrivateFrameworks/DSExternalDisplay.framework/Versions/A/DSExternalDisplay
0x00007fffd70d2000 	/System/Library/PrivateFrameworks/DebugSymbols.framework/Versions/A/DebugSymbols
0x00007fffd6c06000 	/System/Library/PrivateFrameworks/CoreSymbolication.framework/Versions/A/CoreSymbolication
0x00007fffdd5a7000 	/System/Library/PrivateFrameworks/Symbolication.framework/Versions/A/Symbolication
0x00007fffd4293000 	/System/Library/PrivateFrameworks/AppleFSCompression.framework/Versions/A/AppleFSCompression
0x00007fffdceaf000 	/System/Library/PrivateFrameworks/SpeechRecognitionCore.framework/Versions/A/SpeechRecognitionCore
0x00007fffd555c000 	/System/Library/PrivateFrameworks/ChunkingLibrary.framework/Versions/A/ChunkingLibrary
0x0000000108c00000 	/Applications/Android Studio.app/Contents/jre/Contents/Home/lib/server/libjvm.dylib
0x000000010832d000 	/Applications/Android Studio.app/Contents/jre/Contents/Home/lib/libverify.dylib
0x0000000108340000 	/Applications/Android Studio.app/Contents/jre/Contents/Home/lib/libjava.dylib
0x000000010837a000 	/Applications/Android Studio.app/Contents/jre/Contents/Home/lib/libjimage.dylib
0x0000000108396000 	/Applications/Android Studio.app/Contents/jre/Contents/Home/lib/libzip.dylib
0x0000000110e6b000 	/Applications/Android Studio.app/Contents/jre/Contents/Home/lib/libnio.dylib
0x00000001158e5000 	/Applications/Android Studio.app/Contents/jre/Contents/Home/lib/./libnet.dylib
0x00000001083f0000 	/Users/mac/.gradle/native/8bec1ad78214c89d9ad589b4d07fe93259594b29d510b10fafb7a158f7737e5d/osx-amd64/libnative-platform.dylib
0x0000000115b95000 	/Users/mac/.gradle/native/53dbd7edfb1c66fb8903c78663c9afc45aea4f116125fa6feffd364cf09443e8/osx-amd64/libnative-platform-file-events.dylib
0x0000000110e86000 	/Applications/Android Studio.app/Contents/jre/Contents/Home/lib/libmanagement.dylib
0x00000001162e8000 	/Applications/Android Studio.app/Contents/jre/Contents/Home/lib/libmanagement_ext.dylib
0x00000001164f8000 	/Applications/Android Studio.app/Contents/jre/Contents/Home/lib/libextnet.dylib


VM Arguments:
jvm_args: --add-opens=java.base/java.util=ALL-UNNAMED --add-opens=java.base/java.lang=ALL-UNNAMED --add-opens=java.base/java.lang.invoke=ALL-UNNAMED --add-opens=java.base/java.util=ALL-UNNAMED --add-opens=java.prefs/java.util.prefs=ALL-UNNAMED --add-opens=java.prefs/java.util.prefs=ALL-UNNAMED --add-opens=java.base/java.nio.charset=ALL-UNNAMED --add-opens=java.base/java.net=ALL-UNNAMED --add-opens=java.base/java.util.concurrent.atomic=ALL-UNNAMED -Xmx2048m -Dfile.encoding=UTF-8 -Duser.country=US -Duser.language=en -Duser.variant 
java_command: org.gradle.launcher.daemon.bootstrap.GradleDaemon 7.0.2
java_class_path (initial): /Users/mac/.gradle/wrapper/dists/gradle-7.0.2-bin/857tjihv64xamwrf0h14cai3r/gradle-7.0.2/lib/gradle-launcher-7.0.2.jar
Launcher Type: SUN_STANDARD

[Global flags]
     intx CICompilerCount                          = 3                                         {product} {ergonomic}
     uint ConcGCThreads                            = 1                                         {product} {ergonomic}
     uint G1ConcRefinementThreads                  = 4                                         {product} {ergonomic}
   size_t G1HeapRegionSize                         = 1048576                                   {product} {ergonomic}
    uintx GCDrainStackTargetSize                   = 64                                        {product} {ergonomic}
   size_t InitialHeapSize                          = 67108864                                  {product} {ergonomic}
   size_t MarkStackSize                            = 4194304                                   {product} {ergonomic}
   size_t MaxHeapSize                              = 2147483648                                {product} {command line}
   size_t MaxNewSize                               = 1287651328                                {product} {ergonomic}
   size_t MinHeapDeltaBytes                        = 1048576                                   {product} {ergonomic}
    uintx NonNMethodCodeHeapSize                   = 5830732                                {pd product} {ergonomic}
    uintx NonProfiledCodeHeapSize                  = 122913754                              {pd product} {ergonomic}
    uintx ProfiledCodeHeapSize                     = 122913754                              {pd product} {ergonomic}
    uintx ReservedCodeCacheSize                    = 251658240                              {pd product} {ergonomic}
     bool SegmentedCodeCache                       = true                                      {product} {ergonomic}
     bool UseCompressedClassPointers               = true                                 {lp64_product} {ergonomic}
     bool UseCompressedOops                        = true                                 {lp64_product} {ergonomic}
     bool UseG1GC                                  = true                                      {product} {ergonomic}

Logging:
Log output configuration:
 #0: stdout all=warning uptime,level,tags
 #1: stderr all=off uptime,level,tags

Environment Variables:
PATH=/usr/local/bin:/usr/bin:/bin:/usr/sbin:/sbin
SHELL=/bin/bash
LC_CTYPE=en_US.UTF-8

Signal Handlers:
SIGSEGV: [libjvm.dylib+0x78fc66], sa_mask[0]=11111111011111110111111111111111, sa_flags=SA_ONSTACK|SA_RESTART|SA_SIGINFO
SIGBUS: [libjvm.dylib+0x78fc66], sa_mask[0]=11111111011111110111111111111111, sa_flags=SA_RESTART|SA_SIGINFO
SIGFPE: [libjvm.dylib+0x78fc66], sa_mask[0]=11111111011111110111111111111111, sa_flags=SA_RESTART|SA_SIGINFO
SIGPIPE: [libjvm.dylib+0x5feb77], sa_mask[0]=11111111011111110111111111111111, sa_flags=SA_RESTART|SA_SIGINFO
SIGXFSZ: [libjvm.dylib+0x5feb77], sa_mask[0]=11111111011111110111111111111111, sa_flags=SA_RESTART|SA_SIGINFO
SIGILL: [libjvm.dylib+0x78fc66], sa_mask[0]=11111111011111110111111111111111, sa_flags=SA_RESTART|SA_SIGINFO
SIGUSR2: [libjvm.dylib+0x5ff156], sa_mask[0]=00100000000000000000000000000000, sa_flags=SA_RESTART|SA_SIGINFO
SIGHUP: [libjvm.dylib+0x5fdc3f], sa_mask[0]=11111111011111110111111111111111, sa_flags=SA_RESTART|SA_SIGINFO
SIGINT: [libjvm.dylib+0x5fdc3f], sa_mask[0]=11111111011111110111111111111111, sa_flags=SA_RESTART|SA_SIGINFO
SIGTERM: [libjvm.dylib+0x5fdc3f], sa_mask[0]=11111111011111110111111111111111, sa_flags=SA_RESTART|SA_SIGINFO
SIGQUIT: [libjvm.dylib+0x5fdc3f], sa_mask[0]=11111111011111110111111111111111, sa_flags=SA_RESTART|SA_SIGINFO


---------------  S Y S T E M  ---------------

OS:uname:Darwin 16.7.0 Darwin Kernel Version 16.7.0: Thu Jun 15 17:36:27 PDT 2017; root:xnu-3789.70.16~2/RELEASE_X86_64 x86_64
OS uptime: 0 days 2:26 hours
rlimit (soft/hard): STACK 8192k/65532k , CORE 0k/infinity , NPROC 709/1064 , NOFILE 10240/infinity , AS infinity/infinity , CPU infinity/infinity , DATA infinity/infinity , FSIZE infinity/infinity , MEMLOCK infinity/infinity , RSS infinity/infinity
load average:2.65 4.16 3.77

CPU:total 4 (initial active 4) (2 cores per cpu, 2 threads per core) family 6 model 42 stepping 7 microcode 0x2f, cmov, cx8, fxsr, mmx, sse, sse2, sse3, ssse3, sse4.1, sse4.2, popcnt, avx, aes, clmul, ht, tsc, tscinvbit

Memory: 4k page, physical 4194304k(86428k free), swap 1048576k(710400k free)

vm_info: OpenJDK 64-Bit Server VM (11.0.10+0-b96-7281165) for bsd-amd64 JRE (11.0.10+0-b96-7281165), built on Apr 14 2021 15:20:36 by "builder" with gcc Android (6875598, based on r399163b) Clang 11.0.5 (https://android.googlesource.com/toolchain/llvm-project 87f1315dfbea7c137aa2e6d362dbb457e388158d)

END.
