#
# A fatal error has been detected by the Java Runtime Environment:
#
#  SIGSEGV (0xb) at pc=0x00000001083db8eb, pid=1405, tid=23299
#
# JRE version: OpenJDK Runtime Environment (11.0.10) (build 11.0.10+0-b96-7281165)
# Java VM: OpenJDK 64-Bit Server VM (11.0.10+0-b96-7281165, mixed mode, tiered, compressed oops, g1 gc, bsd-amd64)
# Problematic frame:
# V  [libjvm.dylib+0x1db8eb]  ciObjectFactory::remove_symbols()+0x1d
#
# No core dump will be written. Core dumps have been disabled. To enable core dumping, try "ulimit -c unlimited" before starting Java again
#
# If you would like to submit a bug report, please visit:
#   https://bugreport.java.com/bugreport/crash.jsp
#

---------------  S U M M A R Y ------------

Command Line: --add-opens=java.base/java.util=ALL-UNNAMED --add-opens=java.base/java.lang=ALL-UNNAMED --add-opens=java.base/java.lang.invoke=ALL-UNNAMED --add-opens=java.base/java.util=ALL-UNNAMED --add-opens=java.prefs/java.util.prefs=ALL-UNNAMED --add-opens=java.prefs/java.util.prefs=ALL-UNNAMED --add-opens=java.base/java.nio.charset=ALL-UNNAMED --add-opens=java.base/java.net=ALL-UNNAMED --add-opens=java.base/java.util.concurrent.atomic=ALL-UNNAMED -Xmx2048m -Dfile.encoding=UTF-8 -Duser.country=US -Duser.language=en -Duser.variant org.gradle.launcher.daemon.bootstrap.GradleDaemon 7.0.2

Host: MacBookAir4,1 x86_64 1600 MHz, 4 cores, 4G, Darwin 16.7.0
Time: Mon Sep 27 16:57:07 2021 EAT elapsed time: 10.053261 seconds (0d 0h 0m 10s)

---------------  T H R E A D  ---------------

Current thread (0x00007fcaa281f000):  JavaThread "C2 CompilerThread0" daemon [_thread_in_vm, id=23299, stack(0x000070000a243000,0x000070000a343000)]


Current CompileTask:
C2:  10053 4334       4       java.lang.invoke.MethodType$ConcurrentWeakInternSet::get (54 bytes)

Stack: [0x000070000a243000,0x000070000a343000],  sp=0x000070000a342a50,  free space=1022k
Native frames: (J=compiled Java code, A=aot compiled Java code, j=interpreted, Vv=VM code, C=native code)
V  [libjvm.dylib+0x1db8eb]  ciObjectFactory::remove_symbols()+0x1d
V  [libjvm.dylib+0x1c8c37]  ciEnv::~ciEnv()+0x5b
V  [libjvm.dylib+0x235443]  CompileBroker::invoke_compiler_on_method(CompileTask*)+0x667
V  [libjvm.dylib+0x234c67]  CompileBroker::compiler_thread_loop()+0x1ad
V  [libjvm.dylib+0x748546]  JavaThread::thread_main_inner()+0x82
V  [libjvm.dylib+0x748396]  JavaThread::run()+0x178
V  [libjvm.dylib+0x7462b0]  Thread::call_run()+0x68
V  [libjvm.dylib+0x5fc9b9]  thread_native_entry(Thread*)+0x12d
C  [libsystem_pthread.dylib+0x393b]  _pthread_body+0xb4
C  [libsystem_pthread.dylib+0x3887]  _pthread_body+0x0
C  [libsystem_pthread.dylib+0x308d]  thread_start+0xd


siginfo: si_signo: 11 (SIGSEGV), si_code: 1 (SEGV_MAPERR), si_addr: 0x00007f8aa4e30860

Register to memory mapping:

RAX=0x00007f8aa4e30850 is an unknown value
RBX=0x00000000000000e4 is an unknown value
RCX=0x0000000000000155 is an unknown value
RDX=0x000000024fee0e73 is an unknown value
RSP=0x000070000a342a50 is pointing into the stack for thread: 0x00007fcaa281f000
RBP=0x000070000a342a60 is pointing into the stack for thread: 0x00007fcaa281f000
RSI=0x0000000000000001 is an unknown value
RDI=0x0000000114d73b70 points into unknown readable memory: 0x616a7236ffff002b | 2b 00 ff ff 36 72 6a 61
R8 =0x000000000000000c is an unknown value
R9 =0x00007fff8b607a50: __vfprintf+0x4699 in /usr/lib/system/libsystem_c.dylib at 0x00007fff8b5bd000
R10=0x0000000000000006 is an unknown value
R11=0x00007fc999e3d451 is an unknown value
R12=0x00007fcaa1d16180 points into unknown readable memory: 0x00007fcaa1d16210 | 10 62 d1 a1 ca 7f 00 00
R13=0x0 is NULL
R14=0x00007fcaa6393730 points into unknown readable memory: 0x000070000a342be8 | e8 2b 34 0a 00 70 00 00
R15=0x00007fcaa281f000 is a thread


Registers:
RAX=0x00007f8aa4e30850, RBX=0x00000000000000e4, RCX=0x0000000000000155, RDX=0x000000024fee0e73
RSP=0x000070000a342a50, RBP=0x000070000a342a60, RSI=0x0000000000000001, RDI=0x0000000114d73b70
R8 =0x000000000000000c, R9 =0x00007fff8b607a50, R10=0x0000000000000006, R11=0x00007fc999e3d451
R12=0x00007fcaa1d16180, R13=0x0000000000000000, R14=0x00007fcaa6393730, R15=0x00007fcaa281f000
RIP=0x00000001083db8eb, EFLAGS=0x0000000000010293, ERR=0x0000000000000004
  TRAPNO=0x000000000000000e

Top of Stack: (sp=0x000070000a342a50)
0x000070000a342a50:   00007fcaa281f000 000070000a342be0
0x000070000a342a60:   000070000a342a90 00000001083c8c37
0x000070000a342a70:   00007fcaa281f000 00007fcaa281f000
0x000070000a342a80:   0000000000000000 0000000000000000
0x000070000a342a90:   000070000a342cf0 0000000108435443
0x000070000a342aa0:   00007fcaa1d0e370 00007fcaa1d0e3a0
0x000070000a342ab0:   00007fcaa1d0e3b0 00007fcaa1d0e788
0x000070000a342ac0:   00000000000003d8 0000000002c0cc46
0x000070000a342ad0:   0000000000000000 0000000000000000
0x000070000a342ae0:   0000000000000000 0000000000008897
0x000070000a342af0:   0000279b0000007b 0000000000ebc0ea
0x000070000a342b00:   00000000011a76d2 000000000016bd95
0x000070000a342b10:   00000001147c0001 00000000069f49c5
0x000070000a342b20:   000000024fee0e73 000000000007da00
0x000070000a342b30:   000070000a342b80 00000001089d5408
0x000070000a342b40:   0000000000000000 0000000000000000
0x000070000a342b50:   00007fcaa1d0e230 0000000108b9f478
0x000070000a342b60:   000070000a342ba0 00007fff8b5ce47a
0x000070000a342b70:   0000000000000000 0000000114d5ccc0
0x000070000a342b80:   00000000069f49c5 000070000a342bb8
0x000070000a342b90:   000070000a342b00 000010ee08956cfd
0x000070000a342ba0:   00007fcaa1d07d60 00007fcaa281f000
0x000070000a342bb0:   0000000000000000 0000000000000004
0x000070000a342bc0:   00007fcaa281f000 00007fcaa1d16180
0x000070000a342bd0:   00007fcaa1d0e1d0 ffffffff089568ff
0x000070000a342be0:   000070000a342be8 00007fca00000006
0x000070000a342bf0:   00007fcaa6393720 00007fcaa5ad4400
0x000070000a342c00:   00007fcaa5adae90 00007fcaa5adc3e8
0x000070000a342c10:   0000000000040298 00000001000028f2
0x000070000a342c20:   00007fcaa6393730 00007fcaa1d0e480
0x000070000a342c30:   00007fcaa1d0e4e0 00007fcaa685b7f0
0x000070000a342c40:   0000000000000000 0000000008566b01 

Instructions: (pc=0x00000001083db8eb)
0x00000001083db7eb:   7f 08 8b 07 41 39 c4 74 33 85 c0 7e 29 ff c8 48
0x00000001083db7fb:   8b 4f 18 31 db 8d 14 18 d1 ea 48 8b 34 d1 4c 39
0x00000001083db80b:   76 10 73 06 ff c2 89 d3 eb 06 76 0e ff ca 89 d0
0x00000001083db81b:   39 d8 7d e1 eb 06 31 db eb 02 89 d3 4c 8d 75 d8
0x00000001083db82b:   89 de 4c 89 f2 e8 2b 07 00 00 49 8b 06 48 83 c4
0x00000001083db83b:   10 5b 41 5c 41 5e 41 5f 5d c3 90 55 48 89 e5 41
0x00000001083db84b:   57 41 56 53 50 48 89 f3 49 89 fe 48 89 f7 e8 ee
0x00000001083db85b:   90 5b 00 85 c0 74 0f 48 98 48 8d 0d 65 de 7a 00
0x00000001083db86b:   48 8b 04 c1 eb 3d 49 8b 36 bf 20 00 00 00 e8 12
0x00000001083db87b:   5a f1 ff 48 85 c0 74 12 49 89 c7 48 89 c7 48 89
0x00000001083db88b:   de 31 d2 e8 a9 36 00 00 eb 03 45 31 ff 48 8d 5d
0x00000001083db89b:   e0 4c 89 3b 49 8b 7e 30 48 89 de e8 97 13 00 00
0x00000001083db8ab:   48 8b 03 48 83 c4 08 5b 41 5e 41 5f 5d c3 90 55
0x00000001083db8bb:   48 89 e5 48 63 c7 48 8d 0d 08 de 7a 00 48 8b 04
0x00000001083db8cb:   c1 5d c3 55 48 89 e5 41 56 53 48 8b 47 30 83 38
0x00000001083db8db:   00 7e 25 49 89 fe 31 db 48 8b 40 18 48 8b 04 d8
0x00000001083db8eb:   48 8b 78 10 e8 a2 03 54 00 48 ff c3 49 8b 46 30
0x00000001083db8fb:   48 63 08 48 39 cb 7c e0 5b 41 5e 5d c3 55 48 89
0x00000001083db90b:   e5 41 57 41 56 53 50 48 89 f3 49 89 ff e8 8d 00
0x00000001083db91b:   00 00 49 89 c6 48 8b 00 48 85 c0 74 05 48 8b 18
0x00000001083db92b:   eb 6e 48 85 db 74 22 48 8d 3d 07 60 7a 00 ff 17
0x00000001083db93b:   48 8b 00 48 8b b8 80 02 00 00 be 08 00 00 00 31
0x00000001083db94b:   d2 e8 9f 3e ff ff 48 89 18 4c 89 ff 48 89 de e8
0x00000001083db95b:   ed 00 00 00 48 89 c3 41 8b 77 38 8d 46 01 41 89
0x00000001083db96b:   47 38 48 89 df e8 49 c2 fe ff 49 8b 37 bf 10 00
0x00000001083db97b:   00 00 e8 0e 59 f1 ff 48 85 c0 74 0d 48 89 18 49
0x00000001083db98b:   8b 0e 48 89 48 08 49 89 06 41 ff 87 28 02 00 00
0x00000001083db99b:   48 89 d8 48 83 c4 08 5b 41 5e 41 5f 5d c3 90 55
0x00000001083db9ab:   48 89 e5 41 57 41 56 53 50 49 89 f7 49 89 fe 48
0x00000001083db9bb:   8d 05 d8 27 7b 00 80 38 00 74 16 41 8b 77 08 48
0x00000001083db9cb:   8d 05 8f f0 78 00 8a 48 08 48 d3 e6 48 03 30 eb
0x00000001083db9db:   04 49 8b 77 08 4c 89 f7 e8 90 fd ff ff 48 89 c7 


Stack slot to memory mapping:
stack at sp + 0 slots: 0x00007fcaa281f000 is a thread
stack at sp + 1 slots: 0x000070000a342be0 is pointing into the stack for thread: 0x00007fcaa281f000
stack at sp + 2 slots: 0x000070000a342a90 is pointing into the stack for thread: 0x00007fcaa281f000
stack at sp + 3 slots: 0x00000001083c8c37: _ZN5ciEnvD2Ev+0x5b in /Applications/Android Studio.app/Contents/jre/Contents/Home/lib/server/libjvm.dylib at 0x0000000108200000
stack at sp + 4 slots: 0x00007fcaa281f000 is a thread
stack at sp + 5 slots: 0x00007fcaa281f000 is a thread
stack at sp + 6 slots: 0x0 is NULL
stack at sp + 7 slots: 0x0 is NULL


---------------  P R O C E S S  ---------------

Threads class SMR info:
_java_thread_list=0x00007fcaa63d8af0, length=40, elements={
0x00007fcaa2802000, 0x00007fcaa300a000, 0x00007fcaa20a8000, 0x00007fcaa2815800,
0x00007fcaa3029000, 0x00007fcaa281f000, 0x00007fcaa3034800, 0x00007fcaa20a9000,
0x00007fcaa2838000, 0x00007fcaa20aa000, 0x00007fcaa279d000, 0x00007fcaa41fb800,
0x00007fcaa37d8800, 0x00007fcaa2f5d000, 0x00007fcaa339a800, 0x00007fcaa20bb800,
0x00007fcaa3ac4000, 0x00007fcaa38dc000, 0x00007fcaa3307800, 0x00007fcaa346f800,
0x00007fcaa4291800, 0x00007fcaa3873000, 0x00007fcaa4506800, 0x00007fcaa4996800,
0x00007fcaa5199800, 0x00007fcaa2bd9000, 0x00007fcaa37c0800, 0x00007fcaa3e5e000,
0x00007fcaa4850800, 0x00007fcaa315f800, 0x00007fcaa3fd9800, 0x00007fcaa2f4f800,
0x00007fcaa32af000, 0x00007fcaa2f3b000, 0x00007fcaa4bab800, 0x00007fcaa4990800,
0x00007fcaa4601000, 0x00007fcaa3e25000, 0x00007fcaa52dc800, 0x00007fcaa2e9b800
}

Java Threads: ( => current thread )
  0x00007fcaa2802000 JavaThread "main" [_thread_blocked, id=8707, stack(0x0000000109325000,0x0000000109425000)]
  0x00007fcaa300a000 JavaThread "Reference Handler" daemon [_thread_blocked, id=17155, stack(0x0000700009db4000,0x0000700009eb4000)]
  0x00007fcaa20a8000 JavaThread "Finalizer" daemon [_thread_blocked, id=17923, stack(0x0000700009eb7000,0x0000700009fb7000)]
  0x00007fcaa2815800 JavaThread "Signal Dispatcher" daemon [_thread_blocked, id=21767, stack(0x000070000a03d000,0x000070000a13d000)]
  0x00007fcaa3029000 JavaThread "Service Thread" daemon [_thread_blocked, id=22531, stack(0x000070000a140000,0x000070000a240000)]
=>0x00007fcaa281f000 JavaThread "C2 CompilerThread0" daemon [_thread_in_vm, id=23299, stack(0x000070000a243000,0x000070000a343000)]
  0x00007fcaa3034800 JavaThread "C1 CompilerThread0" daemon [_thread_blocked, id=24067, stack(0x000070000a346000,0x000070000a446000)]
  0x00007fcaa20a9000 JavaThread "Sweeper thread" daemon [_thread_blocked, id=24835, stack(0x000070000a449000,0x000070000a549000)]
  0x00007fcaa2838000 JavaThread "Common-Cleaner" daemon [_thread_blocked, id=25603, stack(0x000070000a54c000,0x000070000a64c000)]
  0x00007fcaa20aa000 JavaThread "C2 CompilerThread1" daemon [_thread_blocked, id=26883, stack(0x000070000a752000,0x000070000a852000)]
  0x00007fcaa279d000 JavaThread "Daemon health stats" [_thread_blocked, id=28163, stack(0x000070000a958000,0x000070000aa58000)]
  0x00007fcaa41fb800 JavaThread "Incoming local TCP Connector on port 51640" [_thread_in_native, id=28931, stack(0x000070000aa5b000,0x000070000ab5b000)]
  0x00007fcaa37d8800 JavaThread "Daemon" [_thread_blocked, id=30723, stack(0x000070000ad64000,0x000070000ae64000)]
  0x00007fcaa2f5d000 JavaThread "Daemon periodic checks" [_thread_blocked, id=31491, stack(0x000070000ae67000,0x000070000af67000)]
  0x00007fcaa339a800 JavaThread "Handler for socket connection from /127.0.0.1:51640 to /127.0.0.1:51641" [_thread_in_native, id=32259, stack(0x000070000af6a000,0x000070000b06a000)]
  0x00007fcaa20bb800 JavaThread "Cancel handler" [_thread_blocked, id=33027, stack(0x000070000b06d000,0x000070000b16d000)]
  0x00007fcaa3ac4000 JavaThread "Daemon worker" [_thread_blocked, id=33795, stack(0x000070000b170000,0x000070000b270000)]
  0x00007fcaa38dc000 JavaThread "Asynchronous log dispatcher for DefaultDaemonConnection: socket connection from /127.0.0.1:51640 to /127.0.0.1:51641" [_thread_blocked, id=34563, stack(0x000070000b273000,0x000070000b373000)]
  0x00007fcaa3307800 JavaThread "Stdin handler" [_thread_blocked, id=35331, stack(0x000070000b376000,0x000070000b476000)]
  0x00007fcaa346f800 JavaThread "Daemon client event forwarder" [_thread_blocked, id=36099, stack(0x000070000b479000,0x000070000b579000)]
  0x00007fcaa4291800 JavaThread "Cache worker for file hash cache (/Users/mac/.gradle/caches/7.0.2/fileHashes)" [_thread_blocked, id=36867, stack(0x000070000b57c000,0x000070000b67c000)]
  0x00007fcaa3873000 JavaThread "File lock request listener" [_thread_in_native, id=37635, stack(0x000070000b67f000,0x000070000b77f000)]
  0x00007fcaa4506800 JavaThread "Cache worker for journal cache (/Users/mac/.gradle/caches/journal-1)" [_thread_blocked, id=38403, stack(0x000070000b782000,0x000070000b882000)]
  0x00007fcaa4996800 JavaThread "Cache worker for file hash cache (/Users/mac/AndroidStudioProjects/MUBSEHealth/.gradle/7.0.2/fileHashes)" [_thread_blocked, id=39171, stack(0x000070000b885000,0x000070000b985000)]
  0x00007fcaa5199800 JavaThread "File watcher server" daemon [_thread_in_native, id=39939, stack(0x000070000b988000,0x000070000ba88000)]
  0x00007fcaa2bd9000 JavaThread "File watcher consumer" daemon [_thread_blocked, id=41731, stack(0x000070000ba8b000,0x000070000bb8b000)]
  0x00007fcaa37c0800 JavaThread "Cache worker for checksums cache (/Users/mac/AndroidStudioProjects/MUBSEHealth/.gradle/checksums)" [_thread_blocked, id=42499, stack(0x000070000bb8e000,0x000070000bc8e000)]
  0x00007fcaa3e5e000 JavaThread "Cache worker for cache directory md-supplier (/Users/mac/.gradle/caches/7.0.2/md-supplier)" [_thread_blocked, id=43267, stack(0x000070000bc91000,0x000070000bd91000)]
  0x00007fcaa4850800 JavaThread "Cache worker for cache directory md-rule (/Users/mac/.gradle/caches/7.0.2/md-rule)" [_thread_blocked, id=44035, stack(0x000070000bd94000,0x000070000be94000)]
  0x00007fcaa315f800 JavaThread "Cache worker for execution history cache (/Users/mac/.gradle/caches/7.0.2/executionHistory)" [_thread_blocked, id=44803, stack(0x000070000be97000,0x000070000bf97000)]
  0x00007fcaa3fd9800 JavaThread "jar transforms" [_thread_blocked, id=5127, stack(0x000070000969c000,0x000070000979c000)]
  0x00007fcaa2f4f800 JavaThread "jar transforms Thread 2" [_thread_blocked, id=45315, stack(0x000070000bf9a000,0x000070000c09a000)]
  0x00007fcaa32af000 JavaThread "Cache worker for file content cache (/Users/mac/.gradle/caches/7.0.2/fileContent)" [_thread_blocked, id=46083, stack(0x000070000c09d000,0x000070000c19d000)]
  0x00007fcaa2f3b000 JavaThread "Cache worker for dependencies-accessors (/Users/mac/AndroidStudioProjects/MUBSEHealth/.gradle/7.0.2/dependencies-accessors)" [_thread_blocked, id=46851, stack(0x000070000c1a0000,0x000070000c2a0000)]
  0x00007fcaa4bab800 JavaThread "jar transforms Thread 3" [_thread_blocked, id=47619, stack(0x000070000c2a3000,0x000070000c3a3000)]
  0x00007fcaa4990800 JavaThread "Cache worker for Build Output Cleanup Cache (/Users/mac/AndroidStudioProjects/MUBSEHealth/.gradle/buildOutputCleanup)" [_thread_blocked, id=48387, stack(0x000070000c3a6000,0x000070000c4a6000)]
  0x00007fcaa4601000 JavaThread "Build operations" [_thread_blocked, id=49155, stack(0x000070000c4a9000,0x000070000c5a9000)]
  0x00007fcaa3e25000 JavaThread "Build operations Thread 2" [_thread_blocked, id=49923, stack(0x000070000c5ac000,0x000070000c6ac000)]
  0x00007fcaa52dc800 JavaThread "Build operations Thread 3" [_thread_blocked, id=50691, stack(0x000070000c6af000,0x000070000c7af000)]
  0x00007fcaa2e9b800 JavaThread "Build operations Thread 4" [_thread_blocked, id=51459, stack(0x000070000c7b2000,0x000070000c8b2000)]

Other Threads:
  0x00007fcaa2814000 VMThread "VM Thread" [stack: 0x0000700009cb1000,0x0000700009db1000] [id=16387]
  0x00007fcaa20ad000 WatcherThread [stack: 0x000070000a64f000,0x000070000a74f000] [id=26115]
  0x00007fcaa200f000 GCTaskThread "GC Thread#0" [stack: 0x00007000097a2000,0x00007000098a2000] [id=12291]
  0x00007fcaa394c000 GCTaskThread "GC Thread#1" [stack: 0x000070000a855000,0x000070000a955000] [id=27395]
  0x00007fcaa3e4e800 GCTaskThread "GC Thread#2" [stack: 0x000070000ab5e000,0x000070000ac5e000] [id=29443]
  0x00007fcaa38a1000 GCTaskThread "GC Thread#3" [stack: 0x000070000ac61000,0x000070000ad61000] [id=29955]
  0x00007fcaa2040000 ConcurrentGCThread "G1 Main Marker" [stack: 0x00007000098a5000,0x00007000099a5000] [id=12803]
  0x00007fcaa2041000 ConcurrentGCThread "G1 Conc#0" [stack: 0x00007000099a8000,0x0000700009aa8000] [id=13827]
  0x00007fcaa2071800 ConcurrentGCThread "G1 Refine#0" [stack: 0x0000700009aab000,0x0000700009bab000] [id=14339]
  0x00007fcaa2072800 ConcurrentGCThread "G1 Young RemSet Sampling" [stack: 0x0000700009bae000,0x0000700009cae000] [id=14851]

Threads with active compile tasks:
C2 CompilerThread0  10080 4334       4       java.lang.invoke.MethodType$ConcurrentWeakInternSet::get (54 bytes)
C2 CompilerThread1  10080 4333       4       java.lang.invoke.MethodType::makeImpl (108 bytes)

VM state:synchronizing (normal execution)

VM Mutex/Monitor currently owned by a thread:  ([mutex/lock_event])
[0x00007fcaa1f07d80] Threads_lock - owner thread: 0x00007fcaa2814000

Heap address: 0x0000000780000000, size: 2048 MB, Compressed Oops mode: Zero based, Oop shift amount: 3
Narrow klass base: 0x0000000800000000, Narrow klass shift: 0
Compressed class space size: 1073741824 Address: 0x0000000800000000

Heap:
 garbage-first heap   total 114688K, used 49485K [0x0000000780000000, 0x0000000800000000)
  region size 1024K, 24 young (24576K), 4 survivors (4096K)
 Metaspace       used 46284K, capacity 47538K, committed 47872K, reserved 1091584K
  class space    used 5934K, capacity 6381K, committed 6400K, reserved 1048576K
Heap Regions: E=young(eden), S=young(survivor), O=old, HS=humongous(starts), HC=humongous(continues), CS=collection set, F=free, A=archive, TAMS=top-at-mark-start (previous, next)
|   0|0x0000000780000000, 0x0000000780100000, 0x0000000780100000|100%| O|  |TAMS 0x0000000780100000, 0x0000000780000000| Untracked 
|   1|0x0000000780100000, 0x0000000780200000, 0x0000000780200000|100%| O|  |TAMS 0x0000000780200000, 0x0000000780100000| Untracked 
|   2|0x0000000780200000, 0x0000000780300000, 0x0000000780300000|100%| O|  |TAMS 0x0000000780300000, 0x0000000780200000| Untracked 
|   3|0x0000000780300000, 0x0000000780400000, 0x0000000780400000|100%|HS|  |TAMS 0x0000000780400000, 0x0000000780300000| Complete 
|   4|0x0000000780400000, 0x0000000780500000, 0x0000000780500000|100%|HC|  |TAMS 0x0000000780500000, 0x0000000780400000| Complete 
|   5|0x0000000780500000, 0x0000000780600000, 0x0000000780600000|100%|HC|  |TAMS 0x0000000780600000, 0x0000000780500000| Complete 
|   6|0x0000000780600000, 0x0000000780700000, 0x0000000780700000|100%| O|  |TAMS 0x0000000780700000, 0x0000000780600000| Untracked 
|   7|0x0000000780700000, 0x0000000780800000, 0x0000000780800000|100%| O|  |TAMS 0x0000000780800000, 0x0000000780700000| Untracked 
|   8|0x0000000780800000, 0x0000000780900000, 0x0000000780900000|100%| O|  |TAMS 0x0000000780900000, 0x0000000780800000| Untracked 
|   9|0x0000000780900000, 0x0000000780a00000, 0x0000000780a00000|100%| O|  |TAMS 0x0000000780a00000, 0x0000000780900000| Untracked 
|  10|0x0000000780a00000, 0x0000000780b00000, 0x0000000780b00000|100%| O|  |TAMS 0x0000000780b00000, 0x0000000780a00000| Untracked 
|  11|0x0000000780b00000, 0x0000000780c00000, 0x0000000780c00000|100%| O|  |TAMS 0x0000000780c00000, 0x0000000780b00000| Untracked 
|  12|0x0000000780c00000, 0x0000000780d00000, 0x0000000780d00000|100%| O|  |TAMS 0x0000000780d00000, 0x0000000780c00000| Untracked 
|  13|0x0000000780d00000, 0x0000000780e00000, 0x0000000780e00000|100%| O|  |TAMS 0x0000000780e00000, 0x0000000780d00000| Untracked 
|  14|0x0000000780e00000, 0x0000000780f00000, 0x0000000780f00000|100%| O|  |TAMS 0x0000000780f00000, 0x0000000780e00000| Untracked 
|  15|0x0000000780f00000, 0x0000000781000000, 0x0000000781000000|100%| O|  |TAMS 0x0000000781000000, 0x0000000780f00000| Untracked 
|  16|0x0000000781000000, 0x0000000781100000, 0x0000000781100000|100%| O|  |TAMS 0x0000000781100000, 0x0000000781000000| Untracked 
|  17|0x0000000781100000, 0x0000000781200000, 0x0000000781200000|100%| O|  |TAMS 0x0000000781200000, 0x0000000781100000| Untracked 
|  18|0x0000000781200000, 0x0000000781300000, 0x0000000781300000|100%| O|  |TAMS 0x0000000781261a00, 0x0000000781200000| Untracked 
|  19|0x0000000781300000, 0x0000000781400000, 0x0000000781400000|100%| O|  |TAMS 0x0000000781300000, 0x0000000781300000| Untracked 
|  20|0x0000000781400000, 0x0000000781500000, 0x0000000781500000|100%| O|  |TAMS 0x0000000781400000, 0x0000000781400000| Untracked 
|  21|0x0000000781500000, 0x0000000781600000, 0x0000000781600000|100%| O|  |TAMS 0x0000000781500000, 0x0000000781500000| Untracked 
|  22|0x0000000781600000, 0x0000000781700000, 0x0000000781700000|100%| O|  |TAMS 0x0000000781600000, 0x0000000781600000| Untracked 
|  23|0x0000000781700000, 0x0000000781700000, 0x0000000781800000|  0%| F|  |TAMS 0x0000000781700000, 0x0000000781700000| Untracked 
|  24|0x0000000781800000, 0x0000000781900000, 0x0000000781900000|100%| O|  |TAMS 0x0000000781800000, 0x0000000781800000| Untracked 
|  25|0x0000000781900000, 0x0000000781a00000, 0x0000000781a00000|100%| O|  |TAMS 0x0000000781900000, 0x0000000781900000| Untracked 
|  26|0x0000000781a00000, 0x0000000781a9c600, 0x0000000781b00000| 61%| O|  |TAMS 0x0000000781a00000, 0x0000000781a00000| Untracked 
|  27|0x0000000781b00000, 0x0000000781b00000, 0x0000000781c00000|  0%| F|  |TAMS 0x0000000781b00000, 0x0000000781b00000| Untracked 
|  28|0x0000000781c00000, 0x0000000781c00000, 0x0000000781d00000|  0%| F|  |TAMS 0x0000000781c00000, 0x0000000781c00000| Untracked 
|  29|0x0000000781d00000, 0x0000000781d00000, 0x0000000781e00000|  0%| F|  |TAMS 0x0000000781d00000, 0x0000000781d00000| Untracked 
|  30|0x0000000781e00000, 0x0000000781e00000, 0x0000000781f00000|  0%| F|  |TAMS 0x0000000781e00000, 0x0000000781e00000| Untracked 
|  31|0x0000000781f00000, 0x0000000781f00000, 0x0000000782000000|  0%| F|  |TAMS 0x0000000781f00000, 0x0000000781f00000| Untracked 
|  32|0x0000000782000000, 0x0000000782000000, 0x0000000782100000|  0%| F|  |TAMS 0x0000000782000000, 0x0000000782000000| Untracked 
|  33|0x0000000782100000, 0x0000000782100000, 0x0000000782200000|  0%| F|  |TAMS 0x0000000782100000, 0x0000000782100000| Untracked 
|  34|0x0000000782200000, 0x0000000782200000, 0x0000000782300000|  0%| F|  |TAMS 0x0000000782200000, 0x0000000782200000| Untracked 
|  35|0x0000000782300000, 0x0000000782300000, 0x0000000782400000|  0%| F|  |TAMS 0x0000000782300000, 0x0000000782300000| Untracked 
|  36|0x0000000782400000, 0x0000000782400000, 0x0000000782500000|  0%| F|  |TAMS 0x0000000782400000, 0x0000000782400000| Untracked 
|  37|0x0000000782500000, 0x0000000782500000, 0x0000000782600000|  0%| F|  |TAMS 0x0000000782500000, 0x0000000782500000| Untracked 
|  38|0x0000000782600000, 0x0000000782600000, 0x0000000782700000|  0%| F|  |TAMS 0x0000000782600000, 0x0000000782600000| Untracked 
|  39|0x0000000782700000, 0x0000000782700000, 0x0000000782800000|  0%| F|  |TAMS 0x0000000782700000, 0x0000000782700000| Untracked 
|  40|0x0000000782800000, 0x0000000782800000, 0x0000000782900000|  0%| F|  |TAMS 0x0000000782800000, 0x0000000782800000| Untracked 
|  41|0x0000000782900000, 0x0000000782900000, 0x0000000782a00000|  0%| F|  |TAMS 0x0000000782900000, 0x0000000782900000| Untracked 
|  42|0x0000000782a00000, 0x0000000782a00000, 0x0000000782b00000|  0%| F|  |TAMS 0x0000000782a00000, 0x0000000782a00000| Untracked 
|  43|0x0000000782b00000, 0x0000000782b00000, 0x0000000782c00000|  0%| F|  |TAMS 0x0000000782b00000, 0x0000000782b00000| Untracked 
|  44|0x0000000782c00000, 0x0000000782c00000, 0x0000000782d00000|  0%| F|  |TAMS 0x0000000782c00000, 0x0000000782c00000| Untracked 
|  45|0x0000000782d00000, 0x0000000782db7000, 0x0000000782e00000| 71%| S|CS|TAMS 0x0000000782d00000, 0x0000000782d00000| Complete 
|  46|0x0000000782e00000, 0x0000000782f00000, 0x0000000782f00000|100%| S|CS|TAMS 0x0000000782e00000, 0x0000000782e00000| Complete 
|  47|0x0000000782f00000, 0x0000000783000000, 0x0000000783000000|100%| S|CS|TAMS 0x0000000782f00000, 0x0000000782f00000| Complete 
|  48|0x0000000783000000, 0x0000000783000000, 0x0000000783100000|  0%| F|  |TAMS 0x0000000783000000, 0x0000000783000000| Untracked 
|  49|0x0000000783100000, 0x0000000783100000, 0x0000000783200000|  0%| F|  |TAMS 0x0000000783100000, 0x0000000783100000| Untracked 
|  50|0x0000000783200000, 0x0000000783200000, 0x0000000783300000|  0%| F|  |TAMS 0x0000000783200000, 0x0000000783200000| Untracked 
|  51|0x0000000783300000, 0x0000000783400000, 0x0000000783400000|100%| S|CS|TAMS 0x0000000783300000, 0x0000000783300000| Complete 
|  52|0x0000000783400000, 0x0000000783400000, 0x0000000783500000|  0%| F|  |TAMS 0x0000000783400000, 0x0000000783400000| Untracked 
|  53|0x0000000783500000, 0x0000000783500000, 0x0000000783600000|  0%| F|  |TAMS 0x0000000783500000, 0x0000000783500000| Untracked 
|  54|0x0000000783600000, 0x0000000783600000, 0x0000000783700000|  0%| F|  |TAMS 0x0000000783600000, 0x0000000783600000| Untracked 
|  55|0x0000000783700000, 0x0000000783700000, 0x0000000783800000|  0%| F|  |TAMS 0x0000000783700000, 0x0000000783700000| Untracked 
|  56|0x0000000783800000, 0x0000000783800000, 0x0000000783900000|  0%| F|  |TAMS 0x0000000783800000, 0x0000000783800000| Untracked 
|  57|0x0000000783900000, 0x0000000783900000, 0x0000000783a00000|  0%| F|  |TAMS 0x0000000783900000, 0x0000000783900000| Untracked 
|  58|0x0000000783a00000, 0x0000000783a00000, 0x0000000783b00000|  0%| F|  |TAMS 0x0000000783a00000, 0x0000000783a00000| Untracked 
|  59|0x0000000783b00000, 0x0000000783b00000, 0x0000000783c00000|  0%| F|  |TAMS 0x0000000783b00000, 0x0000000783b00000| Untracked 
|  60|0x0000000783c00000, 0x0000000783c00000, 0x0000000783d00000|  0%| F|  |TAMS 0x0000000783c00000, 0x0000000783c00000| Untracked 
|  61|0x0000000783d00000, 0x0000000783d00000, 0x0000000783e00000|  0%| F|  |TAMS 0x0000000783d00000, 0x0000000783d00000| Untracked 
|  62|0x0000000783e00000, 0x0000000783e00000, 0x0000000783f00000|  0%| F|  |TAMS 0x0000000783e00000, 0x0000000783e00000| Untracked 
|  63|0x0000000783f00000, 0x0000000783f00000, 0x0000000784000000|  0%| F|  |TAMS 0x0000000783f00000, 0x0000000783f00000| Untracked 
|  64|0x0000000784000000, 0x0000000784000000, 0x0000000784100000|  0%| F|  |TAMS 0x0000000784000000, 0x0000000784000000| Untracked 
|  65|0x0000000784100000, 0x0000000784100000, 0x0000000784200000|  0%| F|  |TAMS 0x0000000784100000, 0x0000000784100000| Untracked 
|  66|0x0000000784200000, 0x0000000784200000, 0x0000000784300000|  0%| F|  |TAMS 0x0000000784200000, 0x0000000784200000| Untracked 
|  67|0x0000000784300000, 0x0000000784300000, 0x0000000784400000|  0%| F|  |TAMS 0x0000000784300000, 0x0000000784300000| Untracked 
|  68|0x0000000784400000, 0x0000000784400000, 0x0000000784500000|  0%| F|  |TAMS 0x0000000784400000, 0x0000000784400000| Untracked 
|  69|0x0000000784500000, 0x0000000784500000, 0x0000000784600000|  0%| F|  |TAMS 0x0000000784500000, 0x0000000784500000| Untracked 
|  70|0x0000000784600000, 0x0000000784600000, 0x0000000784700000|  0%| F|  |TAMS 0x0000000784600000, 0x0000000784600000| Untracked 
|  71|0x0000000784700000, 0x0000000784700000, 0x0000000784800000|  0%| F|  |TAMS 0x0000000784700000, 0x0000000784700000| Untracked 
|  72|0x0000000784800000, 0x0000000784800000, 0x0000000784900000|  0%| F|  |TAMS 0x0000000784800000, 0x0000000784800000| Untracked 
|  73|0x0000000784900000, 0x0000000784900000, 0x0000000784a00000|  0%| F|  |TAMS 0x0000000784900000, 0x0000000784900000| Untracked 
|  74|0x0000000784a00000, 0x0000000784a00000, 0x0000000784b00000|  0%| F|  |TAMS 0x0000000784a00000, 0x0000000784a00000| Untracked 
|  75|0x0000000784b00000, 0x0000000784b00000, 0x0000000784c00000|  0%| F|  |TAMS 0x0000000784b00000, 0x0000000784b00000| Untracked 
|  76|0x0000000784c00000, 0x0000000784c00000, 0x0000000784d00000|  0%| F|  |TAMS 0x0000000784c00000, 0x0000000784c00000| Untracked 
|  77|0x0000000784d00000, 0x0000000784d00000, 0x0000000784e00000|  0%| F|  |TAMS 0x0000000784d00000, 0x0000000784d00000| Untracked 
|  78|0x0000000784e00000, 0x0000000784e00000, 0x0000000784f00000|  0%| F|  |TAMS 0x0000000784e00000, 0x0000000784e00000| Untracked 
|  79|0x0000000784f00000, 0x0000000784f00000, 0x0000000785000000|  0%| F|  |TAMS 0x0000000784f00000, 0x0000000784f00000| Untracked 
|  80|0x0000000785000000, 0x0000000785000000, 0x0000000785100000|  0%| F|  |TAMS 0x0000000785000000, 0x0000000785000000| Untracked 
|  81|0x0000000785100000, 0x0000000785100000, 0x0000000785200000|  0%| F|  |TAMS 0x0000000785100000, 0x0000000785100000| Untracked 
|  82|0x0000000785200000, 0x0000000785200000, 0x0000000785300000|  0%| F|  |TAMS 0x0000000785200000, 0x0000000785200000| Untracked 
|  83|0x0000000785300000, 0x0000000785300000, 0x0000000785400000|  0%| F|  |TAMS 0x0000000785300000, 0x0000000785300000| Untracked 
|  84|0x0000000785400000, 0x0000000785400000, 0x0000000785500000|  0%| F|  |TAMS 0x0000000785400000, 0x0000000785400000| Untracked 
|  85|0x0000000785500000, 0x0000000785500000, 0x0000000785600000|  0%| F|  |TAMS 0x0000000785500000, 0x0000000785500000| Untracked 
|  86|0x0000000785600000, 0x0000000785600000, 0x0000000785700000|  0%| F|  |TAMS 0x0000000785600000, 0x0000000785600000| Untracked 
|  87|0x0000000785700000, 0x0000000785700000, 0x0000000785800000|  0%| F|  |TAMS 0x0000000785700000, 0x0000000785700000| Untracked 
|  88|0x0000000785800000, 0x0000000785800000, 0x0000000785900000|  0%| F|  |TAMS 0x0000000785800000, 0x0000000785800000| Untracked 
|  89|0x0000000785900000, 0x0000000785900000, 0x0000000785a00000|  0%| F|  |TAMS 0x0000000785900000, 0x0000000785900000| Untracked 
|  90|0x0000000785a00000, 0x0000000785a00000, 0x0000000785b00000|  0%| F|  |TAMS 0x0000000785a00000, 0x0000000785a00000| Untracked 
|  91|0x0000000785b00000, 0x0000000785b00000, 0x0000000785c00000|  0%| F|  |TAMS 0x0000000785b00000, 0x0000000785b00000| Untracked 
|  92|0x0000000785c00000, 0x0000000785ccaac0, 0x0000000785d00000| 79%| E|  |TAMS 0x0000000785c00000, 0x0000000785c00000| Complete 
|  93|0x0000000785d00000, 0x0000000785e00000, 0x0000000785e00000|100%| E|CS|TAMS 0x0000000785d00000, 0x0000000785d00000| Complete 
|  94|0x0000000785e00000, 0x0000000785f00000, 0x0000000785f00000|100%| E|CS|TAMS 0x0000000785e00000, 0x0000000785e00000| Complete 
|  95|0x0000000785f00000, 0x0000000786000000, 0x0000000786000000|100%| E|CS|TAMS 0x0000000785f00000, 0x0000000785f00000| Complete 
|  96|0x0000000786000000, 0x0000000786100000, 0x0000000786100000|100%| E|CS|TAMS 0x0000000786000000, 0x0000000786000000| Complete 
|  97|0x0000000786100000, 0x0000000786200000, 0x0000000786200000|100%| E|CS|TAMS 0x0000000786100000, 0x0000000786100000| Complete 
|  98|0x0000000786200000, 0x0000000786300000, 0x0000000786300000|100%| E|CS|TAMS 0x0000000786200000, 0x0000000786200000| Complete 
|  99|0x0000000786300000, 0x0000000786400000, 0x0000000786400000|100%| E|CS|TAMS 0x0000000786300000, 0x0000000786300000| Complete 
| 100|0x0000000786400000, 0x0000000786500000, 0x0000000786500000|100%| E|CS|TAMS 0x0000000786400000, 0x0000000786400000| Complete 
| 101|0x0000000786500000, 0x0000000786600000, 0x0000000786600000|100%| E|CS|TAMS 0x0000000786500000, 0x0000000786500000| Complete 
| 102|0x0000000786600000, 0x0000000786700000, 0x0000000786700000|100%| E|CS|TAMS 0x0000000786600000, 0x0000000786600000| Complete 
| 103|0x0000000786700000, 0x0000000786800000, 0x0000000786800000|100%| E|CS|TAMS 0x0000000786700000, 0x0000000786700000| Complete 
| 104|0x0000000786800000, 0x0000000786900000, 0x0000000786900000|100%| E|CS|TAMS 0x0000000786800000, 0x0000000786800000| Complete 
| 105|0x0000000786900000, 0x0000000786a00000, 0x0000000786a00000|100%| E|CS|TAMS 0x0000000786900000, 0x0000000786900000| Complete 
| 106|0x0000000786a00000, 0x0000000786b00000, 0x0000000786b00000|100%| E|CS|TAMS 0x0000000786a00000, 0x0000000786a00000| Complete 
| 107|0x0000000786b00000, 0x0000000786c00000, 0x0000000786c00000|100%| E|CS|TAMS 0x0000000786b00000, 0x0000000786b00000| Complete 
| 108|0x0000000786c00000, 0x0000000786d00000, 0x0000000786d00000|100%| E|CS|TAMS 0x0000000786c00000, 0x0000000786c00000| Complete 
| 109|0x0000000786d00000, 0x0000000786e00000, 0x0000000786e00000|100%| E|CS|TAMS 0x0000000786d00000, 0x0000000786d00000| Complete 
| 110|0x0000000786e00000, 0x0000000786f00000, 0x0000000786f00000|100%| E|CS|TAMS 0x0000000786e00000, 0x0000000786e00000| Complete 
| 111|0x0000000786f00000, 0x0000000787000000, 0x0000000787000000|100%| E|CS|TAMS 0x0000000786f00000, 0x0000000786f00000| Complete 

Card table byte_map: [0x000000010d883000,0x000000010dc83000] _byte_map_base: 0x0000000109c83000

Marking Bits (Prev, Next): (CMBitMap*) 0x00007fcaa2037818, (CMBitMap*) 0x00007fcaa2037850
 Prev Bits: [0x000000010e083000, 0x0000000110083000)
 Next Bits: [0x0000000110083000, 0x0000000112083000)

Polling page: 0x00000001079ba000

Metaspace:

Usage:
  Non-class:     40.19 MB capacity,    39.40 MB ( 98%) used,   687.34 KB (  2%) free+waste,   119.44 KB ( <1%) overhead. 
      Class:      6.23 MB capacity,     5.80 MB ( 93%) used,   389.34 KB (  6%) free+waste,    57.00 KB ( <1%) overhead. 
       Both:     46.42 MB capacity,    45.20 MB ( 97%) used,     1.05 MB (  2%) free+waste,   176.44 KB ( <1%) overhead. 

Virtual space:
  Non-class space:       42.00 MB reserved,      40.50 MB ( 96%) committed 
      Class space:        1.00 GB reserved,       6.25 MB ( <1%) committed 
             Both:        1.04 GB reserved,      46.75 MB (  4%) committed 

Chunk freelists:
   Non-Class:  103.00 KB
       Class:  0 bytes
        Both:  103.00 KB

MaxMetaspaceSize: unlimited
CompressedClassSpaceSize: 1.00 GB

CodeHeap 'non-profiled nmethods': size=120032Kb used=2054Kb max_used=2054Kb free=117977Kb
 bounds [0x000006b25ec93000, 0x000006b25ef03000, 0x000006b2661cb000]
CodeHeap 'profiled nmethods': size=120032Kb used=8602Kb max_used=8602Kb free=111429Kb
 bounds [0x000006b25775b000, 0x000006b257fcb000, 0x000006b25ec93000]
CodeHeap 'non-nmethods': size=5696Kb used=2215Kb max_used=2264Kb free=3480Kb
 bounds [0x000006b2571cb000, 0x000006b25743b000, 0x000006b25775b000]
 total_blobs=5146 nmethods=4372 adapters=686
 compilation: enabled
              stopped_count=0, restarted_count=0
 full_count=0

Compilation events (20 events):
Event: 10.004 Thread 0x00007fcaa3034800 4392       3       java.util.Collections$SingletonList::get (41 bytes)
Event: 10.006 Thread 0x00007fcaa3034800 nmethod 4392 0x000006b257fb7a90 code [0x000006b257fb7d00, 0x000006b257fb8648]
Event: 10.006 Thread 0x00007fcaa3034800 4384       3       org.gradle.internal.component.model.LoggingAttributeMatchingExplanationBuilder::logging (19 bytes)
Event: 10.008 Thread 0x00007fcaa3034800 nmethod 4384 0x000006b257fb8a10 code [0x000006b257fb8c00, 0x000006b257fb90a8]
Event: 10.008 Thread 0x00007fcaa3034800 4385       3       org.gradle.api.internal.attributes.DefaultAttributesSchema::withProducer (17 bytes)
Event: 10.009 Thread 0x00007fcaa3034800 nmethod 4385 0x000006b257fb9290 code [0x000006b257fb9480, 0x000006b257fb9a58]
Event: 10.009 Thread 0x00007fcaa3034800 4397       3       org.gradle.api.internal.attributes.DefaultAttributesSchema$DefaultAttributeMatcher::matches (17 bytes)
Event: 10.009 Thread 0x00007fcaa3034800 nmethod 4397 0x000006b257fb9c10 code [0x000006b257fb9dc0, 0x000006b257fb9f28]
Event: 10.009 Thread 0x00007fcaa3034800 4398       3       org.gradle.internal.component.model.ComponentAttributeMatcher::match (259 bytes)
Event: 10.014 Thread 0x00007fcaa3034800 nmethod 4398 0x000006b257fba010 code [0x000006b257fba4e0, 0x000006b257fbd068]
Event: 10.014 Thread 0x00007fcaa3034800 4396       1       org.gradle.api.internal.artifacts.ivyservice.resolveengine.artifact.ArtifactBackedResolvedVariant::getArtifacts (5 bytes)
Event: 10.014 Thread 0x00007fcaa3034800 nmethod 4396 0x000006b25ee91090 code [0x000006b25ee91240, 0x000006b25ee912f8]
Event: 10.014 Thread 0x00007fcaa3034800 4393       1       org.gradle.api.internal.artifacts.ivyservice.resolveengine.artifact.DefaultArtifactSet::getSchema (5 bytes)
Event: 10.014 Thread 0x00007fcaa3034800 nmethod 4393 0x000006b25ee91390 code [0x000006b25ee91540, 0x000006b25ee915f8]
Event: 10.014 Thread 0x00007fcaa3034800 4394       1       org.gradle.api.internal.artifacts.ivyservice.resolveengine.artifact.DefaultArtifactSet::getOverriddenAttributes (5 bytes)
Event: 10.014 Thread 0x00007fcaa3034800 nmethod 4394 0x000006b25ee91690 code [0x000006b25ee91840, 0x000006b25ee918f8]
Event: 10.014 Thread 0x00007fcaa3034800 4395       1       org.gradle.api.internal.artifacts.ivyservice.resolveengine.artifact.ArtifactBackedResolvedVariant::getAttributes (5 bytes)
Event: 10.015 Thread 0x00007fcaa3034800 nmethod 4395 0x000006b25ee91990 code [0x000006b25ee91b40, 0x000006b25ee91bf8]
Event: 10.034 Thread 0x00007fcaa3034800 4400   !   3       java.util.concurrent.ConcurrentHashMap::putVal (432 bytes)
Event: 10.042 Thread 0x00007fcaa281f000 nmethod 4334 0x000006b25ee91c90 code [0x000006b25ee91f00, 0x000006b25ee93b20]

GC Heap History (20 events):
Event: 2.654 GC heap before
{Heap before GC invocations=3 (full 0):
 garbage-first heap   total 65536K, used 36239K [0x0000000780000000, 0x0000000800000000)
  region size 1024K, 27 young (27648K), 3 survivors (3072K)
 Metaspace       used 15455K, capacity 15829K, committed 16000K, reserved 1062912K
  class space    used 1766K, capacity 1893K, committed 1920K, reserved 1048576K
}
Event: 2.666 GC heap after
{Heap after GC invocations=4 (full 0):
 garbage-first heap   total 65536K, used 15473K [0x0000000780000000, 0x0000000800000000)
  region size 1024K, 4 young (4096K), 4 survivors (4096K)
 Metaspace       used 15455K, capacity 15829K, committed 16000K, reserved 1062912K
  class space    used 1766K, capacity 1893K, committed 1920K, reserved 1048576K
}
Event: 3.330 GC heap before
{Heap before GC invocations=4 (full 0):
 garbage-first heap   total 65536K, used 40049K [0x0000000780000000, 0x0000000800000000)
  region size 1024K, 28 young (28672K), 4 survivors (4096K)
 Metaspace       used 18742K, capacity 19185K, committed 19328K, reserved 1067008K
  class space    used 2272K, capacity 2425K, committed 2432K, reserved 1048576K
}
Event: 3.340 GC heap after
{Heap after GC invocations=5 (full 0):
 garbage-first heap   total 78848K, used 16534K [0x0000000780000000, 0x0000000800000000)
  region size 1024K, 2 young (2048K), 2 survivors (2048K)
 Metaspace       used 18742K, capacity 19185K, committed 19328K, reserved 1067008K
  class space    used 2272K, capacity 2425K, committed 2432K, reserved 1048576K
}
Event: 3.654 GC heap before
{Heap before GC invocations=5 (full 0):
 garbage-first heap   total 78848K, used 28822K [0x0000000780000000, 0x0000000800000000)
  region size 1024K, 15 young (15360K), 2 survivors (2048K)
 Metaspace       used 20675K, capacity 21143K, committed 21248K, reserved 1067008K
  class space    used 2546K, capacity 2722K, committed 2816K, reserved 1048576K
}
Event: 3.660 GC heap after
{Heap after GC invocations=6 (full 0):
 garbage-first heap   total 78848K, used 16842K [0x0000000780000000, 0x0000000800000000)
  region size 1024K, 2 young (2048K), 2 survivors (2048K)
 Metaspace       used 20675K, capacity 21143K, committed 21248K, reserved 1067008K
  class space    used 2546K, capacity 2722K, committed 2816K, reserved 1048576K
}
Event: 4.253 GC heap before
{Heap before GC invocations=7 (full 0):
 garbage-first heap   total 78848K, used 46538K [0x0000000780000000, 0x0000000800000000)
  region size 1024K, 31 young (31744K), 2 survivors (2048K)
 Metaspace       used 23486K, capacity 24074K, committed 24320K, reserved 1071104K
  class space    used 3007K, capacity 3212K, committed 3328K, reserved 1048576K
}
Event: 4.261 GC heap after
{Heap after GC invocations=8 (full 0):
 garbage-first heap   total 78848K, used 17622K [0x0000000780000000, 0x0000000800000000)
  region size 1024K, 3 young (3072K), 3 survivors (3072K)
 Metaspace       used 23486K, capacity 24074K, committed 24320K, reserved 1071104K
  class space    used 3007K, capacity 3212K, committed 3328K, reserved 1048576K
}
Event: 5.083 GC heap before
{Heap before GC invocations=8 (full 0):
 garbage-first heap   total 78848K, used 50390K [0x0000000780000000, 0x0000000800000000)
  region size 1024K, 36 young (36864K), 3 survivors (3072K)
 Metaspace       used 26619K, capacity 27211K, committed 27392K, reserved 1073152K
  class space    used 3510K, capacity 3750K, committed 3840K, reserved 1048576K
}
Event: 5.091 GC heap after
{Heap after GC invocations=9 (full 0):
 garbage-first heap   total 78848K, used 18923K [0x0000000780000000, 0x0000000800000000)
  region size 1024K, 4 young (4096K), 4 survivors (4096K)
 Metaspace       used 26619K, capacity 27211K, committed 27392K, reserved 1073152K
  class space    used 3510K, capacity 3750K, committed 3840K, reserved 1048576K
}
Event: 6.344 GC heap before
{Heap before GC invocations=9 (full 0):
 garbage-first heap   total 78848K, used 56811K [0x0000000780000000, 0x0000000800000000)
  region size 1024K, 41 young (41984K), 4 survivors (4096K)
 Metaspace       used 33674K, capacity 34437K, committed 34688K, reserved 1079296K
  class space    used 4377K, capacity 4669K, committed 4736K, reserved 1048576K
}
Event: 6.360 GC heap after
{Heap after GC invocations=10 (full 0):
 garbage-first heap   total 95232K, used 21962K [0x0000000780000000, 0x0000000800000000)
  region size 1024K, 6 young (6144K), 6 survivors (6144K)
 Metaspace       used 33674K, capacity 34437K, committed 34688K, reserved 1079296K
  class space    used 4377K, capacity 4669K, committed 4736K, reserved 1048576K
}
Event: 6.571 GC heap before
{Heap before GC invocations=10 (full 0):
 garbage-first heap   total 95232K, used 27082K [0x0000000780000000, 0x0000000800000000)
  region size 1024K, 12 young (12288K), 6 survivors (6144K)
 Metaspace       used 34856K, capacity 35631K, committed 35840K, reserved 1081344K
  class space    used 4514K, capacity 4790K, committed 4864K, reserved 1048576K
}
Event: 6.588 GC heap after
{Heap after GC invocations=11 (full 0):
 garbage-first heap   total 95232K, used 22128K [0x0000000780000000, 0x0000000800000000)
  region size 1024K, 4 young (4096K), 4 survivors (4096K)
 Metaspace       used 34856K, capacity 35631K, committed 35840K, reserved 1081344K
  class space    used 4514K, capacity 4790K, committed 4864K, reserved 1048576K
}
Event: 7.564 GC heap before
{Heap before GC invocations=12 (full 0):
 garbage-first heap   total 95232K, used 66160K [0x0000000780000000, 0x0000000800000000)
  region size 1024K, 45 young (46080K), 4 survivors (4096K)
 Metaspace       used 37950K, capacity 38893K, committed 39296K, reserved 1083392K
  class space    used 4848K, capacity 5168K, committed 5248K, reserved 1048576K
}
Event: 7.582 GC heap after
{Heap after GC invocations=13 (full 0):
 garbage-first heap   total 95232K, used 26067K [0x0000000780000000, 0x0000000800000000)
  region size 1024K, 6 young (6144K), 6 survivors (6144K)
 Metaspace       used 37950K, capacity 38893K, committed 39296K, reserved 1083392K
  class space    used 4848K, capacity 5168K, committed 5248K, reserved 1048576K
}
Event: 8.475 GC heap before
{Heap before GC invocations=13 (full 0):
 garbage-first heap   total 95232K, used 69075K [0x0000000780000000, 0x0000000800000000)
  region size 1024K, 48 young (49152K), 6 survivors (6144K)
 Metaspace       used 41239K, capacity 42183K, committed 42368K, reserved 1085440K
  class space    used 5322K, capacity 5662K, committed 5760K, reserved 1048576K
}
Event: 8.494 GC heap after
{Heap after GC invocations=14 (full 0):
 garbage-first heap   total 95232K, used 27932K [0x0000000780000000, 0x0000000800000000)
  region size 1024K, 5 young (5120K), 5 survivors (5120K)
 Metaspace       used 41239K, capacity 42183K, committed 42368K, reserved 1085440K
  class space    used 5322K, capacity 5662K, committed 5760K, reserved 1048576K
}
Event: 9.357 GC heap before
{Heap before GC invocations=14 (full 0):
 garbage-first heap   total 95232K, used 69916K [0x0000000780000000, 0x0000000800000000)
  region size 1024K, 46 young (47104K), 5 survivors (5120K)
 Metaspace       used 44990K, capacity 46111K, committed 46464K, reserved 1089536K
  class space    used 5782K, capacity 6184K, committed 6272K, reserved 1048576K
}
Event: 9.376 GC heap after
{Heap after GC invocations=15 (full 0):
 garbage-first heap   total 114688K, used 30029K [0x0000000780000000, 0x0000000800000000)
  region size 1024K, 4 young (4096K), 4 survivors (4096K)
 Metaspace       used 44990K, capacity 46111K, committed 46464K, reserved 1089536K
  class space    used 5782K, capacity 6184K, committed 6272K, reserved 1048576K
}

Deoptimization events (20 events):
Event: 9.488 Thread 0x00007fcaa3ac4000 DEOPT PACKING pc=0x000006b257ad94a0 sp=0x000070000b268f30
Event: 9.488 Thread 0x00007fcaa3ac4000 DEOPT UNPACKING pc=0x000006b2571f3342 sp=0x000070000b268468 mode 0
Event: 9.515 Thread 0x00007fcaa3ac4000 DEOPT PACKING pc=0x000006b257ad94a0 sp=0x000070000b268fe0
Event: 9.515 Thread 0x00007fcaa3ac4000 DEOPT UNPACKING pc=0x000006b2571f3342 sp=0x000070000b268528 mode 0
Event: 9.537 Thread 0x00007fcaa3ac4000 DEOPT PACKING pc=0x000006b257ad94a0 sp=0x000070000b268bd0
Event: 9.537 Thread 0x00007fcaa3ac4000 DEOPT UNPACKING pc=0x000006b2571f3342 sp=0x000070000b268108 mode 0
Event: 9.587 Thread 0x00007fcaa3ac4000 DEOPT PACKING pc=0x000006b257ad94a0 sp=0x000070000b268f30
Event: 9.587 Thread 0x00007fcaa3ac4000 DEOPT UNPACKING pc=0x000006b2571f3342 sp=0x000070000b268468 mode 0
Event: 9.869 Thread 0x00007fcaa3ac4000 Uncommon trap: trap_request=0xffffff4d fr.pc=0x000006b25edaa2f8 relative=0x00000000000001d8
Event: 9.869 Thread 0x00007fcaa3ac4000 Uncommon trap: reason=unstable_if action=reinterpret pc=0x000006b25edaa2f8 method=java.util.ArrayDeque.addLast(Ljava/lang/Object;)V @ 42 c2
Event: 9.869 Thread 0x00007fcaa3ac4000 DEOPT PACKING pc=0x000006b25edaa2f8 sp=0x000070000b2696b0
Event: 9.869 Thread 0x00007fcaa3ac4000 DEOPT UNPACKING pc=0x000006b2571f352d sp=0x000070000b269608 mode 2
Event: 9.871 Thread 0x00007fcaa3ac4000 Uncommon trap: trap_request=0xffffff4d fr.pc=0x000006b25eda9df4 relative=0x00000000000001d4
Event: 9.871 Thread 0x00007fcaa3ac4000 Uncommon trap: reason=unstable_if action=reinterpret pc=0x000006b25eda9df4 method=java.util.ArrayDeque.addLast(Ljava/lang/Object;)V @ 42 c2
Event: 9.871 Thread 0x00007fcaa3ac4000 DEOPT PACKING pc=0x000006b25eda9df4 sp=0x000070000b269640
Event: 9.871 Thread 0x00007fcaa3ac4000 DEOPT UNPACKING pc=0x000006b2571f352d sp=0x000070000b269600 mode 2
Event: 10.030 Thread 0x00007fcaa3e25000 Uncommon trap: trap_request=0xffffff4d fr.pc=0x000006b25ed5bad8 relative=0x0000000000001018
Event: 10.030 Thread 0x00007fcaa3e25000 Uncommon trap: reason=unstable_if action=reinterpret pc=0x000006b25ed5bad8 method=java.util.concurrent.ConcurrentHashMap.addCount(JI)V @ 34 c2
Event: 10.030 Thread 0x00007fcaa3e25000 DEOPT PACKING pc=0x000006b25ed5bad8 sp=0x000070000c6ab360
Event: 10.030 Thread 0x00007fcaa3e25000 DEOPT UNPACKING pc=0x000006b2571f352d sp=0x000070000c6ab230 mode 2

Classes redefined (0 events):
No events

Internal exceptions (20 events):
Event: 8.586 Thread 0x00007fcaa3ac4000 Exception <a 'java/lang/ClassNotFoundException'{0x000000078599a260}: org/gradle/api/internal/project/ProjectScriptCustomizer> (0x000000078599a260) thrown at [src/hotspot/share/classfile/systemDictionary.cpp, line 231]
Event: 8.588 Thread 0x00007fcaa3ac4000 Exception <a 'java/lang/ClassNotFoundException'{0x00000007859b5758}: build_693vok2ylem2ldfatlquoasm2Customizer> (0x00000007859b5758) thrown at [src/hotspot/share/classfile/systemDictionary.cpp, line 231]
Event: 8.605 Thread 0x00007fcaa3ac4000 Exception <a 'java/lang/ClassNotFoundException'{0x0000000785847be8}: org/gradle/api/internal/initialization/DefaultScriptHandlerBeanInfo> (0x0000000785847be8) thrown at [src/hotspot/share/classfile/systemDictionary.cpp, line 231]
Event: 8.606 Thread 0x00007fcaa3ac4000 Exception <a 'java/lang/ClassNotFoundException'{0x0000000785870ba0}: org/gradle/api/internal/initialization/DefaultScriptHandlerCustomizer> (0x0000000785870ba0) thrown at [src/hotspot/share/classfile/systemDictionary.cpp, line 231]
Event: 8.787 Thread 0x00007fcaa3ac4000 Exception <a 'java/lang/ClassNotFoundException'{0x0000000785047108}: org/gradle/api/internal/artifacts/dsl/dependencies/DefaultDependencyHandler_DecoratedBeanInfo> (0x0000000785047108) thrown at [src/hotspot/share/classfile/systemDictionary.cpp, line 231]
Event: 8.789 Thread 0x00007fcaa3ac4000 Exception <a 'java/lang/ClassNotFoundException'{0x0000000785085518}: org/gradle/api/internal/artifacts/dsl/dependencies/DefaultDependencyHandlerBeanInfo> (0x0000000785085518) thrown at [src/hotspot/share/classfile/systemDictionary.cpp, line 231]
Event: 8.791 Thread 0x00007fcaa3ac4000 Exception <a 'java/lang/ClassNotFoundException'{0x00000007850c3d00}: org/gradle/api/internal/artifacts/dsl/dependencies/DefaultDependencyHandlerCustomizer> (0x00000007850c3d00) thrown at [src/hotspot/share/classfile/systemDictionary.cpp, line 231]
Event: 8.797 Thread 0x00007fcaa3ac4000 Exception <a 'java/lang/ClassNotFoundException'{0x0000000784f2b958}: org/gradle/api/internal/artifacts/dsl/dependencies/DefaultDependencyHandler_DecoratedCustomizer> (0x0000000784f2b958) thrown at [src/hotspot/share/classfile/systemDictionary.cpp, line 231]
Event: 8.827 Thread 0x00007fcaa3ac4000 Exception <a 'java/lang/NoSuchMethodError'{0x0000000784e3aea0}: 'java.lang.Object java.lang.invoke.DirectMethodHandle$Holder.invokeStatic(java.lang.Object, java.lang.Object, int, java.lang.Object)'> (0x0000000784e3aea0) thrown at [src/hotspot/share/interpreter/linkResolver.cpp, line 773]
Event: 8.829 Thread 0x00007fcaa3ac4000 Exception <a 'java/lang/NoSuchMethodError'{0x0000000784e42138}: 'java.lang.Object java.lang.invoke.Invokers$Holder.linkToTargetMethod(java.lang.Object, int, java.lang.Object, java.lang.Object)'> (0x0000000784e42138) thrown at [src/hotspot/share/interpreter/linkResolver.cpp, line 773]
Event: 9.165 Thread 0x00007fcaa3ac4000 Exception <a 'java/lang/NoSuchMethodError'{0x0000000783daaa30}: 'java.lang.Object java.lang.invoke.DelegatingMethodHandle$Holder.reinvoke_L(java.lang.Object, java.lang.Object, java.lang.Object, java.lang.Object, java.lang.Object, java.lang.Object, java.lang.Object, java.lang.Object, java.lang.Object, java.lang.Object, java.lang.Object, java.lang.Object, java.lang.Object, java.lang.Object, java.lang.Object, java.lang.Object, java.lang.Object, java.lang.Object, java.lang.Object, java.lang.Object, java.lang.O
Event: 9.167 Thread 0x00007fcaa3ac4000 Exception <a 'java/lang/NoSuchMethodError'{0x0000000783db6438}: 'java.lang.Object java.lang.invoke.DirectMethodHandle$Holder.invokeSpecial(java.lang.Object, java.lang.Object, java.lang.Object, java.lang.Object, java.lang.Object, java.lang.Object, java.lang.Object, java.lang.Object, java.lang.Object, java.lang.Object, java.lang.Object, java.lang.Object, java.lang.Object, java.lang.Object, java.lang.Object, java.lang.Object, java.lang.Object, java.lang.Object, java.lang.Object, java.lang.Object, java.lang.Ob
Event: 9.167 Thread 0x00007fcaa3ac4000 Exception <a 'java/lang/NoSuchMethodError'{0x0000000783dbc628}: 'java.lang.Object java.lang.invoke.Invokers$Holder.invoker(java.lang.Object, java.lang.Object, java.lang.Object, java.lang.Object, java.lang.Object, java.lang.Object, java.lang.Object, java.lang.Object, java.lang.Object, java.lang.Object, java.lang.Object, java.lang.Object, java.lang.Object, java.lang.Object, java.lang.Object, java.lang.Object, java.lang.Object, java.lang.Object, java.lang.Object, java.lang.Object, java.lang.Object)'> (0x00000
Event: 9.168 Thread 0x00007fcaa3ac4000 Exception <a 'java/lang/NoSuchMethodError'{0x0000000783dc3998}: 'java.lang.Object java.lang.invoke.DelegatingMethodHandle$Holder.delegate(java.lang.Object, java.lang.Object, java.lang.Object, java.lang.Object, java.lang.Object, java.lang.Object, java.lang.Object, java.lang.Object, java.lang.Object, java.lang.Object, java.lang.Object, java.lang.Object, java.lang.Object, java.lang.Object, java.lang.Object, java.lang.Object, java.lang.Object, java.lang.Object, java.lang.Object, java.lang.Object, java.lang.Obj
Event: 9.180 Thread 0x00007fcaa3ac4000 Exception <a 'java/lang/NoSuchMethodError'{0x0000000783c0cef0}: 'java.lang.Object java.lang.invoke.DirectMethodHandle$Holder.invokeStatic(java.lang.Object, java.lang.Object, java.lang.Object, java.lang.Object, java.lang.Object, java.lang.Object, java.lang.Object, java.lang.Object, java.lang.Object, java.lang.Object, java.lang.Object, java.lang.Object, java.lang.Object, java.lang.Object, java.lang.Object)'> (0x0000000783c0cef0) thrown at [src/hotspot/share/interpreter/linkResolver.cpp, line 773]
Event: 9.182 Thread 0x00007fcaa3ac4000 Exception <a 'java/lang/NoSuchMethodError'{0x0000000783c1d528}: 'java.lang.Object java.lang.invoke.DirectMethodHandle$Holder.invokeStatic(java.lang.Object, java.lang.Object, java.lang.Object, java.lang.Object, java.lang.Object, java.lang.Object, java.lang.Object, java.lang.Object, java.lang.Object, java.lang.Object, java.lang.Object, java.lang.Object, java.lang.Object, java.lang.Object, java.lang.Object, java.lang.Object)'> (0x0000000783c1d528) thrown at [src/hotspot/share/interpreter/linkResolver.cpp, lin
Event: 9.185 Thread 0x00007fcaa3ac4000 Exception <a 'java/lang/NoSuchMethodError'{0x0000000783c2da70}: 'java.lang.Object java.lang.invoke.DelegatingMethodHandle$Holder.reinvoke_L(java.lang.Object, java.lang.Object, java.lang.Object, java.lang.Object, java.lang.Object, java.lang.Object, java.lang.Object, java.lang.Object, java.lang.Object, java.lang.Object, java.lang.Object, java.lang.Object, java.lang.Object, java.lang.Object, java.lang.Object, java.lang.Object, java.lang.Object, java.lang.Object, java.lang.Object, java.lang.Object)'> (0x000000
Event: 9.259 Thread 0x00007fcaa3ac4000 Exception <a 'java/lang/IncompatibleClassChangeError'{0x0000000783992e78}: Found class java.lang.Object, but interface was expected> (0x0000000783992e78) thrown at [src/hotspot/share/interpreter/linkResolver.cpp, line 839]
Event: 9.435 Thread 0x00007fcaa3ac4000 Exception <a 'java/lang/NoSuchMethodError'{0x0000000786c03818}: 'int java.lang.invoke.DirectMethodHandle$Holder.invokeStaticInit(java.lang.Object)'> (0x0000000786c03818) thrown at [src/hotspot/share/interpreter/linkResolver.cpp, line 773]
Event: 9.918 Thread 0x00007fcaa3ac4000 Exception <a 'java/lang/NoSuchMethodError'{0x00000007860462b0}: 'void java.lang.invoke.DirectMethodHandle$Holder.invokeStatic(java.lang.Object, java.lang.Object, java.lang.Object, int, java.lang.Object)'> (0x00000007860462b0) thrown at [src/hotspot/share/interpreter/linkResolver.cpp, line 773]

Events (20 events):
Event: 10.038 loading class org/gradle/internal/component/model/ComponentArtifactMetadata
Event: 10.038 loading class org/gradle/internal/component/model/ComponentArtifactMetadata done
Event: 10.039 loading class org/gradle/internal/component/model/ComponentArtifactMetadata
Event: 10.039 loading class org/gradle/internal/component/model/ComponentArtifactMetadata done
Event: 10.039 loading class org/gradle/internal/component/model/ComponentArtifactMetadata
Event: 10.039 loading class org/gradle/internal/component/model/ComponentArtifactMetadata done
Event: 10.039 loading class org/gradle/internal/component/model/ComponentArtifactMetadata
Event: 10.039 loading class org/gradle/internal/component/model/ComponentArtifactMetadata done
Event: 10.039 loading class org/gradle/internal/component/model/ComponentArtifactMetadata
Event: 10.039 loading class org/gradle/internal/component/model/ComponentArtifactMetadata done
Event: 10.039 loading class org/gradle/internal/component/model/ComponentArtifactMetadata
Event: 10.039 loading class org/gradle/internal/component/model/ComponentArtifactMetadata done
Event: 10.039 loading class org/gradle/internal/component/model/ComponentArtifactMetadata
Event: 10.039 loading class org/gradle/internal/component/model/ComponentArtifactMetadata done
Event: 10.039 loading class org/gradle/api/internal/artifacts/ivyservice/modulecache/artifacts/ArtifactAtRepositoryKey
Event: 10.039 loading class org/gradle/api/internal/artifacts/ivyservice/modulecache/artifacts/ArtifactAtRepositoryKey done
Event: 10.039 Executing VM operation: RevokeBias
Event: 10.042 Executing coalesced safepoint VM operation: RevokeBias
Event: 10.042 Executing coalesced safepoint VM operation: RevokeBias done
Event: 10.042 Executing VM operation: RevokeBias done


Dynamic libraries:
0x00007fff753a7000 	/System/Library/Frameworks/Cocoa.framework/Versions/A/Cocoa
0x00007fff7c005000 	/System/Library/Frameworks/Security.framework/Versions/A/Security
0x00007fff74262000 	/System/Library/Frameworks/ApplicationServices.framework/Versions/A/ApplicationServices
0x00000001078d5000 	/Applications/Android Studio.app/Contents/jre/Contents/Home/lib/jli/libjli.dylib
0x00007fff89f6a000 	/usr/lib/libSystem.B.dylib
0x00007fff73477000 	/System/Library/Frameworks/AppKit.framework/Versions/C/AppKit
0x00007fff75593000 	/System/Library/Frameworks/CoreData.framework/Versions/A/CoreData
0x00007fff773d4000 	/System/Library/Frameworks/Foundation.framework/Versions/C/Foundation
0x00007fff869e0000 	/System/Library/PrivateFrameworks/RemoteViewServices.framework/Versions/A/RemoteViewServices
0x00007fff889da000 	/System/Library/PrivateFrameworks/UIFoundation.framework/Versions/A/UIFoundation
0x00007fff81d8e000 	/System/Library/PrivateFrameworks/DFRFoundation.framework/Versions/A/DFRFoundation
0x00007fff8a5d5000 	/usr/lib/libenergytrace.dylib
0x00007fff8780d000 	/System/Library/PrivateFrameworks/SkyLight.framework/Versions/A/SkyLight
0x00007fff75dd5000 	/System/Library/Frameworks/CoreGraphics.framework/Versions/A/CoreGraphics
0x00007fff89f65000 	/usr/lib/libScreenReader.dylib
0x00007fff7233a000 	/System/Library/Frameworks/Accelerate.framework/Versions/A/Accelerate
0x00007fff779d2000 	/System/Library/Frameworks/IOSurface.framework/Versions/A/IOSurface
0x00007fff74785000 	/System/Library/Frameworks/AudioToolbox.framework/Versions/A/AudioToolbox
0x00007fff74992000 	/System/Library/Frameworks/AudioUnit.framework/Versions/A/AudioUnit
0x00007fff81dd3000 	/System/Library/PrivateFrameworks/DataDetectorsCore.framework/Versions/A/DataDetectorsCore
0x00007fff81ec4000 	/System/Library/PrivateFrameworks/DesktopServicesPriv.framework/Versions/A/DesktopServicesPriv
0x00007fff74ef4000 	/System/Library/Frameworks/Carbon.framework/Versions/A/Frameworks/HIToolbox.framework/Versions/A/HIToolbox
0x00007fff8a6de000 	/usr/lib/libicucore.A.dylib
0x00007fff8b48c000 	/usr/lib/libz.1.dylib
0x00007fff7b89e000 	/System/Library/Frameworks/QuartzCore.framework/Versions/A/QuartzCore
0x00007fff752c0000 	/System/Library/Frameworks/Carbon.framework/Versions/A/Frameworks/SpeechRecognition.framework/Versions/A/SpeechRecognition
0x00007fff8a0fc000 	/usr/lib/libauto.dylib
0x00007fff8b372000 	/usr/lib/libxml2.2.dylib
0x00007fff81a48000 	/System/Library/PrivateFrameworks/CoreUI.framework/Versions/A/CoreUI
0x00007fff754f1000 	/System/Library/Frameworks/CoreAudio.framework/Versions/A/CoreAudio
0x00007fff7723d000 	/System/Library/Frameworks/DiskArbitration.framework/Versions/A/DiskArbitration
0x00007fff8a909000 	/usr/lib/liblangid.dylib
0x00007fff858c7000 	/System/Library/PrivateFrameworks/MultitouchSupport.framework/Versions/A/MultitouchSupport
0x00007fff7793b000 	/System/Library/Frameworks/IOKit.framework/Versions/A/IOKit
0x00007fff89d2b000 	/usr/lib/libDiagnosticMessagesClient.dylib
0x00007fff76821000 	/System/Library/Frameworks/CoreServices.framework/Versions/A/CoreServices
0x00007fff86284000 	/System/Library/PrivateFrameworks/PerformanceAnalysis.framework/Versions/A/PerformanceAnalysis
0x00007fff83d16000 	/System/Library/PrivateFrameworks/GenerationalStorage.framework/Versions/A/GenerationalStorage
0x00007fff7ab6c000 	/System/Library/Frameworks/OpenGL.framework/Versions/A/OpenGL
0x00007fff8ac92000 	/usr/lib/libobjc.A.dylib
0x00007fff75941000 	/System/Library/Frameworks/CoreFoundation.framework/Versions/A/CoreFoundation
0x00007fff76479000 	/System/Library/Frameworks/CoreImage.framework/Versions/A/CoreImage
0x00007fff76f4a000 	/System/Library/Frameworks/CoreText.framework/Versions/A/CoreText
0x00007fff77a2b000 	/System/Library/Frameworks/ImageIO.framework/Versions/A/ImageIO
0x00007fff7f605000 	/System/Library/PrivateFrameworks/Backup.framework/Versions/A/Backup
0x00007fff89fd7000 	/usr/lib/libarchive.2.dylib
0x00007fff74afb000 	/System/Library/Frameworks/CFNetwork.framework/Versions/A/CFNetwork
0x00007fff7c732000 	/System/Library/Frameworks/SystemConfiguration.framework/Versions/A/SystemConfiguration
0x00007fff89c72000 	/usr/lib/libCRFSuite.dylib
0x00007fff8a11d000 	/usr/lib/libc++.1.dylib
0x00007fff8a174000 	/usr/lib/libc++abi.dylib
0x00007fff8b4ac000 	/usr/lib/system/libcache.dylib
0x00007fff8b4b1000 	/usr/lib/system/libcommonCrypto.dylib
0x00007fff8b4bc000 	/usr/lib/system/libcompiler_rt.dylib
0x00007fff8b4c4000 	/usr/lib/system/libcopyfile.dylib
0x00007fff8b4cd000 	/usr/lib/system/libcorecrypto.dylib
0x00007fff8b551000 	/usr/lib/system/libdispatch.dylib
0x00007fff8b583000 	/usr/lib/system/libdyld.dylib
0x00007fff8b589000 	/usr/lib/system/libkeymgr.dylib
0x00007fff8b597000 	/usr/lib/system/liblaunch.dylib
0x00007fff8b598000 	/usr/lib/system/libmacho.dylib
0x00007fff8b59e000 	/usr/lib/system/libquarantine.dylib
0x00007fff8b5a1000 	/usr/lib/system/libremovefile.dylib
0x00007fff8b5a3000 	/usr/lib/system/libsystem_asl.dylib
0x00007fff8b5bc000 	/usr/lib/system/libsystem_blocks.dylib
0x00007fff8b5bd000 	/usr/lib/system/libsystem_c.dylib
0x00007fff8b64b000 	/usr/lib/system/libsystem_configuration.dylib
0x00007fff8b64f000 	/usr/lib/system/libsystem_coreservices.dylib
0x00007fff8b653000 	/usr/lib/system/libsystem_coretls.dylib
0x00007fff8b66c000 	/usr/lib/system/libsystem_dnssd.dylib
0x00007fff8b673000 	/usr/lib/system/libsystem_info.dylib
0x00007fff8b69d000 	/usr/lib/system/libsystem_kernel.dylib
0x00007fff8b6c0000 	/usr/lib/system/libsystem_m.dylib
0x00007fff8b708000 	/usr/lib/system/libsystem_malloc.dylib
0x00007fff8b727000 	/usr/lib/system/libsystem_network.dylib
0x00007fff8b781000 	/usr/lib/system/libsystem_networkextension.dylib
0x00007fff8b78b000 	/usr/lib/system/libsystem_notify.dylib
0x00007fff8b795000 	/usr/lib/system/libsystem_platform.dylib
0x00007fff8b79e000 	/usr/lib/system/libsystem_pthread.dylib
0x00007fff8b7a9000 	/usr/lib/system/libsystem_sandbox.dylib
0x00007fff8b7ad000 	/usr/lib/system/libsystem_secinit.dylib
0x00007fff8b7af000 	/usr/lib/system/libsystem_symptoms.dylib
0x00007fff8b7b7000 	/usr/lib/system/libsystem_trace.dylib
0x00007fff8b7cb000 	/usr/lib/system/libunwind.dylib
0x00007fff8b7d1000 	/usr/lib/system/libxpc.dylib
0x00007fff8a0fd000 	/usr/lib/libbsm.0.dylib
0x00007fff8b58a000 	/usr/lib/system/libkxld.dylib
0x00007fff8a1c6000 	/usr/lib/libcoretls.dylib
0x00007fff8a1c7000 	/usr/lib/libcoretls_cfhelpers.dylib
0x00007fff89f64000 	/usr/lib/libOpenScriptingUtil.dylib
0x00007fff8b06a000 	/usr/lib/libpam.2.dylib
0x00007fff8b129000 	/usr/lib/libsqlite3.dylib
0x00007fff8b364000 	/usr/lib/libxar.1.dylib
0x00007fff8a10e000 	/usr/lib/libbz2.1.0.dylib
0x00007fff8a90b000 	/usr/lib/liblzma.5.dylib
0x00007fff8ac17000 	/usr/lib/libnetwork.dylib
0x00007fff8b06f000 	/usr/lib/libpcap.A.dylib
0x00007fff76b84000 	/System/Library/Frameworks/CoreServices.framework/Versions/A/Frameworks/FSEvents.framework/Versions/A/FSEvents
0x00007fff76874000 	/System/Library/Frameworks/CoreServices.framework/Versions/A/Frameworks/CarbonCore.framework/Versions/A/CarbonCore
0x00007fff76cfa000 	/System/Library/Frameworks/CoreServices.framework/Versions/A/Frameworks/Metadata.framework/Versions/A/Metadata
0x00007fff76dab000 	/System/Library/Frameworks/CoreServices.framework/Versions/A/Frameworks/OSServices.framework/Versions/A/OSServices
0x00007fff76e0b000 	/System/Library/Frameworks/CoreServices.framework/Versions/A/Frameworks/SearchKit.framework/Versions/A/SearchKit
0x00007fff76822000 	/System/Library/Frameworks/CoreServices.framework/Versions/A/Frameworks/AE.framework/Versions/A/AE
0x00007fff76b8d000 	/System/Library/Frameworks/CoreServices.framework/Versions/A/Frameworks/LaunchServices.framework/Versions/A/LaunchServices
0x00007fff76b50000 	/System/Library/Frameworks/CoreServices.framework/Versions/A/Frameworks/DictionaryServices.framework/Versions/A/DictionaryServices
0x00007fff76e7c000 	/System/Library/Frameworks/CoreServices.framework/Versions/A/Frameworks/SharedFileList.framework/Versions/A/SharedFileList
0x00007fff79bc8000 	/System/Library/Frameworks/NetFS.framework/Versions/A/NetFS
0x00007fff859a1000 	/System/Library/PrivateFrameworks/NetAuth.framework/Versions/A/NetAuth
0x00007fff89c1b000 	/System/Library/PrivateFrameworks/login.framework/Versions/A/Frameworks/loginsupport.framework/Versions/A/loginsupport
0x00007fff8880c000 	/System/Library/PrivateFrameworks/TCC.framework/Versions/A/TCC
0x00007fff8a93c000 	/usr/lib/libmecabra.dylib
0x00007fff74263000 	/System/Library/Frameworks/ApplicationServices.framework/Versions/A/Frameworks/ATS.framework/Versions/A/ATS
0x00007fff745e2000 	/System/Library/Frameworks/ApplicationServices.framework/Versions/A/Frameworks/ColorSync.framework/Versions/A/ColorSync
0x00007fff7468d000 	/System/Library/Frameworks/ApplicationServices.framework/Versions/A/Frameworks/HIServices.framework/Versions/A/HIServices
0x00007fff746df000 	/System/Library/Frameworks/ApplicationServices.framework/Versions/A/Frameworks/LangAnalysis.framework/Versions/A/LangAnalysis
0x00007fff746ef000 	/System/Library/Frameworks/ApplicationServices.framework/Versions/A/Frameworks/PrintCore.framework/Versions/A/PrintCore
0x00007fff7473d000 	/System/Library/Frameworks/ApplicationServices.framework/Versions/A/Frameworks/QD.framework/Versions/A/QD
0x00007fff74779000 	/System/Library/Frameworks/ApplicationServices.framework/Versions/A/Frameworks/SpeechSynthesis.framework/Versions/A/SpeechSynthesis
0x00007fff72353000 	/System/Library/Frameworks/Accelerate.framework/Versions/A/Frameworks/vImage.framework/Versions/A/vImage
0x00007fff731b8000 	/System/Library/Frameworks/Accelerate.framework/Versions/A/Frameworks/vecLib.framework/Versions/A/vecLib
0x00007fff72fb2000 	/System/Library/Frameworks/Accelerate.framework/Versions/A/Frameworks/vecLib.framework/Versions/A/libvDSP.dylib
0x00007fff72b5c000 	/System/Library/Frameworks/Accelerate.framework/Versions/A/Frameworks/vecLib.framework/Versions/A/libBNNS.dylib
0x00007fff72f97000 	/System/Library/Frameworks/Accelerate.framework/Versions/A/Frameworks/vecLib.framework/Versions/A/libQuadrature.dylib
0x00007fff73100000 	/System/Library/Frameworks/Accelerate.framework/Versions/A/Frameworks/vecLib.framework/Versions/A/libvMisc.dylib
0x00007fff72b74000 	/System/Library/Frameworks/Accelerate.framework/Versions/A/Frameworks/vecLib.framework/Versions/A/libLAPACK.dylib
0x00007fff72994000 	/System/Library/Frameworks/Accelerate.framework/Versions/A/Frameworks/vecLib.framework/Versions/A/libBLAS.dylib
0x00007fff72f80000 	/System/Library/Frameworks/Accelerate.framework/Versions/A/Frameworks/vecLib.framework/Versions/A/libLinearAlgebra.dylib
0x00007fff72f9e000 	/System/Library/Frameworks/Accelerate.framework/Versions/A/Frameworks/vecLib.framework/Versions/A/libSparseBLAS.dylib
0x00007fff7436b000 	/System/Library/Frameworks/ApplicationServices.framework/Versions/A/Frameworks/ATS.framework/Versions/A/Resources/libFontParser.dylib
0x00007fff7449b000 	/System/Library/Frameworks/ApplicationServices.framework/Versions/A/Frameworks/ATS.framework/Versions/A/Resources/libFontRegistry.dylib
0x00007fff77c86000 	/System/Library/Frameworks/ImageIO.framework/Versions/A/Resources/libJPEG.dylib
0x00007fff77cd4000 	/System/Library/Frameworks/ImageIO.framework/Versions/A/Resources/libTIFF.dylib
0x00007fff77caa000 	/System/Library/Frameworks/ImageIO.framework/Versions/A/Resources/libPng.dylib
0x00007fff77b8f000 	/System/Library/Frameworks/ImageIO.framework/Versions/A/Resources/libGIF.dylib
0x00007fff77b94000 	/System/Library/Frameworks/ImageIO.framework/Versions/A/Resources/libJP2.dylib
0x00007fff77cd1000 	/System/Library/Frameworks/ImageIO.framework/Versions/A/Resources/libRadiance.dylib
0x00007fff8a1af000 	/usr/lib/libcompression.dylib
0x00007fff7f147000 	/System/Library/PrivateFrameworks/AppleJPEG.framework/Versions/A/AppleJPEG
0x00007fff8a505000 	/usr/lib/libcups.2.dylib
0x00007fff78a8b000 	/System/Library/Frameworks/Kerberos.framework/Versions/A/Kerberos
0x00007fff777a6000 	/System/Library/Frameworks/GSS.framework/Versions/A/GSS
0x00007fff8b0bd000 	/usr/lib/libresolv.9.dylib
0x00007fff8a5eb000 	/usr/lib/libiconv.2.dylib
0x00007fff84443000 	/System/Library/PrivateFrameworks/Heimdal.framework/Versions/A/Heimdal
0x00007fff8a5e5000 	/usr/lib/libheimdal-asn1.dylib
0x00007fff79fe1000 	/System/Library/Frameworks/OpenDirectory.framework/Versions/A/OpenDirectory
0x00007fff80c5a000 	/System/Library/PrivateFrameworks/CommonAuth.framework/Versions/A/CommonAuth
0x00007fff79fc7000 	/System/Library/Frameworks/OpenDirectory.framework/Versions/A/Frameworks/CFOpenDirectory.framework/Versions/A/CFOpenDirectory
0x00007fff7c308000 	/System/Library/Frameworks/SecurityFoundation.framework/Versions/A/SecurityFoundation
0x00007fff84bfb000 	/System/Library/PrivateFrameworks/LanguageModeling.framework/Versions/A/LanguageModeling
0x00007fff8a925000 	/usr/lib/libmarisa.dylib
0x00007fff89c8e000 	/usr/lib/libChineseTokenizer.dylib
0x00007fff8a19e000 	/usr/lib/libcmph.dylib
0x00007fff813ac000 	/System/Library/PrivateFrameworks/CoreEmoji.framework/Versions/A/CoreEmoji
0x00007fff7c3a8000 	/System/Library/Frameworks/ServiceManagement.framework/Versions/A/ServiceManagement
0x00007fff8b462000 	/usr/lib/libxslt.1.dylib
0x00007fff75208000 	/System/Library/Frameworks/Carbon.framework/Versions/A/Frameworks/Ink.framework/Versions/A/Ink
0x00007fff8889e000 	/System/Library/PrivateFrameworks/TextureIO.framework/Versions/A/TextureIO
0x00007fff79284000 	/System/Library/Frameworks/Metal.framework/Versions/A/Metal
0x00007fff8a003000 	/usr/lib/libate.dylib
0x00007fff83a45000 	/System/Library/PrivateFrameworks/GPUCompiler.framework/libmetal_timestamp.dylib
0x00007fff79ff0000 	/System/Library/Frameworks/OpenGL.framework/Versions/A/Libraries/libCoreFSCache.dylib
0x00007fff84ad4000 	/System/Library/PrivateFrameworks/IOAccelerator.framework/Versions/A/IOAccelerator
0x00007fff77098000 	/System/Library/Frameworks/CoreVideo.framework/Versions/A/CoreVideo
0x00007fff89d2d000 	/usr/lib/libFosl_dynamic.dylib
0x00007fff856d3000 	/System/Library/PrivateFrameworks/MetalPerformanceShaders.framework/Versions/A/MetalPerformanceShaders
0x00007fff822bd000 	/System/Library/PrivateFrameworks/FaceCore.framework/Versions/A/FaceCore
0x00007fff79f78000 	/System/Library/Frameworks/OpenCL.framework/Versions/A/OpenCL
0x00007fff7a1c3000 	/System/Library/Frameworks/OpenGL.framework/Versions/A/Libraries/libGLU.dylib
0x00007fff79ff9000 	/System/Library/Frameworks/OpenGL.framework/Versions/A/Libraries/libGFXShared.dylib
0x00007fff7a003000 	/System/Library/Frameworks/OpenGL.framework/Versions/A/Libraries/libGL.dylib
0x00007fff7a00f000 	/System/Library/Frameworks/OpenGL.framework/Versions/A/Libraries/libGLImage.dylib
0x00007fff79fed000 	/System/Library/Frameworks/OpenGL.framework/Versions/A/Libraries/libCVMSPluginSupport.dylib
0x00007fff79ff4000 	/System/Library/Frameworks/OpenGL.framework/Versions/A/Libraries/libCoreVMClient.dylib
0x00007fff81d0e000 	/System/Library/PrivateFrameworks/CrashReporterSupport.framework/Versions/A/CrashReporterSupport
0x00007fff8775f000 	/System/Library/PrivateFrameworks/Sharing.framework/Versions/A/Sharing
0x00007fff84af2000 	/System/Library/PrivateFrameworks/IconServices.framework/Versions/A/IconServices
0x00007fff869ad000 	/System/Library/PrivateFrameworks/ProtocolBuffer.framework/Versions/A/ProtocolBuffer
0x00007fff7f022000 	/System/Library/PrivateFrameworks/Apple80211.framework/Versions/A/Apple80211
0x00007fff770ce000 	/System/Library/Frameworks/CoreWLAN.framework/Versions/A/CoreWLAN
0x00007fff81b88000 	/System/Library/PrivateFrameworks/CoreUtils.framework/Versions/A/CoreUtils
0x00007fff77897000 	/System/Library/Frameworks/IOBluetooth.framework/Versions/A/IOBluetooth
0x00007fff81ca8000 	/System/Library/PrivateFrameworks/CoreWiFi.framework/Versions/A/CoreWiFi
0x00007fff7557f000 	/System/Library/Frameworks/CoreBluetooth.framework/Versions/A/CoreBluetooth
0x00007fff75893000 	/System/Library/Frameworks/CoreDisplay.framework/Versions/A/CoreDisplay
0x00007fff84add000 	/System/Library/PrivateFrameworks/IOPresentment.framework/Versions/A/IOPresentment
0x00007fff81d99000 	/System/Library/PrivateFrameworks/DSExternalDisplay.framework/Versions/A/DSExternalDisplay
0x00007fff81e84000 	/System/Library/PrivateFrameworks/DebugSymbols.framework/Versions/A/DebugSymbols
0x00007fff819b8000 	/System/Library/PrivateFrameworks/CoreSymbolication.framework/Versions/A/CoreSymbolication
0x00007fff88359000 	/System/Library/PrivateFrameworks/Symbolication.framework/Versions/A/Symbolication
0x00007fff7f045000 	/System/Library/PrivateFrameworks/AppleFSCompression.framework/Versions/A/AppleFSCompression
0x00007fff87c61000 	/System/Library/PrivateFrameworks/SpeechRecognitionCore.framework/Versions/A/SpeechRecognitionCore
0x00007fff8030e000 	/System/Library/PrivateFrameworks/ChunkingLibrary.framework/Versions/A/ChunkingLibrary
0x0000000108200000 	/Applications/Android Studio.app/Contents/jre/Contents/Home/lib/server/libjvm.dylib
0x000000010795a000 	/Applications/Android Studio.app/Contents/jre/Contents/Home/lib/libverify.dylib
0x000000010796d000 	/Applications/Android Studio.app/Contents/jre/Contents/Home/lib/libjava.dylib
0x00000001079a8000 	/Applications/Android Studio.app/Contents/jre/Contents/Home/lib/libjimage.dylib
0x00000001079c4000 	/Applications/Android Studio.app/Contents/jre/Contents/Home/lib/libzip.dylib
0x0000000114e4b000 	/Applications/Android Studio.app/Contents/jre/Contents/Home/lib/libnio.dylib
0x0000000114e66000 	/Applications/Android Studio.app/Contents/jre/Contents/Home/lib/./libnet.dylib
0x000000011518d000 	/Users/mac/.gradle/native/8bec1ad78214c89d9ad589b4d07fe93259594b29d510b10fafb7a158f7737e5d/osx-amd64/libnative-platform.dylib
0x0000000115194000 	/Users/mac/.gradle/native/53dbd7edfb1c66fb8903c78663c9afc45aea4f116125fa6feffd364cf09443e8/osx-amd64/libnative-platform-file-events.dylib
0x0000000115e67000 	/Applications/Android Studio.app/Contents/jre/Contents/Home/lib/libmanagement.dylib
0x0000000115f62000 	/Applications/Android Studio.app/Contents/jre/Contents/Home/lib/libmanagement_ext.dylib
0x0000000115455000 	/Applications/Android Studio.app/Contents/jre/Contents/Home/lib/libextnet.dylib


VM Arguments:
jvm_args: --add-opens=java.base/java.util=ALL-UNNAMED --add-opens=java.base/java.lang=ALL-UNNAMED --add-opens=java.base/java.lang.invoke=ALL-UNNAMED --add-opens=java.base/java.util=ALL-UNNAMED --add-opens=java.prefs/java.util.prefs=ALL-UNNAMED --add-opens=java.prefs/java.util.prefs=ALL-UNNAMED --add-opens=java.base/java.nio.charset=ALL-UNNAMED --add-opens=java.base/java.net=ALL-UNNAMED --add-opens=java.base/java.util.concurrent.atomic=ALL-UNNAMED -Xmx2048m -Dfile.encoding=UTF-8 -Duser.country=US -Duser.language=en -Duser.variant 
java_command: org.gradle.launcher.daemon.bootstrap.GradleDaemon 7.0.2
java_class_path (initial): /Users/mac/.gradle/wrapper/dists/gradle-7.0.2-bin/857tjihv64xamwrf0h14cai3r/gradle-7.0.2/lib/gradle-launcher-7.0.2.jar
Launcher Type: SUN_STANDARD

[Global flags]
     intx CICompilerCount                          = 3                                         {product} {ergonomic}
     uint ConcGCThreads                            = 1                                         {product} {ergonomic}
     uint G1ConcRefinementThreads                  = 4                                         {product} {ergonomic}
   size_t G1HeapRegionSize                         = 1048576                                   {product} {ergonomic}
    uintx GCDrainStackTargetSize                   = 64                                        {product} {ergonomic}
   size_t InitialHeapSize                          = 67108864                                  {product} {ergonomic}
   size_t MarkStackSize                            = 4194304                                   {product} {ergonomic}
   size_t MaxHeapSize                              = 2147483648                                {product} {command line}
   size_t MaxNewSize                               = 1287651328                                {product} {ergonomic}
   size_t MinHeapDeltaBytes                        = 1048576                                   {product} {ergonomic}
    uintx NonNMethodCodeHeapSize                   = 5830732                                {pd product} {ergonomic}
    uintx NonProfiledCodeHeapSize                  = 122913754                              {pd product} {ergonomic}
    uintx ProfiledCodeHeapSize                     = 122913754                              {pd product} {ergonomic}
    uintx ReservedCodeCacheSize                    = 251658240                              {pd product} {ergonomic}
     bool SegmentedCodeCache                       = true                                      {product} {ergonomic}
     bool UseCompressedClassPointers               = true                                 {lp64_product} {ergonomic}
     bool UseCompressedOops                        = true                                 {lp64_product} {ergonomic}
     bool UseG1GC                                  = true                                      {product} {ergonomic}

Logging:
Log output configuration:
 #0: stdout all=warning uptime,level,tags
 #1: stderr all=off uptime,level,tags

Environment Variables:
PATH=/usr/local/bin:/usr/bin:/bin:/usr/sbin:/sbin
SHELL=/bin/bash
LC_CTYPE=en_US.UTF-8

Signal Handlers:
SIGSEGV: [libjvm.dylib+0x78fc66], sa_mask[0]=11111111011111110111111111111111, sa_flags=SA_ONSTACK|SA_RESTART|SA_SIGINFO
SIGBUS: [libjvm.dylib+0x78fc66], sa_mask[0]=11111111011111110111111111111111, sa_flags=SA_RESTART|SA_SIGINFO
SIGFPE: [libjvm.dylib+0x78fc66], sa_mask[0]=11111111011111110111111111111111, sa_flags=SA_RESTART|SA_SIGINFO
SIGPIPE: [libjvm.dylib+0x5feb77], sa_mask[0]=11111111011111110111111111111111, sa_flags=SA_RESTART|SA_SIGINFO
SIGXFSZ: [libjvm.dylib+0x5feb77], sa_mask[0]=11111111011111110111111111111111, sa_flags=SA_RESTART|SA_SIGINFO
SIGILL: [libjvm.dylib+0x78fc66], sa_mask[0]=11111111011111110111111111111111, sa_flags=SA_RESTART|SA_SIGINFO
SIGUSR2: [libjvm.dylib+0x5ff156], sa_mask[0]=00100000000000000000000000000000, sa_flags=SA_RESTART|SA_SIGINFO
SIGHUP: [libjvm.dylib+0x5fdc3f], sa_mask[0]=11111111011111110111111111111111, sa_flags=SA_RESTART|SA_SIGINFO
SIGINT: [libjvm.dylib+0x5fdc3f], sa_mask[0]=11111111011111110111111111111111, sa_flags=SA_RESTART|SA_SIGINFO
SIGTERM: [libjvm.dylib+0x5fdc3f], sa_mask[0]=11111111011111110111111111111111, sa_flags=SA_RESTART|SA_SIGINFO
SIGQUIT: [libjvm.dylib+0x5fdc3f], sa_mask[0]=11111111011111110111111111111111, sa_flags=SA_RESTART|SA_SIGINFO


---------------  S Y S T E M  ---------------

OS:uname:Darwin 16.7.0 Darwin Kernel Version 16.7.0: Thu Jun 15 17:36:27 PDT 2017; root:xnu-3789.70.16~2/RELEASE_X86_64 x86_64
OS uptime: 2 days 1:22 hours
rlimit (soft/hard): STACK 8192k/65532k , CORE 0k/infinity , NPROC 709/1064 , NOFILE 10240/infinity , AS infinity/infinity , CPU infinity/infinity , DATA infinity/infinity , FSIZE infinity/infinity , MEMLOCK infinity/infinity , RSS infinity/infinity
load average:3.07 3.14 3.04

CPU:total 4 (initial active 4) (2 cores per cpu, 2 threads per core) family 6 model 42 stepping 7 microcode 0x2f, cmov, cx8, fxsr, mmx, sse, sse2, sse3, ssse3, sse4.1, sse4.2, popcnt, avx, aes, clmul, ht, tsc, tscinvbit

Memory: 4k page, physical 4194304k(248988k free), swap 2097152k(1514752k free)

vm_info: OpenJDK 64-Bit Server VM (11.0.10+0-b96-7281165) for bsd-amd64 JRE (11.0.10+0-b96-7281165), built on Apr 14 2021 15:20:36 by "builder" with gcc Android (6875598, based on r399163b) Clang 11.0.5 (https://android.googlesource.com/toolchain/llvm-project 87f1315dfbea7c137aa2e6d362dbb457e388158d)

END.
