#
# A fatal error has been detected by the Java Runtime Environment:
#
#  SIGSEGV (0xb) at pc=0x0000000000000002, pid=1403, tid=14083
#
# JRE version: OpenJDK Runtime Environment (11.0.10) (build 11.0.10+0-b96-7281165)
# Java VM: OpenJDK 64-Bit Server VM (11.0.10+0-b96-7281165, mixed mode, tiered, compressed oops, g1 gc, bsd-amd64)
# Problematic frame:
# C  0x0000000000000002
#
# No core dump will be written. Core dumps have been disabled. To enable core dumping, try "ulimit -c unlimited" before starting Java again
#
# If you would like to submit a bug report, please visit:
#   https://bugreport.java.com/bugreport/crash.jsp
#

---------------  S U M M A R Y ------------

Command Line: --add-opens=java.base/java.util=ALL-UNNAMED --add-opens=java.base/java.lang=ALL-UNNAMED --add-opens=java.base/java.lang.invoke=ALL-UNNAMED --add-opens=java.base/java.util=ALL-UNNAMED --add-opens=java.prefs/java.util.prefs=ALL-UNNAMED --add-opens=java.prefs/java.util.prefs=ALL-UNNAMED --add-opens=java.base/java.nio.charset=ALL-UNNAMED --add-opens=java.base/java.net=ALL-UNNAMED --add-opens=java.base/java.util.concurrent.atomic=ALL-UNNAMED -Xmx2048m -Dfile.encoding=UTF-8 -Duser.country=US -Duser.language=en -Duser.variant org.gradle.launcher.daemon.bootstrap.GradleDaemon 7.0.2

Host: MacBookAir4,1 x86_64 1600 MHz, 4 cores, 4G, Darwin 16.7.0
Time: Mon Sep 27 16:56:53 2021 EAT elapsed time: 23.677202 seconds (0d 0h 0m 23s)

---------------  T H R E A D  ---------------

Current thread (0x00007fbdf7031000):  ConcurrentGCThread "G1 Conc#0" [stack: 0x000070000b4a5000,0x000070000b5a5000] [id=14083]

Stack: [0x000070000b4a5000,0x000070000b5a5000],  sp=0x000070000b5a4c38,  free space=1023k
Native frames: (J=compiled Java code, A=aot compiled Java code, j=interpreted, Vv=VM code, C=native code)
C  0x0000000000000002
V  [libjvm.dylib+0x30520b]  G1CMTask::drain_local_queue(bool)+0x107
V  [libjvm.dylib+0x3050e1]  G1CMBitMapClosure::do_addr(HeapWord*)+0x35
V  [libjvm.dylib+0x309948]  G1CMBitMap::iterate(G1CMBitMapClosure*, MemRegion)+0x212
V  [libjvm.dylib+0x309271]  G1CMTask::do_marking_step(double, bool, bool)+0x1d5
V  [libjvm.dylib+0x30a690]  G1CMConcurrentMarkingTask::work(unsigned int)+0xa6
V  [libjvm.dylib+0x7b471d]  GangWorker::loop()+0x43
V  [libjvm.dylib+0x7462b0]  Thread::call_run()+0x68
V  [libjvm.dylib+0x5fc9b9]  thread_native_entry(Thread*)+0x12d
C  [libsystem_pthread.dylib+0x393b]  _pthread_body+0xb4
C  [libsystem_pthread.dylib+0x3887]  _pthread_body+0x0
C  [libsystem_pthread.dylib+0x308d]  thread_start+0xd


siginfo: si_signo: 11 (SIGSEGV), si_code: 1 (SEGV_MAPERR), si_addr: 0x0000000000000002

Register to memory mapping:

RAX=0x000000000000007f is an unknown value
RBX=0x000000000000001f is an unknown value
RCX=0x0000000108d4b5d0: _ZN21OopOopIterateDispatchI14G1CMOopClosureE6_tableE+0 in /Applications/Android Studio.app/Contents/jre/Contents/Home/lib/server/libjvm.dylib at 0x0000000108400000
RDX=0x0000000800000011 is pointing into metadata
RSP=0x000070000b5a4c38 points into unknown readable memory: 0x000000010870a289 | 89 a2 70 08 01 00 00 00
RBP=0x000070000b5a4c70 points into unknown readable memory: 0x000070000b5a4cc0 | c0 4c 5a 0b 00 70 00 00
RSI=0x00000007816882a0 is an oop: 
[error occurred during error reporting (printing register info), id 0xb, SIGSEGV (0xb) at pc=0x00000001089efd54]

Registers:
RAX=0x000000000000007f, RBX=0x000000000000001f, RCX=0x0000000108d4b5d0, RDX=0x0000000800000011
RSP=0x000070000b5a4c38, RBP=0x000070000b5a4c70, RSI=0x00000007816882a0, RDI=0x000070000b5a4d38
R8 =0x00000007816882a0, R9 =0x0000000000000000, R10=0x00007fbdf7027ed8, R11=0x0000000000000246
R12=0x000070000b5a4d38, R13=0x00007fbdf57046e0, R14=0x00000007816882a0, R15=0x0000000800000011
RIP=0x0000000000000002, EFLAGS=0x0000000000010203, ERR=0x0000000000000014
  TRAPNO=0x000000000000000e

Top of Stack: (sp=0x000070000b5a4c38)
0x000070000b5a4c38:   000000010870a289 0000000000000040
0x000070000b5a4c48:   00007fbdf57046e0 000000000086971c
0x000070000b5a4c58:   0000000000880000 0000000000021fff
0x000070000b5a4c68:   0000000000000040 000070000b5a4cc0
0x000070000b5a4c78:   000000010870520b 00000007816882a0
0x000070000b5a4c88:   00000007816882a0 000070000b5a4cd0
0x000070000b5a4c98:   000070000b5a4d80 000000000086971c
0x000070000b5a4ca8:   0000000000880000 0000000000021fff
0x000070000b5a4cb8:   00007fbdf7027c50 000070000b5a4ce0
0x000070000b5a4cc8:   00000001087050e1 000000078434b8e0
0x000070000b5a4cd8:   000000078434b8e0 000070000b5a4d20
0x000070000b5a4ce8:   0000000108709948 000070000b5a4d80
0x000070000b5a4cf8:   00007fbdf57046e0 00007fbdf5704770
0x000070000b5a4d08:   000070000b5a4d80 0000000000000000
0x000070000b5a4d18:   0000000000000001 000070000b5a4dd0
0x000070000b5a4d28:   0000000108709271 000000010870bb33
0x000070000b5a4d38:   0000000108d263f0 00007fbdf541c070
0x000070000b5a4d48:   00007fbdf580bc00 00007fbdf57046e0
0x000070000b5a4d58:   000070000b5a4dc0 4024000000000000
0x000070000b5a4d68:   3fb1e9b9be811b26 3fe0000000000000
0x000070000b5a4d78:   00007fbdf5704820 00007fbdf7027c00
0x000070000b5a4d88:   00007fbdf57046e0 000070000b5a4db0
0x000070000b5a4d98:   4023762a00000001 00000000f5602790
0x000070000b5a4da8:   00007fbdf57046e0 0000000108d4d028
0x000070000b5a4db8:   0000000108da1d58 0000000000000000
0x000070000b5a4dc8:   000070000b4a1c90 000070000b5a4e40
0x000070000b5a4dd8:   000000010870a690 00007fbd00000000
0x000070000b5a4de8:   00007fbdf5703680 00007fbdf57036b0
0x000070000b5a4df8:   00007fbdf57036c0 00007fbdf5703a98
0x000070000b5a4e08:   00000000000003d8 403757579ac69550
0x000070000b5a4e18:   000070000b4a1c90 0000000000000000
0x000070000b5a4e28:   0000000000003703 000070000b5a4e58 

Instructions: (pc=0x0000000000000002)
0xffffffffffffff02:   


Stack slot to memory mapping:
stack at sp + 0 slots: 0x000000010870a289: _ZN8G1CMTask23process_grey_task_entryILb1EEEv16G1TaskQueueEntry+0x195 in /Applications/Android Studio.app/Contents/jre/Contents/Home/lib/server/libjvm.dylib at 0x0000000108400000
stack at sp + 1 slots: 64 is a compressed pointer to class: 0x0000000800000040
stack at sp + 2 slots: 0x00007fbdf57046e0 points into unknown readable memory: 0x0000000108d26430 | 30 64 d2 08 01 00 00 00
stack at sp + 3 slots: 0x000000000086971c is an unknown value
stack at sp + 4 slots: 0x0000000000880000 is an unknown value
stack at sp + 5 slots: 0x0000000000021fff is an unknown value
stack at sp + 6 slots: 64 is a compressed pointer to class: 0x0000000800000040
stack at sp + 7 slots: 0x000070000b5a4cc0 points into unknown readable memory: 0x000070000b5a4ce0 | e0 4c 5a 0b 00 70 00 00


---------------  P R O C E S S  ---------------

Threads class SMR info:
_java_thread_list=0x00007fbdfadf3850, length=48, elements={
0x00007fbdf6809800, 0x00007fbdf581c000, 0x00007fbdf5821800, 0x00007fbdf582a800,
0x00007fbdf7096800, 0x00007fbdf7097000, 0x00007fbdf7098000, 0x00007fbdf709b800,
0x00007fbdf706b800, 0x00007fbdf7b65000, 0x00007fbdf5fd2800, 0x00007fbdf7161800,
0x00007fbdf70e5000, 0x00007fbdf7a2f800, 0x00007fbdf7282800, 0x00007fbdf5fa7000,
0x00007fbdf786b800, 0x00007fbdf9859000, 0x00007fbdf5f7d800, 0x00007fbdf70ef800,
0x00007fbdf7db6000, 0x00007fbdf5862000, 0x00007fbdf8e4d800, 0x00007fbdf5dfe000,
0x00007fbdf7748800, 0x00007fbdf84e7000, 0x00007fbdf745f800, 0x00007fbdf7ff7000,
0x00007fbdf8a86000, 0x00007fbdf735e800, 0x00007fbdf7d10800, 0x00007fbdf5d57000,
0x00007fbdf7369800, 0x00007fbdf9860000, 0x00007fbdf8913800, 0x00007fbdf7d8f800,
0x00007fbdf8a54800, 0x00007fbdf984d000, 0x00007fbdf7faa000, 0x00007fbdf5cbd800,
0x00007fbdf9aa1800, 0x00007fbdf6e7c000, 0x00007fbdf6d06800, 0x00007fbdf5d50000,
0x00007fbdf58d3800, 0x00007fbdf58d6800, 0x00007fbdf7147800, 0x00007fbdf69cd800
}

Java Threads: ( => current thread )
  0x00007fbdf6809800 JavaThread "main" [_thread_blocked, id=8963, stack(0x00000001096ad000,0x00000001097ad000)]
  0x00007fbdf581c000 JavaThread "Reference Handler" daemon [_thread_blocked, id=17411, stack(0x000070000b8b1000,0x000070000b9b1000)]
  0x00007fbdf5821800 JavaThread "Finalizer" daemon [_thread_blocked, id=18179, stack(0x000070000b9b4000,0x000070000bab4000)]
  0x00007fbdf582a800 JavaThread "Signal Dispatcher" daemon [_thread_blocked, id=21767, stack(0x000070000bab7000,0x000070000bbb7000)]
  0x00007fbdf7096800 JavaThread "Service Thread" daemon [_thread_blocked, id=22531, stack(0x000070000bbba000,0x000070000bcba000)]
  0x00007fbdf7097000 JavaThread "C2 CompilerThread0" daemon [_thread_in_native, id=23299, stack(0x000070000bcbd000,0x000070000bdbd000)]
  0x00007fbdf7098000 JavaThread "C1 CompilerThread0" daemon [_thread_blocked, id=24067, stack(0x000070000bdc0000,0x000070000bec0000)]
  0x00007fbdf709b800 JavaThread "Sweeper thread" daemon [_thread_blocked, id=24835, stack(0x000070000bec3000,0x000070000bfc3000)]
  0x00007fbdf706b800 JavaThread "Common-Cleaner" daemon [_thread_blocked, id=25603, stack(0x000070000bfc6000,0x000070000c0c6000)]
  0x00007fbdf7b65000 JavaThread "Daemon health stats" [_thread_blocked, id=28163, stack(0x000070000c3d2000,0x000070000c4d2000)]
  0x00007fbdf5fd2800 JavaThread "Incoming local TCP Connector on port 51636" [_thread_in_native, id=28931, stack(0x000070000c4d5000,0x000070000c5d5000)]
  0x00007fbdf7161800 JavaThread "Daemon" [_thread_blocked, id=30723, stack(0x000070000c7de000,0x000070000c8de000)]
  0x00007fbdf70e5000 JavaThread "Handler for socket connection from /127.0.0.1:51636 to /127.0.0.1:51637" [_thread_in_native, id=31491, stack(0x000070000c8e1000,0x000070000c9e1000)]
  0x00007fbdf7a2f800 JavaThread "Daemon periodic checks" [_thread_blocked, id=32259, stack(0x000070000c9e4000,0x000070000cae4000)]
  0x00007fbdf7282800 JavaThread "Cancel handler" [_thread_blocked, id=33027, stack(0x000070000cae7000,0x000070000cbe7000)]
  0x00007fbdf5fa7000 JavaThread "Daemon worker" [_thread_blocked, id=33795, stack(0x000070000cbea000,0x000070000ccea000)]
  0x00007fbdf786b800 JavaThread "Asynchronous log dispatcher for DefaultDaemonConnection: socket connection from /127.0.0.1:51636 to /127.0.0.1:51637" [_thread_blocked, id=34563, stack(0x000070000cced000,0x000070000cded000)]
  0x00007fbdf9859000 JavaThread "Stdin handler" [_thread_blocked, id=35331, stack(0x000070000cdf0000,0x000070000cef0000)]
  0x00007fbdf5f7d800 JavaThread "Daemon client event forwarder" [_thread_blocked, id=36099, stack(0x000070000cef3000,0x000070000cff3000)]
  0x00007fbdf70ef800 JavaThread "Cache worker for file hash cache (/Users/mac/.gradle/caches/7.0.2/fileHashes)" [_thread_blocked, id=36867, stack(0x000070000cff6000,0x000070000d0f6000)]
  0x00007fbdf7db6000 JavaThread "File lock request listener" [_thread_in_native, id=37635, stack(0x000070000d0f9000,0x000070000d1f9000)]
  0x00007fbdf5862000 JavaThread "Cache worker for journal cache (/Users/mac/.gradle/caches/journal-1)" [_thread_blocked, id=38403, stack(0x000070000d1fc000,0x000070000d2fc000)]
  0x00007fbdf8e4d800 JavaThread "Cache worker for file hash cache (/Users/mac/AndroidStudioProjects/MUBSEHealth/.gradle/7.0.2/fileHashes)" [_thread_blocked, id=39171, stack(0x000070000d2ff000,0x000070000d3ff000)]
  0x00007fbdf5dfe000 JavaThread "File watcher server" daemon [_thread_blocked, id=39939, stack(0x000070000d402000,0x000070000d502000)]
  0x00007fbdf7748800 JavaThread "File watcher consumer" daemon [_thread_blocked, id=41731, stack(0x000070000d505000,0x000070000d605000)]
  0x00007fbdf84e7000 JavaThread "Cache worker for checksums cache (/Users/mac/AndroidStudioProjects/MUBSEHealth/.gradle/checksums)" [_thread_blocked, id=42499, stack(0x000070000d608000,0x000070000d708000)]
  0x00007fbdf745f800 JavaThread "Cache worker for cache directory md-supplier (/Users/mac/.gradle/caches/7.0.2/md-supplier)" [_thread_blocked, id=43267, stack(0x000070000d70b000,0x000070000d80b000)]
  0x00007fbdf7ff7000 JavaThread "Cache worker for cache directory md-rule (/Users/mac/.gradle/caches/7.0.2/md-rule)" [_thread_blocked, id=5127, stack(0x000070000b199000,0x000070000b299000)]
  0x00007fbdf8a86000 JavaThread "Cache worker for execution history cache (/Users/mac/.gradle/caches/7.0.2/executionHistory)" [_thread_blocked, id=44035, stack(0x000070000d80e000,0x000070000d90e000)]
  0x00007fbdf735e800 JavaThread "jar transforms" [_thread_blocked, id=44803, stack(0x000070000d911000,0x000070000da11000)]
  0x00007fbdf7d10800 JavaThread "jar transforms Thread 2" [_thread_blocked, id=45571, stack(0x000070000da14000,0x000070000db14000)]
  0x00007fbdf5d57000 JavaThread "Cache worker for file content cache (/Users/mac/.gradle/caches/7.0.2/fileContent)" [_thread_blocked, id=46339, stack(0x000070000db17000,0x000070000dc17000)]
  0x00007fbdf7369800 JavaThread "Cache worker for dependencies-accessors (/Users/mac/AndroidStudioProjects/MUBSEHealth/.gradle/7.0.2/dependencies-accessors)" [_thread_blocked, id=47107, stack(0x000070000dc1a000,0x000070000dd1a000)]
  0x00007fbdf9860000 JavaThread "jar transforms Thread 3" [_thread_blocked, id=47875, stack(0x000070000dd1d000,0x000070000de1d000)]
  0x00007fbdf8913800 JavaThread "Cache worker for Build Output Cleanup Cache (/Users/mac/AndroidStudioProjects/MUBSEHealth/.gradle/buildOutputCleanup)" [_thread_blocked, id=48643, stack(0x000070000de20000,0x000070000df20000)]
  0x00007fbdf7d8f800 JavaThread "Build operations" [_thread_blocked, id=49411, stack(0x000070000df23000,0x000070000e023000)]
  0x00007fbdf8a54800 JavaThread "Build operations Thread 2" [_thread_blocked, id=50179, stack(0x000070000e026000,0x000070000e126000)]
  0x00007fbdf984d000 JavaThread "Build operations Thread 3" [_thread_blocked, id=50947, stack(0x000070000e129000,0x000070000e229000)]
  0x00007fbdf7faa000 JavaThread "Build operations Thread 4" [_thread_blocked, id=51715, stack(0x000070000e22c000,0x000070000e32c000)]
  0x00007fbdf5cbd800 JavaThread "jar transforms Thread 4" [_thread_blocked, id=52483, stack(0x000070000e32f000,0x000070000e42f000)]
  0x00007fbdf9aa1800 JavaThread "Memory manager" [_thread_blocked, id=27143, stack(0x000070000c1cc000,0x000070000c2cc000)]
  0x00007fbdf6e7c000 JavaThread "build event listener" [_thread_blocked, id=53251, stack(0x000070000e432000,0x000070000e532000)]
  0x00007fbdf6d06800 JavaThread "pool-3-thread-1" [_thread_blocked, id=54019, stack(0x000070000e535000,0x000070000e635000)]
  0x00007fbdf5d50000 JavaThread "build event listener" [_thread_blocked, id=54787, stack(0x000070000e638000,0x000070000e738000)]
  0x00007fbdf58d3800 JavaThread "Execution worker for ':'" [_thread_blocked, id=55555, stack(0x000070000e73b000,0x000070000e83b000)]
  0x00007fbdf58d6800 JavaThread "Execution worker for ':' Thread 2" [_thread_blocked, id=56323, stack(0x000070000e83e000,0x000070000e93e000)]
  0x00007fbdf7147800 JavaThread "Execution worker for ':' Thread 3" [_thread_in_Java, id=57091, stack(0x000070000e941000,0x000070000ea41000)]
  0x00007fbdf69cd800 JavaThread "Cache worker for execution history cache (/Users/mac/AndroidStudioProjects/MUBSEHealth/.gradle/7.0.2/executionHistory)" [_thread_blocked, id=57859, stack(0x000070000ea44000,0x000070000eb44000)]

Other Threads:
  0x00007fbdf6000800 VMThread "VM Thread" [stack: 0x000070000b7ae000,0x000070000b8ae000] [id=16643]
  0x00007fbdf6005800 WatcherThread [stack: 0x000070000c0c9000,0x000070000c1c9000] [id=26115]
  0x00007fbdf5811800 GCTaskThread "GC Thread#0" [stack: 0x000070000b29f000,0x000070000b39f000] [id=12547]
  0x00007fbdf5ac0800 GCTaskThread "GC Thread#1" [stack: 0x000070000c2cf000,0x000070000c3cf000] [id=27395]
  0x00007fbdf7be5000 GCTaskThread "GC Thread#2" [stack: 0x000070000c5d8000,0x000070000c6d8000] [id=29443]
  0x00007fbdf8a6e800 GCTaskThread "GC Thread#3" [stack: 0x000070000c6db000,0x000070000c7db000] [id=29955]
  0x00007fbdf7030800 ConcurrentGCThread "G1 Main Marker" [stack: 0x000070000b3a2000,0x000070000b4a2000] [id=13059]
=>0x00007fbdf7031000 ConcurrentGCThread "G1 Conc#0" [stack: 0x000070000b4a5000,0x000070000b5a5000] [id=14083]
  0x00007fbdf7062000 ConcurrentGCThread "G1 Refine#0" [stack: 0x000070000b5a8000,0x000070000b6a8000] [id=14595]
  0x00007fbdf7062800 ConcurrentGCThread "G1 Young RemSet Sampling" [stack: 0x000070000b6ab000,0x000070000b7ab000] [id=15107]

Threads with active compile tasks:
C2 CompilerThread0  23710 7744       4       sun.security.provider.SHA::implCompress0 (482 bytes)

VM state:not at safepoint (normal execution)

VM Mutex/Monitor currently owned by a thread: None

Heap address: 0x0000000780000000, size: 2048 MB, Compressed Oops mode: Zero based, Oop shift amount: 3
Narrow klass base: 0x0000000800000000, Narrow klass shift: 0
Compressed class space size: 1073741824 Address: 0x0000000800000000

Heap:
 garbage-first heap   total 199680K, used 102275K [0x0000000780000000, 0x0000000800000000)
  region size 1024K, 26 young (26624K), 4 survivors (4096K)
 Metaspace       used 85073K, capacity 87212K, committed 87500K, reserved 1124352K
  class space    used 10918K, capacity 11703K, committed 11724K, reserved 1048576K
Heap Regions: E=young(eden), S=young(survivor), O=old, HS=humongous(starts), HC=humongous(continues), CS=collection set, F=free, A=archive, TAMS=top-at-mark-start (previous, next)
|   0|0x0000000780000000, 0x0000000780100000, 0x0000000780100000|100%| O|  |TAMS 0x0000000780100000, 0x0000000780100000| Untracked 
|   1|0x0000000780100000, 0x0000000780200000, 0x0000000780200000|100%| O|  |TAMS 0x0000000780200000, 0x0000000780200000| Untracked 
|   2|0x0000000780200000, 0x0000000780300000, 0x0000000780300000|100%| O|  |TAMS 0x0000000780300000, 0x0000000780300000| Untracked 
|   3|0x0000000780300000, 0x0000000780400000, 0x0000000780400000|100%|HS|  |TAMS 0x0000000780400000, 0x0000000780400000| Complete 
|   4|0x0000000780400000, 0x0000000780500000, 0x0000000780500000|100%|HC|  |TAMS 0x0000000780500000, 0x0000000780500000| Complete 
|   5|0x0000000780500000, 0x0000000780600000, 0x0000000780600000|100%|HC|  |TAMS 0x0000000780600000, 0x0000000780600000| Complete 
|   6|0x0000000780600000, 0x0000000780700000, 0x0000000780700000|100%| O|  |TAMS 0x0000000780700000, 0x0000000780700000| Untracked 
|   7|0x0000000780700000, 0x0000000780800000, 0x0000000780800000|100%| O|  |TAMS 0x0000000780800000, 0x0000000780800000| Untracked 
|   8|0x0000000780800000, 0x0000000780900000, 0x0000000780900000|100%| O|  |TAMS 0x0000000780900000, 0x0000000780900000| Untracked 
|   9|0x0000000780900000, 0x0000000780a00000, 0x0000000780a00000|100%| O|  |TAMS 0x0000000780a00000, 0x0000000780a00000| Untracked 
|  10|0x0000000780a00000, 0x0000000780b00000, 0x0000000780b00000|100%| O|  |TAMS 0x0000000780b00000, 0x0000000780b00000| Untracked 
|  11|0x0000000780b00000, 0x0000000780c00000, 0x0000000780c00000|100%| O|  |TAMS 0x0000000780c00000, 0x0000000780c00000| Untracked 
|  12|0x0000000780c00000, 0x0000000780d00000, 0x0000000780d00000|100%| O|  |TAMS 0x0000000780d00000, 0x0000000780d00000| Untracked 
|  13|0x0000000780d00000, 0x0000000780e00000, 0x0000000780e00000|100%| O|  |TAMS 0x0000000780e00000, 0x0000000780e00000| Untracked 
|  14|0x0000000780e00000, 0x0000000780f00000, 0x0000000780f00000|100%| O|  |TAMS 0x0000000780f00000, 0x0000000780f00000| Untracked 
|  15|0x0000000780f00000, 0x0000000781000000, 0x0000000781000000|100%| O|  |TAMS 0x0000000781000000, 0x0000000781000000| Untracked 
|  16|0x0000000781000000, 0x0000000781100000, 0x0000000781100000|100%| O|  |TAMS 0x0000000781100000, 0x0000000781100000| Untracked 
|  17|0x0000000781100000, 0x0000000781200000, 0x0000000781200000|100%| O|  |TAMS 0x0000000781200000, 0x0000000781200000| Untracked 
|  18|0x0000000781200000, 0x0000000781300000, 0x0000000781300000|100%| O|  |TAMS 0x0000000781300000, 0x0000000781300000| Untracked 
|  19|0x0000000781300000, 0x0000000781400000, 0x0000000781400000|100%| O|  |TAMS 0x0000000781400000, 0x0000000781400000| Untracked 
|  20|0x0000000781400000, 0x0000000781500000, 0x0000000781500000|100%| O|  |TAMS 0x0000000781500000, 0x0000000781500000| Untracked 
|  21|0x0000000781500000, 0x0000000781600000, 0x0000000781600000|100%| O|  |TAMS 0x0000000781600000, 0x0000000781600000| Untracked 
|  22|0x0000000781600000, 0x0000000781700000, 0x0000000781700000|100%| O|  |TAMS 0x0000000781700000, 0x0000000781700000| Untracked 
|  23|0x0000000781700000, 0x0000000781800000, 0x0000000781800000|100%| O|  |TAMS 0x0000000781800000, 0x0000000781800000| Untracked 
|  24|0x0000000781800000, 0x0000000781900000, 0x0000000781900000|100%|HS|  |TAMS 0x0000000781900000, 0x0000000781900000| Complete 
|  25|0x0000000781900000, 0x0000000781a00000, 0x0000000781a00000|100%| O|  |TAMS 0x0000000781a00000, 0x0000000781a00000| Untracked 
|  26|0x0000000781a00000, 0x0000000781b00000, 0x0000000781b00000|100%| O|  |TAMS 0x0000000781b00000, 0x0000000781b00000| Untracked 
|  27|0x0000000781b00000, 0x0000000781c00000, 0x0000000781c00000|100%|HS|  |TAMS 0x0000000781c00000, 0x0000000781c00000| Complete 
|  28|0x0000000781c00000, 0x0000000781d00000, 0x0000000781d00000|100%|HS|  |TAMS 0x0000000781d00000, 0x0000000781d00000| Complete 
|  29|0x0000000781d00000, 0x0000000781e00000, 0x0000000781e00000|100%|HS|  |TAMS 0x0000000781e00000, 0x0000000781e00000| Complete 
|  30|0x0000000781e00000, 0x0000000781f00000, 0x0000000781f00000|100%|HC|  |TAMS 0x0000000781f00000, 0x0000000781f00000| Complete 
|  31|0x0000000781f00000, 0x0000000782000000, 0x0000000782000000|100%|HC|  |TAMS 0x0000000782000000, 0x0000000782000000| Complete 
|  32|0x0000000782000000, 0x0000000782100000, 0x0000000782100000|100%|HS|  |TAMS 0x0000000782100000, 0x0000000782100000| Complete 
|  33|0x0000000782100000, 0x0000000782200000, 0x0000000782200000|100%|HC|  |TAMS 0x0000000782200000, 0x0000000782200000| Complete 
|  34|0x0000000782200000, 0x0000000782300000, 0x0000000782300000|100%| O|  |TAMS 0x0000000782300000, 0x0000000782300000| Untracked 
|  35|0x0000000782300000, 0x0000000782400000, 0x0000000782400000|100%| O|  |TAMS 0x0000000782400000, 0x0000000782400000| Untracked 
|  36|0x0000000782400000, 0x0000000782500000, 0x0000000782500000|100%| O|  |TAMS 0x0000000782500000, 0x0000000782500000| Untracked 
|  37|0x0000000782500000, 0x0000000782600000, 0x0000000782600000|100%| O|  |TAMS 0x0000000782600000, 0x0000000782600000| Untracked 
|  38|0x0000000782600000, 0x0000000782700000, 0x0000000782700000|100%| O|  |TAMS 0x0000000782700000, 0x0000000782700000| Untracked 
|  39|0x0000000782700000, 0x0000000782800000, 0x0000000782800000|100%| O|  |TAMS 0x0000000782800000, 0x0000000782800000| Untracked 
|  40|0x0000000782800000, 0x0000000782900000, 0x0000000782900000|100%| O|  |TAMS 0x0000000782900000, 0x0000000782900000| Untracked 
|  41|0x0000000782900000, 0x0000000782a00000, 0x0000000782a00000|100%| O|  |TAMS 0x0000000782a00000, 0x0000000782a00000| Untracked 
|  42|0x0000000782a00000, 0x0000000782b00000, 0x0000000782b00000|100%| O|  |TAMS 0x0000000782b00000, 0x0000000782b00000| Untracked 
|  43|0x0000000782b00000, 0x0000000782c00000, 0x0000000782c00000|100%| O|  |TAMS 0x0000000782c00000, 0x0000000782c00000| Untracked 
|  44|0x0000000782c00000, 0x0000000782d00000, 0x0000000782d00000|100%| O|  |TAMS 0x0000000782d00000, 0x0000000782d00000| Untracked 
|  45|0x0000000782d00000, 0x0000000782e00000, 0x0000000782e00000|100%| O|  |TAMS 0x0000000782e00000, 0x0000000782e00000| Untracked 
|  46|0x0000000782e00000, 0x0000000782f00000, 0x0000000782f00000|100%| O|  |TAMS 0x0000000782e86400, 0x0000000782f00000| Untracked 
|  47|0x0000000782f00000, 0x0000000783000000, 0x0000000783000000|100%| O|  |TAMS 0x0000000782f00000, 0x0000000783000000| Untracked 
|  48|0x0000000783000000, 0x0000000783100000, 0x0000000783100000|100%| O|  |TAMS 0x0000000783000000, 0x0000000783100000| Untracked 
|  49|0x0000000783100000, 0x0000000783200000, 0x0000000783200000|100%| O|  |TAMS 0x0000000783100000, 0x0000000783200000| Untracked 
|  50|0x0000000783200000, 0x0000000783300000, 0x0000000783300000|100%| O|  |TAMS 0x0000000783200000, 0x0000000783300000| Untracked 
|  51|0x0000000783300000, 0x0000000783400000, 0x0000000783400000|100%| O|  |TAMS 0x0000000783300000, 0x0000000783400000| Untracked 
|  52|0x0000000783400000, 0x0000000783500000, 0x0000000783500000|100%| O|  |TAMS 0x0000000783400000, 0x0000000783500000| Untracked 
|  53|0x0000000783500000, 0x0000000783600000, 0x0000000783600000|100%| O|  |TAMS 0x0000000783500000, 0x0000000783600000| Untracked 
|  54|0x0000000783600000, 0x0000000783700000, 0x0000000783700000|100%| O|  |TAMS 0x0000000783600000, 0x0000000783700000| Untracked 
|  55|0x0000000783700000, 0x0000000783800000, 0x0000000783800000|100%| O|  |TAMS 0x0000000783700000, 0x0000000783800000| Untracked 
|  56|0x0000000783800000, 0x0000000783900000, 0x0000000783900000|100%| O|  |TAMS 0x0000000783800000, 0x0000000783900000| Untracked 
|  57|0x0000000783900000, 0x0000000783a00000, 0x0000000783a00000|100%| O|  |TAMS 0x0000000783900000, 0x0000000783a00000| Untracked 
|  58|0x0000000783a00000, 0x0000000783b00000, 0x0000000783b00000|100%| O|  |TAMS 0x0000000783a00000, 0x0000000783b00000| Untracked 
|  59|0x0000000783b00000, 0x0000000783c00000, 0x0000000783c00000|100%| O|  |TAMS 0x0000000783b00000, 0x0000000783c00000| Untracked 
|  60|0x0000000783c00000, 0x0000000783d00000, 0x0000000783d00000|100%| O|  |TAMS 0x0000000783c00000, 0x0000000783d00000| Untracked 
|  61|0x0000000783d00000, 0x0000000783e00000, 0x0000000783e00000|100%| O|  |TAMS 0x0000000783d00000, 0x0000000783e00000| Untracked 
|  62|0x0000000783e00000, 0x0000000783f00000, 0x0000000783f00000|100%| O|  |TAMS 0x0000000783e00000, 0x0000000783f00000| Untracked 
|  63|0x0000000783f00000, 0x0000000784000000, 0x0000000784000000|100%| O|  |TAMS 0x0000000783f00000, 0x0000000784000000| Untracked 
|  64|0x0000000784000000, 0x0000000784100000, 0x0000000784100000|100%| O|  |TAMS 0x0000000784000000, 0x0000000784100000| Untracked 
|  65|0x0000000784100000, 0x0000000784200000, 0x0000000784200000|100%| O|  |TAMS 0x0000000784100000, 0x0000000784200000| Untracked 
|  66|0x0000000784200000, 0x0000000784300000, 0x0000000784300000|100%| O|  |TAMS 0x0000000784200000, 0x0000000784300000| Untracked 
|  67|0x0000000784300000, 0x0000000784400000, 0x0000000784400000|100%| O|  |TAMS 0x0000000784300000, 0x0000000784400000| Untracked 
|  68|0x0000000784400000, 0x0000000784500000, 0x0000000784500000|100%| O|  |TAMS 0x0000000784400000, 0x0000000784500000| Untracked 
|  69|0x0000000784500000, 0x0000000784600000, 0x0000000784600000|100%| O|  |TAMS 0x0000000784500000, 0x0000000784600000| Untracked 
|  70|0x0000000784600000, 0x0000000784700000, 0x0000000784700000|100%| O|  |TAMS 0x0000000784600000, 0x0000000784700000| Untracked 
|  71|0x0000000784700000, 0x0000000784800000, 0x0000000784800000|100%| O|  |TAMS 0x0000000784700000, 0x0000000784800000| Untracked 
|  72|0x0000000784800000, 0x0000000784900000, 0x0000000784900000|100%| O|  |TAMS 0x0000000784800000, 0x0000000784900000| Untracked 
|  73|0x0000000784900000, 0x0000000784a00000, 0x0000000784a00000|100%| O|  |TAMS 0x0000000784900000, 0x0000000784a00000| Untracked 
|  74|0x0000000784a00000, 0x0000000784a46a00, 0x0000000784b00000| 27%| O|  |TAMS 0x0000000784a00000, 0x0000000784a46a00| Untracked 
|  75|0x0000000784b00000, 0x0000000784c00000, 0x0000000784c00000|100%|HS|  |TAMS 0x0000000784b00000, 0x0000000784b00000| Complete 
|  76|0x0000000784c00000, 0x0000000784c00000, 0x0000000784d00000|  0%| F|  |TAMS 0x0000000784c00000, 0x0000000784c00000| Untracked 
|  77|0x0000000784d00000, 0x0000000784d00000, 0x0000000784e00000|  0%| F|  |TAMS 0x0000000784d00000, 0x0000000784d00000| Untracked 
|  78|0x0000000784e00000, 0x0000000784e00000, 0x0000000784f00000|  0%| F|  |TAMS 0x0000000784e00000, 0x0000000784e00000| Untracked 
|  79|0x0000000784f00000, 0x0000000784f00000, 0x0000000785000000|  0%| F|  |TAMS 0x0000000784f00000, 0x0000000784f00000| Untracked 
|  80|0x0000000785000000, 0x0000000785000000, 0x0000000785100000|  0%| F|  |TAMS 0x0000000785000000, 0x0000000785000000| Untracked 
|  81|0x0000000785100000, 0x0000000785100000, 0x0000000785200000|  0%| F|  |TAMS 0x0000000785100000, 0x0000000785100000| Untracked 
|  82|0x0000000785200000, 0x0000000785200000, 0x0000000785300000|  0%| F|  |TAMS 0x0000000785200000, 0x0000000785200000| Untracked 
|  83|0x0000000785300000, 0x0000000785300000, 0x0000000785400000|  0%| F|  |TAMS 0x0000000785300000, 0x0000000785300000| Untracked 
|  84|0x0000000785400000, 0x0000000785400000, 0x0000000785500000|  0%| F|  |TAMS 0x0000000785400000, 0x0000000785400000| Untracked 
|  85|0x0000000785500000, 0x0000000785500000, 0x0000000785600000|  0%| F|  |TAMS 0x0000000785500000, 0x0000000785500000| Untracked 
|  86|0x0000000785600000, 0x0000000785600000, 0x0000000785700000|  0%| F|  |TAMS 0x0000000785600000, 0x0000000785600000| Untracked 
|  87|0x0000000785700000, 0x0000000785700000, 0x0000000785800000|  0%| F|  |TAMS 0x0000000785700000, 0x0000000785700000| Untracked 
|  88|0x0000000785800000, 0x0000000785800000, 0x0000000785900000|  0%| F|  |TAMS 0x0000000785800000, 0x0000000785800000| Untracked 
|  89|0x0000000785900000, 0x0000000785900000, 0x0000000785a00000|  0%| F|  |TAMS 0x0000000785900000, 0x0000000785900000| Untracked 
|  90|0x0000000785a00000, 0x0000000785a00000, 0x0000000785b00000|  0%| F|  |TAMS 0x0000000785a00000, 0x0000000785a00000| Untracked 
|  91|0x0000000785b00000, 0x0000000785b00000, 0x0000000785c00000|  0%| F|  |TAMS 0x0000000785b00000, 0x0000000785b00000| Untracked 
|  92|0x0000000785c00000, 0x0000000785c00000, 0x0000000785d00000|  0%| F|  |TAMS 0x0000000785c00000, 0x0000000785c00000| Untracked 
|  93|0x0000000785d00000, 0x0000000785d00000, 0x0000000785e00000|  0%| F|  |TAMS 0x0000000785d00000, 0x0000000785d00000| Untracked 
|  94|0x0000000785e00000, 0x0000000785e00000, 0x0000000785f00000|  0%| F|  |TAMS 0x0000000785e00000, 0x0000000785e00000| Untracked 
|  95|0x0000000785f00000, 0x0000000785f00000, 0x0000000786000000|  0%| F|  |TAMS 0x0000000785f00000, 0x0000000785f00000| Untracked 
|  96|0x0000000786000000, 0x0000000786000000, 0x0000000786100000|  0%| F|  |TAMS 0x0000000786000000, 0x0000000786000000| Untracked 
|  97|0x0000000786100000, 0x0000000786100000, 0x0000000786200000|  0%| F|  |TAMS 0x0000000786100000, 0x0000000786100000| Untracked 
|  98|0x0000000786200000, 0x0000000786200000, 0x0000000786300000|  0%| F|  |TAMS 0x0000000786200000, 0x0000000786200000| Untracked 
|  99|0x0000000786300000, 0x0000000786300000, 0x0000000786400000|  0%| F|  |TAMS 0x0000000786300000, 0x0000000786300000| Untracked 
| 100|0x0000000786400000, 0x0000000786400000, 0x0000000786500000|  0%| F|  |TAMS 0x0000000786400000, 0x0000000786400000| Untracked 
| 101|0x0000000786500000, 0x0000000786500000, 0x0000000786600000|  0%| F|  |TAMS 0x0000000786500000, 0x0000000786500000| Untracked 
| 102|0x0000000786600000, 0x0000000786600000, 0x0000000786700000|  0%| F|  |TAMS 0x0000000786600000, 0x0000000786600000| Untracked 
| 103|0x0000000786700000, 0x0000000786700000, 0x0000000786800000|  0%| F|  |TAMS 0x0000000786700000, 0x0000000786700000| Untracked 
| 104|0x0000000786800000, 0x0000000786800000, 0x0000000786900000|  0%| F|  |TAMS 0x0000000786800000, 0x0000000786800000| Untracked 
| 105|0x0000000786900000, 0x0000000786900000, 0x0000000786a00000|  0%| F|  |TAMS 0x0000000786900000, 0x0000000786900000| Untracked 
| 106|0x0000000786a00000, 0x0000000786a00000, 0x0000000786b00000|  0%| F|  |TAMS 0x0000000786a00000, 0x0000000786a00000| Untracked 
| 107|0x0000000786b00000, 0x0000000786b00000, 0x0000000786c00000|  0%| F|  |TAMS 0x0000000786b00000, 0x0000000786b00000| Untracked 
| 108|0x0000000786c00000, 0x0000000786c00000, 0x0000000786d00000|  0%| F|  |TAMS 0x0000000786c00000, 0x0000000786c00000| Untracked 
| 109|0x0000000786d00000, 0x0000000786d00000, 0x0000000786e00000|  0%| F|  |TAMS 0x0000000786d00000, 0x0000000786d00000| Untracked 
| 110|0x0000000786e00000, 0x0000000786e00000, 0x0000000786f00000|  0%| F|  |TAMS 0x0000000786e00000, 0x0000000786e00000| Untracked 
| 111|0x0000000786f00000, 0x0000000786f00000, 0x0000000787000000|  0%| F|  |TAMS 0x0000000786f00000, 0x0000000786f00000| Untracked 
| 112|0x0000000787000000, 0x0000000787000000, 0x0000000787100000|  0%| F|  |TAMS 0x0000000787000000, 0x0000000787000000| Untracked 
| 113|0x0000000787100000, 0x0000000787100000, 0x0000000787200000|  0%| F|  |TAMS 0x0000000787100000, 0x0000000787100000| Untracked 
| 114|0x0000000787200000, 0x0000000787200000, 0x0000000787300000|  0%| F|  |TAMS 0x0000000787200000, 0x0000000787200000| Untracked 
| 115|0x0000000787300000, 0x0000000787300000, 0x0000000787400000|  0%| F|  |TAMS 0x0000000787300000, 0x0000000787300000| Untracked 
| 116|0x0000000787400000, 0x0000000787400000, 0x0000000787500000|  0%| F|  |TAMS 0x0000000787400000, 0x0000000787400000| Untracked 
| 117|0x0000000787500000, 0x0000000787500000, 0x0000000787600000|  0%| F|  |TAMS 0x0000000787500000, 0x0000000787500000| Untracked 
| 118|0x0000000787600000, 0x0000000787600000, 0x0000000787700000|  0%| F|  |TAMS 0x0000000787600000, 0x0000000787600000| Untracked 
| 119|0x0000000787700000, 0x0000000787700000, 0x0000000787800000|  0%| F|  |TAMS 0x0000000787700000, 0x0000000787700000| Untracked 
| 120|0x0000000787800000, 0x0000000787800000, 0x0000000787900000|  0%| F|  |TAMS 0x0000000787800000, 0x0000000787800000| Untracked 
| 121|0x0000000787900000, 0x0000000787900000, 0x0000000787a00000|  0%| F|  |TAMS 0x0000000787900000, 0x0000000787900000| Untracked 
| 122|0x0000000787a00000, 0x0000000787a00000, 0x0000000787b00000|  0%| F|  |TAMS 0x0000000787a00000, 0x0000000787a00000| Untracked 
| 123|0x0000000787b00000, 0x0000000787b00000, 0x0000000787c00000|  0%| F|  |TAMS 0x0000000787b00000, 0x0000000787b00000| Untracked 
| 124|0x0000000787c00000, 0x0000000787c00000, 0x0000000787d00000|  0%| F|  |TAMS 0x0000000787c00000, 0x0000000787c00000| Untracked 
| 125|0x0000000787d00000, 0x0000000787d00000, 0x0000000787e00000|  0%| F|  |TAMS 0x0000000787d00000, 0x0000000787d00000| Untracked 
| 126|0x0000000787e00000, 0x0000000787e00000, 0x0000000787f00000|  0%| F|  |TAMS 0x0000000787e00000, 0x0000000787e00000| Untracked 
| 127|0x0000000787f00000, 0x0000000787f00000, 0x0000000788000000|  0%| F|  |TAMS 0x0000000787f00000, 0x0000000787f00000| Untracked 
| 128|0x0000000788000000, 0x0000000788000000, 0x0000000788100000|  0%| F|  |TAMS 0x0000000788000000, 0x0000000788000000| Untracked 
| 129|0x0000000788100000, 0x0000000788100000, 0x0000000788200000|  0%| F|  |TAMS 0x0000000788100000, 0x0000000788100000| Untracked 
| 130|0x0000000788200000, 0x0000000788200000, 0x0000000788300000|  0%| F|  |TAMS 0x0000000788200000, 0x0000000788200000| Untracked 
| 131|0x0000000788300000, 0x0000000788300000, 0x0000000788400000|  0%| F|  |TAMS 0x0000000788300000, 0x0000000788300000| Untracked 
| 132|0x0000000788400000, 0x0000000788400000, 0x0000000788500000|  0%| F|  |TAMS 0x0000000788400000, 0x0000000788400000| Untracked 
| 133|0x0000000788500000, 0x0000000788500000, 0x0000000788600000|  0%| F|  |TAMS 0x0000000788500000, 0x0000000788500000| Untracked 
| 134|0x0000000788600000, 0x0000000788600000, 0x0000000788700000|  0%| F|  |TAMS 0x0000000788600000, 0x0000000788600000| Untracked 
| 135|0x0000000788700000, 0x0000000788700000, 0x0000000788800000|  0%| F|  |TAMS 0x0000000788700000, 0x0000000788700000| Untracked 
| 136|0x0000000788800000, 0x0000000788800000, 0x0000000788900000|  0%| F|  |TAMS 0x0000000788800000, 0x0000000788800000| Untracked 
| 137|0x0000000788900000, 0x0000000788900000, 0x0000000788a00000|  0%| F|  |TAMS 0x0000000788900000, 0x0000000788900000| Untracked 
| 138|0x0000000788a00000, 0x0000000788a00000, 0x0000000788b00000|  0%| F|  |TAMS 0x0000000788a00000, 0x0000000788a00000| Untracked 
| 139|0x0000000788b00000, 0x0000000788b00000, 0x0000000788c00000|  0%| F|  |TAMS 0x0000000788b00000, 0x0000000788b00000| Untracked 
| 140|0x0000000788c00000, 0x0000000788c00000, 0x0000000788d00000|  0%| F|  |TAMS 0x0000000788c00000, 0x0000000788c00000| Untracked 
| 141|0x0000000788d00000, 0x0000000788d00000, 0x0000000788e00000|  0%| F|  |TAMS 0x0000000788d00000, 0x0000000788d00000| Untracked 
| 142|0x0000000788e00000, 0x0000000788e00000, 0x0000000788f00000|  0%| F|  |TAMS 0x0000000788e00000, 0x0000000788e00000| Untracked 
| 143|0x0000000788f00000, 0x0000000788f00000, 0x0000000789000000|  0%| F|  |TAMS 0x0000000788f00000, 0x0000000788f00000| Untracked 
| 144|0x0000000789000000, 0x0000000789000000, 0x0000000789100000|  0%| F|  |TAMS 0x0000000789000000, 0x0000000789000000| Untracked 
| 145|0x0000000789100000, 0x0000000789100000, 0x0000000789200000|  0%| F|  |TAMS 0x0000000789100000, 0x0000000789100000| Untracked 
| 146|0x0000000789200000, 0x0000000789200000, 0x0000000789300000|  0%| F|  |TAMS 0x0000000789200000, 0x0000000789200000| Untracked 
| 147|0x0000000789300000, 0x0000000789300000, 0x0000000789400000|  0%| F|  |TAMS 0x0000000789300000, 0x0000000789300000| Untracked 
| 148|0x0000000789400000, 0x0000000789400000, 0x0000000789500000|  0%| F|  |TAMS 0x0000000789400000, 0x0000000789400000| Untracked 
| 149|0x0000000789500000, 0x0000000789500000, 0x0000000789600000|  0%| F|  |TAMS 0x0000000789500000, 0x0000000789500000| Untracked 
| 150|0x0000000789600000, 0x0000000789600000, 0x0000000789700000|  0%| F|  |TAMS 0x0000000789600000, 0x0000000789600000| Untracked 
| 151|0x0000000789700000, 0x0000000789700000, 0x0000000789800000|  0%| F|  |TAMS 0x0000000789700000, 0x0000000789700000| Untracked 
| 152|0x0000000789800000, 0x0000000789800000, 0x0000000789900000|  0%| F|  |TAMS 0x0000000789800000, 0x0000000789800000| Untracked 
| 153|0x0000000789900000, 0x0000000789900000, 0x0000000789a00000|  0%| F|  |TAMS 0x0000000789900000, 0x0000000789900000| Untracked 
| 154|0x0000000789a00000, 0x0000000789a00000, 0x0000000789b00000|  0%| F|  |TAMS 0x0000000789a00000, 0x0000000789a00000| Untracked 
| 155|0x0000000789b00000, 0x0000000789b00000, 0x0000000789c00000|  0%| F|  |TAMS 0x0000000789b00000, 0x0000000789b00000| Untracked 
| 156|0x0000000789c00000, 0x0000000789c9a5c0, 0x0000000789d00000| 60%| S|CS|TAMS 0x0000000789c00000, 0x0000000789c00000| Complete 
| 157|0x0000000789d00000, 0x0000000789e00000, 0x0000000789e00000|100%| S|CS|TAMS 0x0000000789d00000, 0x0000000789d00000| Complete 
| 158|0x0000000789e00000, 0x0000000789f00000, 0x0000000789f00000|100%| S|CS|TAMS 0x0000000789e00000, 0x0000000789e00000| Complete 
| 159|0x0000000789f00000, 0x000000078a000000, 0x000000078a000000|100%| S|CS|TAMS 0x0000000789f00000, 0x0000000789f00000| Complete 
| 160|0x000000078a000000, 0x000000078a000000, 0x000000078a100000|  0%| F|  |TAMS 0x000000078a000000, 0x000000078a000000| Untracked 
| 161|0x000000078a100000, 0x000000078a100000, 0x000000078a200000|  0%| F|  |TAMS 0x000000078a100000, 0x000000078a100000| Untracked 
| 162|0x000000078a200000, 0x000000078a200000, 0x000000078a300000|  0%| F|  |TAMS 0x000000078a200000, 0x000000078a200000| Untracked 
| 163|0x000000078a300000, 0x000000078a300000, 0x000000078a400000|  0%| F|  |TAMS 0x000000078a300000, 0x000000078a300000| Untracked 
| 164|0x000000078a400000, 0x000000078a400000, 0x000000078a500000|  0%| F|  |TAMS 0x000000078a400000, 0x000000078a400000| Untracked 
| 165|0x000000078a500000, 0x000000078a500000, 0x000000078a600000|  0%| F|  |TAMS 0x000000078a500000, 0x000000078a500000| Untracked 
| 166|0x000000078a600000, 0x000000078a600000, 0x000000078a700000|  0%| F|  |TAMS 0x000000078a600000, 0x000000078a600000| Untracked 
| 167|0x000000078a700000, 0x000000078a700000, 0x000000078a800000|  0%| F|  |TAMS 0x000000078a700000, 0x000000078a700000| Untracked 
| 168|0x000000078a800000, 0x000000078a800000, 0x000000078a900000|  0%| F|  |TAMS 0x000000078a800000, 0x000000078a800000| Untracked 
| 169|0x000000078a900000, 0x000000078a900000, 0x000000078aa00000|  0%| F|  |TAMS 0x000000078a900000, 0x000000078a900000| Untracked 
| 170|0x000000078aa00000, 0x000000078aa00000, 0x000000078ab00000|  0%| F|  |TAMS 0x000000078aa00000, 0x000000078aa00000| Untracked 
| 171|0x000000078ab00000, 0x000000078ab00000, 0x000000078ac00000|  0%| F|  |TAMS 0x000000078ab00000, 0x000000078ab00000| Untracked 
| 172|0x000000078ac00000, 0x000000078ac00000, 0x000000078ad00000|  0%| F|  |TAMS 0x000000078ac00000, 0x000000078ac00000| Untracked 
| 173|0x000000078ad00000, 0x000000078ad93bf8, 0x000000078ae00000| 57%| E|  |TAMS 0x000000078ad00000, 0x000000078ad00000| Complete 
| 174|0x000000078ae00000, 0x000000078af00000, 0x000000078af00000|100%| E|CS|TAMS 0x000000078ae00000, 0x000000078ae00000| Complete 
| 175|0x000000078af00000, 0x000000078b000000, 0x000000078b000000|100%| E|CS|TAMS 0x000000078af00000, 0x000000078af00000| Complete 
| 176|0x000000078b000000, 0x000000078b100000, 0x000000078b100000|100%| E|CS|TAMS 0x000000078b000000, 0x000000078b000000| Complete 
| 177|0x000000078b100000, 0x000000078b200000, 0x000000078b200000|100%| E|CS|TAMS 0x000000078b100000, 0x000000078b100000| Complete 
| 178|0x000000078b200000, 0x000000078b300000, 0x000000078b300000|100%| E|CS|TAMS 0x000000078b200000, 0x000000078b200000| Complete 
| 179|0x000000078b300000, 0x000000078b400000, 0x000000078b400000|100%| E|CS|TAMS 0x000000078b300000, 0x000000078b300000| Complete 
| 180|0x000000078b400000, 0x000000078b500000, 0x000000078b500000|100%| E|CS|TAMS 0x000000078b400000, 0x000000078b400000| Complete 
| 181|0x000000078b500000, 0x000000078b600000, 0x000000078b600000|100%| E|CS|TAMS 0x000000078b500000, 0x000000078b500000| Complete 
| 182|0x000000078b600000, 0x000000078b700000, 0x000000078b700000|100%| E|CS|TAMS 0x000000078b600000, 0x000000078b600000| Complete 
| 183|0x000000078b700000, 0x000000078b800000, 0x000000078b800000|100%| E|CS|TAMS 0x000000078b700000, 0x000000078b700000| Complete 
| 184|0x000000078b800000, 0x000000078b900000, 0x000000078b900000|100%| E|CS|TAMS 0x000000078b800000, 0x000000078b800000| Complete 
| 185|0x000000078b900000, 0x000000078ba00000, 0x000000078ba00000|100%| E|CS|TAMS 0x000000078b900000, 0x000000078b900000| Complete 
| 186|0x000000078ba00000, 0x000000078bb00000, 0x000000078bb00000|100%| E|CS|TAMS 0x000000078ba00000, 0x000000078ba00000| Complete 
| 187|0x000000078bb00000, 0x000000078bc00000, 0x000000078bc00000|100%| E|CS|TAMS 0x000000078bb00000, 0x000000078bb00000| Complete 
| 188|0x000000078bc00000, 0x000000078bd00000, 0x000000078bd00000|100%| E|CS|TAMS 0x000000078bc00000, 0x000000078bc00000| Complete 
| 189|0x000000078bd00000, 0x000000078be00000, 0x000000078be00000|100%| E|CS|TAMS 0x000000078bd00000, 0x000000078bd00000| Complete 
| 190|0x000000078be00000, 0x000000078bf00000, 0x000000078bf00000|100%| E|CS|TAMS 0x000000078be00000, 0x000000078be00000| Complete 
| 191|0x000000078bf00000, 0x000000078c000000, 0x000000078c000000|100%| E|CS|TAMS 0x000000078bf00000, 0x000000078bf00000| Complete 
| 192|0x000000078c000000, 0x000000078c100000, 0x000000078c100000|100%| E|CS|TAMS 0x000000078c000000, 0x000000078c000000| Complete 
| 193|0x000000078c100000, 0x000000078c200000, 0x000000078c200000|100%| E|CS|TAMS 0x000000078c100000, 0x000000078c100000| Complete 
| 194|0x000000078c200000, 0x000000078c300000, 0x000000078c300000|100%| E|CS|TAMS 0x000000078c200000, 0x000000078c200000| Complete 

Card table byte_map: [0x000000010db20000,0x000000010df20000] _byte_map_base: 0x0000000109f20000

Marking Bits (Prev, Next): (CMBitMap*) 0x00007fbdf7027c18, (CMBitMap*) 0x00007fbdf7027c50
 Prev Bits: [0x000000010e320000, 0x0000000110320000)
 Next Bits: [0x0000000110320000, 0x0000000112320000)

Polling page: 0x0000000107bc6000

Metaspace:

Usage:
  Non-class:     73.74 MB capacity,    72.42 MB ( 98%) used,     1.09 MB (  1%) free+waste,   235.50 KB ( <1%) overhead. 
      Class:     11.43 MB capacity,    10.66 MB ( 93%) used,   677.38 KB (  6%) free+waste,   107.06 KB ( <1%) overhead. 
       Both:     85.17 MB capacity,    83.08 MB ( 98%) used,     1.75 MB (  2%) free+waste,   342.56 KB ( <1%) overhead. 

Virtual space:
  Non-class space:       74.00 MB reserved,      74.00 MB (100%) committed 
      Class space:        1.00 GB reserved,      11.45 MB (  1%) committed 
             Both:        1.07 GB reserved,      85.45 MB (  8%) committed 

Chunk freelists:
   Non-Class:  37.00 KB
       Class:  8.00 KB
        Both:  45.00 KB

MaxMetaspaceSize: unlimited
CompressedClassSpaceSize: 1.00 GB

CodeHeap 'non-profiled nmethods': size=120032Kb used=3806Kb max_used=3806Kb free=116226Kb
 bounds [0x000007e6187d2000, 0x000007e618b92000, 0x000007e61fd0a000]
CodeHeap 'profiled nmethods': size=120032Kb used=17688Kb max_used=17688Kb free=102343Kb
 bounds [0x000007e61129a000, 0x000007e6123ea000, 0x000007e6187d2000]
CodeHeap 'non-nmethods': size=5696Kb used=2278Kb max_used=2319Kb free=3418Kb
 bounds [0x000007e610d0a000, 0x000007e610f7a000, 0x000007e61129a000]
 total_blobs=9866 nmethods=9001 adapters=777
 compilation: enabled
              stopped_count=0, restarted_count=0
 full_count=0

Compilation events (20 events):
Event: 23.575 Thread 0x00007fbdf7098000 9163   !   2       org.gradle.internal.operations.DefaultBuildOperationQueue$WorkerRunnable::shutDown (45 bytes)
Event: 23.576 Thread 0x00007fbdf7098000 nmethod 9163 0x000007e6123de210 code [0x000007e6123de420, 0x000007e6123de6d8]
Event: 23.592 Thread 0x00007fbdf7098000 9164       2       org.gradle.internal.Try$Success::ifSuccessfulOrElse (11 bytes)
Event: 23.592 Thread 0x00007fbdf7098000 nmethod 9164 0x000007e6123dea10 code [0x000007e6123debc0, 0x000007e6123dece8]
Event: 23.593 Thread 0x00007fbdf7098000 9165       2       org.gradle.api.internal.artifacts.transform.TransformingAsyncArtifactListener$TransformedArtifact::visit (24 bytes)
Event: 23.593 Thread 0x00007fbdf7098000 nmethod 9165 0x000007e6123ded90 code [0x000007e6123def60, 0x000007e6123df318]
Event: 23.594 Thread 0x00007fbdf7098000 9166       2       org.gradle.api.internal.artifacts.transform.TransformingAsyncArtifactListener$TransformedArtifact$$Lambda$952/0x0000000800b67440::get$Lambda (10 bytes)
Event: 23.594 Thread 0x00007fbdf7098000 nmethod 9166 0x000007e6123df490 code [0x000007e6123df640, 0x000007e6123df858]
Event: 23.594 Thread 0x00007fbdf7098000 9167       2       org.gradle.api.internal.artifacts.transform.TransformingAsyncArtifactListener$TransformedArtifact$$Lambda$952/0x0000000800b67440::<init> (15 bytes)
Event: 23.594 Thread 0x00007fbdf7098000 nmethod 9167 0x000007e6123df910 code [0x000007e6123dfac0, 0x000007e6123dfc78]
Event: 23.594 Thread 0x00007fbdf7098000 9168       2       org.gradle.api.internal.artifacts.transform.TransformingAsyncArtifactListener$TransformedArtifact$$Lambda$953/0x0000000800b66840::get$Lambda (10 bytes)
Event: 23.594 Thread 0x00007fbdf7098000 nmethod 9168 0x000007e6123dfd10 code [0x000007e6123dfec0, 0x000007e6123e00d8]
Event: 23.602 Thread 0x00007fbdf7097000 nmethod 9082 0x000007e618b86d10 code [0x000007e618b86ee0, 0x000007e618b87b58]
Event: 23.602 Thread 0x00007fbdf7097000 9080       4       java.util.stream.ReferencePipeline::forEachWithCancel (23 bytes)
Event: 23.609 Thread 0x00007fbdf7097000 nmethod 9080 0x000007e618b88190 code [0x000007e618b88340, 0x000007e618b88478]
Event: 23.609 Thread 0x00007fbdf7097000 9089       4       sun.nio.fs.MacOSXFileSystem::normalizeJavaPath (45 bytes)
Event: 23.625 Thread 0x00007fbdf7097000 nmethod 9089 0x000007e618b88610 code [0x000007e618b887a0, 0x000007e618b88ad8]
Event: 23.625 Thread 0x00007fbdf7097000 9051       4       org.gradle.internal.file.DefaultFileHierarchySet$Node::isChildOfOrThis (110 bytes)
Event: 23.671 Thread 0x00007fbdf7097000 nmethod 9051 0x000007e618b88c10 code [0x000007e618b88dc0, 0x000007e618b894f8]
Event: 23.671 Thread 0x00007fbdf7097000 7744       4       sun.security.provider.SHA::implCompress0 (482 bytes)

GC Heap History (20 events):
Event: 14.607 GC heap before
{Heap before GC invocations=19 (full 0):
 garbage-first heap   total 114688K, used 56207K [0x0000000780000000, 0x0000000800000000)
  region size 1024K, 11 young (11264K), 3 survivors (3072K)
 Metaspace       used 58596K, capacity 60074K, committed 60160K, reserved 1101824K
  class space    used 7397K, capacity 7913K, committed 7936K, reserved 1048576K
}
Event: 14.616 GC heap after
{Heap after GC invocations=20 (full 0):
 garbage-first heap   total 114688K, used 50127K [0x0000000780000000, 0x0000000800000000)
  region size 1024K, 4 young (4096K), 4 survivors (4096K)
 Metaspace       used 58596K, capacity 60074K, committed 60160K, reserved 1101824K
  class space    used 7397K, capacity 7913K, committed 7936K, reserved 1048576K
}
Event: 15.512 GC heap before
{Heap before GC invocations=21 (full 0):
 garbage-first heap   total 114688K, used 83919K [0x0000000780000000, 0x0000000800000000)
  region size 1024K, 38 young (38912K), 4 survivors (4096K)
 Metaspace       used 61482K, capacity 63005K, committed 63180K, reserved 1103872K
  class space    used 7744K, capacity 8264K, committed 8396K, reserved 1048576K
}
Event: 15.529 GC heap after
{Heap after GC invocations=22 (full 0):
 garbage-first heap   total 138240K, used 52761K [0x0000000780000000, 0x0000000800000000)
  region size 1024K, 5 young (5120K), 5 survivors (5120K)
 Metaspace       used 61482K, capacity 63005K, committed 63180K, reserved 1103872K
  class space    used 7744K, capacity 8264K, committed 8396K, reserved 1048576K
}
Event: 16.707 GC heap before
{Heap before GC invocations=23 (full 0):
 garbage-first heap   total 138240K, used 98841K [0x0000000780000000, 0x0000000800000000)
  region size 1024K, 50 young (51200K), 5 survivors (5120K)
 Metaspace       used 66083K, capacity 67545K, committed 67788K, reserved 1107968K
  class space    used 8322K, capacity 8873K, committed 8908K, reserved 1048576K
}
Event: 16.727 GC heap after
{Heap after GC invocations=24 (full 0):
 garbage-first heap   total 138240K, used 55843K [0x0000000780000000, 0x0000000800000000)
  region size 1024K, 7 young (7168K), 7 survivors (7168K)
 Metaspace       used 66083K, capacity 67545K, committed 67788K, reserved 1107968K
  class space    used 8322K, capacity 8873K, committed 8908K, reserved 1048576K
}
Event: 17.404 GC heap before
{Heap before GC invocations=24 (full 0):
 garbage-first heap   total 138240K, used 100899K [0x0000000780000000, 0x0000000800000000)
  region size 1024K, 51 young (52224K), 7 survivors (7168K)
 Metaspace       used 68170K, capacity 69748K, committed 69964K, reserved 1110016K
  class space    used 8586K, capacity 9179K, committed 9292K, reserved 1048576K
}
Event: 17.427 GC heap after
{Heap after GC invocations=25 (full 0):
 garbage-first heap   total 138240K, used 59986K [0x0000000780000000, 0x0000000800000000)
  region size 1024K, 7 young (7168K), 7 survivors (7168K)
 Metaspace       used 68170K, capacity 69748K, committed 69964K, reserved 1110016K
  class space    used 8586K, capacity 9179K, committed 9292K, reserved 1048576K
}
Event: 18.568 GC heap before
{Heap before GC invocations=25 (full 0):
 garbage-first heap   total 138240K, used 105042K [0x0000000780000000, 0x0000000800000000)
  region size 1024K, 51 young (52224K), 7 survivors (7168K)
 Metaspace       used 72227K, capacity 73893K, committed 74188K, reserved 1114112K
  class space    used 9253K, capacity 9850K, committed 9932K, reserved 1048576K
}
Event: 18.588 GC heap after
{Heap after GC invocations=26 (full 0):
 garbage-first heap   total 138240K, used 63370K [0x0000000780000000, 0x0000000800000000)
  region size 1024K, 4 young (4096K), 4 survivors (4096K)
 Metaspace       used 72227K, capacity 73893K, committed 74188K, reserved 1114112K
  class space    used 9253K, capacity 9850K, committed 9932K, reserved 1048576K
}
Event: 19.434 GC heap before
{Heap before GC invocations=26 (full 0):
 garbage-first heap   total 138240K, used 107402K [0x0000000780000000, 0x0000000800000000)
  region size 1024K, 47 young (48128K), 4 survivors (4096K)
 Metaspace       used 75555K, capacity 77267K, committed 77516K, reserved 1116160K
  class space    used 9761K, capacity 10378K, committed 10444K, reserved 1048576K
}
Event: 19.450 GC heap after
{Heap after GC invocations=27 (full 0):
 garbage-first heap   total 165888K, used 65534K [0x0000000780000000, 0x0000000800000000)
  region size 1024K, 6 young (6144K), 6 survivors (6144K)
 Metaspace       used 75555K, capacity 77267K, committed 77516K, reserved 1116160K
  class space    used 9761K, capacity 10378K, committed 10444K, reserved 1048576K
}
Event: 20.820 GC heap before
{Heap before GC invocations=27 (full 0):
 garbage-first heap   total 165888K, used 121854K [0x0000000780000000, 0x0000000800000000)
  region size 1024K, 61 young (62464K), 6 survivors (6144K)
 Metaspace       used 80636K, capacity 82446K, committed 82636K, reserved 1120256K
  class space    used 10419K, capacity 11076K, committed 11212K, reserved 1048576K
}
Event: 20.844 GC heap after
{Heap after GC invocations=28 (full 0):
 garbage-first heap   total 165888K, used 70021K [0x0000000780000000, 0x0000000800000000)
  region size 1024K, 8 young (8192K), 8 survivors (8192K)
 Metaspace       used 80636K, capacity 82446K, committed 82636K, reserved 1120256K
  class space    used 10419K, capacity 11076K, committed 11212K, reserved 1048576K
}
Event: 22.293 GC heap before
{Heap before GC invocations=28 (full 0):
 garbage-first heap   total 165888K, used 126341K [0x0000000780000000, 0x0000000800000000)
  region size 1024K, 64 young (65536K), 8 survivors (8192K)
 Metaspace       used 84602K, capacity 86629K, committed 86732K, reserved 1124352K
  class space    used 10904K, capacity 11654K, committed 11724K, reserved 1048576K
}
Event: 22.325 GC heap after
{Heap after GC invocations=29 (full 0):
 garbage-first heap   total 165888K, used 76419K [0x0000000780000000, 0x0000000800000000)
  region size 1024K, 7 young (7168K), 7 survivors (7168K)
 Metaspace       used 84602K, capacity 86629K, committed 86732K, reserved 1124352K
  class space    used 10904K, capacity 11654K, committed 11724K, reserved 1048576K
}
Event: 23.245 GC heap before
{Heap before GC invocations=29 (full 0):
 garbage-first heap   total 165888K, used 129667K [0x0000000780000000, 0x0000000800000000)
  region size 1024K, 60 young (61440K), 7 survivors (7168K)
 Metaspace       used 84909K, capacity 86960K, committed 87244K, reserved 1124352K
  class space    used 10907K, capacity 11689K, committed 11724K, reserved 1048576K
}
Event: 23.267 GC heap after
{Heap after GC invocations=30 (full 0):
 garbage-first heap   total 165888K, used 80154K [0x0000000780000000, 0x0000000800000000)
  region size 1024K, 4 young (4096K), 4 survivors (4096K)
 Metaspace       used 84909K, capacity 86960K, committed 87244K, reserved 1124352K
  class space    used 10907K, capacity 11689K, committed 11724K, reserved 1048576K
}
Event: 23.303 GC heap before
{Heap before GC invocations=30 (full 0):
 garbage-first heap   total 165888K, used 81178K [0x0000000780000000, 0x0000000800000000)
  region size 1024K, 6 young (6144K), 4 survivors (4096K)
 Metaspace       used 84938K, capacity 87049K, committed 87244K, reserved 1124352K
  class space    used 10912K, capacity 11697K, committed 11724K, reserved 1048576K
}
Event: 23.332 GC heap after
{Heap after GC invocations=31 (full 0):
 garbage-first heap   total 199680K, used 79747K [0x0000000780000000, 0x0000000800000000)
  region size 1024K, 4 young (4096K), 4 survivors (4096K)
 Metaspace       used 84938K, capacity 87049K, committed 87244K, reserved 1124352K
  class space    used 10912K, capacity 11697K, committed 11724K, reserved 1048576K
}

Deoptimization events (20 events):
Event: 22.982 Thread 0x00007fbdf984d000 DEOPT PACKING pc=0x000007e61206c6f8 sp=0x000070000e224bd0
Event: 22.982 Thread 0x00007fbdf984d000 DEOPT UNPACKING pc=0x000007e610d32342 sp=0x000070000e224108 mode 0
Event: 23.229 Thread 0x00007fbdf984d000 DEOPT PACKING pc=0x000007e611b1938b sp=0x000070000e224e10
Event: 23.229 Thread 0x00007fbdf984d000 DEOPT UNPACKING pc=0x000007e610d32342 sp=0x000070000e2242c8 mode 0
Event: 23.281 Thread 0x00007fbdf7147800 DEOPT PACKING pc=0x000007e612025c00 sp=0x000070000ea3f5e0
Event: 23.281 Thread 0x00007fbdf7147800 DEOPT UNPACKING pc=0x000007e610d32342 sp=0x000070000ea3eb10 mode 0
Event: 23.289 Thread 0x00007fbdf5f7d800 DEOPT PACKING pc=0x000007e61203a1f0 sp=0x000070000cfefd60
Event: 23.289 Thread 0x00007fbdf5f7d800 DEOPT UNPACKING pc=0x000007e610d32342 sp=0x000070000cfef248 mode 0
Event: 23.289 Thread 0x00007fbdf5f7d800 DEOPT PACKING pc=0x000007e612039aca sp=0x000070000cff1e50
Event: 23.289 Thread 0x00007fbdf5f7d800 DEOPT UNPACKING pc=0x000007e610d32342 sp=0x000070000cff1330 mode 0
Event: 23.474 Thread 0x00007fbdf8a54800 DEOPT PACKING pc=0x000007e611b7f440 sp=0x000070000e123b50
Event: 23.474 Thread 0x00007fbdf8a54800 DEOPT UNPACKING pc=0x000007e610d32342 sp=0x000070000e1230a0 mode 0
Event: 23.551 Thread 0x00007fbdf8a54800 DEOPT PACKING pc=0x000007e611b7f440 sp=0x000070000e122380
Event: 23.551 Thread 0x00007fbdf8a54800 DEOPT UNPACKING pc=0x000007e610d32342 sp=0x000070000e1218d0 mode 0
Event: 23.600 Thread 0x00007fbdf7147800 DEOPT PACKING pc=0x000007e611b7f440 sp=0x000070000ea3cf70
Event: 23.600 Thread 0x00007fbdf7147800 DEOPT UNPACKING pc=0x000007e610d32342 sp=0x000070000ea3c4c0 mode 0
Event: 23.611 Thread 0x00007fbdf7147800 DEOPT PACKING pc=0x000007e611b7f440 sp=0x000070000ea3cf70
Event: 23.611 Thread 0x00007fbdf7147800 DEOPT UNPACKING pc=0x000007e610d32342 sp=0x000070000ea3c4c0 mode 0
Event: 23.619 Thread 0x00007fbdf7147800 DEOPT PACKING pc=0x000007e611b7f440 sp=0x000070000ea3d180
Event: 23.619 Thread 0x00007fbdf7147800 DEOPT UNPACKING pc=0x000007e610d32342 sp=0x000070000ea3c6d0 mode 0

Classes redefined (0 events):
No events

Internal exceptions (20 events):
Event: 21.104 Thread 0x00007fbdf5fa7000 Exception <a 'java/lang/NoSuchMethodError'{0x00000007897a13a0}: <clinit>> (0x00000007897a13a0) thrown at [src/hotspot/share/prims/jni.cpp, line 1362]
Event: 21.113 Thread 0x00007fbdf5fa7000 Exception <a 'java/lang/NoSuchMethodError'{0x00000007897da6d8}: <clinit>> (0x00000007897da6d8) thrown at [src/hotspot/share/prims/jni.cpp, line 1362]
Event: 21.165 Thread 0x00007fbdf5fa7000 Exception <a 'sun/nio/fs/UnixException'{0x00000007895eb648}> (0x00000007895eb648) thrown at [src/hotspot/share/prims/jni.cpp, line 615]
Event: 21.228 Thread 0x00007fbdf5f7d800 Exception <a 'java/lang/NoSuchMethodError'{0x0000000789142910}: <clinit>> (0x0000000789142910) thrown at [src/hotspot/share/prims/jni.cpp, line 1362]
Event: 21.229 Thread 0x00007fbdf5f7d800 Exception <a 'java/lang/NoSuchMethodError'{0x000000078914e270}: <clinit>> (0x000000078914e270) thrown at [src/hotspot/share/prims/jni.cpp, line 1362]
Event: 21.235 Thread 0x00007fbdf5f7d800 Exception <a 'java/lang/NoSuchMethodError'{0x0000000789194580}: <clinit>> (0x0000000789194580) thrown at [src/hotspot/share/prims/jni.cpp, line 1362]
Event: 21.238 Thread 0x00007fbdf5f7d800 Exception <a 'java/lang/NoSuchMethodError'{0x00000007891b26b0}: <clinit>> (0x00000007891b26b0) thrown at [src/hotspot/share/prims/jni.cpp, line 1362]
Event: 21.239 Thread 0x00007fbdf5f7d800 Exception <a 'java/lang/NoSuchMethodError'{0x00000007891c9ca8}: <clinit>> (0x00000007891c9ca8) thrown at [src/hotspot/share/prims/jni.cpp, line 1362]
Event: 21.278 Thread 0x00007fbdf6e7c000 Exception <a 'java/lang/NoSuchMethodError'{0x0000000788f7b948}: <clinit>> (0x0000000788f7b948) thrown at [src/hotspot/share/prims/jni.cpp, line 1362]
Event: 21.287 Thread 0x00007fbdf6e7c000 Exception <a 'java/lang/NoSuchMethodError'{0x0000000788f90520}: <clinit>> (0x0000000788f90520) thrown at [src/hotspot/share/prims/jni.cpp, line 1362]
Event: 21.294 Thread 0x00007fbdf6e7c000 Exception <a 'java/lang/NoSuchMethodError'{0x0000000788fa97c0}: <clinit>> (0x0000000788fa97c0) thrown at [src/hotspot/share/prims/jni.cpp, line 1362]
Event: 21.349 Thread 0x00007fbdf5f7d800 Exception <a 'java/lang/NoSuchMethodError'{0x0000000788c7d7c0}: <clinit>> (0x0000000788c7d7c0) thrown at [src/hotspot/share/prims/jni.cpp, line 1362]
Event: 21.409 Thread 0x00007fbdf7147800 Exception <a 'java/lang/NoSuchMethodError'{0x0000000788b51f28}: 'java.lang.Object java.lang.invoke.Invokers$Holder.linkToTargetMethod(java.lang.Object, java.lang.Object, java.lang.Object, int, java.lang.Object, java.lang.Object)'> (0x0000000788b51f28) thrown at [src/hotspot/share/interpreter/linkResolver.cpp, line 773]
Event: 21.426 Thread 0x00007fbdf7147800 Exception <a 'java/lang/IncompatibleClassChangeError'{0x0000000788bb2928}: Found class java.lang.Object, but interface was expected> (0x0000000788bb2928) thrown at [src/hotspot/share/interpreter/linkResolver.cpp, line 839]
Event: 21.465 Thread 0x00007fbdf7147800 Exception <a 'java/lang/NoSuchMethodError'{0x000000078897fdc0}: 'int java.lang.invoke.DirectMethodHandle$Holder.invokeStaticInit(java.lang.Object, java.lang.Object, java.lang.Object, java.lang.Object, java.lang.Object)'> (0x000000078897fdc0) thrown at [src/hotspot/share/interpreter/linkResolver.cpp, line 773]
Event: 22.025 Thread 0x00007fbdf7d8f800 Exception <a 'java/lang/NoSuchMethodError'{0x000000078785ec90}: 'java.lang.Object java.lang.invoke.DirectMethodHandle$Holder.invokeSpecialIFC(java.lang.Object, java.lang.Object, java.lang.Object)'> (0x000000078785ec90) thrown at [src/hotspot/share/interpreter/linkResolver.cpp, line 773]
Event: 22.025 Thread 0x00007fbdf984d000 Exception <a 'java/lang/NoSuchMethodError'{0x0000000787849600}: 'java.lang.Object java.lang.invoke.DirectMethodHandle$Holder.invokeSpecialIFC(java.lang.Object, java.lang.Object, java.lang.Object)'> (0x0000000787849600) thrown at [src/hotspot/share/interpreter/linkResolver.cpp, line 773]
Event: 22.025 Thread 0x00007fbdf8a54800 Exception <a 'java/lang/NoSuchMethodError'{0x000000078782ce18}: 'java.lang.Object java.lang.invoke.DirectMethodHandle$Holder.invokeSpecialIFC(java.lang.Object, java.lang.Object, java.lang.Object)'> (0x000000078782ce18) thrown at [src/hotspot/share/interpreter/linkResolver.cpp, line 773]
Event: 22.025 Thread 0x00007fbdf7faa000 Exception <a 'java/lang/NoSuchMethodError'{0x000000078783d998}: 'java.lang.Object java.lang.invoke.DirectMethodHandle$Holder.invokeSpecialIFC(java.lang.Object, java.lang.Object, java.lang.Object)'> (0x000000078783d998) thrown at [src/hotspot/share/interpreter/linkResolver.cpp, line 773]
Event: 22.500 Thread 0x00007fbdf8a54800 Exception <a 'java/lang/NoSuchMethodError'{0x000000078988b0c0}: 'void java.lang.invoke.DirectMethodHandle$Holder.invokeVirtual(java.lang.Object, java.lang.Object)'> (0x000000078988b0c0) thrown at [src/hotspot/share/interpreter/linkResolver.cpp, line 773]

Events (20 events):
Event: 23.392 loading class java/util/stream/SortedOps$SizedRefSortingSink done
Event: 23.393 loading class com/google/common/collect/ImmutableList$Builder
Event: 23.393 loading class com/google/common/collect/ImmutableList$Builder done
Event: 23.393 loading class org/gradle/api/internal/file/FileCollectionInternal
Event: 23.393 loading class org/gradle/api/internal/file/FileCollectionInternal done
Event: 23.393 loading class org/gradle/api/internal/file/collections/DefaultConfigurableFileCollection
Event: 23.393 loading class org/gradle/api/internal/file/collections/DefaultConfigurableFileCollection done
Event: 23.395 loading class org/gradle/api/internal/file/collections/DefaultConfigurableFileCollection$1
Event: 23.395 loading class org/gradle/api/internal/file/collections/DefaultConfigurableFileCollection$1 done
Event: 23.396 loading class org/gradle/api/internal/file/collections/ListBackedFileSet
Event: 23.396 loading class org/gradle/api/internal/file/collections/ListBackedFileSet done
Event: 23.397 loading class org/gradle/api/internal/file/collections/DefaultConfigurableFileCollection$ResolvedItemsCollector
Event: 23.397 loading class org/gradle/api/internal/file/collections/DefaultConfigurableFileCollection$ResolvedItemsCollector done
Event: 23.512 Loaded shared library /Applications/Android Studio.app/Contents/jre/Contents/Home/lib/libnio.dylib
Event: 23.590 loading class org/gradle/execution/plan/ValuedVfsHierarchy$ValueVisitor
Event: 23.590 loading class org/gradle/execution/plan/ValuedVfsHierarchy$ValueVisitor done
Event: 23.591 loading class org/gradle/execution/plan/ValuedVfsHierarchy$ValueVisitor
Event: 23.591 loading class org/gradle/execution/plan/ValuedVfsHierarchy$ValueVisitor done
Event: 23.591 loading class org/gradle/execution/plan/ValuedVfsHierarchy
Event: 23.591 loading class org/gradle/execution/plan/ValuedVfsHierarchy done


Dynamic libraries:
0x00007fff753a7000 	/System/Library/Frameworks/Cocoa.framework/Versions/A/Cocoa
0x00007fff7c005000 	/System/Library/Frameworks/Security.framework/Versions/A/Security
0x00007fff74262000 	/System/Library/Frameworks/ApplicationServices.framework/Versions/A/ApplicationServices
0x0000000107ae3000 	/Applications/Android Studio.app/Contents/jre/Contents/Home/lib/jli/libjli.dylib
0x00007fff89f6a000 	/usr/lib/libSystem.B.dylib
0x00007fff73477000 	/System/Library/Frameworks/AppKit.framework/Versions/C/AppKit
0x00007fff75593000 	/System/Library/Frameworks/CoreData.framework/Versions/A/CoreData
0x00007fff773d4000 	/System/Library/Frameworks/Foundation.framework/Versions/C/Foundation
0x00007fff869e0000 	/System/Library/PrivateFrameworks/RemoteViewServices.framework/Versions/A/RemoteViewServices
0x00007fff889da000 	/System/Library/PrivateFrameworks/UIFoundation.framework/Versions/A/UIFoundation
0x00007fff81d8e000 	/System/Library/PrivateFrameworks/DFRFoundation.framework/Versions/A/DFRFoundation
0x00007fff8a5d5000 	/usr/lib/libenergytrace.dylib
0x00007fff8780d000 	/System/Library/PrivateFrameworks/SkyLight.framework/Versions/A/SkyLight
0x00007fff75dd5000 	/System/Library/Frameworks/CoreGraphics.framework/Versions/A/CoreGraphics
0x00007fff89f65000 	/usr/lib/libScreenReader.dylib
0x00007fff7233a000 	/System/Library/Frameworks/Accelerate.framework/Versions/A/Accelerate
0x00007fff779d2000 	/System/Library/Frameworks/IOSurface.framework/Versions/A/IOSurface
0x00007fff74785000 	/System/Library/Frameworks/AudioToolbox.framework/Versions/A/AudioToolbox
0x00007fff74992000 	/System/Library/Frameworks/AudioUnit.framework/Versions/A/AudioUnit
0x00007fff81dd3000 	/System/Library/PrivateFrameworks/DataDetectorsCore.framework/Versions/A/DataDetectorsCore
0x00007fff81ec4000 	/System/Library/PrivateFrameworks/DesktopServicesPriv.framework/Versions/A/DesktopServicesPriv
0x00007fff74ef4000 	/System/Library/Frameworks/Carbon.framework/Versions/A/Frameworks/HIToolbox.framework/Versions/A/HIToolbox
0x00007fff8a6de000 	/usr/lib/libicucore.A.dylib
0x00007fff8b48c000 	/usr/lib/libz.1.dylib
0x00007fff7b89e000 	/System/Library/Frameworks/QuartzCore.framework/Versions/A/QuartzCore
0x00007fff752c0000 	/System/Library/Frameworks/Carbon.framework/Versions/A/Frameworks/SpeechRecognition.framework/Versions/A/SpeechRecognition
0x00007fff8a0fc000 	/usr/lib/libauto.dylib
0x00007fff8b372000 	/usr/lib/libxml2.2.dylib
0x00007fff81a48000 	/System/Library/PrivateFrameworks/CoreUI.framework/Versions/A/CoreUI
0x00007fff754f1000 	/System/Library/Frameworks/CoreAudio.framework/Versions/A/CoreAudio
0x00007fff7723d000 	/System/Library/Frameworks/DiskArbitration.framework/Versions/A/DiskArbitration
0x00007fff8a909000 	/usr/lib/liblangid.dylib
0x00007fff858c7000 	/System/Library/PrivateFrameworks/MultitouchSupport.framework/Versions/A/MultitouchSupport
0x00007fff7793b000 	/System/Library/Frameworks/IOKit.framework/Versions/A/IOKit
0x00007fff89d2b000 	/usr/lib/libDiagnosticMessagesClient.dylib
0x00007fff76821000 	/System/Library/Frameworks/CoreServices.framework/Versions/A/CoreServices
0x00007fff86284000 	/System/Library/PrivateFrameworks/PerformanceAnalysis.framework/Versions/A/PerformanceAnalysis
0x00007fff83d16000 	/System/Library/PrivateFrameworks/GenerationalStorage.framework/Versions/A/GenerationalStorage
0x00007fff7ab6c000 	/System/Library/Frameworks/OpenGL.framework/Versions/A/OpenGL
0x00007fff8ac92000 	/usr/lib/libobjc.A.dylib
0x00007fff75941000 	/System/Library/Frameworks/CoreFoundation.framework/Versions/A/CoreFoundation
0x00007fff76479000 	/System/Library/Frameworks/CoreImage.framework/Versions/A/CoreImage
0x00007fff76f4a000 	/System/Library/Frameworks/CoreText.framework/Versions/A/CoreText
0x00007fff77a2b000 	/System/Library/Frameworks/ImageIO.framework/Versions/A/ImageIO
0x00007fff7f605000 	/System/Library/PrivateFrameworks/Backup.framework/Versions/A/Backup
0x00007fff89fd7000 	/usr/lib/libarchive.2.dylib
0x00007fff74afb000 	/System/Library/Frameworks/CFNetwork.framework/Versions/A/CFNetwork
0x00007fff7c732000 	/System/Library/Frameworks/SystemConfiguration.framework/Versions/A/SystemConfiguration
0x00007fff89c72000 	/usr/lib/libCRFSuite.dylib
0x00007fff8a11d000 	/usr/lib/libc++.1.dylib
0x00007fff8a174000 	/usr/lib/libc++abi.dylib
0x00007fff8b4ac000 	/usr/lib/system/libcache.dylib
0x00007fff8b4b1000 	/usr/lib/system/libcommonCrypto.dylib
0x00007fff8b4bc000 	/usr/lib/system/libcompiler_rt.dylib
0x00007fff8b4c4000 	/usr/lib/system/libcopyfile.dylib
0x00007fff8b4cd000 	/usr/lib/system/libcorecrypto.dylib
0x00007fff8b551000 	/usr/lib/system/libdispatch.dylib
0x00007fff8b583000 	/usr/lib/system/libdyld.dylib
0x00007fff8b589000 	/usr/lib/system/libkeymgr.dylib
0x00007fff8b597000 	/usr/lib/system/liblaunch.dylib
0x00007fff8b598000 	/usr/lib/system/libmacho.dylib
0x00007fff8b59e000 	/usr/lib/system/libquarantine.dylib
0x00007fff8b5a1000 	/usr/lib/system/libremovefile.dylib
0x00007fff8b5a3000 	/usr/lib/system/libsystem_asl.dylib
0x00007fff8b5bc000 	/usr/lib/system/libsystem_blocks.dylib
0x00007fff8b5bd000 	/usr/lib/system/libsystem_c.dylib
0x00007fff8b64b000 	/usr/lib/system/libsystem_configuration.dylib
0x00007fff8b64f000 	/usr/lib/system/libsystem_coreservices.dylib
0x00007fff8b653000 	/usr/lib/system/libsystem_coretls.dylib
0x00007fff8b66c000 	/usr/lib/system/libsystem_dnssd.dylib
0x00007fff8b673000 	/usr/lib/system/libsystem_info.dylib
0x00007fff8b69d000 	/usr/lib/system/libsystem_kernel.dylib
0x00007fff8b6c0000 	/usr/lib/system/libsystem_m.dylib
0x00007fff8b708000 	/usr/lib/system/libsystem_malloc.dylib
0x00007fff8b727000 	/usr/lib/system/libsystem_network.dylib
0x00007fff8b781000 	/usr/lib/system/libsystem_networkextension.dylib
0x00007fff8b78b000 	/usr/lib/system/libsystem_notify.dylib
0x00007fff8b795000 	/usr/lib/system/libsystem_platform.dylib
0x00007fff8b79e000 	/usr/lib/system/libsystem_pthread.dylib
0x00007fff8b7a9000 	/usr/lib/system/libsystem_sandbox.dylib
0x00007fff8b7ad000 	/usr/lib/system/libsystem_secinit.dylib
0x00007fff8b7af000 	/usr/lib/system/libsystem_symptoms.dylib
0x00007fff8b7b7000 	/usr/lib/system/libsystem_trace.dylib
0x00007fff8b7cb000 	/usr/lib/system/libunwind.dylib
0x00007fff8b7d1000 	/usr/lib/system/libxpc.dylib
0x00007fff8a0fd000 	/usr/lib/libbsm.0.dylib
0x00007fff8b58a000 	/usr/lib/system/libkxld.dylib
0x00007fff8a1c6000 	/usr/lib/libcoretls.dylib
0x00007fff8a1c7000 	/usr/lib/libcoretls_cfhelpers.dylib
0x00007fff89f64000 	/usr/lib/libOpenScriptingUtil.dylib
0x00007fff8b06a000 	/usr/lib/libpam.2.dylib
0x00007fff8b129000 	/usr/lib/libsqlite3.dylib
0x00007fff8b364000 	/usr/lib/libxar.1.dylib
0x00007fff8a10e000 	/usr/lib/libbz2.1.0.dylib
0x00007fff8a90b000 	/usr/lib/liblzma.5.dylib
0x00007fff8ac17000 	/usr/lib/libnetwork.dylib
0x00007fff8b06f000 	/usr/lib/libpcap.A.dylib
0x00007fff76b84000 	/System/Library/Frameworks/CoreServices.framework/Versions/A/Frameworks/FSEvents.framework/Versions/A/FSEvents
0x00007fff76874000 	/System/Library/Frameworks/CoreServices.framework/Versions/A/Frameworks/CarbonCore.framework/Versions/A/CarbonCore
0x00007fff76cfa000 	/System/Library/Frameworks/CoreServices.framework/Versions/A/Frameworks/Metadata.framework/Versions/A/Metadata
0x00007fff76dab000 	/System/Library/Frameworks/CoreServices.framework/Versions/A/Frameworks/OSServices.framework/Versions/A/OSServices
0x00007fff76e0b000 	/System/Library/Frameworks/CoreServices.framework/Versions/A/Frameworks/SearchKit.framework/Versions/A/SearchKit
0x00007fff76822000 	/System/Library/Frameworks/CoreServices.framework/Versions/A/Frameworks/AE.framework/Versions/A/AE
0x00007fff76b8d000 	/System/Library/Frameworks/CoreServices.framework/Versions/A/Frameworks/LaunchServices.framework/Versions/A/LaunchServices
0x00007fff76b50000 	/System/Library/Frameworks/CoreServices.framework/Versions/A/Frameworks/DictionaryServices.framework/Versions/A/DictionaryServices
0x00007fff76e7c000 	/System/Library/Frameworks/CoreServices.framework/Versions/A/Frameworks/SharedFileList.framework/Versions/A/SharedFileList
0x00007fff79bc8000 	/System/Library/Frameworks/NetFS.framework/Versions/A/NetFS
0x00007fff859a1000 	/System/Library/PrivateFrameworks/NetAuth.framework/Versions/A/NetAuth
0x00007fff89c1b000 	/System/Library/PrivateFrameworks/login.framework/Versions/A/Frameworks/loginsupport.framework/Versions/A/loginsupport
0x00007fff8880c000 	/System/Library/PrivateFrameworks/TCC.framework/Versions/A/TCC
0x00007fff8a93c000 	/usr/lib/libmecabra.dylib
0x00007fff74263000 	/System/Library/Frameworks/ApplicationServices.framework/Versions/A/Frameworks/ATS.framework/Versions/A/ATS
0x00007fff745e2000 	/System/Library/Frameworks/ApplicationServices.framework/Versions/A/Frameworks/ColorSync.framework/Versions/A/ColorSync
0x00007fff7468d000 	/System/Library/Frameworks/ApplicationServices.framework/Versions/A/Frameworks/HIServices.framework/Versions/A/HIServices
0x00007fff746df000 	/System/Library/Frameworks/ApplicationServices.framework/Versions/A/Frameworks/LangAnalysis.framework/Versions/A/LangAnalysis
0x00007fff746ef000 	/System/Library/Frameworks/ApplicationServices.framework/Versions/A/Frameworks/PrintCore.framework/Versions/A/PrintCore
0x00007fff7473d000 	/System/Library/Frameworks/ApplicationServices.framework/Versions/A/Frameworks/QD.framework/Versions/A/QD
0x00007fff74779000 	/System/Library/Frameworks/ApplicationServices.framework/Versions/A/Frameworks/SpeechSynthesis.framework/Versions/A/SpeechSynthesis
0x00007fff72353000 	/System/Library/Frameworks/Accelerate.framework/Versions/A/Frameworks/vImage.framework/Versions/A/vImage
0x00007fff731b8000 	/System/Library/Frameworks/Accelerate.framework/Versions/A/Frameworks/vecLib.framework/Versions/A/vecLib
0x00007fff72fb2000 	/System/Library/Frameworks/Accelerate.framework/Versions/A/Frameworks/vecLib.framework/Versions/A/libvDSP.dylib
0x00007fff72b5c000 	/System/Library/Frameworks/Accelerate.framework/Versions/A/Frameworks/vecLib.framework/Versions/A/libBNNS.dylib
0x00007fff72f97000 	/System/Library/Frameworks/Accelerate.framework/Versions/A/Frameworks/vecLib.framework/Versions/A/libQuadrature.dylib
0x00007fff73100000 	/System/Library/Frameworks/Accelerate.framework/Versions/A/Frameworks/vecLib.framework/Versions/A/libvMisc.dylib
0x00007fff72b74000 	/System/Library/Frameworks/Accelerate.framework/Versions/A/Frameworks/vecLib.framework/Versions/A/libLAPACK.dylib
0x00007fff72994000 	/System/Library/Frameworks/Accelerate.framework/Versions/A/Frameworks/vecLib.framework/Versions/A/libBLAS.dylib
0x00007fff72f80000 	/System/Library/Frameworks/Accelerate.framework/Versions/A/Frameworks/vecLib.framework/Versions/A/libLinearAlgebra.dylib
0x00007fff72f9e000 	/System/Library/Frameworks/Accelerate.framework/Versions/A/Frameworks/vecLib.framework/Versions/A/libSparseBLAS.dylib
0x00007fff7436b000 	/System/Library/Frameworks/ApplicationServices.framework/Versions/A/Frameworks/ATS.framework/Versions/A/Resources/libFontParser.dylib
0x00007fff7449b000 	/System/Library/Frameworks/ApplicationServices.framework/Versions/A/Frameworks/ATS.framework/Versions/A/Resources/libFontRegistry.dylib
0x00007fff77c86000 	/System/Library/Frameworks/ImageIO.framework/Versions/A/Resources/libJPEG.dylib
0x00007fff77cd4000 	/System/Library/Frameworks/ImageIO.framework/Versions/A/Resources/libTIFF.dylib
0x00007fff77caa000 	/System/Library/Frameworks/ImageIO.framework/Versions/A/Resources/libPng.dylib
0x00007fff77b8f000 	/System/Library/Frameworks/ImageIO.framework/Versions/A/Resources/libGIF.dylib
0x00007fff77b94000 	/System/Library/Frameworks/ImageIO.framework/Versions/A/Resources/libJP2.dylib
0x00007fff77cd1000 	/System/Library/Frameworks/ImageIO.framework/Versions/A/Resources/libRadiance.dylib
0x00007fff8a1af000 	/usr/lib/libcompression.dylib
0x00007fff7f147000 	/System/Library/PrivateFrameworks/AppleJPEG.framework/Versions/A/AppleJPEG
0x00007fff8a505000 	/usr/lib/libcups.2.dylib
0x00007fff78a8b000 	/System/Library/Frameworks/Kerberos.framework/Versions/A/Kerberos
0x00007fff777a6000 	/System/Library/Frameworks/GSS.framework/Versions/A/GSS
0x00007fff8b0bd000 	/usr/lib/libresolv.9.dylib
0x00007fff8a5eb000 	/usr/lib/libiconv.2.dylib
0x00007fff84443000 	/System/Library/PrivateFrameworks/Heimdal.framework/Versions/A/Heimdal
0x00007fff8a5e5000 	/usr/lib/libheimdal-asn1.dylib
0x00007fff79fe1000 	/System/Library/Frameworks/OpenDirectory.framework/Versions/A/OpenDirectory
0x00007fff80c5a000 	/System/Library/PrivateFrameworks/CommonAuth.framework/Versions/A/CommonAuth
0x00007fff79fc7000 	/System/Library/Frameworks/OpenDirectory.framework/Versions/A/Frameworks/CFOpenDirectory.framework/Versions/A/CFOpenDirectory
0x00007fff7c308000 	/System/Library/Frameworks/SecurityFoundation.framework/Versions/A/SecurityFoundation
0x00007fff84bfb000 	/System/Library/PrivateFrameworks/LanguageModeling.framework/Versions/A/LanguageModeling
0x00007fff8a925000 	/usr/lib/libmarisa.dylib
0x00007fff89c8e000 	/usr/lib/libChineseTokenizer.dylib
0x00007fff8a19e000 	/usr/lib/libcmph.dylib
0x00007fff813ac000 	/System/Library/PrivateFrameworks/CoreEmoji.framework/Versions/A/CoreEmoji
0x00007fff7c3a8000 	/System/Library/Frameworks/ServiceManagement.framework/Versions/A/ServiceManagement
0x00007fff8b462000 	/usr/lib/libxslt.1.dylib
0x00007fff75208000 	/System/Library/Frameworks/Carbon.framework/Versions/A/Frameworks/Ink.framework/Versions/A/Ink
0x00007fff8889e000 	/System/Library/PrivateFrameworks/TextureIO.framework/Versions/A/TextureIO
0x00007fff79284000 	/System/Library/Frameworks/Metal.framework/Versions/A/Metal
0x00007fff8a003000 	/usr/lib/libate.dylib
0x00007fff83a45000 	/System/Library/PrivateFrameworks/GPUCompiler.framework/libmetal_timestamp.dylib
0x00007fff79ff0000 	/System/Library/Frameworks/OpenGL.framework/Versions/A/Libraries/libCoreFSCache.dylib
0x00007fff84ad4000 	/System/Library/PrivateFrameworks/IOAccelerator.framework/Versions/A/IOAccelerator
0x00007fff77098000 	/System/Library/Frameworks/CoreVideo.framework/Versions/A/CoreVideo
0x00007fff89d2d000 	/usr/lib/libFosl_dynamic.dylib
0x00007fff856d3000 	/System/Library/PrivateFrameworks/MetalPerformanceShaders.framework/Versions/A/MetalPerformanceShaders
0x00007fff822bd000 	/System/Library/PrivateFrameworks/FaceCore.framework/Versions/A/FaceCore
0x00007fff79f78000 	/System/Library/Frameworks/OpenCL.framework/Versions/A/OpenCL
0x00007fff7a1c3000 	/System/Library/Frameworks/OpenGL.framework/Versions/A/Libraries/libGLU.dylib
0x00007fff79ff9000 	/System/Library/Frameworks/OpenGL.framework/Versions/A/Libraries/libGFXShared.dylib
0x00007fff7a003000 	/System/Library/Frameworks/OpenGL.framework/Versions/A/Libraries/libGL.dylib
0x00007fff7a00f000 	/System/Library/Frameworks/OpenGL.framework/Versions/A/Libraries/libGLImage.dylib
0x00007fff79fed000 	/System/Library/Frameworks/OpenGL.framework/Versions/A/Libraries/libCVMSPluginSupport.dylib
0x00007fff79ff4000 	/System/Library/Frameworks/OpenGL.framework/Versions/A/Libraries/libCoreVMClient.dylib
0x00007fff81d0e000 	/System/Library/PrivateFrameworks/CrashReporterSupport.framework/Versions/A/CrashReporterSupport
0x00007fff8775f000 	/System/Library/PrivateFrameworks/Sharing.framework/Versions/A/Sharing
0x00007fff84af2000 	/System/Library/PrivateFrameworks/IconServices.framework/Versions/A/IconServices
0x00007fff869ad000 	/System/Library/PrivateFrameworks/ProtocolBuffer.framework/Versions/A/ProtocolBuffer
0x00007fff7f022000 	/System/Library/PrivateFrameworks/Apple80211.framework/Versions/A/Apple80211
0x00007fff770ce000 	/System/Library/Frameworks/CoreWLAN.framework/Versions/A/CoreWLAN
0x00007fff81b88000 	/System/Library/PrivateFrameworks/CoreUtils.framework/Versions/A/CoreUtils
0x00007fff77897000 	/System/Library/Frameworks/IOBluetooth.framework/Versions/A/IOBluetooth
0x00007fff81ca8000 	/System/Library/PrivateFrameworks/CoreWiFi.framework/Versions/A/CoreWiFi
0x00007fff7557f000 	/System/Library/Frameworks/CoreBluetooth.framework/Versions/A/CoreBluetooth
0x00007fff75893000 	/System/Library/Frameworks/CoreDisplay.framework/Versions/A/CoreDisplay
0x00007fff84add000 	/System/Library/PrivateFrameworks/IOPresentment.framework/Versions/A/IOPresentment
0x00007fff81d99000 	/System/Library/PrivateFrameworks/DSExternalDisplay.framework/Versions/A/DSExternalDisplay
0x00007fff81e84000 	/System/Library/PrivateFrameworks/DebugSymbols.framework/Versions/A/DebugSymbols
0x00007fff819b8000 	/System/Library/PrivateFrameworks/CoreSymbolication.framework/Versions/A/CoreSymbolication
0x00007fff88359000 	/System/Library/PrivateFrameworks/Symbolication.framework/Versions/A/Symbolication
0x00007fff7f045000 	/System/Library/PrivateFrameworks/AppleFSCompression.framework/Versions/A/AppleFSCompression
0x00007fff87c61000 	/System/Library/PrivateFrameworks/SpeechRecognitionCore.framework/Versions/A/SpeechRecognitionCore
0x00007fff8030e000 	/System/Library/PrivateFrameworks/ChunkingLibrary.framework/Versions/A/ChunkingLibrary
0x0000000108400000 	/Applications/Android Studio.app/Contents/jre/Contents/Home/lib/server/libjvm.dylib
0x0000000107b66000 	/Applications/Android Studio.app/Contents/jre/Contents/Home/lib/libverify.dylib
0x0000000107b79000 	/Applications/Android Studio.app/Contents/jre/Contents/Home/lib/libjava.dylib
0x0000000107bb4000 	/Applications/Android Studio.app/Contents/jre/Contents/Home/lib/libjimage.dylib
0x0000000107bd0000 	/Applications/Android Studio.app/Contents/jre/Contents/Home/lib/libzip.dylib
0x00000001150e8000 	/Applications/Android Studio.app/Contents/jre/Contents/Home/lib/libnio.dylib
0x0000000115103000 	/Applications/Android Studio.app/Contents/jre/Contents/Home/lib/./libnet.dylib
0x000000011538c000 	/Users/mac/.gradle/native/8bec1ad78214c89d9ad589b4d07fe93259594b29d510b10fafb7a158f7737e5d/osx-amd64/libnative-platform.dylib
0x0000000115393000 	/Users/mac/.gradle/native/53dbd7edfb1c66fb8903c78663c9afc45aea4f116125fa6feffd364cf09443e8/osx-amd64/libnative-platform-file-events.dylib
0x00000001154d9000 	/Applications/Android Studio.app/Contents/jre/Contents/Home/lib/libmanagement.dylib
0x00000001154ea000 	/Applications/Android Studio.app/Contents/jre/Contents/Home/lib/libmanagement_ext.dylib
0x0000000115d3b000 	/Applications/Android Studio.app/Contents/jre/Contents/Home/lib/libextnet.dylib


VM Arguments:
jvm_args: --add-opens=java.base/java.util=ALL-UNNAMED --add-opens=java.base/java.lang=ALL-UNNAMED --add-opens=java.base/java.lang.invoke=ALL-UNNAMED --add-opens=java.base/java.util=ALL-UNNAMED --add-opens=java.prefs/java.util.prefs=ALL-UNNAMED --add-opens=java.prefs/java.util.prefs=ALL-UNNAMED --add-opens=java.base/java.nio.charset=ALL-UNNAMED --add-opens=java.base/java.net=ALL-UNNAMED --add-opens=java.base/java.util.concurrent.atomic=ALL-UNNAMED -Xmx2048m -Dfile.encoding=UTF-8 -Duser.country=US -Duser.language=en -Duser.variant 
java_command: org.gradle.launcher.daemon.bootstrap.GradleDaemon 7.0.2
java_class_path (initial): /Users/mac/.gradle/wrapper/dists/gradle-7.0.2-bin/857tjihv64xamwrf0h14cai3r/gradle-7.0.2/lib/gradle-launcher-7.0.2.jar
Launcher Type: SUN_STANDARD

[Global flags]
     intx CICompilerCount                          = 3                                         {product} {ergonomic}
     uint ConcGCThreads                            = 1                                         {product} {ergonomic}
     uint G1ConcRefinementThreads                  = 4                                         {product} {ergonomic}
   size_t G1HeapRegionSize                         = 1048576                                   {product} {ergonomic}
    uintx GCDrainStackTargetSize                   = 64                                        {product} {ergonomic}
   size_t InitialHeapSize                          = 67108864                                  {product} {ergonomic}
   size_t MarkStackSize                            = 4194304                                   {product} {ergonomic}
   size_t MaxHeapSize                              = 2147483648                                {product} {command line}
   size_t MaxNewSize                               = 1287651328                                {product} {ergonomic}
   size_t MinHeapDeltaBytes                        = 1048576                                   {product} {ergonomic}
    uintx NonNMethodCodeHeapSize                   = 5830732                                {pd product} {ergonomic}
    uintx NonProfiledCodeHeapSize                  = 122913754                              {pd product} {ergonomic}
    uintx ProfiledCodeHeapSize                     = 122913754                              {pd product} {ergonomic}
    uintx ReservedCodeCacheSize                    = 251658240                              {pd product} {ergonomic}
     bool SegmentedCodeCache                       = true                                      {product} {ergonomic}
     bool UseCompressedClassPointers               = true                                 {lp64_product} {ergonomic}
     bool UseCompressedOops                        = true                                 {lp64_product} {ergonomic}
     bool UseG1GC                                  = true                                      {product} {ergonomic}

Logging:
Log output configuration:
 #0: stdout all=warning uptime,level,tags
 #1: stderr all=off uptime,level,tags

Environment Variables:
PATH=/usr/local/bin:/usr/bin:/bin:/usr/sbin:/sbin
SHELL=/bin/bash
LC_CTYPE=en_US.UTF-8

Signal Handlers:
SIGSEGV: [libjvm.dylib+0x78fc66], sa_mask[0]=11111111011111110111111111111111, sa_flags=SA_ONSTACK|SA_RESTART|SA_SIGINFO
SIGBUS: [libjvm.dylib+0x78fc66], sa_mask[0]=11111111011111110111111111111111, sa_flags=SA_RESTART|SA_SIGINFO
SIGFPE: [libjvm.dylib+0x78fc66], sa_mask[0]=11111111011111110111111111111111, sa_flags=SA_RESTART|SA_SIGINFO
SIGPIPE: [libjvm.dylib+0x5feb77], sa_mask[0]=11111111011111110111111111111111, sa_flags=SA_RESTART|SA_SIGINFO
SIGXFSZ: [libjvm.dylib+0x5feb77], sa_mask[0]=11111111011111110111111111111111, sa_flags=SA_RESTART|SA_SIGINFO
SIGILL: [libjvm.dylib+0x78fc66], sa_mask[0]=11111111011111110111111111111111, sa_flags=SA_RESTART|SA_SIGINFO
SIGUSR2: [libjvm.dylib+0x5ff156], sa_mask[0]=00100000000000000000000000000000, sa_flags=SA_RESTART|SA_SIGINFO
SIGHUP: [libjvm.dylib+0x5fdc3f], sa_mask[0]=11111111011111110111111111111111, sa_flags=SA_RESTART|SA_SIGINFO
SIGINT: [libjvm.dylib+0x5fdc3f], sa_mask[0]=11111111011111110111111111111111, sa_flags=SA_RESTART|SA_SIGINFO
SIGTERM: [libjvm.dylib+0x5fdc3f], sa_mask[0]=11111111011111110111111111111111, sa_flags=SA_RESTART|SA_SIGINFO
SIGQUIT: [libjvm.dylib+0x5fdc3f], sa_mask[0]=11111111011111110111111111111111, sa_flags=SA_RESTART|SA_SIGINFO


---------------  S Y S T E M  ---------------

OS:uname:Darwin 16.7.0 Darwin Kernel Version 16.7.0: Thu Jun 15 17:36:27 PDT 2017; root:xnu-3789.70.16~2/RELEASE_X86_64 x86_64
OS uptime: 2 days 1:22 hours
rlimit (soft/hard): STACK 8192k/65532k , CORE 0k/infinity , NPROC 709/1064 , NOFILE 10240/infinity , AS infinity/infinity , CPU infinity/infinity , DATA infinity/infinity , FSIZE infinity/infinity , MEMLOCK infinity/infinity , RSS infinity/infinity
load average:2.81 3.09 3.03

CPU:total 4 (initial active 4) (2 cores per cpu, 2 threads per core) family 6 model 42 stepping 7 microcode 0x2f, cmov, cx8, fxsr, mmx, sse, sse2, sse3, ssse3, sse4.1, sse4.2, popcnt, avx, aes, clmul, ht, tsc, tscinvbit

Memory: 4k page, physical 4194304k(184076k free), swap 2097152k(1514752k free)

vm_info: OpenJDK 64-Bit Server VM (11.0.10+0-b96-7281165) for bsd-amd64 JRE (11.0.10+0-b96-7281165), built on Apr 14 2021 15:20:36 by "builder" with gcc Android (6875598, based on r399163b) Clang 11.0.5 (https://android.googlesource.com/toolchain/llvm-project 87f1315dfbea7c137aa2e6d362dbb457e388158d)

END.
